===== [2026-06-21T12:29:18] orchestrate launch: /home/fri-team-4/dino_venv/bin/python -m experiments.scripts.train --device cuda --imd2020_root /media/ssd/DINO_SCOPE_DATA/IMD2020 --casia_root /media/ssd/DINO_SCOPE_DATA/casia --sagid_root /media/ssd/DINO_SCOPE_DATA/SAGI_D --coco_inpaint_root /media/ssd/DINO_SCOPE_DATA/INPAINT_COCO/content/inpaint_coco/images --tgif2_root /media/ssd/DINO_SCOPE_DATA/content/flux_originals --casia_train --imd_val_only --image_size 448 --batch_size 8 --grad_accum 1 --contrastive_dim 64 --pool_hidden 256 --lambda_image_bce 1.0 --lambda_contrastive 2.0 --paste_frac 0.5 --noise_prob 0.8 --jpeg_prob 0.55 --train_samples 3000 --num_workers 4 --num_epochs 10 --min_epochs 5 --warmup_epochs 1.0 --early_stop_patience 2 --early_stop_reduce mean --tgif_val_models flux1dev --val_per_cell 100 --lora_rank 8 --lora_alpha 16 --checkpoint_root /media/ssd/runs/ablation/lora_rank_sweep/r008 =====
[cfg] ── dataset roots ──
[cfg]   imd2020_root=/media/ssd/DINO_SCOPE_DATA/IMD2020
[cfg]   casia_root=/media/ssd/DINO_SCOPE_DATA/casia
[cfg]   indoor_root=None
[cfg]   coco_inpaint_root=/media/ssd/DINO_SCOPE_DATA/INPAINT_COCO/content/inpaint_coco/images
[cfg]   sagid_root=/media/ssd/DINO_SCOPE_DATA/SAGI_D
[cfg]   bfree_root=None
[cfg]   anyedit_root=None
[cfg]   tgif2_root=/media/ssd/DINO_SCOPE_DATA/content/flux_originals
[cfg] ── checkpoint ──
[cfg]   run_dir=/media/ssd/runs/ablation/lora_rank_sweep/r008
[cfg]   resume=None
[cfg]   init_weights=None
[cfg]   seed=42
[cfg]   log_every=20
[cfg] ── training loop ──
[cfg]   num_epochs=10
[cfg]   warmup_epochs=1
[cfg]   early_stop_patience=2
[cfg]   early_stop_min_delta=0.002
[cfg]   min_epochs=5
[cfg]   early_stop_reduce=mean
[cfg]   batch_size=8
[cfg]   grad_accum=1
[cfg]   lr=0.0002
[cfg]   weight_decay=0.0001
[cfg]   train_samples=3000
[cfg]   num_workers=4
[cfg]   persistent_workers=false
[cfg]   prefetch_factor=None
[cfg] ── model ──
[cfg]   model_name=facebook/dinov3-vith16plus-pretrain-lvd1689m
[cfg]   image_size=448
[cfg]   patch_size=16
[cfg]   lora_rank=8
[cfg]   lora_alpha=16
[cfg]   lora_dropout=0.1
[cfg]   contrastive_dim=64
[cfg]   pool_hidden=256
[cfg]   patch_bce=false
[cfg] ── loss lambdas ──
[cfg]   lambda_image_bce=1
[cfg]   lambda_contrastive=2
[cfg]   lambda_patch_bce=1
[cfg]   patch_pos_weight=10
[cfg] ── data / sampling ──
[cfg]   splice_mix=None
[cfg]   casia_train=true
[cfg]   imd_val_only=true
[cfg] ── augmentation ──
[cfg]   train_crop_min=0.18
[cfg]   train_crop_max=1
[cfg]   train_crop_ratio_min=0.6
[cfg]   train_crop_ratio_max=1.7
[cfg]   use_splice_degradation=false
[cfg]   use_real_degradation=None
[cfg]   paste_frac=0.5
[cfg]   noise_prob=0.8
[cfg]   jpeg_prob=0.55
[cfg]   whole_corrupt_prob=0
[cfg]   oracle_crop=false
[cfg] ── recipe / tgif-finetune ──
[cfg]   recipe=standard
[cfg]   init_checkpoint=None
[cfg]   eval_per_cell=500
[cfg]   val_per_cell=100
[cfg]   imd_max_items=None
[cfg]   val_zoom=false
[cfg]   val_zoom_pad_frac=None
[cfg]   val_zoom_min_area=0
[cfg]   tgif_val_models=('flux1dev',)
[cfg]   tgif_types=None
[cfg]   tgif_eval_decoders=('kmeans', 'hdbscan')
[cfg]   primary_surface=imd
[cfg] ── hardware ──
[cfg]   device=cuda:0
[cfg]   use_amp=true
[cfg]   amp_dtype=fp16
[cfg]   world_size=1
[cfg]   rank=0
[cfg]   gpu_name=NVIDIA GeForce RTX 2080 Ti
[cfg]   compute_cap=7.5

Loading weights:   0%|          | 0/615 [00:00<?, ?it/s]
Loading weights: 100%|██████████| 615/615 [00:00<00:00, 9393.82it/s]
trainable params: 5,898,240 || all params: 846,490,880 || trainable%: 0.6968
/home/fri-team-4/fri-team4/DINO_SCOPE_final/experiments/scripts/train.py:364: FutureWarning: `torch.cuda.amp.GradScaler(args...)` is deprecated. Please use `torch.amp.GradScaler('cuda', args...)` instead.
  scaler    = torch.cuda.amp.GradScaler(enabled=cfg.use_amp)
[data] Indexing IMD2020: /media/ssd/DINO_SCOPE_DATA/IMD2020
[data] imd2020 train kept=2189 dropped=21/2210 reasons=mask_area_too_small:21
[data] imd2020 val kept=212 dropped=2/214 reasons=mask_area_too_small:2
[data] IMD2020: train=2189 val=212 real_cases=414 splices=2010 skipped_unmasked=0
[data] Indexing CASIA: /media/ssd/DINO_SCOPE_DATA/casia
[data] casia train kept=4423 dropped=21/4444 reasons=mask_area_too_small:21
[data] casia val kept=56 dropped=0/56
[data] CASIA: train=4423 val=56 triplets=2810 discarded=560 malformed=0
[data] Indexing inpaint (coco_inpaint): /media/ssd/DINO_SCOPE_DATA/INPAINT_COCO/content/inpaint_coco/images
[data] coco_inpaint train kept=2265 dropped=3/2268 reasons=mask_area_too_large:3
[data] coco_inpaint val kept=252 dropped=0/252
[data] inpaint coco_inpaint: train=2265 val=252 triplets=1260 unmatched_mods=0
[data] Indexing inpaint (sagid): /media/ssd/DINO_SCOPE_DATA/SAGI_D
[data] sagid train kept=3046 dropped=0/3046
[data] sagid val kept=338 dropped=0/338
[data] inpaint sagid: train=3046 val=338 triplets=1692 unmatched_mods=0
[data] Indexing tgif2 (341 coco_ids): /media/ssd/DINO_SCOPE_DATA/content/flux_originals/tgif2_index.json
[data] tgif2 train kept=16653 dropped=232/16885 reasons=image_corrupt:1,image_degenerate:231
[data] tgif2 val kept=1206 dropped=28/1234 reasons=image_degenerate:28
[data] tgif2: train=16653 val=1206 coco_ids=341 train_frac=0.0 max_per_cell=None eval_per_cell=100
[data] tgif2 → val: 434 items (34 real) models=['flux1dev'] per_cell=100 cells=['flux1dev|fr|random', 'flux1dev|fr|semantic', 'flux1dev|sp|random', 'flux1dev|sp|semantic']
[data] train epoch capped at 3000/9734 samples
[train] LR warmup=375 steps (~1.00 ep) → cosine over 3375 steps eta_min=1.00e-05
[train] epoch=0 step=20 loss=1.5688 bce=0.6941 cont=0.4373 lr=1.26e-05
[train] epoch=0 step=40 loss=1.5690 bce=0.6917 cont=0.4387 lr=2.31e-05
[train] epoch=0 step=60 loss=1.5718 bce=0.6913 cont=0.4403 lr=3.37e-05
[train] epoch=0 step=80 loss=1.5703 bce=0.6916 cont=0.4393 lr=4.42e-05
[train] epoch=0 step=100 loss=1.5598 bce=0.6909 cont=0.4345 lr=5.48e-05
[train] epoch=0 step=120 loss=1.5517 bce=0.6909 cont=0.4304 lr=6.54e-05
[train] epoch=0 step=140 loss=1.5372 bce=0.6903 cont=0.4235 lr=7.59e-05
[train] epoch=0 step=160 loss=1.5170 bce=0.6880 cont=0.4145 lr=8.65e-05
[train] epoch=0 step=180 loss=1.5077 bce=0.6876 cont=0.4100 lr=9.70e-05
[train] epoch=0 step=200 loss=1.5066 bce=0.6866 cont=0.4100 lr=1.08e-04
[train] epoch=0 step=220 loss=1.4979 bce=0.6832 cont=0.4073 lr=1.18e-04
[train] epoch=0 step=240 loss=1.4850 bce=0.6766 cont=0.4042 lr=1.29e-04
[train] epoch=0 step=260 loss=1.4665 bce=0.6612 cont=0.4027 lr=1.39e-04
[train] epoch=0 step=280 loss=1.4407 bce=0.6339 cont=0.4034 lr=1.50e-04
[train] epoch=0 step=300 loss=1.4213 bce=0.6140 cont=0.4036 lr=1.60e-04
[train] epoch=0 step=320 loss=1.3977 bce=0.5940 cont=0.4018 lr=1.71e-04
[train] epoch=0 step=340 loss=1.3721 bce=0.5723 cont=0.3999 lr=1.82e-04
[train] epoch=0 step=360 loss=1.3496 bce=0.5531 cont=0.3983 lr=1.92e-04
[train] epoch=0 loss=1.3323 bce=0.5399 cont=0.3962 patch=0.0000
[eval] ─── summary: n_splice=894 n_real=398 ───
[eval] image_auc: 0.8158
[eval] splices (all):
[eval] all         f1: n= 894  med=0.3660  mean=0.4146±0.3599  [p25=0.0487, p75=0.7934]
[eval] all        iou: n= 894  med=0.2240  mean=0.3351±0.3278  [p25=0.0250, p75=0.6576]
[eval] all  precision: n= 894  med=0.2578  mean=0.3985±0.3831  [p25=0.0256, p75=0.8240]
[eval] all     recall: n= 894  med=0.7761  mean=0.6257±0.3694  [p25=0.2866, p75=0.9456]
[eval] splices bucket=tiny (n=310):
[eval] bucket=tiny         f1: n= 310  med=0.0481  mean=0.1473±0.2404  [p25=0.0000, p75=0.1291]
[eval] bucket=tiny        iou: n= 310  med=0.0246  mean=0.1049±0.1973  [p25=0.0000, p75=0.0690]
[eval] bucket=tiny  precision: n= 310  med=0.0250  mean=0.1129±0.2177  [p25=0.0000, p75=0.0698]
[eval] bucket=tiny     recall: n= 310  med=0.7308  mean=0.5274±0.4283  [p25=0.0000, p75=0.9612]
[eval] splices bucket=small (n=310):
[eval] bucket=small         f1: n= 310  med=0.3926  mean=0.4352±0.3384  [p25=0.1182, p75=0.7754]
[eval] bucket=small        iou: n= 310  med=0.2442  mean=0.3441±0.3084  [p25=0.0628, p75=0.6332]
[eval] bucket=small  precision: n= 310  med=0.2626  mean=0.3870±0.3479  [p25=0.0696, p75=0.7723]
[eval] bucket=small     recall: n= 310  med=0.8046  mean=0.6438±0.3632  [p25=0.3706, p75=0.9450]
[eval] splices bucket=medium (n=174):
[eval] bucket=medium         f1: n= 174  med=0.7135  mean=0.6359±0.2819  [p25=0.4223, p75=0.8887]
[eval] bucket=medium        iou: n= 174  med=0.5546  mean=0.5249±0.2884  [p25=0.2676, p75=0.7997]
[eval] bucket=medium  precision: n= 174  med=0.8110  mean=0.6738±0.3184  [p25=0.4015, p75=0.9407]
[eval] bucket=medium     recall: n= 174  med=0.7671  mean=0.6809±0.2793  [p25=0.4972, p75=0.9208]
[eval] splices bucket=large (n=100):
[eval] bucket=large         f1: n= 100  med=0.8453  mean=0.7940±0.1830  [p25=0.6985, p75=0.9325]
[eval] bucket=large        iou: n= 100  med=0.7321  mean=0.6905±0.2163  [p25=0.5368, p75=0.8736]
[eval] bucket=large  precision: n= 100  med=0.9021  mean=0.8402±0.1837  [p25=0.7856, p75=0.9686]
[eval] bucket=large     recall: n= 100  med=0.8502  mean=0.7783±0.2170  [p25=0.6683, p75=0.9646]
[eval] reals accuracy: n= 398  med=0.5038  mean=0.5142±0.2041  [p25=0.3661, p75=0.6722]
[eval] source=casia: n_splice=28 n_real=28
[eval] source=casia         f1: n=  28  med=0.8273  mean=0.5914±0.3873  [p25=0.1098, p75=0.9112]
[eval] source=casia        iou: n=  28  med=0.7058  mean=0.5207±0.3691  [p25=0.0584, p75=0.8370]
[eval] source=casia  precision: n=  28  med=0.7700  mean=0.5620±0.3930  [p25=0.0584, p75=0.8910]
[eval] source=casia     recall: n=  28  med=0.9550  mean=0.8869±0.1949  [p25=0.8844, p75=0.9893]
[eval] source=coco_inpaint: n_splice=126 n_real=126
[eval] source=coco_inpaint         f1: n= 126  med=0.6315  mean=0.5817±0.2453  [p25=0.4370, p75=0.7811]
[eval] source=coco_inpaint        iou: n= 126  med=0.4614  mean=0.4496±0.2316  [p25=0.2797, p75=0.6408]
[eval] source=coco_inpaint  precision: n= 126  med=0.6390  mean=0.5946±0.3119  [p25=0.3530, p75=0.8791]
[eval] source=coco_inpaint     recall: n= 126  med=0.7454  mean=0.7052±0.2292  [p25=0.5770, p75=0.8895]
[eval] source=imd2020: n_splice=171 n_real=41
[eval] source=imd2020         f1: n= 171  med=0.5050  mean=0.4702±0.3289  [p25=0.1298, p75=0.7779]
[eval] source=imd2020        iou: n= 171  med=0.3378  mean=0.3719±0.3037  [p25=0.0694, p75=0.6366]
[eval] source=imd2020  precision: n= 171  med=0.3589  mean=0.4013±0.3284  [p25=0.0694, p75=0.7425]
[eval] source=imd2020     recall: n= 171  med=0.9300  mean=0.8400±0.2332  [p25=0.8114, p75=0.9762]
[eval] source=sagid: n_splice=169 n_real=169
[eval] source=sagid         f1: n= 169  med=0.8621  mean=0.7480±0.2652  [p25=0.6877, p75=0.9270]
[eval] source=sagid        iou: n= 169  med=0.7576  mean=0.6553±0.2771  [p25=0.5240, p75=0.8639]
[eval] source=sagid  precision: n= 169  med=0.8740  mean=0.7390±0.2973  [p25=0.6668, p75=0.9430]
[eval] source=sagid     recall: n= 169  med=0.9108  mean=0.8482±0.1924  [p25=0.8206, p75=0.9717]
[eval] source=tgif2: n_splice=400 n_real=34
[eval] source=tgif2         f1: n= 400  med=0.0550  mean=0.1849±0.2684  [p25=0.0000, p75=0.2547]
[eval] source=tgif2        iou: n= 400  med=0.0283  mean=0.1350±0.2267  [p25=0.0000, p75=0.1459]
[eval] source=tgif2  precision: n= 400  med=0.0328  mean=0.1801±0.3042  [p25=0.0000, p75=0.1864]
[eval] source=tgif2     recall: n= 400  med=0.2867  mean=0.3968±0.3836  [p25=0.0000, p75=0.7796]
[eval] ─── by subgroup (4 cells) ───
[eval] subgroup=flux1dev|fr|random (n_splice=100 n_real=0):
[eval] subgroup=flux1dev|fr|random         f1: n= 100  med=0.1037  mean=0.2042±0.2433  [p25=0.0086, p75=0.3001]
[eval] subgroup=flux1dev|fr|random        iou: n= 100  med=0.0547  mean=0.1405±0.2008  [p25=0.0043, p75=0.1766]
[eval] subgroup=flux1dev|fr|random  precision: n= 100  med=0.0586  mean=0.2011±0.2917  [p25=0.0049, p75=0.2652]
[eval] subgroup=flux1dev|fr|random     recall: n= 100  med=0.3563  mean=0.4517±0.3809  [p25=0.0379, p75=0.7882]
[eval] subgroup=flux1dev|fr|semantic (n_splice=100 n_real=0):
[eval] subgroup=flux1dev|fr|semantic         f1: n= 100  med=0.0064  mean=0.1377±0.2490  [p25=0.0000, p75=0.1279]
[eval] subgroup=flux1dev|fr|semantic        iou: n= 100  med=0.0032  mean=0.1005±0.2008  [p25=0.0000, p75=0.0683]
[eval] subgroup=flux1dev|fr|semantic  precision: n= 100  med=0.0035  mean=0.1342±0.2758  [p25=0.0000, p75=0.0685]
[eval] subgroup=flux1dev|fr|semantic     recall: n= 100  med=0.0859  mean=0.2735±0.3461  [p25=0.0000, p75=0.5173]
[eval] subgroup=flux1dev|sp|random (n_splice=100 n_real=0):
[eval] subgroup=flux1dev|sp|random         f1: n= 100  med=0.1465  mean=0.2563±0.2950  [p25=0.0433, p75=0.3751]
[eval] subgroup=flux1dev|sp|random        iou: n= 100  med=0.0791  mean=0.1912±0.2644  [p25=0.0221, p75=0.2308]
[eval] subgroup=flux1dev|sp|random  precision: n= 100  med=0.0921  mean=0.2548±0.3491  [p25=0.0229, p75=0.2745]
[eval] subgroup=flux1dev|sp|random     recall: n= 100  med=0.6128  mean=0.5286±0.3749  [p25=0.1120, p75=0.8468]
[eval] subgroup=flux1dev|sp|semantic (n_splice=100 n_real=0):
[eval] subgroup=flux1dev|sp|semantic         f1: n= 100  med=0.0130  mean=0.1415±0.2650  [p25=0.0000, p75=0.1103]
[eval] subgroup=flux1dev|sp|semantic        iou: n= 100  med=0.0066  mean=0.1078±0.2235  [p25=0.0000, p75=0.0584]
[eval] subgroup=flux1dev|sp|semantic  precision: n= 100  med=0.0069  mean=0.1305±0.2766  [p25=0.0000, p75=0.0589]
[eval] subgroup=flux1dev|sp|semantic     recall: n= 100  med=0.1186  mean=0.3333±0.3790  [p25=0.0000, p75=0.7271]
[eval]   casia image_auc=0.9043 (n=56)
[eval]   coco_inpaint image_auc=0.9935 (n=252)
[eval]   imd2020 image_auc=0.9632 (n=212)
[eval]   sagid image_auc=0.9862 (n=338)
[eval]   tgif2 image_auc=0.6343 (n=434)
[eval] epoch=0 val_f1_mean=0.4146
[ckpt] saved epoch=0 → /media/ssd/runs/ablation/lora_rank_sweep/r008/epoch_0000.pt
[ckpt] best model saved  val_f1_mean=0.4146
[train] epoch=1 step=20 loss=0.8547 bce=0.1636 cont=0.3456 lr=2.00e-04
[train] epoch=1 step=40 loss=0.8395 bce=0.1393 cont=0.3501 lr=2.00e-04
[train] epoch=1 step=60 loss=0.8549 bce=0.1542 cont=0.3503 lr=2.00e-04
[train] epoch=1 step=80 loss=0.8923 bce=0.1840 cont=0.3542 lr=2.00e-04
[train] epoch=1 step=100 loss=0.8954 bce=0.1846 cont=0.3554 lr=2.00e-04
[train] epoch=1 step=120 loss=0.8824 bce=0.1763 cont=0.3530 lr=1.99e-04
[train] epoch=1 step=140 loss=0.8684 bce=0.1687 cont=0.3499 lr=1.99e-04
[train] epoch=1 step=160 loss=0.8715 bce=0.1694 cont=0.3510 lr=1.99e-04
[train] epoch=1 step=180 loss=0.8670 bce=0.1658 cont=0.3506 lr=1.99e-04
[train] epoch=1 step=200 loss=0.8715 bce=0.1667 cont=0.3524 lr=1.98e-04
[train] epoch=1 step=220 loss=0.8685 bce=0.1651 cont=0.3517 lr=1.98e-04
[train] epoch=1 step=240 loss=0.8706 bce=0.1735 cont=0.3485 lr=1.98e-04
[train] epoch=1 step=260 loss=0.8688 bce=0.1752 cont=0.3468 lr=1.97e-04
[train] epoch=1 step=280 loss=0.8693 bce=0.1699 cont=0.3497 lr=1.97e-04
[train] epoch=1 step=300 loss=0.8656 bce=0.1693 cont=0.3481 lr=1.96e-04
[train] epoch=1 step=320 loss=0.8651 bce=0.1684 cont=0.3483 lr=1.96e-04
[train] epoch=1 step=340 loss=0.8638 bce=0.1699 cont=0.3469 lr=1.95e-04
[train] epoch=1 step=360 loss=0.8660 bce=0.1719 cont=0.3470 lr=1.95e-04
[train] epoch=1 loss=0.8707 bce=0.1760 cont=0.3473 patch=0.0000
[eval] ─── summary: n_splice=894 n_real=398 ───
[eval] image_auc: 0.8306
[eval] splices (all):
[eval] all         f1: n= 894  med=0.4350  mean=0.4433±0.3631  [p25=0.0506, p75=0.8096]
[eval] all        iou: n= 894  med=0.2780  mean=0.3617±0.3336  [p25=0.0260, p75=0.6801]
[eval] all  precision: n= 894  med=0.3090  mean=0.4098±0.3771  [p25=0.0267, p75=0.8239]
[eval] all     recall: n= 894  med=0.8808  mean=0.7057±0.3505  [p25=0.5546, p75=0.9676]
[eval] splices bucket=tiny (n=310):
[eval] bucket=tiny         f1: n= 310  med=0.0491  mean=0.1600±0.2479  [p25=0.0095, p75=0.1430]
[eval] bucket=tiny        iou: n= 310  med=0.0252  mean=0.1149±0.2092  [p25=0.0048, p75=0.0770]
[eval] bucket=tiny  precision: n= 310  med=0.0258  mean=0.1208±0.2241  [p25=0.0051, p75=0.0775]
[eval] bucket=tiny     recall: n= 310  med=0.8914  mean=0.6498±0.4035  [p25=0.2135, p75=0.9904]
[eval] splices bucket=small (n=310):
[eval] bucket=small         f1: n= 310  med=0.4267  mean=0.4525±0.3360  [p25=0.1414, p75=0.7699]
[eval] bucket=small        iou: n= 310  med=0.2713  mean=0.3583±0.3078  [p25=0.0761, p75=0.6259]
[eval] bucket=small  precision: n= 310  med=0.3072  mean=0.3915±0.3388  [p25=0.0776, p75=0.7370]
[eval] bucket=small     recall: n= 310  med=0.8628  mean=0.6763±0.3726  [p25=0.4125, p75=0.9583]
[eval] splices bucket=medium (n=174):
[eval] bucket=medium         f1: n= 174  med=0.7881  mean=0.7159±0.2363  [p25=0.5589, p75=0.9026]
[eval] bucket=medium        iou: n= 174  med=0.6503  mean=0.6036±0.2544  [p25=0.3879, p75=0.8225]
[eval] bucket=medium  precision: n= 174  med=0.8260  mean=0.7059±0.2764  [p25=0.5485, p75=0.9234]
[eval] bucket=medium     recall: n= 174  med=0.8775  mean=0.7913±0.2277  [p25=0.7159, p75=0.9580]
[eval] splices bucket=large (n=100):
[eval] bucket=large         f1: n= 100  med=0.8567  mean=0.8190±0.1468  [p25=0.7170, p75=0.9362]
[eval] bucket=large        iou: n= 100  med=0.7493  mean=0.7167±0.1900  [p25=0.5589, p75=0.8801]
[eval] bucket=large  precision: n= 100  med=0.8920  mean=0.8475±0.1503  [p25=0.7764, p75=0.9641]
[eval] bucket=large     recall: n= 100  med=0.8852  mean=0.8213±0.1854  [p25=0.7074, p75=0.9771]
[eval] reals accuracy: n= 398  med=0.5950  mean=0.5850±0.1654  [p25=0.4681, p75=0.6999]
[eval] source=casia: n_splice=28 n_real=28
[eval] source=casia         f1: n=  28  med=0.8334  mean=0.5751±0.4082  [p25=0.0494, p75=0.9100]
[eval] source=casia        iou: n=  28  med=0.7146  mean=0.5128±0.3829  [p25=0.0253, p75=0.8349]
[eval] source=casia  precision: n=  28  med=0.7887  mean=0.5581±0.4060  [p25=0.0254, p75=0.8913]
[eval] source=casia     recall: n=  28  med=0.9505  mean=0.8140±0.3065  [p25=0.8600, p75=0.9865]
[eval] source=coco_inpaint: n_splice=126 n_real=126
[eval] source=coco_inpaint         f1: n= 126  med=0.6786  mean=0.6100±0.2261  [p25=0.5022, p75=0.7838]
[eval] source=coco_inpaint        iou: n= 126  med=0.5136  mean=0.4741±0.2190  [p25=0.3353, p75=0.6444]
[eval] source=coco_inpaint  precision: n= 126  med=0.6189  mean=0.5714±0.2875  [p25=0.3454, p75=0.8197]
[eval] source=coco_inpaint     recall: n= 126  med=0.8735  mean=0.8203±0.1613  [p25=0.7088, p75=0.9552]
[eval] source=imd2020: n_splice=171 n_real=41
[eval] source=imd2020         f1: n= 171  med=0.4571  mean=0.4592±0.3316  [p25=0.1233, p75=0.7731]
[eval] source=imd2020        iou: n= 171  med=0.2963  mean=0.3631±0.3060  [p25=0.0657, p75=0.6301]
[eval] source=imd2020  precision: n= 171  med=0.3027  mean=0.3902±0.3315  [p25=0.0659, p75=0.6856]
[eval] source=imd2020     recall: n= 171  med=0.9307  mean=0.8620±0.2124  [p25=0.8543, p75=0.9843]
[eval] source=sagid: n_splice=169 n_real=169
[eval] source=sagid         f1: n= 169  med=0.8783  mean=0.7650±0.2563  [p25=0.7216, p75=0.9380]
[eval] source=sagid        iou: n= 169  med=0.7831  mean=0.6757±0.2749  [p25=0.5645, p75=0.8832]
[eval] source=sagid  precision: n= 169  med=0.8562  mean=0.7371±0.2847  [p25=0.6634, p75=0.9366]
[eval] source=sagid     recall: n= 169  med=0.9471  mean=0.8938±0.1454  [p25=0.8814, p75=0.9807]
[eval] source=tgif2: n_splice=400 n_real=34
[eval] source=tgif2         f1: n= 400  med=0.0591  mean=0.2389±0.3108  [p25=0.0039, p75=0.4118]
[eval] source=tgif2        iou: n= 400  med=0.0304  mean=0.1825±0.2684  [p25=0.0020, p75=0.2593]
[eval] source=tgif2  precision: n= 400  med=0.0320  mean=0.2187±0.3276  [p25=0.0020, p75=0.3112]
[eval] source=tgif2     recall: n= 400  med=0.6611  mean=0.5158±0.4064  [p25=0.0167, p75=0.9198]
[eval] ─── by subgroup (4 cells) ───
[eval] subgroup=flux1dev|fr|random (n_splice=100 n_real=0):
[eval] subgroup=flux1dev|fr|random         f1: n= 100  med=0.1413  mean=0.2828±0.3030  [p25=0.0086, p75=0.4670]
[eval] subgroup=flux1dev|fr|random        iou: n= 100  med=0.0760  mean=0.2105±0.2637  [p25=0.0043, p75=0.3047]
[eval] subgroup=flux1dev|fr|random  precision: n= 100  med=0.0784  mean=0.2550±0.3265  [p25=0.0052, p75=0.3341]
[eval] subgroup=flux1dev|fr|random     recall: n= 100  med=0.7308  mean=0.5525±0.3959  [p25=0.0335, p75=0.9109]
[eval] subgroup=flux1dev|fr|semantic (n_splice=100 n_real=0):
[eval] subgroup=flux1dev|fr|semantic         f1: n= 100  med=0.0326  mean=0.1661±0.2710  [p25=0.0031, p75=0.1356]
[eval] subgroup=flux1dev|fr|semantic        iou: n= 100  med=0.0166  mean=0.1235±0.2241  [p25=0.0015, p75=0.0727]
[eval] subgroup=flux1dev|fr|semantic  precision: n= 100  med=0.0170  mean=0.1409±0.2627  [p25=0.0019, p75=0.0755]
[eval] subgroup=flux1dev|fr|semantic     recall: n= 100  med=0.4950  mean=0.4781±0.4115  [p25=0.0091, p75=0.9177]
[eval] subgroup=flux1dev|sp|random (n_splice=100 n_real=0):
[eval] subgroup=flux1dev|sp|random         f1: n= 100  med=0.1588  mean=0.3446±0.3440  [p25=0.0459, p75=0.6762]
[eval] subgroup=flux1dev|sp|random        iou: n= 100  med=0.0863  mean=0.2722±0.3116  [p25=0.0235, p75=0.5108]
[eval] subgroup=flux1dev|sp|random  precision: n= 100  med=0.0870  mean=0.3363±0.3861  [p25=0.0237, p75=0.8539]
[eval] subgroup=flux1dev|sp|random     recall: n= 100  med=0.7413  mean=0.6013±0.3815  [p25=0.2530, p75=0.9290]
[eval] subgroup=flux1dev|sp|semantic (n_splice=100 n_real=0):
[eval] subgroup=flux1dev|sp|semantic         f1: n= 100  med=0.0238  mean=0.1621±0.2803  [p25=0.0000, p75=0.1119]
[eval] subgroup=flux1dev|sp|semantic        iou: n= 100  med=0.0120  mean=0.1239±0.2356  [p25=0.0000, p75=0.0593]
[eval] subgroup=flux1dev|sp|semantic  precision: n= 100  med=0.0123  mean=0.1423±0.2783  [p25=0.0000, p75=0.0618]
[eval] subgroup=flux1dev|sp|semantic     recall: n= 100  med=0.3292  mean=0.4312±0.4144  [p25=0.0000, p75=0.9133]
[eval]   casia image_auc=0.9362 (n=56)
[eval]   coco_inpaint image_auc=0.9996 (n=252)
[eval]   imd2020 image_auc=0.9706 (n=212)
[eval]   sagid image_auc=0.9979 (n=338)
[eval]   tgif2 image_auc=0.6773 (n=434)
[eval] epoch=1 val_f1_mean=0.4433
[ckpt] saved epoch=1 → /media/ssd/runs/ablation/lora_rank_sweep/r008/epoch_0001.pt
[ckpt] best model saved  val_f1_mean=0.4433
[train] epoch=2 step=20 loss=0.9059 bce=0.1839 cont=0.3610 lr=1.94e-04
[train] epoch=2 step=40 loss=0.8782 bce=0.1516 cont=0.3633 lr=1.93e-04
[train] epoch=2 step=60 loss=0.8676 bce=0.1531 cont=0.3572 lr=1.92e-04
[train] epoch=2 step=80 loss=0.8560 bce=0.1545 cont=0.3507 lr=1.92e-04
[train] epoch=2 step=100 loss=0.8678 bce=0.1793 cont=0.3443 lr=1.91e-04
[train] epoch=2 step=120 loss=0.8703 bce=0.1845 cont=0.3429 lr=1.90e-04
[train] epoch=2 step=140 loss=0.8671 bce=0.1881 cont=0.3395 lr=1.89e-04
[train] epoch=2 step=160 loss=0.8656 bce=0.1877 cont=0.3389 lr=1.88e-04
[train] epoch=2 step=180 loss=0.8607 bce=0.1892 cont=0.3357 lr=1.88e-04
[train] epoch=2 step=200 loss=0.8453 bce=0.1801 cont=0.3326 lr=1.87e-04
[train] epoch=2 step=220 loss=0.8511 bce=0.1819 cont=0.3346 lr=1.86e-04
[train] epoch=2 step=240 loss=0.8451 bce=0.1784 cont=0.3333 lr=1.85e-04
[train] epoch=2 step=260 loss=0.8407 bce=0.1734 cont=0.3337 lr=1.84e-04
[train] epoch=2 step=280 loss=0.8283 bce=0.1660 cont=0.3312 lr=1.83e-04
[train] epoch=2 step=300 loss=0.8198 bce=0.1649 cont=0.3274 lr=1.82e-04
[train] epoch=2 step=320 loss=0.8144 bce=0.1617 cont=0.3263 lr=1.81e-04
[train] epoch=2 step=340 loss=0.8106 bce=0.1616 cont=0.3245 lr=1.80e-04
[train] epoch=2 step=360 loss=0.8049 bce=0.1578 cont=0.3235 lr=1.79e-04
[train] epoch=2 loss=0.8037 bce=0.1593 cont=0.3222 patch=0.0000
[eval] ─── summary: n_splice=894 n_real=398 ───
[eval] image_auc: 0.8586
[eval] splices (all):
[eval] all         f1: n= 894  med=0.4646  mean=0.4640±0.3619  [p25=0.0623, p75=0.8292]
[eval] all        iou: n= 894  med=0.3026  mean=0.3801±0.3350  [p25=0.0321, p75=0.7082]
[eval] all  precision: n= 894  med=0.3334  mean=0.4270±0.3753  [p25=0.0350, p75=0.8339]
[eval] all     recall: n= 894  med=0.8987  mean=0.7210±0.3489  [p25=0.6065, p75=0.9751]
[eval] splices bucket=tiny (n=310):
[eval] bucket=tiny         f1: n= 310  med=0.0566  mean=0.1887±0.2778  [p25=0.0075, p75=0.1877]
[eval] bucket=tiny        iou: n= 310  med=0.0291  mean=0.1405±0.2388  [p25=0.0038, p75=0.1036]
[eval] bucket=tiny  precision: n= 310  med=0.0292  mean=0.1512±0.2622  [p25=0.0039, p75=0.1045]
[eval] bucket=tiny     recall: n= 310  med=0.8877  mean=0.6396±0.4113  [p25=0.1390, p75=0.9952]
[eval] splices bucket=small (n=310):
[eval] bucket=small         f1: n= 310  med=0.4658  mean=0.4863±0.3297  [p25=0.1962, p75=0.8319]
[eval] bucket=small        iou: n= 310  med=0.3036  mean=0.3881±0.3113  [p25=0.1088, p75=0.7122]
[eval] bucket=small  precision: n= 310  med=0.3296  mean=0.4294±0.3454  [p25=0.1101, p75=0.8286]
[eval] bucket=small     recall: n= 310  med=0.8973  mean=0.7126±0.3485  [p25=0.5719, p75=0.9616]
[eval] splices bucket=medium (n=174):
[eval] bucket=medium         f1: n= 174  med=0.7780  mean=0.7187±0.2313  [p25=0.6176, p75=0.9015]
[eval] bucket=medium        iou: n= 174  med=0.6367  mean=0.6051±0.2493  [p25=0.4468, p75=0.8207]
[eval] bucket=medium  precision: n= 174  med=0.8104  mean=0.7013±0.2726  [p25=0.5364, p75=0.9172]
[eval] bucket=medium     recall: n= 174  med=0.9068  mean=0.8111±0.2329  [p25=0.7257, p75=0.9709]
[eval] splices bucket=large (n=100):
[eval] bucket=large         f1: n= 100  med=0.8447  mean=0.8055±0.1886  [p25=0.7525, p75=0.9313]
[eval] bucket=large        iou: n= 100  med=0.7311  mean=0.7068±0.2118  [p25=0.6033, p75=0.8714]
[eval] bucket=large  precision: n= 100  med=0.8516  mean=0.7971±0.2075  [p25=0.7195, p75=0.9600]
[eval] bucket=large     recall: n= 100  med=0.9341  mean=0.8428±0.2089  [p25=0.7673, p75=0.9832]
[eval] reals accuracy: n= 398  med=0.5625  mean=0.5681±0.1631  [p25=0.4416, p75=0.6939]
[eval] source=casia: n_splice=28 n_real=28
[eval] source=casia         f1: n=  28  med=0.8251  mean=0.5636±0.4040  [p25=0.0478, p75=0.8857]
[eval] source=casia        iou: n=  28  med=0.7023  mean=0.4970±0.3741  [p25=0.0245, p75=0.7949]
[eval] source=casia  precision: n=  28  med=0.7818  mean=0.5491±0.4004  [p25=0.0372, p75=0.8920]
[eval] source=casia     recall: n=  28  med=0.8862  mean=0.7195±0.3570  [p25=0.6603, p75=0.9541]
[eval] source=coco_inpaint: n_splice=126 n_real=126
[eval] source=coco_inpaint         f1: n= 126  med=0.6863  mean=0.6097±0.2210  [p25=0.4749, p75=0.7888]
[eval] source=coco_inpaint        iou: n= 126  med=0.5224  mean=0.4721±0.2136  [p25=0.3114, p75=0.6513]
[eval] source=coco_inpaint  precision: n= 126  med=0.5501  mean=0.5333±0.2638  [p25=0.3243, p75=0.7293]
[eval] source=coco_inpaint     recall: n= 126  med=0.9394  mean=0.8798±0.1458  [p25=0.8115, p75=0.9932]
[eval] source=imd2020: n_splice=171 n_real=41
[eval] source=imd2020         f1: n= 171  med=0.4736  mean=0.4609±0.3434  [p25=0.1009, p75=0.7901]
[eval] source=imd2020        iou: n= 171  med=0.3102  mean=0.3695±0.3173  [p25=0.0531, p75=0.6530]
[eval] source=imd2020  precision: n= 171  med=0.3143  mean=0.4043±0.3496  [p25=0.0532, p75=0.7688]
[eval] source=imd2020     recall: n= 171  med=0.9182  mean=0.8093±0.2768  [p25=0.8025, p75=0.9810]
[eval] source=sagid: n_splice=169 n_real=169
[eval] source=sagid         f1: n= 169  med=0.8775  mean=0.7722±0.2526  [p25=0.7176, p75=0.9372]
[eval] source=sagid        iou: n= 169  med=0.7817  mean=0.6842±0.2719  [p25=0.5596, p75=0.8819]
[eval] source=sagid  precision: n= 169  med=0.8609  mean=0.7330±0.2849  [p25=0.6521, p75=0.9253]
[eval] source=sagid     recall: n= 169  med=0.9569  mean=0.9181±0.1190  [p25=0.8979, p75=0.9847]
[eval] source=tgif2: n_splice=400 n_real=34
[eval] source=tgif2         f1: n= 400  med=0.1080  mean=0.2822±0.3286  [p25=0.0092, p75=0.5110]
[eval] source=tgif2        iou: n= 400  med=0.0571  mean=0.2190±0.2893  [p25=0.0046, p75=0.3432]
[eval] source=tgif2  precision: n= 400  med=0.0608  mean=0.2653±0.3530  [p25=0.0052, p75=0.4215]
[eval] source=tgif2     recall: n= 400  med=0.6894  mean=0.5501±0.4011  [p25=0.0369, p75=0.9352]
[eval] ─── by subgroup (4 cells) ───
[eval] subgroup=flux1dev|fr|random (n_splice=100 n_real=0):
[eval] subgroup=flux1dev|fr|random         f1: n= 100  med=0.1439  mean=0.3156±0.3263  [p25=0.0282, p75=0.5980]
[eval] subgroup=flux1dev|fr|random        iou: n= 100  med=0.0775  mean=0.2426±0.2886  [p25=0.0143, p75=0.4265]
[eval] subgroup=flux1dev|fr|random  precision: n= 100  med=0.0877  mean=0.2973±0.3565  [p25=0.0202, p75=0.5444]
[eval] subgroup=flux1dev|fr|random     recall: n= 100  med=0.6884  mean=0.5746±0.3935  [p25=0.1109, p75=0.9516]
[eval] subgroup=flux1dev|fr|semantic (n_splice=100 n_real=0):
[eval] subgroup=flux1dev|fr|semantic         f1: n= 100  med=0.0529  mean=0.2025±0.2828  [p25=0.0002, p75=0.2961]
[eval] subgroup=flux1dev|fr|semantic        iou: n= 100  med=0.0272  mean=0.1495±0.2360  [p25=0.0001, p75=0.1738]
[eval] subgroup=flux1dev|fr|semantic  precision: n= 100  med=0.0287  mean=0.1692±0.2749  [p25=0.0001, p75=0.1762]
[eval] subgroup=flux1dev|fr|semantic     recall: n= 100  med=0.7001  mean=0.5444±0.4183  [p25=0.0060, p75=0.9513]
[eval] subgroup=flux1dev|sp|random (n_splice=100 n_real=0):
[eval] subgroup=flux1dev|sp|random         f1: n= 100  med=0.3603  mean=0.3941±0.3443  [p25=0.0488, p75=0.7473]
[eval] subgroup=flux1dev|sp|random        iou: n= 100  med=0.2197  mean=0.3125±0.3170  [p25=0.0250, p75=0.5970]
[eval] subgroup=flux1dev|sp|random  precision: n= 100  med=0.2421  mean=0.3916±0.3910  [p25=0.0250, p75=0.8758]
[eval] subgroup=flux1dev|sp|random     recall: n= 100  med=0.7320  mean=0.6056±0.3571  [p25=0.3568, p75=0.9150]
[eval] subgroup=flux1dev|sp|semantic (n_splice=100 n_real=0):
[eval] subgroup=flux1dev|sp|semantic         f1: n= 100  med=0.0374  mean=0.2168±0.3205  [p25=0.0000, p75=0.3219]
[eval] subgroup=flux1dev|sp|semantic        iou: n= 100  med=0.0191  mean=0.1716±0.2809  [p25=0.0000, p75=0.1927]
[eval] subgroup=flux1dev|sp|semantic  precision: n= 100  med=0.0191  mean=0.2032±0.3357  [p25=0.0000, p75=0.2079]
[eval] subgroup=flux1dev|sp|semantic     recall: n= 100  med=0.4662  mean=0.4759±0.4207  [p25=0.0001, p75=0.9160]
[eval]   casia image_auc=0.9566 (n=56)
[eval]   coco_inpaint image_auc=0.9994 (n=252)
[eval]   imd2020 image_auc=0.9618 (n=212)
[eval]   sagid image_auc=0.9940 (n=338)
[eval]   tgif2 image_auc=0.7062 (n=434)
[eval] epoch=2 val_f1_mean=0.4640
[ckpt] saved epoch=2 → /media/ssd/runs/ablation/lora_rank_sweep/r008/epoch_0002.pt
[ckpt] best model saved  val_f1_mean=0.4640
[train] epoch=3 step=20 loss=0.8463 bce=0.1609 cont=0.3427 lr=1.77e-04
[train] epoch=3 step=40 loss=0.8234 bce=0.1619 cont=0.3307 lr=1.75e-04
[train] epoch=3 step=60 loss=0.7851 bce=0.1358 cont=0.3247 lr=1.74e-04
[train] epoch=3 step=80 loss=0.7756 bce=0.1338 cont=0.3209 lr=1.73e-04
[train] epoch=3 step=100 loss=0.7810 bce=0.1399 cont=0.3205 lr=1.72e-04
[train] epoch=3 step=120 loss=0.7901 bce=0.1507 cont=0.3197 lr=1.71e-04
[train] epoch=3 step=140 loss=0.7827 bce=0.1437 cont=0.3195 lr=1.69e-04
[train] epoch=3 step=160 loss=0.7880 bce=0.1481 cont=0.3200 lr=1.68e-04
[train] epoch=3 step=180 loss=0.7832 bce=0.1420 cont=0.3206 lr=1.67e-04
[train] epoch=3 step=200 loss=0.7841 bce=0.1448 cont=0.3197 lr=1.65e-04
[train] epoch=3 step=220 loss=0.7853 bce=0.1437 cont=0.3208 lr=1.64e-04
[train] epoch=3 step=240 loss=0.7723 bce=0.1402 cont=0.3161 lr=1.62e-04
[train] epoch=3 step=260 loss=0.7745 bce=0.1417 cont=0.3164 lr=1.61e-04
[train] epoch=3 step=280 loss=0.7656 bce=0.1353 cont=0.3151 lr=1.60e-04
[train] epoch=3 step=300 loss=0.7649 bce=0.1350 cont=0.3149 lr=1.58e-04
[train] epoch=3 step=320 loss=0.7584 bce=0.1308 cont=0.3138 lr=1.57e-04
[train] epoch=3 step=340 loss=0.7541 bce=0.1279 cont=0.3131 lr=1.55e-04
[train] epoch=3 step=360 loss=0.7493 bce=0.1236 cont=0.3128 lr=1.54e-04
[train] epoch=3 loss=0.7469 bce=0.1239 cont=0.3115 patch=0.0000
[eval] ─── summary: n_splice=894 n_real=398 ───
[eval] image_auc: 0.8400
[eval] splices (all):
[eval] all         f1: n= 894  med=0.4312  mean=0.4480±0.3721  [p25=0.0508, p75=0.8382]
[eval] all        iou: n= 894  med=0.2749  mean=0.3702±0.3437  [p25=0.0261, p75=0.7215]
[eval] all  precision: n= 894  med=0.3105  mean=0.4368±0.4011  [p25=0.0261, p75=0.8827]
[eval] all     recall: n= 894  med=0.8437  mean=0.6734±0.3570  [p25=0.4522, p75=0.9592]
[eval] splices bucket=tiny (n=310):
[eval] bucket=tiny         f1: n= 310  med=0.0494  mean=0.1681±0.2675  [p25=0.0040, p75=0.1386]
[eval] bucket=tiny        iou: n= 310  med=0.0253  mean=0.1249±0.2286  [p25=0.0020, p75=0.0745]
[eval] bucket=tiny  precision: n= 310  med=0.0258  mean=0.1355±0.2550  [p25=0.0020, p75=0.0755]
[eval] bucket=tiny     recall: n= 310  med=0.8233  mean=0.6044±0.4123  [p25=0.0458, p75=0.9758]
[eval] splices bucket=small (n=310):
[eval] bucket=small         f1: n= 310  med=0.4176  mean=0.4664±0.3505  [p25=0.1366, p75=0.8209]
[eval] bucket=small        iou: n= 310  med=0.2639  mean=0.3775±0.3245  [p25=0.0733, p75=0.6962]
[eval] bucket=small  precision: n= 310  med=0.3099  mean=0.4211±0.3639  [p25=0.0740, p75=0.8239]
[eval] bucket=small     recall: n= 310  med=0.8619  mean=0.6749±0.3685  [p25=0.4265, p75=0.9553]
[eval] splices bucket=medium (n=174):
[eval] bucket=medium         f1: n= 174  med=0.7803  mean=0.7154±0.2537  [p25=0.5942, p75=0.9171]
[eval] bucket=medium        iou: n= 174  med=0.6398  mean=0.6093±0.2701  [p25=0.4227, p75=0.8469]
[eval] bucket=medium  precision: n= 174  med=0.8872  mean=0.7422±0.2973  [p25=0.6580, p75=0.9531]
[eval] bucket=medium     recall: n= 174  med=0.8408  mean=0.7521±0.2484  [p25=0.6511, p75=0.9478]
[eval] splices bucket=large (n=100):
[eval] bucket=large         f1: n= 100  med=0.8501  mean=0.7938±0.1866  [p25=0.6929, p75=0.9420]
[eval] bucket=large        iou: n= 100  med=0.7393  mean=0.6924±0.2256  [p25=0.5301, p75=0.8904]
[eval] bucket=large  precision: n= 100  med=0.9470  mean=0.8882±0.1549  [p25=0.8623, p75=0.9812]
[eval] bucket=large     recall: n= 100  med=0.8081  mean=0.7451±0.2314  [p25=0.5895, p75=0.9550]
[eval] reals accuracy: n= 398  med=0.5338  mean=0.5435±0.1514  [p25=0.4311, p75=0.6556]
[eval] source=casia: n_splice=28 n_real=28
[eval] source=casia         f1: n=  28  med=0.8479  mean=0.6232±0.3848  [p25=0.0863, p75=0.9039]
[eval] source=casia        iou: n=  28  med=0.7359  mean=0.5529±0.3612  [p25=0.0451, p75=0.8246]
[eval] source=casia  precision: n=  28  med=0.8056  mean=0.5983±0.3852  [p25=0.0452, p75=0.8948]
[eval] source=casia     recall: n=  28  med=0.9266  mean=0.8355±0.2632  [p25=0.8725, p75=0.9810]
[eval] source=coco_inpaint: n_splice=126 n_real=126
[eval] source=coco_inpaint         f1: n= 126  med=0.7281  mean=0.6551±0.2219  [p25=0.5794, p75=0.8091]
[eval] source=coco_inpaint        iou: n= 126  med=0.5725  mean=0.5225±0.2180  [p25=0.4079, p75=0.6794]
[eval] source=coco_inpaint  precision: n= 126  med=0.7977  mean=0.6911±0.2901  [p25=0.5328, p75=0.9232]
[eval] source=coco_inpaint     recall: n= 126  med=0.7766  mean=0.7439±0.1994  [p25=0.6280, p75=0.8945]
[eval] source=imd2020: n_splice=171 n_real=41
[eval] source=imd2020         f1: n= 171  med=0.4571  mean=0.4478±0.3474  [p25=0.0697, p75=0.7807]
[eval] source=imd2020        iou: n= 171  med=0.2963  mean=0.3589±0.3183  [p25=0.0361, p75=0.6403]
[eval] source=imd2020  precision: n= 171  med=0.2988  mean=0.3997±0.3572  [p25=0.0361, p75=0.7849]
[eval] source=imd2020     recall: n= 171  med=0.9138  mean=0.7926±0.2812  [p25=0.7455, p75=0.9755]
[eval] source=sagid: n_splice=169 n_real=169
[eval] source=sagid         f1: n= 169  med=0.8865  mean=0.7860±0.2501  [p25=0.7481, p75=0.9500]
[eval] source=sagid        iou: n= 169  med=0.7962  mean=0.7016±0.2673  [p25=0.5976, p75=0.9047]
[eval] source=sagid  precision: n= 169  med=0.9111  mean=0.7974±0.2684  [p25=0.7777, p75=0.9625]
[eval] source=sagid     recall: n= 169  med=0.9261  mean=0.8466±0.2001  [p25=0.8142, p75=0.9681]
[eval] source=tgif2: n_splice=400 n_real=34
[eval] source=tgif2         f1: n= 400  med=0.0654  mean=0.2279±0.3051  [p25=0.0022, p75=0.3605]
[eval] source=tgif2        iou: n= 400  med=0.0338  mean=0.1743±0.2683  [p25=0.0011, p75=0.2199]
[eval] source=tgif2  precision: n= 400  med=0.0357  mean=0.2090±0.3286  [p25=0.0017, p75=0.2387]
[eval] source=tgif2     recall: n= 400  med=0.6021  mean=0.5156±0.4120  [p25=0.0187, p75=0.9345]
[eval] ─── by subgroup (4 cells) ───
[eval] subgroup=flux1dev|fr|random (n_splice=100 n_real=0):
[eval] subgroup=flux1dev|fr|random         f1: n= 100  med=0.1522  mean=0.2801±0.3051  [p25=0.0187, p75=0.4438]
[eval] subgroup=flux1dev|fr|random        iou: n= 100  med=0.0824  mean=0.2097±0.2675  [p25=0.0094, p75=0.2852]
[eval] subgroup=flux1dev|fr|random  precision: n= 100  med=0.0849  mean=0.2583±0.3381  [p25=0.0148, p75=0.3160]
[eval] subgroup=flux1dev|fr|random     recall: n= 100  med=0.7285  mean=0.5598±0.4053  [p25=0.0772, p75=0.9581]
[eval] subgroup=flux1dev|fr|semantic (n_splice=100 n_real=0):
[eval] subgroup=flux1dev|fr|semantic         f1: n= 100  med=0.0314  mean=0.1218±0.2262  [p25=0.0000, p75=0.1185]
[eval] subgroup=flux1dev|fr|semantic        iou: n= 100  med=0.0160  mean=0.0878±0.1919  [p25=0.0000, p75=0.0630]
[eval] subgroup=flux1dev|fr|semantic  precision: n= 100  med=0.0160  mean=0.1003±0.2258  [p25=0.0000, p75=0.0661]
[eval] subgroup=flux1dev|fr|semantic     recall: n= 100  med=0.3348  mean=0.4368±0.4105  [p25=0.0000, p75=0.8817]
[eval] subgroup=flux1dev|sp|random (n_splice=100 n_real=0):
[eval] subgroup=flux1dev|sp|random         f1: n= 100  med=0.3098  mean=0.3644±0.3449  [p25=0.0402, p75=0.6497]
[eval] subgroup=flux1dev|sp|random        iou: n= 100  med=0.1835  mean=0.2890±0.3185  [p25=0.0205, p75=0.4811]
[eval] subgroup=flux1dev|sp|random  precision: n= 100  med=0.2001  mean=0.3476±0.3867  [p25=0.0205, p75=0.8591]
[eval] subgroup=flux1dev|sp|random     recall: n= 100  med=0.8111  mean=0.6225±0.3841  [p25=0.2999, p75=0.9517]
[eval] subgroup=flux1dev|sp|semantic (n_splice=100 n_real=0):
[eval] subgroup=flux1dev|sp|semantic         f1: n= 100  med=0.0309  mean=0.1452±0.2641  [p25=0.0001, p75=0.1158]
[eval] subgroup=flux1dev|sp|semantic        iou: n= 100  med=0.0157  mean=0.1106±0.2285  [p25=0.0001, p75=0.0615]
[eval] subgroup=flux1dev|sp|semantic  precision: n= 100  med=0.0157  mean=0.1296±0.2784  [p25=0.0001, p75=0.0620]
[eval] subgroup=flux1dev|sp|semantic     recall: n= 100  med=0.3460  mean=0.4434±0.4169  [p25=0.0008, p75=0.8927]
[eval]   casia image_auc=0.9605 (n=56)
[eval]   coco_inpaint image_auc=0.9996 (n=252)
[eval]   imd2020 image_auc=0.9686 (n=212)
[eval]   sagid image_auc=0.9908 (n=338)
[eval]   tgif2 image_auc=0.6751 (n=434)
[eval] epoch=3 val_f1_mean=0.4480
[ckpt] saved epoch=3 → /media/ssd/runs/ablation/lora_rank_sweep/r008/epoch_0003.pt
[ckpt] no improvement (epoch 3 < min_epochs=5); patience held at 2  best=0.4640
[train] epoch=4 step=20 loss=0.7398 bce=0.1570 cont=0.2914 lr=1.51e-04
[train] epoch=4 step=40 loss=0.7741 bce=0.1744 cont=0.2998 lr=1.49e-04
[train] epoch=4 step=60 loss=0.7874 bce=0.1636 cont=0.3119 lr=1.48e-04
[train] epoch=4 step=80 loss=0.7797 bce=0.1672 cont=0.3062 lr=1.46e-04
[train] epoch=4 step=100 loss=0.7765 bce=0.1618 cont=0.3074 lr=1.45e-04
[train] epoch=4 step=120 loss=0.7838 bce=0.1692 cont=0.3073 lr=1.43e-04
[train] epoch=4 step=140 loss=0.7704 bce=0.1563 cont=0.3071 lr=1.41e-04
[train] epoch=4 step=160 loss=0.7684 bce=0.1591 cont=0.3047 lr=1.40e-04
[train] epoch=4 step=180 loss=0.7509 bce=0.1509 cont=0.3000 lr=1.38e-04
[train] epoch=4 step=200 loss=0.7461 bce=0.1467 cont=0.2997 lr=1.36e-04
[train] epoch=4 step=220 loss=0.7464 bce=0.1477 cont=0.2993 lr=1.35e-04
[train] epoch=4 step=240 loss=0.7380 bce=0.1439 cont=0.2970 lr=1.33e-04
[train] epoch=4 step=260 loss=0.7369 bce=0.1407 cont=0.2981 lr=1.31e-04
[train] epoch=4 step=280 loss=0.7355 bce=0.1415 cont=0.2970 lr=1.30e-04
[train] epoch=4 step=300 loss=0.7289 bce=0.1370 cont=0.2959 lr=1.28e-04
[train] epoch=4 step=320 loss=0.7280 bce=0.1367 cont=0.2956 lr=1.26e-04
[train] epoch=4 step=340 loss=0.7252 bce=0.1319 cont=0.2966 lr=1.25e-04
[train] epoch=4 step=360 loss=0.7232 bce=0.1279 cont=0.2977 lr=1.23e-04
[train] epoch=4 loss=0.7224 bce=0.1287 cont=0.2968 patch=0.0000
[eval] ─── summary: n_splice=894 n_real=398 ───
[eval] image_auc: 0.8765
[eval] splices (all):
[eval] all         f1: n= 894  med=0.5467  mean=0.4770±0.3700  [p25=0.0621, p75=0.8529]
[eval] all        iou: n= 894  med=0.3761  mean=0.3956±0.3428  [p25=0.0321, p75=0.7435]
[eval] all  precision: n= 894  med=0.4062  mean=0.4446±0.3828  [p25=0.0343, p75=0.8561]
[eval] all     recall: n= 894  med=0.8927  mean=0.7052±0.3585  [p25=0.5369, p75=0.9707]
[eval] splices bucket=tiny (n=310):
[eval] bucket=tiny         f1: n= 310  med=0.0535  mean=0.1848±0.2775  [p25=0.0005, p75=0.1846]
[eval] bucket=tiny        iou: n= 310  med=0.0275  mean=0.1377±0.2368  [p25=0.0003, p75=0.1017]
[eval] bucket=tiny  precision: n= 310  med=0.0286  mean=0.1469±0.2573  [p25=0.0003, p75=0.1017]
[eval] bucket=tiny     recall: n= 310  med=0.8210  mean=0.5898±0.4257  [p25=0.0118, p75=0.9796]
[eval] splices bucket=small (n=310):
[eval] bucket=small         f1: n= 310  med=0.5523  mean=0.5098±0.3384  [p25=0.1696, p75=0.8466]
[eval] bucket=small        iou: n= 310  med=0.3815  mean=0.4134±0.3183  [p25=0.0927, p75=0.7340]
[eval] bucket=small  precision: n= 310  med=0.4256  mean=0.4548±0.3495  [p25=0.0968, p75=0.8342]
[eval] bucket=small     recall: n= 310  med=0.9033  mean=0.7214±0.3474  [p25=0.6280, p75=0.9637]
[eval] splices bucket=medium (n=174):
[eval] bucket=medium         f1: n= 174  med=0.8241  mean=0.7357±0.2374  [p25=0.6395, p75=0.9179]
[eval] bucket=medium        iou: n= 174  med=0.7008  mean=0.6287±0.2541  [p25=0.4701, p75=0.8482]
[eval] bucket=medium  precision: n= 174  med=0.8402  mean=0.7240±0.2678  [p25=0.5733, p75=0.9245]
[eval] bucket=medium     recall: n= 174  med=0.9180  mean=0.8037±0.2415  [p25=0.7108, p75=0.9707]
[eval] splices bucket=large (n=100):
[eval] bucket=large         f1: n= 100  med=0.8625  mean=0.8313±0.1480  [p25=0.7473, p75=0.9496]
[eval] bucket=large        iou: n= 100  med=0.7583  mean=0.7341±0.1850  [p25=0.5965, p75=0.9041]
[eval] bucket=large  precision: n= 100  med=0.8938  mean=0.8499±0.1622  [p25=0.7637, p75=0.9730]
[eval] bucket=large     recall: n= 100  med=0.9423  mean=0.8416±0.1843  [p25=0.7580, p75=0.9776]
[eval] reals accuracy: n= 398  med=0.5440  mean=0.5522±0.1500  [p25=0.4378, p75=0.6543]
[eval] source=casia: n_splice=28 n_real=28
[eval] source=casia         f1: n=  28  med=0.8386  mean=0.5749±0.4094  [p25=0.0426, p75=0.8978]
[eval] source=casia        iou: n=  28  med=0.7222  mean=0.5120±0.3796  [p25=0.0218, p75=0.8145]
[eval] source=casia  precision: n=  28  med=0.7832  mean=0.5493±0.4013  [p25=0.0218, p75=0.8617]
[eval] source=casia     recall: n=  28  med=0.9328  mean=0.7675±0.3309  [p25=0.7447, p75=0.9638]
[eval] source=coco_inpaint: n_splice=126 n_real=126
[eval] source=coco_inpaint         f1: n= 126  med=0.7132  mean=0.6581±0.2024  [p25=0.5705, p75=0.8094]
[eval] source=coco_inpaint        iou: n= 126  med=0.5542  mean=0.5206±0.2024  [p25=0.3991, p75=0.6798]
[eval] source=coco_inpaint  precision: n= 126  med=0.6441  mean=0.6123±0.2637  [p25=0.4256, p75=0.8205]
[eval] source=coco_inpaint     recall: n= 126  med=0.9043  mean=0.8501±0.1510  [p25=0.7513, p75=0.9828]
[eval] source=imd2020: n_splice=171 n_real=41
[eval] source=imd2020         f1: n= 171  med=0.4390  mean=0.4548±0.3412  [p25=0.0853, p75=0.7983]
[eval] source=imd2020        iou: n= 171  med=0.2812  mean=0.3629±0.3144  [p25=0.0446, p75=0.6643]
[eval] source=imd2020  precision: n= 171  med=0.2832  mean=0.3977±0.3464  [p25=0.0446, p75=0.7652]
[eval] source=imd2020     recall: n= 171  med=0.9346  mean=0.8261±0.2552  [p25=0.8016, p75=0.9797]
[eval] source=sagid: n_splice=169 n_real=169
[eval] source=sagid         f1: n= 169  med=0.8906  mean=0.7995±0.2195  [p25=0.7597, p75=0.9404]
[eval] source=sagid        iou: n= 169  med=0.8028  mean=0.7105±0.2470  [p25=0.6125, p75=0.8875]
[eval] source=sagid  precision: n= 169  med=0.8668  mean=0.7649±0.2529  [p25=0.7059, p75=0.9376]
[eval] source=sagid     recall: n= 169  med=0.9591  mean=0.9181±0.1119  [p25=0.9052, p75=0.9804]
[eval] source=tgif2: n_splice=400 n_real=34
[eval] source=tgif2         f1: n= 400  med=0.0941  mean=0.2863±0.3459  [p25=0.0032, p75=0.6258]
[eval] source=tgif2        iou: n= 400  med=0.0494  mean=0.2290±0.3094  [p25=0.0016, p75=0.4554]
[eval] source=tgif2  precision: n= 400  med=0.0518  mean=0.2692±0.3624  [p25=0.0018, p75=0.5378]
[eval] source=tgif2     recall: n= 400  med=0.6238  mean=0.5136±0.4126  [p25=0.0185, p75=0.9379]
[eval] ─── by subgroup (4 cells) ───
[eval] subgroup=flux1dev|fr|random (n_splice=100 n_real=0):
[eval] subgroup=flux1dev|fr|random         f1: n= 100  med=0.1631  mean=0.3365±0.3379  [p25=0.0416, p75=0.6474]
[eval] subgroup=flux1dev|fr|random        iou: n= 100  med=0.0888  mean=0.2628±0.3012  [p25=0.0213, p75=0.4786]
[eval] subgroup=flux1dev|fr|random  precision: n= 100  med=0.0971  mean=0.3102±0.3583  [p25=0.0213, p75=0.6492]
[eval] subgroup=flux1dev|fr|random     recall: n= 100  med=0.7197  mean=0.5974±0.3881  [p25=0.1641, p75=0.9614]
[eval] subgroup=flux1dev|fr|semantic (n_splice=100 n_real=0):
[eval] subgroup=flux1dev|fr|semantic         f1: n= 100  med=0.0478  mean=0.1939±0.2957  [p25=0.0000, p75=0.1702]
[eval] subgroup=flux1dev|fr|semantic        iou: n= 100  med=0.0245  mean=0.1487±0.2546  [p25=0.0000, p75=0.0931]
[eval] subgroup=flux1dev|fr|semantic  precision: n= 100  med=0.0262  mean=0.1771±0.3035  [p25=0.0000, p75=0.1102]
[eval] subgroup=flux1dev|fr|semantic     recall: n= 100  med=0.2642  mean=0.4207±0.4088  [p25=0.0000, p75=0.9004]
[eval] subgroup=flux1dev|sp|random (n_splice=100 n_real=0):
[eval] subgroup=flux1dev|sp|random         f1: n= 100  med=0.2589  mean=0.4055±0.3817  [p25=0.0377, p75=0.8428]
[eval] subgroup=flux1dev|sp|random        iou: n= 100  med=0.1487  mean=0.3384±0.3544  [p25=0.0192, p75=0.7285]
[eval] subgroup=flux1dev|sp|random  precision: n= 100  med=0.1573  mean=0.4010±0.4127  [p25=0.0204, p75=0.8865]
[eval] subgroup=flux1dev|sp|random     recall: n= 100  med=0.7964  mean=0.6148±0.3835  [p25=0.2809, p75=0.9364]
[eval] subgroup=flux1dev|sp|semantic (n_splice=100 n_real=0):
[eval] subgroup=flux1dev|sp|semantic         f1: n= 100  med=0.0201  mean=0.2095±0.3164  [p25=0.0000, p75=0.2309]
[eval] subgroup=flux1dev|sp|semantic        iou: n= 100  med=0.0102  mean=0.1660±0.2795  [p25=0.0000, p75=0.1312]
[eval] subgroup=flux1dev|sp|semantic  precision: n= 100  med=0.0117  mean=0.1885±0.3172  [p25=0.0000, p75=0.1316]
[eval] subgroup=flux1dev|sp|semantic     recall: n= 100  med=0.2072  mean=0.4215±0.4263  [p25=0.0000, p75=0.9131]
[eval]   casia image_auc=0.9452 (n=56)
[eval]   coco_inpaint image_auc=0.9996 (n=252)
[eval]   imd2020 image_auc=0.9592 (n=212)
[eval]   sagid image_auc=0.9965 (n=338)
[eval]   tgif2 image_auc=0.7351 (n=434)
[eval] epoch=4 val_f1_mean=0.4770
[ckpt] saved epoch=4 → /media/ssd/runs/ablation/lora_rank_sweep/r008/epoch_0004.pt
[ckpt] best model saved  val_f1_mean=0.4770
[train] epoch=5 step=20 loss=0.7634 bce=0.1010 cont=0.3312 lr=1.20e-04
[train] epoch=5 step=40 loss=0.7410 bce=0.1332 cont=0.3039 lr=1.18e-04
[train] epoch=5 step=60 loss=0.6945 bce=0.1070 cont=0.2937 lr=1.16e-04
[train] epoch=5 step=80 loss=0.6777 bce=0.0926 cont=0.2925 lr=1.14e-04
[train] epoch=5 step=100 loss=0.6830 bce=0.0962 cont=0.2934 lr=1.13e-04
[train] epoch=5 step=120 loss=0.6806 bce=0.0929 cont=0.2939 lr=1.11e-04
[train] epoch=5 step=140 loss=0.6960 bce=0.1051 cont=0.2954 lr=1.09e-04
[train] epoch=5 step=160 loss=0.6824 bce=0.1026 cont=0.2899 lr=1.07e-04
[train] epoch=5 step=180 loss=0.6826 bce=0.1024 cont=0.2901 lr=1.06e-04
[train] epoch=5 step=200 loss=0.6792 bce=0.1007 cont=0.2892 lr=1.04e-04
[train] epoch=5 step=220 loss=0.6783 bce=0.1021 cont=0.2881 lr=1.02e-04
[train] epoch=5 step=240 loss=0.6833 bce=0.1029 cont=0.2902 lr=1.00e-04
[train] epoch=5 step=260 loss=0.6861 bce=0.1013 cont=0.2924 lr=9.86e-05
[train] epoch=5 step=280 loss=0.6824 bce=0.0976 cont=0.2924 lr=9.68e-05
[train] epoch=5 step=300 loss=0.6793 bce=0.0958 cont=0.2917 lr=9.51e-05
[train] epoch=5 step=320 loss=0.6748 bce=0.0912 cont=0.2918 lr=9.33e-05
[train] epoch=5 step=340 loss=0.6731 bce=0.0910 cont=0.2910 lr=9.16e-05
[train] epoch=5 step=360 loss=0.6732 bce=0.0936 cont=0.2898 lr=8.98e-05
[train] epoch=5 loss=0.6752 bce=0.0926 cont=0.2913 patch=0.0000
[eval] ─── summary: n_splice=894 n_real=398 ───
[eval] image_auc: 0.8574
[eval] splices (all):
[eval] all         f1: n= 894  med=0.4593  mean=0.4601±0.3735  [p25=0.0630, p75=0.8517]
[eval] all        iou: n= 894  med=0.2981  mean=0.3825±0.3485  [p25=0.0325, p75=0.7417]
[eval] all  precision: n= 894  med=0.3186  mean=0.4367±0.3952  [p25=0.0350, p75=0.8717]
[eval] all     recall: n= 894  med=0.8862  mean=0.7029±0.3510  [p25=0.5273, p75=0.9663]
[eval] splices bucket=tiny (n=310):
[eval] bucket=tiny         f1: n= 310  med=0.0492  mean=0.1433±0.2410  [p25=0.0004, p75=0.1265]
[eval] bucket=tiny        iou: n= 310  med=0.0252  mean=0.1037±0.2060  [p25=0.0002, p75=0.0675]
[eval] bucket=tiny  precision: n= 310  med=0.0258  mean=0.1098±0.2240  [p25=0.0002, p75=0.0676]
[eval] bucket=tiny     recall: n= 310  med=0.8026  mean=0.5807±0.4276  [p25=0.0080, p75=0.9834]
[eval] splices bucket=small (n=310):
[eval] bucket=small         f1: n= 310  med=0.5306  mean=0.5041±0.3386  [p25=0.1648, p75=0.8527]
[eval] bucket=small        iou: n= 310  med=0.3611  mean=0.4088±0.3209  [p25=0.0898, p75=0.7432]
[eval] bucket=small  precision: n= 310  med=0.3928  mean=0.4507±0.3558  [p25=0.0930, p75=0.8334]
[eval] bucket=small     recall: n= 310  med=0.8988  mean=0.7392±0.3238  [p25=0.6445, p75=0.9594]
[eval] splices bucket=medium (n=174):
[eval] bucket=medium         f1: n= 174  med=0.8320  mean=0.7359±0.2422  [p25=0.6176, p75=0.9220]
[eval] bucket=medium        iou: n= 174  med=0.7123  mean=0.6317±0.2631  [p25=0.4468, p75=0.8554]
[eval] bucket=medium  precision: n= 174  med=0.8802  mean=0.7427±0.2836  [p25=0.6080, p75=0.9385]
[eval] bucket=medium     recall: n= 174  med=0.8925  mean=0.7947±0.2288  [p25=0.7064, p75=0.9641]
[eval] splices bucket=large (n=100):
[eval] bucket=large         f1: n= 100  med=0.8626  mean=0.8262±0.1625  [p25=0.7404, p75=0.9550]
[eval] bucket=large        iou: n= 100  med=0.7584  mean=0.7315±0.2034  [p25=0.5878, p75=0.9139]
[eval] bucket=large  precision: n= 100  med=0.9213  mean=0.8746±0.1470  [p25=0.8249, p75=0.9787]
[eval] bucket=large     recall: n= 100  med=0.9089  mean=0.8089±0.2054  [p25=0.6962, p75=0.9756]
[eval] reals accuracy: n= 398  med=0.5070  mean=0.5187±0.1298  [p25=0.4273, p75=0.6129]
[eval] source=casia: n_splice=28 n_real=28
[eval] source=casia         f1: n=  28  med=0.8479  mean=0.5986±0.3953  [p25=0.0870, p75=0.9036]
[eval] source=casia        iou: n=  28  med=0.7359  mean=0.5317±0.3727  [p25=0.0455, p75=0.8241]
[eval] source=casia  precision: n=  28  med=0.8041  mean=0.5694±0.3942  [p25=0.0457, p75=0.8740]
[eval] source=casia     recall: n=  28  med=0.9272  mean=0.8278±0.2585  [p25=0.8750, p75=0.9594]
[eval] source=coco_inpaint: n_splice=126 n_real=126
[eval] source=coco_inpaint         f1: n= 126  med=0.7456  mean=0.6915±0.1905  [p25=0.6118, p75=0.8169]
[eval] source=coco_inpaint        iou: n= 126  med=0.5944  mean=0.5564±0.1949  [p25=0.4407, p75=0.6905]
[eval] source=coco_inpaint  precision: n= 126  med=0.7465  mean=0.6852±0.2574  [p25=0.5309, p75=0.8891]
[eval] source=coco_inpaint     recall: n= 126  med=0.8455  mean=0.8171±0.1603  [p25=0.7037, p75=0.9540]
[eval] source=imd2020: n_splice=171 n_real=41
[eval] source=imd2020         f1: n= 171  med=0.4303  mean=0.4358±0.3560  [p25=0.0631, p75=0.8173]
[eval] source=imd2020        iou: n= 171  med=0.2742  mean=0.3523±0.3275  [p25=0.0326, p75=0.6910]
[eval] source=imd2020  precision: n= 171  med=0.2837  mean=0.3890±0.3636  [p25=0.0329, p75=0.7965]
[eval] source=imd2020     recall: n= 171  med=0.9300  mean=0.8139±0.2666  [p25=0.7966, p75=0.9715]
[eval] source=sagid: n_splice=169 n_real=169
[eval] source=sagid         f1: n= 169  med=0.8993  mean=0.7908±0.2498  [p25=0.7386, p75=0.9515]
[eval] source=sagid        iou: n= 169  med=0.8170  mean=0.7087±0.2689  [p25=0.5855, p75=0.9075]
[eval] source=sagid  precision: n= 169  med=0.8982  mean=0.7807±0.2696  [p25=0.7491, p75=0.9441]
[eval] source=sagid     recall: n= 169  med=0.9494  mean=0.8770±0.1921  [p25=0.8754, p75=0.9795]
[eval] source=tgif2: n_splice=400 n_real=34
[eval] source=tgif2         f1: n= 400  med=0.1091  mean=0.2483±0.3152  [p25=0.0050, p75=0.3787]
[eval] source=tgif2        iou: n= 400  med=0.0577  mean=0.1923±0.2841  [p25=0.0025, p75=0.2336]
[eval] source=tgif2  precision: n= 400  med=0.0611  mean=0.2243±0.3366  [p25=0.0026, p75=0.2400]
[eval] source=tgif2     recall: n= 400  med=0.6540  mean=0.5371±0.4072  [p25=0.0633, p75=0.9430]
[eval] ─── by subgroup (4 cells) ───
[eval] subgroup=flux1dev|fr|random (n_splice=100 n_real=0):
[eval] subgroup=flux1dev|fr|random         f1: n= 100  med=0.1617  mean=0.2985±0.3176  [p25=0.0387, p75=0.4587]
[eval] subgroup=flux1dev|fr|random        iou: n= 100  med=0.0880  mean=0.2286±0.2883  [p25=0.0197, p75=0.2976]
[eval] subgroup=flux1dev|fr|random  precision: n= 100  med=0.0895  mean=0.2695±0.3489  [p25=0.0206, p75=0.3184]
[eval] subgroup=flux1dev|fr|random     recall: n= 100  med=0.7172  mean=0.6049±0.3790  [p25=0.2416, p75=0.9548]
[eval] subgroup=flux1dev|fr|semantic (n_splice=100 n_real=0):
[eval] subgroup=flux1dev|fr|semantic         f1: n= 100  med=0.0516  mean=0.1824±0.2818  [p25=0.0018, p75=0.1624]
[eval] subgroup=flux1dev|fr|semantic        iou: n= 100  med=0.0265  mean=0.1378±0.2437  [p25=0.0009, p75=0.0884]
[eval] subgroup=flux1dev|fr|semantic  precision: n= 100  med=0.0277  mean=0.1593±0.2871  [p25=0.0009, p75=0.1134]
[eval] subgroup=flux1dev|fr|semantic     recall: n= 100  med=0.3072  mean=0.4410±0.4078  [p25=0.0116, p75=0.8851]
[eval] subgroup=flux1dev|sp|random (n_splice=100 n_real=0):
[eval] subgroup=flux1dev|sp|random         f1: n= 100  med=0.1810  mean=0.3427±0.3406  [p25=0.0655, p75=0.6232]
[eval] subgroup=flux1dev|sp|random        iou: n= 100  med=0.0995  mean=0.2720±0.3210  [p25=0.0339, p75=0.4527]
[eval] subgroup=flux1dev|sp|random  precision: n= 100  med=0.1047  mean=0.3150±0.3774  [p25=0.0371, p75=0.6586]
[eval] subgroup=flux1dev|sp|random     recall: n= 100  med=0.8757  mean=0.6847±0.3551  [p25=0.4609, p75=0.9548]
[eval] subgroup=flux1dev|sp|semantic (n_splice=100 n_real=0):
[eval] subgroup=flux1dev|sp|semantic         f1: n= 100  med=0.0271  mean=0.1695±0.2816  [p25=0.0003, p75=0.1686]
[eval] subgroup=flux1dev|sp|semantic        iou: n= 100  med=0.0137  mean=0.1309±0.2508  [p25=0.0002, p75=0.0921]
[eval] subgroup=flux1dev|sp|semantic  precision: n= 100  med=0.0148  mean=0.1533±0.2952  [p25=0.0002, p75=0.1009]
[eval] subgroup=flux1dev|sp|semantic     recall: n= 100  med=0.2072  mean=0.4177±0.4212  [p25=0.0068, p75=0.9033]
[eval]   casia image_auc=0.9566 (n=56)
[eval]   coco_inpaint image_auc=0.9996 (n=252)
[eval]   imd2020 image_auc=0.9763 (n=212)
[eval]   sagid image_auc=0.9961 (n=338)
[eval]   tgif2 image_auc=0.6776 (n=434)
[eval] epoch=5 val_f1_mean=0.4601
[ckpt] saved epoch=5 → /media/ssd/runs/ablation/lora_rank_sweep/r008/epoch_0005.pt
[ckpt] no improvement  patience_left=1  best=0.4770
[train] epoch=6 step=20 loss=0.6305 bce=0.0585 cont=0.2860 lr=8.68e-05
[train] epoch=6 step=40 loss=0.6279 bce=0.1026 cont=0.2626 lr=8.50e-05
[train] epoch=6 step=60 loss=0.6324 bce=0.0842 cont=0.2741 lr=8.33e-05
[train] epoch=6 step=80 loss=0.6177 bce=0.0769 cont=0.2704 lr=8.16e-05
[train] epoch=6 step=100 loss=0.6177 bce=0.0796 cont=0.2691 lr=7.99e-05
[train] epoch=6 step=120 loss=0.6174 bce=0.0794 cont=0.2690 lr=7.82e-05
[train] epoch=6 step=140 loss=0.6294 bce=0.0812 cont=0.2741 lr=7.65e-05
[train] epoch=6 step=160 loss=0.6535 bce=0.0996 cont=0.2770 lr=7.48e-05
[train] epoch=6 step=180 loss=0.6622 bce=0.1045 cont=0.2788 lr=7.31e-05
[train] epoch=6 step=200 loss=0.6583 bce=0.1022 cont=0.2781 lr=7.15e-05
[train] epoch=6 step=220 loss=0.6539 bce=0.0954 cont=0.2792 lr=6.98e-05
[train] epoch=6 step=240 loss=0.6525 bce=0.0925 cont=0.2800 lr=6.82e-05
[train] epoch=6 step=260 loss=0.6504 bce=0.0927 cont=0.2788 lr=6.66e-05
[train] epoch=6 step=280 loss=0.6536 bce=0.0944 cont=0.2796 lr=6.50e-05
[train] epoch=6 step=300 loss=0.6590 bce=0.0965 cont=0.2812 lr=6.34e-05
[train] epoch=6 step=320 loss=0.6566 bce=0.0916 cont=0.2825 lr=6.18e-05
[train] epoch=6 step=340 loss=0.6492 bce=0.0878 cont=0.2807 lr=6.02e-05
[train] epoch=6 step=360 loss=0.6485 bce=0.0899 cont=0.2793 lr=5.87e-05
[train] epoch=6 loss=0.6493 bce=0.0909 cont=0.2792 patch=0.0000
[eval] ─── summary: n_splice=894 n_real=398 ───
[eval] image_auc: 0.8489
[eval] splices (all):
[eval] all         f1: n= 894  med=0.4504  mean=0.4573±0.3754  [p25=0.0517, p75=0.8479]
[eval] all        iou: n= 894  med=0.2907  mean=0.3803±0.3484  [p25=0.0265, p75=0.7360]
[eval] all  precision: n= 894  med=0.3231  mean=0.4389±0.3985  [p25=0.0279, p75=0.8730]
[eval] all     recall: n= 894  med=0.8624  mean=0.6772±0.3626  [p25=0.4620, p75=0.9613]
[eval] splices bucket=tiny (n=310):
[eval] bucket=tiny         f1: n= 310  med=0.0465  mean=0.1555±0.2527  [p25=0.0000, p75=0.1447]
[eval] bucket=tiny        iou: n= 310  med=0.0238  mean=0.1135±0.2149  [p25=0.0000, p75=0.0780]
[eval] bucket=tiny  precision: n= 310  med=0.0254  mean=0.1214±0.2360  [p25=0.0000, p75=0.0780]
[eval] bucket=tiny     recall: n= 310  med=0.7990  mean=0.5684±0.4275  [p25=0.0000, p75=0.9768]
[eval] splices bucket=small (n=310):
[eval] bucket=small         f1: n= 310  med=0.5275  mean=0.4878±0.3511  [p25=0.1497, p75=0.8373]
[eval] bucket=small        iou: n= 310  med=0.3582  mean=0.3976±0.3267  [p25=0.0809, p75=0.7201]
[eval] bucket=small  precision: n= 310  med=0.4015  mean=0.4440±0.3661  [p25=0.0830, p75=0.8340]
[eval] bucket=small     recall: n= 310  med=0.8813  mean=0.6872±0.3572  [p25=0.5966, p75=0.9499]
[eval] splices bucket=medium (n=174):
[eval] bucket=medium         f1: n= 174  med=0.8139  mean=0.7267±0.2470  [p25=0.6015, p75=0.9202]
[eval] bucket=medium        iou: n= 174  med=0.6862  mean=0.6219±0.2679  [p25=0.4301, p75=0.8523]
[eval] bucket=medium  precision: n= 174  med=0.8846  mean=0.7393±0.2890  [p25=0.6041, p75=0.9464]
[eval] bucket=medium     recall: n= 174  med=0.8850  mean=0.7783±0.2411  [p25=0.6841, p75=0.9593]
[eval] splices bucket=large (n=100):
[eval] bucket=large         f1: n= 100  med=0.8655  mean=0.8294±0.1536  [p25=0.7496, p75=0.9513]
[eval] bucket=large        iou: n= 100  med=0.7628  mean=0.7337±0.1953  [p25=0.5995, p75=0.9070]
[eval] bucket=large  precision: n= 100  med=0.9309  mean=0.8851±0.1326  [p25=0.8374, p75=0.9783]
[eval] bucket=large     recall: n= 100  med=0.8850  mean=0.8077±0.2017  [p25=0.6856, p75=0.9715]
[eval] reals accuracy: n= 398  med=0.5536  mean=0.5547±0.1301  [p25=0.4573, p75=0.6540]
[eval] source=casia: n_splice=28 n_real=28
[eval] source=casia         f1: n=  28  med=0.8386  mean=0.5756±0.4088  [p25=0.0624, p75=0.9070]
[eval] source=casia        iou: n=  28  med=0.7222  mean=0.5138±0.3843  [p25=0.0322, p75=0.8298]
[eval] source=casia  precision: n=  28  med=0.7919  mean=0.5600±0.4056  [p25=0.0322, p75=0.8960]
[eval] source=casia     recall: n=  28  med=0.9467  mean=0.8201±0.2807  [p25=0.8518, p75=0.9813]
[eval] source=coco_inpaint: n_splice=126 n_real=126
[eval] source=coco_inpaint         f1: n= 126  med=0.7489  mean=0.7005±0.1834  [p25=0.6494, p75=0.8188]
[eval] source=coco_inpaint        iou: n= 126  med=0.5986  mean=0.5652±0.1880  [p25=0.4808, p75=0.6932]
[eval] source=coco_inpaint  precision: n= 126  med=0.7669  mean=0.7042±0.2528  [p25=0.5603, p75=0.9082]
[eval] source=coco_inpaint     recall: n= 126  med=0.8479  mean=0.8095±0.1534  [p25=0.6903, p75=0.9413]
[eval] source=imd2020: n_splice=171 n_real=41
[eval] source=imd2020         f1: n= 171  med=0.4199  mean=0.4422±0.3515  [p25=0.0592, p75=0.8059]
[eval] source=imd2020        iou: n= 171  med=0.2657  mean=0.3560±0.3236  [p25=0.0305, p75=0.6750]
[eval] source=imd2020  precision: n= 171  med=0.2685  mean=0.3978±0.3645  [p25=0.0309, p75=0.8209]
[eval] source=imd2020     recall: n= 171  med=0.9096  mean=0.7980±0.2757  [p25=0.7567, p75=0.9659]
[eval] source=sagid: n_splice=169 n_real=169
[eval] source=sagid         f1: n= 169  med=0.8989  mean=0.7866±0.2573  [p25=0.7368, p75=0.9490]
[eval] source=sagid        iou: n= 169  med=0.8163  mean=0.7054±0.2732  [p25=0.5833, p75=0.9029]
[eval] source=sagid  precision: n= 169  med=0.8915  mean=0.7784±0.2744  [p25=0.7524, p75=0.9458]
[eval] source=sagid     recall: n= 169  med=0.9477  mean=0.8673±0.2013  [p25=0.8589, p75=0.9733]
[eval] source=tgif2: n_splice=400 n_real=34
[eval] source=tgif2         f1: n= 400  med=0.0812  mean=0.2397±0.3147  [p25=0.0020, p75=0.3849]
[eval] source=tgif2        iou: n= 400  med=0.0423  mean=0.1858±0.2806  [p25=0.0010, p75=0.2383]
[eval] source=tgif2  precision: n= 400  med=0.0455  mean=0.2210±0.3385  [p25=0.0011, p75=0.2583]
[eval] source=tgif2     recall: n= 400  med=0.5614  mean=0.4936±0.4114  [p25=0.0104, p75=0.9218]
[eval] ─── by subgroup (4 cells) ───
[eval] subgroup=flux1dev|fr|random (n_splice=100 n_real=0):
[eval] subgroup=flux1dev|fr|random         f1: n= 100  med=0.1537  mean=0.2785±0.3021  [p25=0.0374, p75=0.4559]
[eval] subgroup=flux1dev|fr|random        iou: n= 100  med=0.0832  mean=0.2079±0.2670  [p25=0.0191, p75=0.2952]
[eval] subgroup=flux1dev|fr|random  precision: n= 100  med=0.0877  mean=0.2518±0.3327  [p25=0.0206, p75=0.3217]
[eval] subgroup=flux1dev|fr|random     recall: n= 100  med=0.6306  mean=0.5546±0.3900  [p25=0.1084, p75=0.9505]
[eval] subgroup=flux1dev|fr|semantic (n_splice=100 n_real=0):
[eval] subgroup=flux1dev|fr|semantic         f1: n= 100  med=0.0311  mean=0.1687±0.2757  [p25=0.0000, p75=0.1497]
[eval] subgroup=flux1dev|fr|semantic        iou: n= 100  med=0.0158  mean=0.1274±0.2365  [p25=0.0000, p75=0.0809]
[eval] subgroup=flux1dev|fr|semantic  precision: n= 100  med=0.0158  mean=0.1496±0.2838  [p25=0.0000, p75=0.0989]
[eval] subgroup=flux1dev|fr|semantic     recall: n= 100  med=0.1990  mean=0.3982±0.4112  [p25=0.0000, p75=0.8708]
[eval] subgroup=flux1dev|sp|random (n_splice=100 n_real=0):
[eval] subgroup=flux1dev|sp|random         f1: n= 100  med=0.1652  mean=0.3488±0.3566  [p25=0.0402, p75=0.6689]
[eval] subgroup=flux1dev|sp|random        iou: n= 100  med=0.0900  mean=0.2824±0.3327  [p25=0.0205, p75=0.5046]
[eval] subgroup=flux1dev|sp|random  precision: n= 100  med=0.0936  mean=0.3317±0.3940  [p25=0.0207, p75=0.8763]
[eval] subgroup=flux1dev|sp|random     recall: n= 100  med=0.8005  mean=0.6302±0.3787  [p25=0.2981, p75=0.9477]
[eval] subgroup=flux1dev|sp|semantic (n_splice=100 n_real=0):
[eval] subgroup=flux1dev|sp|semantic         f1: n= 100  med=0.0200  mean=0.1628±0.2780  [p25=0.0000, p75=0.1689]
[eval] subgroup=flux1dev|sp|semantic        iou: n= 100  med=0.0101  mean=0.1254±0.2455  [p25=0.0000, p75=0.0922]
[eval] subgroup=flux1dev|sp|semantic  precision: n= 100  med=0.0109  mean=0.1510±0.2976  [p25=0.0000, p75=0.0977]
[eval] subgroup=flux1dev|sp|semantic     recall: n= 100  med=0.1526  mean=0.3915±0.4129  [p25=0.0001, p75=0.8693]
[eval]   casia image_auc=0.9579 (n=56)
[eval]   coco_inpaint image_auc=0.9999 (n=252)
[eval]   imd2020 image_auc=0.9770 (n=212)
[eval]   sagid image_auc=0.9968 (n=338)
[eval]   tgif2 image_auc=0.6860 (n=434)
[eval] epoch=6 val_f1_mean=0.4573
[ckpt] saved epoch=6 → /media/ssd/runs/ablation/lora_rank_sweep/r008/epoch_0006.pt
[ckpt] no improvement  patience_left=0  best=0.4770
[train] early stop at epoch=6  best_val_f1_mean=0.4770
[train] done  best_val_f1_mean=0.4770
