===== [2026-06-21T12:32:40] orchestrate launch: /home/fri-team-4/dino_venv/bin/python -m experiments.scripts.train --device cuda --imd2020_root /media/ssd/DINO_SCOPE_DATA/IMD2020 --casia_root /media/ssd/DINO_SCOPE_DATA/casia --sagid_root /media/ssd/DINO_SCOPE_DATA/SAGI_D --coco_inpaint_root /media/ssd/DINO_SCOPE_DATA/INPAINT_COCO/content/inpaint_coco/images --tgif2_root /media/ssd/DINO_SCOPE_DATA/content/flux_originals --casia_train --imd_val_only --lora_rank 32 --lora_alpha 64 --contrastive_dim 64 --pool_hidden 256 --lambda_image_bce 1.0 --lambda_contrastive 2.0 --paste_frac 0.5 --noise_prob 0.8 --jpeg_prob 0.55 --train_samples 3000 --num_workers 4 --num_epochs 10 --min_epochs 5 --warmup_epochs 1.0 --early_stop_patience 2 --early_stop_reduce mean --tgif_val_models flux1dev --val_per_cell 100 --image_size 224 --batch_size 8 --grad_accum 1 --checkpoint_root /media/ssd/runs/ablation/res_sweep/res_224 =====
[cfg] ── dataset roots ──
[cfg]   imd2020_root=/media/ssd/DINO_SCOPE_DATA/IMD2020
[cfg]   casia_root=/media/ssd/DINO_SCOPE_DATA/casia
[cfg]   indoor_root=None
[cfg]   coco_inpaint_root=/media/ssd/DINO_SCOPE_DATA/INPAINT_COCO/content/inpaint_coco/images
[cfg]   sagid_root=/media/ssd/DINO_SCOPE_DATA/SAGI_D
[cfg]   bfree_root=None
[cfg]   anyedit_root=None
[cfg]   tgif2_root=/media/ssd/DINO_SCOPE_DATA/content/flux_originals
[cfg] ── checkpoint ──
[cfg]   run_dir=/media/ssd/runs/ablation/res_sweep/res_224
[cfg]   resume=None
[cfg]   init_weights=None
[cfg]   seed=42
[cfg]   log_every=20
[cfg] ── training loop ──
[cfg]   num_epochs=10
[cfg]   warmup_epochs=1
[cfg]   early_stop_patience=2
[cfg]   early_stop_min_delta=0.002
[cfg]   min_epochs=5
[cfg]   early_stop_reduce=mean
[cfg]   batch_size=8
[cfg]   grad_accum=1
[cfg]   lr=0.0002
[cfg]   weight_decay=0.0001
[cfg]   train_samples=3000
[cfg]   num_workers=4
[cfg]   persistent_workers=false
[cfg]   prefetch_factor=None
[cfg] ── model ──
[cfg]   model_name=facebook/dinov3-vith16plus-pretrain-lvd1689m
[cfg]   image_size=224
[cfg]   patch_size=16
[cfg]   lora_rank=32
[cfg]   lora_alpha=64
[cfg]   lora_dropout=0.1
[cfg]   contrastive_dim=64
[cfg]   pool_hidden=256
[cfg]   patch_bce=false
[cfg] ── loss lambdas ──
[cfg]   lambda_image_bce=1
[cfg]   lambda_contrastive=2
[cfg]   lambda_patch_bce=1
[cfg]   patch_pos_weight=10
[cfg] ── data / sampling ──
[cfg]   splice_mix=None
[cfg]   casia_train=true
[cfg]   imd_val_only=true
[cfg] ── augmentation ──
[cfg]   train_crop_min=0.18
[cfg]   train_crop_max=1
[cfg]   train_crop_ratio_min=0.6
[cfg]   train_crop_ratio_max=1.7
[cfg]   use_splice_degradation=false
[cfg]   use_real_degradation=None
[cfg]   paste_frac=0.5
[cfg]   noise_prob=0.8
[cfg]   jpeg_prob=0.55
[cfg]   whole_corrupt_prob=0
[cfg]   oracle_crop=false
[cfg] ── recipe / tgif-finetune ──
[cfg]   recipe=standard
[cfg]   init_checkpoint=None
[cfg]   eval_per_cell=500
[cfg]   val_per_cell=100
[cfg]   imd_max_items=None
[cfg]   val_zoom=false
[cfg]   val_zoom_pad_frac=None
[cfg]   val_zoom_min_area=0
[cfg]   tgif_val_models=('flux1dev',)
[cfg]   tgif_types=None
[cfg]   tgif_eval_decoders=('kmeans', 'hdbscan')
[cfg]   primary_surface=imd
[cfg] ── hardware ──
[cfg]   device=cuda:0
[cfg]   use_amp=true
[cfg]   amp_dtype=fp16
[cfg]   world_size=1
[cfg]   rank=0
[cfg]   gpu_name=NVIDIA GeForce RTX 2080 Ti
[cfg]   compute_cap=7.5

Loading weights:   0%|          | 0/615 [00:00<?, ?it/s]
Loading weights: 100%|██████████| 615/615 [00:00<00:00, 10485.85it/s]
trainable params: 23,592,960 || all params: 864,185,600 || trainable%: 2.7301
/home/fri-team-4/fri-team4/DINO_SCOPE_final/experiments/scripts/train.py:364: FutureWarning: `torch.cuda.amp.GradScaler(args...)` is deprecated. Please use `torch.amp.GradScaler('cuda', args...)` instead.
  scaler    = torch.cuda.amp.GradScaler(enabled=cfg.use_amp)
[data] Indexing IMD2020: /media/ssd/DINO_SCOPE_DATA/IMD2020
[data] imd2020 train kept=2189 dropped=21/2210 reasons=mask_area_too_small:21
[data] imd2020 val kept=212 dropped=2/214 reasons=mask_area_too_small:2
[data] IMD2020: train=2189 val=212 real_cases=414 splices=2010 skipped_unmasked=0
[data] Indexing CASIA: /media/ssd/DINO_SCOPE_DATA/casia
[data] casia train kept=4423 dropped=21/4444 reasons=mask_area_too_small:21
[data] casia val kept=56 dropped=0/56
[data] CASIA: train=4423 val=56 triplets=2810 discarded=560 malformed=0
[data] Indexing inpaint (coco_inpaint): /media/ssd/DINO_SCOPE_DATA/INPAINT_COCO/content/inpaint_coco/images
[data] coco_inpaint train kept=2265 dropped=3/2268 reasons=mask_area_too_large:3
[data] coco_inpaint val kept=252 dropped=0/252
[data] inpaint coco_inpaint: train=2265 val=252 triplets=1260 unmatched_mods=0
[data] Indexing inpaint (sagid): /media/ssd/DINO_SCOPE_DATA/SAGI_D
[data] sagid train kept=3046 dropped=0/3046
[data] sagid val kept=338 dropped=0/338
[data] inpaint sagid: train=3046 val=338 triplets=1692 unmatched_mods=0
[data] Indexing tgif2 (341 coco_ids): /media/ssd/DINO_SCOPE_DATA/content/flux_originals/tgif2_index.json
[data] tgif2 train kept=16653 dropped=232/16885 reasons=image_corrupt:1,image_degenerate:231
[data] tgif2 val kept=1206 dropped=28/1234 reasons=image_degenerate:28
[data] tgif2: train=16653 val=1206 coco_ids=341 train_frac=0.0 max_per_cell=None eval_per_cell=100
[data] tgif2 → val: 434 items (34 real) models=['flux1dev'] per_cell=100 cells=['flux1dev|fr|random', 'flux1dev|fr|semantic', 'flux1dev|sp|random', 'flux1dev|sp|semantic']
[data] train epoch capped at 3000/9734 samples
[train] LR warmup=375 steps (~1.00 ep) → cosine over 3375 steps eta_min=1.00e-05
[train] epoch=0 step=20 loss=1.5212 bce=0.6905 cont=0.4153 lr=1.26e-05
[train] epoch=0 step=40 loss=1.5095 bce=0.6900 cont=0.4098 lr=2.31e-05
[train] epoch=0 step=60 loss=1.5195 bce=0.6926 cont=0.4134 lr=3.37e-05
[train] epoch=0 step=80 loss=1.5148 bce=0.6922 cont=0.4113 lr=4.42e-05
[train] epoch=0 step=100 loss=1.5174 bce=0.6921 cont=0.4127 lr=5.48e-05
[train] epoch=0 step=120 loss=1.5145 bce=0.6920 cont=0.4113 lr=6.54e-05
[train] epoch=0 step=140 loss=1.5089 bce=0.6924 cont=0.4082 lr=7.59e-05
[train] epoch=0 step=160 loss=1.5051 bce=0.6918 cont=0.4067 lr=8.65e-05
[train] epoch=0 step=180 loss=1.5002 bce=0.6917 cont=0.4043 lr=9.70e-05
[train] epoch=0 step=200 loss=1.5044 bce=0.6901 cont=0.4071 lr=1.08e-04
[train] epoch=0 step=220 loss=1.4953 bce=0.6858 cont=0.4048 lr=1.18e-04
[train] epoch=0 step=240 loss=1.4919 bce=0.6792 cont=0.4063 lr=1.29e-04
[train] epoch=0 step=260 loss=1.4840 bce=0.6616 cont=0.4112 lr=1.39e-04
[train] epoch=0 step=280 loss=1.4686 bce=0.6454 cont=0.4116 lr=1.50e-04
[train] epoch=0 step=300 loss=1.4523 bce=0.6304 cont=0.4110 lr=1.60e-04
[train] epoch=0 step=320 loss=1.4367 bce=0.6159 cont=0.4104 lr=1.71e-04
[train] epoch=0 step=340 loss=1.4171 bce=0.6010 cont=0.4081 lr=1.82e-04
[train] epoch=0 step=360 loss=1.4054 bce=0.5888 cont=0.4083 lr=1.92e-04
[train] epoch=0 loss=1.3957 bce=0.5794 cont=0.4081 patch=0.0000
[eval] ─── summary: n_splice=894 n_real=398 ───
[eval] image_auc: 0.7732
[eval] splices (all):
[eval] all         f1: n= 894  med=0.2834  mean=0.3769±0.3195  [p25=0.0745, p75=0.7086]
[eval] all        iou: n= 894  med=0.1651  mean=0.2874±0.2835  [p25=0.0387, p75=0.5487]
[eval] all  precision: n= 894  med=0.1875  mean=0.3339±0.3338  [p25=0.0387, p75=0.6584]
[eval] all     recall: n= 894  med=0.8567  mean=0.7037±0.3361  [p25=0.4962, p75=0.9732]
[eval] splices bucket=tiny (n=310):
[eval] bucket=tiny         f1: n= 310  med=0.0711  mean=0.1273±0.1704  [p25=0.0183, p75=0.1568]
[eval] bucket=tiny        iou: n= 310  med=0.0369  mean=0.0793±0.1256  [p25=0.0092, p75=0.0851]
[eval] bucket=tiny  precision: n= 310  med=0.0377  mean=0.0832±0.1376  [p25=0.0096, p75=0.0860]
[eval] bucket=tiny     recall: n= 310  med=0.9116  mean=0.6764±0.3927  [p25=0.3086, p75=1.0000]
[eval] splices bucket=small (n=310):
[eval] bucket=small         f1: n= 310  med=0.3182  mean=0.3828±0.2779  [p25=0.1648, p75=0.6609]
[eval] bucket=small        iou: n= 310  med=0.1892  mean=0.2777±0.2412  [p25=0.0898, p75=0.4936]
[eval] bucket=small  precision: n= 310  med=0.2054  mean=0.3096±0.2796  [p25=0.0919, p75=0.5605]
[eval] bucket=small     recall: n= 310  med=0.8810  mean=0.7171±0.3338  [p25=0.5367, p75=0.9738]
[eval] splices bucket=medium (n=174):
[eval] bucket=medium         f1: n= 174  med=0.6786  mean=0.5884±0.2616  [p25=0.3823, p75=0.8062]
[eval] bucket=medium        iou: n= 174  med=0.5135  mean=0.4639±0.2568  [p25=0.2363, p75=0.6754]
[eval] bucket=medium  precision: n= 174  med=0.6101  mean=0.5607±0.2968  [p25=0.2727, p75=0.8409]
[eval] bucket=medium     recall: n= 174  med=0.7424  mean=0.6906±0.2650  [p25=0.5653, p75=0.8969]
[eval] splices bucket=large (n=100):
[eval] bucket=large         f1: n= 100  med=0.8251  mean=0.7642±0.2073  [p25=0.7075, p75=0.8954]
[eval] bucket=large        iou: n= 100  med=0.7022  mean=0.6552±0.2247  [p25=0.5474, p75=0.8106]
[eval] bucket=large  precision: n= 100  med=0.8402  mean=0.7912±0.2158  [p25=0.7337, p75=0.9456]
[eval] bucket=large     recall: n= 100  med=0.8288  mean=0.7700±0.2384  [p25=0.6720, p75=0.9675]
[eval] reals accuracy: n= 398  med=0.5051  mean=0.5157±0.2038  [p25=0.3724, p75=0.6735]
[eval] source=casia: n_splice=28 n_real=28
[eval] source=casia         f1: n=  28  med=0.1407  mean=0.3689±0.3734  [p25=0.0302, p75=0.8152]
[eval] source=casia        iou: n=  28  med=0.0770  mean=0.3019±0.3330  [p25=0.0154, p75=0.6883]
[eval] source=casia  precision: n=  28  med=0.1042  mean=0.3418±0.3728  [p25=0.0198, p75=0.7943]
[eval] source=casia     recall: n=  28  med=0.9449  mean=0.7062±0.3983  [p25=0.3613, p75=0.9917]
[eval] source=coco_inpaint: n_splice=126 n_real=126
[eval] source=coco_inpaint         f1: n= 126  med=0.6636  mean=0.5611±0.2699  [p25=0.3608, p75=0.7829]
[eval] source=coco_inpaint        iou: n= 126  med=0.4966  mean=0.4356±0.2463  [p25=0.2201, p75=0.6433]
[eval] source=coco_inpaint  precision: n= 126  med=0.5997  mean=0.5506±0.3290  [p25=0.2424, p75=0.8414]
[eval] source=coco_inpaint     recall: n= 126  med=0.7606  mean=0.7201±0.2497  [p25=0.6212, p75=0.9029]
[eval] source=imd2020: n_splice=171 n_real=41
[eval] source=imd2020         f1: n= 171  med=0.3676  mean=0.3964±0.2985  [p25=0.0905, p75=0.6589]
[eval] source=imd2020        iou: n= 171  med=0.2252  mean=0.2950±0.2601  [p25=0.0474, p75=0.4913]
[eval] source=imd2020  precision: n= 171  med=0.2383  mean=0.3233±0.2896  [p25=0.0486, p75=0.5767]
[eval] source=imd2020     recall: n= 171  med=0.9008  mean=0.8015±0.2614  [p25=0.7731, p75=0.9679]
[eval] source=sagid: n_splice=169 n_real=169
[eval] source=sagid         f1: n= 169  med=0.7615  mean=0.6546±0.2916  [p25=0.4845, p75=0.8803]
[eval] source=sagid        iou: n= 169  med=0.6149  mean=0.5481±0.2886  [p25=0.3197, p75=0.7863]
[eval] source=sagid  precision: n= 169  med=0.7255  mean=0.6270±0.3212  [p25=0.4038, p75=0.8955]
[eval] source=sagid     recall: n= 169  med=0.9170  mean=0.8050±0.2519  [p25=0.7303, p75=0.9749]
[eval] source=tgif2: n_splice=400 n_real=34
[eval] source=tgif2         f1: n= 400  med=0.1163  mean=0.1938±0.2108  [p25=0.0309, p75=0.2903]
[eval] source=tgif2        iou: n= 400  med=0.0617  mean=0.1262±0.1643  [p25=0.0157, p75=0.1698]
[eval] source=tgif2  precision: n= 400  med=0.0637  mean=0.1457±0.1980  [p25=0.0174, p75=0.1893]
[eval] source=tgif2     recall: n= 400  med=0.7584  mean=0.6138±0.3862  [p25=0.1887, p75=0.9960]
[eval] ─── by subgroup (4 cells) ───
[eval] subgroup=flux1dev|fr|random (n_splice=100 n_real=0):
[eval] subgroup=flux1dev|fr|random         f1: n= 100  med=0.1617  mean=0.2021±0.1943  [p25=0.0419, p75=0.3182]
[eval] subgroup=flux1dev|fr|random        iou: n= 100  med=0.0880  mean=0.1279±0.1454  [p25=0.0214, p75=0.1892]
[eval] subgroup=flux1dev|fr|random  precision: n= 100  med=0.0890  mean=0.1555±0.1840  [p25=0.0238, p75=0.2072]
[eval] subgroup=flux1dev|fr|random     recall: n= 100  med=0.7020  mean=0.5816±0.3890  [p25=0.1816, p75=0.9781]
[eval] subgroup=flux1dev|fr|semantic (n_splice=100 n_real=0):
[eval] subgroup=flux1dev|fr|semantic         f1: n= 100  med=0.0888  mean=0.1779±0.2076  [p25=0.0185, p75=0.2751]
[eval] subgroup=flux1dev|fr|semantic        iou: n= 100  med=0.0465  mean=0.1155±0.1586  [p25=0.0093, p75=0.1595]
[eval] subgroup=flux1dev|fr|semantic  precision: n= 100  med=0.0486  mean=0.1239±0.1773  [p25=0.0096, p75=0.1766]
[eval] subgroup=flux1dev|fr|semantic     recall: n= 100  med=0.8280  mean=0.6193±0.3943  [p25=0.1474, p75=0.9929]
[eval] subgroup=flux1dev|sp|random (n_splice=100 n_real=0):
[eval] subgroup=flux1dev|sp|random         f1: n= 100  med=0.1749  mean=0.2365±0.2366  [p25=0.0406, p75=0.3298]
[eval] subgroup=flux1dev|sp|random        iou: n= 100  med=0.0958  mean=0.1595±0.1918  [p25=0.0207, p75=0.1976]
[eval] subgroup=flux1dev|sp|random  precision: n= 100  med=0.0975  mean=0.1904±0.2341  [p25=0.0240, p75=0.2330]
[eval] subgroup=flux1dev|sp|random     recall: n= 100  med=0.7295  mean=0.5989±0.3884  [p25=0.1869, p75=0.9963]
[eval] subgroup=flux1dev|sp|semantic (n_splice=100 n_real=0):
[eval] subgroup=flux1dev|sp|semantic         f1: n= 100  med=0.0837  mean=0.1586±0.1939  [p25=0.0264, p75=0.2341]
[eval] subgroup=flux1dev|sp|semantic        iou: n= 100  med=0.0437  mean=0.1019±0.1518  [p25=0.0134, p75=0.1326]
[eval] subgroup=flux1dev|sp|semantic  precision: n= 100  med=0.0453  mean=0.1130±0.1819  [p25=0.0138, p75=0.1326]
[eval] subgroup=flux1dev|sp|semantic     recall: n= 100  med=0.8646  mean=0.6554±0.3687  [p25=0.3771, p75=1.0000]
[eval]   casia image_auc=0.8406 (n=56)
[eval]   coco_inpaint image_auc=0.9385 (n=252)
[eval]   imd2020 image_auc=0.9180 (n=212)
[eval]   sagid image_auc=0.9334 (n=338)
[eval]   tgif2 image_auc=0.5794 (n=434)
[eval] epoch=0 val_f1_mean=0.3769
[ckpt] saved epoch=0 → /media/ssd/runs/ablation/res_sweep/res_224/epoch_0000.pt
[ckpt] best model saved  val_f1_mean=0.3769
[train] epoch=1 step=20 loss=1.0964 bce=0.2959 cont=0.4002 lr=2.00e-04
[train] epoch=1 step=40 loss=1.1188 bce=0.3365 cont=0.3911 lr=2.00e-04
[train] epoch=1 step=60 loss=1.1079 bce=0.3176 cont=0.3952 lr=2.00e-04
[train] epoch=1 step=80 loss=1.1117 bce=0.3300 cont=0.3909 lr=2.00e-04
[train] epoch=1 step=100 loss=1.0872 bce=0.3183 cont=0.3845 lr=2.00e-04
[train] epoch=1 step=120 loss=1.0804 bce=0.3131 cont=0.3836 lr=1.99e-04
[train] epoch=1 step=140 loss=1.0928 bce=0.3251 cont=0.3838 lr=1.99e-04
[train] epoch=1 step=160 loss=1.0875 bce=0.3291 cont=0.3792 lr=1.99e-04
[train] epoch=1 step=180 loss=1.0875 bce=0.3258 cont=0.3809 lr=1.99e-04
[train] epoch=1 step=200 loss=1.0789 bce=0.3173 cont=0.3808 lr=1.98e-04
[train] epoch=1 step=220 loss=1.0737 bce=0.3160 cont=0.3788 lr=1.98e-04
[train] epoch=1 step=240 loss=1.0761 bce=0.3159 cont=0.3801 lr=1.98e-04
[train] epoch=1 step=260 loss=1.0740 bce=0.3153 cont=0.3794 lr=1.97e-04
[train] epoch=1 step=280 loss=1.0626 bce=0.3114 cont=0.3756 lr=1.97e-04
[train] epoch=1 step=300 loss=1.0635 bce=0.3144 cont=0.3746 lr=1.96e-04
[train] epoch=1 step=320 loss=1.0623 bce=0.3116 cont=0.3754 lr=1.96e-04
[train] epoch=1 step=340 loss=1.0564 bce=0.3076 cont=0.3744 lr=1.95e-04
[train] epoch=1 step=360 loss=1.0511 bce=0.3049 cont=0.3731 lr=1.95e-04
[train] epoch=1 loss=1.0543 bce=0.3062 cont=0.3741 patch=0.0000
[eval] ─── summary: n_splice=894 n_real=398 ───
[eval] image_auc: 0.7759
[eval] splices (all):
[eval] all         f1: n= 894  med=0.3400  mean=0.4014±0.3368  [p25=0.0517, p75=0.7309]
[eval] all        iou: n= 894  med=0.2048  mean=0.3136±0.3003  [p25=0.0265, p75=0.5759]
[eval] all  precision: n= 894  med=0.2302  mean=0.3684±0.3526  [p25=0.0281, p75=0.7250]
[eval] all     recall: n= 894  med=0.8140  mean=0.6795±0.3419  [p25=0.4746, p75=0.9585]
[eval] splices bucket=tiny (n=310):
[eval] bucket=tiny         f1: n= 310  med=0.0476  mean=0.1212±0.1766  [p25=0.0119, p75=0.1365]
[eval] bucket=tiny        iou: n= 310  med=0.0244  mean=0.0768±0.1322  [p25=0.0060, p75=0.0732]
[eval] bucket=tiny  precision: n= 310  med=0.0245  mean=0.0829±0.1509  [p25=0.0060, p75=0.0741]
[eval] bucket=tiny     recall: n= 310  med=0.8125  mean=0.6390±0.3967  [p25=0.2625, p75=1.0000]
[eval] splices bucket=small (n=310):
[eval] bucket=small         f1: n= 310  med=0.3770  mean=0.4202±0.3010  [p25=0.1612, p75=0.7047]
[eval] bucket=small        iou: n= 310  med=0.2323  mean=0.3155±0.2627  [p25=0.0877, p75=0.5441]
[eval] bucket=small  precision: n= 310  med=0.2559  mean=0.3620±0.3112  [p25=0.0885, p75=0.6488]
[eval] bucket=small     recall: n= 310  med=0.8326  mean=0.6678±0.3543  [p25=0.4595, p75=0.9502]
[eval] splices bucket=medium (n=174):
[eval] bucket=medium         f1: n= 174  med=0.7167  mean=0.6526±0.2391  [p25=0.5228, p75=0.8404]
[eval] bucket=medium        iou: n= 174  med=0.5585  mean=0.5271±0.2448  [p25=0.3539, p75=0.7248]
[eval] bucket=medium  precision: n= 174  med=0.7281  mean=0.6390±0.2709  [p25=0.4518, p75=0.8681]
[eval] bucket=medium     recall: n= 174  med=0.7667  mean=0.7159±0.2308  [p25=0.5484, p75=0.9202]
[eval] splices bucket=large (n=100):
[eval] bucket=large         f1: n= 100  med=0.8410  mean=0.7746±0.2089  [p25=0.6888, p75=0.9193]
[eval] bucket=large        iou: n= 100  med=0.7256  mean=0.6706±0.2304  [p25=0.5253, p75=0.8506]
[eval] bucket=large  precision: n= 100  med=0.8594  mean=0.8028±0.2106  [p25=0.7332, p75=0.9482]
[eval] bucket=large     recall: n= 100  med=0.8595  mean=0.7778±0.2410  [p25=0.6936, p75=0.9620]
[eval] reals accuracy: n= 398  med=0.5765  mean=0.5819±0.1676  [p25=0.4605, p75=0.7143]
[eval] source=casia: n_splice=28 n_real=28
[eval] source=casia         f1: n=  28  med=0.6443  mean=0.4589±0.4018  [p25=0.0356, p75=0.8452]
[eval] source=casia        iou: n=  28  med=0.4754  mean=0.3916±0.3617  [p25=0.0181, p75=0.7320]
[eval] source=casia  precision: n=  28  med=0.6543  mean=0.4558±0.4131  [p25=0.0213, p75=0.8600]
[eval] source=casia     recall: n=  28  med=0.8308  mean=0.7018±0.3492  [p25=0.6405, p75=0.9831]
[eval] source=coco_inpaint: n_splice=126 n_real=126
[eval] source=coco_inpaint         f1: n= 126  med=0.6832  mean=0.5952±0.2575  [p25=0.4264, p75=0.8146]
[eval] source=coco_inpaint        iou: n= 126  med=0.5188  mean=0.4676±0.2428  [p25=0.2710, p75=0.6872]
[eval] source=coco_inpaint  precision: n= 126  med=0.6432  mean=0.5830±0.3097  [p25=0.3278, p75=0.8480]
[eval] source=coco_inpaint     recall: n= 126  med=0.7979  mean=0.7439±0.2384  [p25=0.6186, p75=0.9454]
[eval] source=imd2020: n_splice=171 n_real=41
[eval] source=imd2020         f1: n= 171  med=0.3543  mean=0.3797±0.3149  [p25=0.0718, p75=0.6922]
[eval] source=imd2020        iou: n= 171  med=0.2153  mean=0.2869±0.2741  [p25=0.0372, p75=0.5293]
[eval] source=imd2020  precision: n= 171  med=0.2269  mean=0.3209±0.3108  [p25=0.0380, p75=0.6009]
[eval] source=imd2020     recall: n= 171  med=0.8488  mean=0.7473±0.2916  [p25=0.6681, p75=0.9491]
[eval] source=sagid: n_splice=169 n_real=169
[eval] source=sagid         f1: n= 169  med=0.7965  mean=0.7030±0.2631  [p25=0.6184, p75=0.8956]
[eval] source=sagid        iou: n= 169  med=0.6619  mean=0.5958±0.2699  [p25=0.4476, p75=0.8109]
[eval] source=sagid  precision: n= 169  med=0.7796  mean=0.6768±0.2909  [p25=0.5367, p75=0.8983]
[eval] source=sagid     recall: n= 169  med=0.9080  mean=0.8275±0.2047  [p25=0.7713, p75=0.9621]
[eval] source=tgif2: n_splice=400 n_real=34
[eval] source=tgif2         f1: n= 400  med=0.1150  mean=0.2182±0.2559  [p25=0.0190, p75=0.3380]
[eval] source=tgif2        iou: n= 400  med=0.0610  mean=0.1518±0.2071  [p25=0.0096, p75=0.2034]
[eval] source=tgif2  precision: n= 400  med=0.0633  mean=0.1848±0.2623  [p25=0.0098, p75=0.2302]
[eval] source=tgif2     recall: n= 400  med=0.6564  mean=0.5661±0.3942  [p25=0.1400, p75=0.9771]
[eval] ─── by subgroup (4 cells) ───
[eval] subgroup=flux1dev|fr|random (n_splice=100 n_real=0):
[eval] subgroup=flux1dev|fr|random         f1: n= 100  med=0.1831  mean=0.2387±0.2480  [p25=0.0337, p75=0.3404]
[eval] subgroup=flux1dev|fr|random        iou: n= 100  med=0.1008  mean=0.1634±0.2007  [p25=0.0171, p75=0.2051]
[eval] subgroup=flux1dev|fr|random  precision: n= 100  med=0.1040  mean=0.2084±0.2683  [p25=0.0219, p75=0.2417]
[eval] subgroup=flux1dev|fr|random     recall: n= 100  med=0.5474  mean=0.5323±0.3822  [p25=0.0840, p75=0.9146]
[eval] subgroup=flux1dev|fr|semantic (n_splice=100 n_real=0):
[eval] subgroup=flux1dev|fr|semantic         f1: n= 100  med=0.0427  mean=0.1696±0.2299  [p25=0.0085, p75=0.2358]
[eval] subgroup=flux1dev|fr|semantic        iou: n= 100  med=0.0218  mean=0.1146±0.1764  [p25=0.0043, p75=0.1337]
[eval] subgroup=flux1dev|fr|semantic  precision: n= 100  med=0.0234  mean=0.1296±0.2036  [p25=0.0046, p75=0.1476]
[eval] subgroup=flux1dev|fr|semantic     recall: n= 100  med=0.6979  mean=0.5714±0.4123  [p25=0.0556, p75=0.9994]
[eval] subgroup=flux1dev|sp|random (n_splice=100 n_real=0):
[eval] subgroup=flux1dev|sp|random         f1: n= 100  med=0.1859  mean=0.2801±0.2792  [p25=0.0453, p75=0.3769]
[eval] subgroup=flux1dev|sp|random        iou: n= 100  med=0.1025  mean=0.2013±0.2396  [p25=0.0232, p75=0.2322]
[eval] subgroup=flux1dev|sp|random  precision: n= 100  med=0.1079  mean=0.2495±0.3023  [p25=0.0234, p75=0.3154]
[eval] subgroup=flux1dev|sp|random     recall: n= 100  med=0.5786  mean=0.5667±0.3696  [p25=0.1887, p75=0.9447]
[eval] subgroup=flux1dev|sp|semantic (n_splice=100 n_real=0):
[eval] subgroup=flux1dev|sp|semantic         f1: n= 100  med=0.0556  mean=0.1843±0.2488  [p25=0.0085, p75=0.2968]
[eval] subgroup=flux1dev|sp|semantic        iou: n= 100  med=0.0286  mean=0.1281±0.1954  [p25=0.0043, p75=0.1743]
[eval] subgroup=flux1dev|sp|semantic  precision: n= 100  med=0.0286  mean=0.1516±0.2479  [p25=0.0046, p75=0.1817]
[eval] subgroup=flux1dev|sp|semantic     recall: n= 100  med=0.7337  mean=0.5939±0.4087  [p25=0.0584, p75=0.9895]
[eval]   casia image_auc=0.8457 (n=56)
[eval]   coco_inpaint image_auc=0.9861 (n=252)
[eval]   imd2020 image_auc=0.9216 (n=212)
[eval]   sagid image_auc=0.9576 (n=338)
[eval]   tgif2 image_auc=0.6210 (n=434)
[eval] epoch=1 val_f1_mean=0.4014
[ckpt] saved epoch=1 → /media/ssd/runs/ablation/res_sweep/res_224/epoch_0001.pt
[ckpt] best model saved  val_f1_mean=0.4014
[train] epoch=2 step=20 loss=1.0540 bce=0.3216 cont=0.3662 lr=1.94e-04
[train] epoch=2 step=40 loss=0.9584 bce=0.2499 cont=0.3542 lr=1.93e-04
[train] epoch=2 step=60 loss=0.9470 bce=0.2475 cont=0.3498 lr=1.92e-04
[train] epoch=2 step=80 loss=0.9845 bce=0.2612 cont=0.3616 lr=1.92e-04
[train] epoch=2 step=100 loss=0.9762 bce=0.2606 cont=0.3578 lr=1.91e-04
[train] epoch=2 step=120 loss=0.9768 bce=0.2660 cont=0.3554 lr=1.90e-04
[train] epoch=2 step=140 loss=0.9852 bce=0.2715 cont=0.3568 lr=1.89e-04
[train] epoch=2 step=160 loss=0.9747 bce=0.2620 cont=0.3563 lr=1.88e-04
[train] epoch=2 step=180 loss=0.9691 bce=0.2552 cont=0.3570 lr=1.88e-04
[train] epoch=2 step=200 loss=0.9689 bce=0.2564 cont=0.3562 lr=1.87e-04
[train] epoch=2 step=220 loss=0.9648 bce=0.2572 cont=0.3538 lr=1.86e-04
[train] epoch=2 step=240 loss=0.9671 bce=0.2558 cont=0.3557 lr=1.85e-04
[train] epoch=2 step=260 loss=0.9706 bce=0.2566 cont=0.3570 lr=1.84e-04
[train] epoch=2 step=280 loss=0.9697 bce=0.2567 cont=0.3565 lr=1.83e-04
[train] epoch=2 step=300 loss=0.9640 bce=0.2553 cont=0.3544 lr=1.82e-04
[train] epoch=2 step=320 loss=0.9650 bce=0.2573 cont=0.3538 lr=1.81e-04
[train] epoch=2 step=340 loss=0.9588 bce=0.2522 cont=0.3533 lr=1.80e-04
[train] epoch=2 step=360 loss=0.9538 bce=0.2498 cont=0.3520 lr=1.79e-04
[train] epoch=2 loss=0.9564 bce=0.2508 cont=0.3528 patch=0.0000
[eval] ─── summary: n_splice=894 n_real=398 ───
[eval] image_auc: 0.7596
[eval] splices (all):
[eval] all         f1: n= 894  med=0.3265  mean=0.3990±0.3462  [p25=0.0455, p75=0.7588]
[eval] all        iou: n= 894  med=0.1951  mean=0.3147±0.3060  [p25=0.0233, p75=0.6114]
[eval] all  precision: n= 894  med=0.2188  mean=0.3972±0.3863  [p25=0.0239, p75=0.8264]
[eval] all     recall: n= 894  med=0.7533  mean=0.6274±0.3564  [p25=0.3788, p75=0.9390]
[eval] splices bucket=tiny (n=310):
[eval] bucket=tiny         f1: n= 310  med=0.0568  mean=0.1324±0.1940  [p25=0.0121, p75=0.1282]
[eval] bucket=tiny        iou: n= 310  med=0.0292  mean=0.0862±0.1492  [p25=0.0061, p75=0.0685]
[eval] bucket=tiny  precision: n= 310  med=0.0302  mean=0.0953±0.1758  [p25=0.0062, p75=0.0685]
[eval] bucket=tiny     recall: n= 310  med=0.8026  mean=0.6301±0.3940  [p25=0.2692, p75=1.0000]
[eval] splices bucket=small (n=310):
[eval] bucket=small         f1: n= 310  med=0.4206  mean=0.4263±0.3281  [p25=0.0882, p75=0.7588]
[eval] bucket=small        iou: n= 310  med=0.2663  mean=0.3301±0.2869  [p25=0.0461, p75=0.6114]
[eval] bucket=small  precision: n= 310  med=0.2688  mean=0.3896±0.3456  [p25=0.0569, p75=0.7426]
[eval] bucket=small     recall: n= 310  med=0.7526  mean=0.6005±0.3716  [p25=0.2049, p75=0.9154]
[eval] splices bucket=medium (n=174):
[eval] bucket=medium         f1: n= 174  med=0.7161  mean=0.6252±0.2839  [p25=0.5030, p75=0.8354]
[eval] bucket=medium        iou: n= 174  med=0.5578  mean=0.5094±0.2691  [p25=0.3360, p75=0.7174]
[eval] bucket=medium  precision: n= 174  med=0.8395  mean=0.6826±0.3248  [p25=0.4776, p75=0.9228]
[eval] bucket=medium     recall: n= 174  med=0.7121  mean=0.6366±0.3025  [p25=0.4648, p75=0.9023]
[eval] splices bucket=large (n=100):
[eval] bucket=large         f1: n= 100  med=0.8051  mean=0.7468±0.2199  [p25=0.6861, p75=0.8863]
[eval] bucket=large        iou: n= 100  med=0.6738  mean=0.6362±0.2344  [p25=0.5222, p75=0.7959]
[eval] bucket=large  precision: n= 100  med=0.9412  mean=0.8605±0.2128  [p25=0.8382, p75=0.9761]
[eval] bucket=large     recall: n= 100  med=0.7301  mean=0.6867±0.2468  [p25=0.5533, p75=0.8921]
[eval] reals accuracy: n= 398  med=0.5714  mean=0.5658±0.1434  [p25=0.4643, p75=0.6582]
[eval] source=casia: n_splice=28 n_real=28
[eval] source=casia         f1: n=  28  med=0.6852  mean=0.4785±0.3994  [p25=0.0251, p75=0.8448]
[eval] source=casia        iou: n=  28  med=0.5212  mean=0.4079±0.3581  [p25=0.0127, p75=0.7313]
[eval] source=casia  precision: n=  28  med=0.6761  mean=0.4764±0.4095  [p25=0.0192, p75=0.8699]
[eval] source=casia     recall: n=  28  med=0.8059  mean=0.6698±0.3527  [p25=0.4336, p75=0.9544]
[eval] source=coco_inpaint: n_splice=126 n_real=126
[eval] source=coco_inpaint         f1: n= 126  med=0.7127  mean=0.6168±0.2516  [p25=0.5458, p75=0.7984]
[eval] source=coco_inpaint        iou: n= 126  med=0.5537  mean=0.4876±0.2318  [p25=0.3756, p75=0.6644]
[eval] source=coco_inpaint  precision: n= 126  med=0.8234  mean=0.6749±0.3250  [p25=0.4872, p75=0.9364]
[eval] source=coco_inpaint     recall: n= 126  med=0.7100  mean=0.6893±0.2197  [p25=0.5519, p75=0.8425]
[eval] source=imd2020: n_splice=171 n_real=41
[eval] source=imd2020         f1: n= 171  med=0.3731  mean=0.3967±0.3288  [p25=0.0547, p75=0.7216]
[eval] source=imd2020        iou: n= 171  med=0.2293  mean=0.3051±0.2842  [p25=0.0281, p75=0.5644]
[eval] source=imd2020  precision: n= 171  med=0.2551  mean=0.3607±0.3404  [p25=0.0281, p75=0.7106]
[eval] source=imd2020     recall: n= 171  med=0.7969  mean=0.6993±0.3130  [p25=0.6245, p75=0.9338]
[eval] source=sagid: n_splice=169 n_real=169
[eval] source=sagid         f1: n= 169  med=0.7929  mean=0.6954±0.2743  [p25=0.6028, p75=0.8977]
[eval] source=sagid        iou: n= 169  med=0.6569  mean=0.5904±0.2770  [p25=0.4314, p75=0.8144]
[eval] source=sagid  precision: n= 169  med=0.8527  mean=0.7237±0.3019  [p25=0.6911, p75=0.9320]
[eval] source=sagid     recall: n= 169  med=0.8704  mean=0.7692±0.2384  [p25=0.6690, p75=0.9465]
[eval] source=tgif2: n_splice=400 n_real=34
[eval] source=tgif2         f1: n= 400  med=0.0828  mean=0.2005±0.2586  [p25=0.0030, p75=0.3065]
[eval] source=tgif2        iou: n= 400  med=0.0432  mean=0.1413±0.2101  [p25=0.0015, p75=0.1810]
[eval] source=tgif2  precision: n= 400  med=0.0452  mean=0.1819±0.2895  [p25=0.0016, p75=0.1820]
[eval] source=tgif2     recall: n= 400  med=0.5393  mean=0.5143±0.4113  [p25=0.0190, p75=0.9577]
[eval] ─── by subgroup (4 cells) ───
[eval] subgroup=flux1dev|fr|random (n_splice=100 n_real=0):
[eval] subgroup=flux1dev|fr|random         f1: n= 100  med=0.1191  mean=0.2018±0.2295  [p25=0.0107, p75=0.3195]
[eval] subgroup=flux1dev|fr|random        iou: n= 100  med=0.0633  mean=0.1348±0.1789  [p25=0.0054, p75=0.1902]
[eval] subgroup=flux1dev|fr|random  precision: n= 100  med=0.0681  mean=0.1796±0.2700  [p25=0.0056, p75=0.1956]
[eval] subgroup=flux1dev|fr|random     recall: n= 100  med=0.5148  mean=0.5054±0.4046  [p25=0.0466, p75=0.9742]
[eval] subgroup=flux1dev|fr|semantic (n_splice=100 n_real=0):
[eval] subgroup=flux1dev|fr|semantic         f1: n= 100  med=0.0419  mean=0.1709±0.2544  [p25=0.0011, p75=0.2061]
[eval] subgroup=flux1dev|fr|semantic        iou: n= 100  med=0.0214  mean=0.1217±0.2052  [p25=0.0006, p75=0.1149]
[eval] subgroup=flux1dev|fr|semantic  precision: n= 100  med=0.0252  mean=0.1431±0.2534  [p25=0.0007, p75=0.1166]
[eval] subgroup=flux1dev|fr|semantic     recall: n= 100  med=0.5859  mean=0.5120±0.4223  [p25=0.0040, p75=0.9589]
[eval] subgroup=flux1dev|sp|random (n_splice=100 n_real=0):
[eval] subgroup=flux1dev|sp|random         f1: n= 100  med=0.1247  mean=0.2489±0.2825  [p25=0.0069, p75=0.4207]
[eval] subgroup=flux1dev|sp|random        iou: n= 100  med=0.0665  mean=0.1798±0.2365  [p25=0.0034, p75=0.2663]
[eval] subgroup=flux1dev|sp|random  precision: n= 100  med=0.0803  mean=0.2558±0.3515  [p25=0.0039, p75=0.2993]
[eval] subgroup=flux1dev|sp|random     recall: n= 100  med=0.4595  mean=0.4786±0.3935  [p25=0.0285, p75=0.8720]
[eval] subgroup=flux1dev|sp|semantic (n_splice=100 n_real=0):
[eval] subgroup=flux1dev|sp|semantic         f1: n= 100  med=0.0563  mean=0.1803±0.2584  [p25=0.0031, p75=0.2210]
[eval] subgroup=flux1dev|sp|semantic        iou: n= 100  med=0.0290  mean=0.1288±0.2107  [p25=0.0015, p75=0.1242]
[eval] subgroup=flux1dev|sp|semantic  precision: n= 100  med=0.0296  mean=0.1492±0.2580  [p25=0.0016, p75=0.1516]
[eval] subgroup=flux1dev|sp|semantic     recall: n= 100  med=0.7209  mean=0.5614±0.4199  [p25=0.0190, p75=0.9597]
[eval]   casia image_auc=0.8788 (n=56)
[eval]   coco_inpaint image_auc=0.9780 (n=252)
[eval]   imd2020 image_auc=0.9261 (n=212)
[eval]   sagid image_auc=0.9586 (n=338)
[eval]   tgif2 image_auc=0.6154 (n=434)
[eval] epoch=2 val_f1_mean=0.3990
[ckpt] saved epoch=2 → /media/ssd/runs/ablation/res_sweep/res_224/epoch_0002.pt
[ckpt] no improvement (epoch 2 < min_epochs=5); patience held at 2  best=0.4014
[train] epoch=3 step=20 loss=0.8862 bce=0.2521 cont=0.3171 lr=1.77e-04
[train] epoch=3 step=40 loss=0.9785 bce=0.2793 cont=0.3496 lr=1.75e-04
[train] epoch=3 step=60 loss=0.9689 bce=0.2706 cont=0.3492 lr=1.74e-04
[train] epoch=3 step=80 loss=0.9863 bce=0.2788 cont=0.3537 lr=1.73e-04
[train] epoch=3 step=100 loss=0.9791 bce=0.2776 cont=0.3507 lr=1.72e-04
[train] epoch=3 step=120 loss=0.9761 bce=0.2759 cont=0.3501 lr=1.71e-04
[train] epoch=3 step=140 loss=0.9636 bce=0.2665 cont=0.3486 lr=1.69e-04
[train] epoch=3 step=160 loss=0.9462 bce=0.2561 cont=0.3450 lr=1.68e-04
[train] epoch=3 step=180 loss=0.9484 bce=0.2545 cont=0.3469 lr=1.67e-04
[train] epoch=3 step=200 loss=0.9512 bce=0.2545 cont=0.3484 lr=1.65e-04
[train] epoch=3 step=220 loss=0.9356 bce=0.2418 cont=0.3469 lr=1.64e-04
[train] epoch=3 step=240 loss=0.9302 bce=0.2384 cont=0.3459 lr=1.62e-04
[train] epoch=3 step=260 loss=0.9263 bce=0.2365 cont=0.3449 lr=1.61e-04
[train] epoch=3 step=280 loss=0.9308 bce=0.2384 cont=0.3462 lr=1.60e-04
[train] epoch=3 step=300 loss=0.9291 bce=0.2407 cont=0.3442 lr=1.58e-04
[train] epoch=3 step=320 loss=0.9235 bce=0.2368 cont=0.3433 lr=1.57e-04
[train] epoch=3 step=340 loss=0.9259 bce=0.2394 cont=0.3432 lr=1.55e-04
[train] epoch=3 step=360 loss=0.9253 bce=0.2393 cont=0.3430 lr=1.54e-04
[train] epoch=3 loss=0.9250 bce=0.2387 cont=0.3431 patch=0.0000
[eval] ─── summary: n_splice=894 n_real=398 ───
[eval] image_auc: 0.8137
[eval] splices (all):
[eval] all         f1: n= 894  med=0.4464  mean=0.4404±0.3386  [p25=0.0815, p75=0.7784]
[eval] all        iou: n= 894  med=0.2873  mean=0.3478±0.3049  [p25=0.0425, p75=0.6372]
[eval] all  precision: n= 894  med=0.3045  mean=0.4051±0.3570  [p25=0.0449, p75=0.7679]
[eval] all     recall: n= 894  med=0.8498  mean=0.7111±0.3269  [p25=0.5899, p75=0.9555]
[eval] splices bucket=tiny (n=310):
[eval] bucket=tiny         f1: n= 310  med=0.0849  mean=0.1705±0.2088  [p25=0.0248, p75=0.2402]
[eval] bucket=tiny        iou: n= 310  med=0.0443  mean=0.1109±0.1567  [p25=0.0126, p75=0.1365]
[eval] bucket=tiny  precision: n= 310  med=0.0450  mean=0.1177±0.1716  [p25=0.0126, p75=0.1374]
[eval] bucket=tiny     recall: n= 310  med=0.8730  mean=0.6986±0.3683  [p25=0.5113, p75=0.9984]
[eval] splices bucket=small (n=310):
[eval] bucket=small         f1: n= 310  med=0.4637  mean=0.4578±0.3046  [p25=0.1796, p75=0.7454]
[eval] bucket=small        iou: n= 310  med=0.3018  mean=0.3494±0.2690  [p25=0.0987, p75=0.5941]
[eval] bucket=small  precision: n= 310  med=0.3119  mean=0.3935±0.3099  [p25=0.1081, p75=0.6941]
[eval] bucket=small     recall: n= 310  med=0.8523  mean=0.6894±0.3379  [p25=0.5494, p75=0.9429]
[eval] splices bucket=medium (n=174):
[eval] bucket=medium         f1: n= 174  med=0.7783  mean=0.6888±0.2437  [p25=0.5913, p75=0.8542]
[eval] bucket=medium        iou: n= 174  med=0.6370  mean=0.5697±0.2432  [p25=0.4198, p75=0.7454]
[eval] bucket=medium  precision: n= 174  med=0.7914  mean=0.6893±0.2730  [p25=0.5160, p75=0.8987]
[eval] bucket=medium     recall: n= 174  med=0.8185  mean=0.7336±0.2599  [p25=0.6199, p75=0.9253]
[eval] splices bucket=large (n=100):
[eval] bucket=large         f1: n= 100  med=0.8489  mean=0.7904±0.2059  [p25=0.7266, p75=0.9319]
[eval] bucket=large        iou: n= 100  med=0.7374  mean=0.6910±0.2250  [p25=0.5706, p75=0.8725]
[eval] bucket=large  precision: n= 100  med=0.9093  mean=0.8378±0.1918  [p25=0.7872, p75=0.9554]
[eval] bucket=large     recall: n= 100  med=0.8576  mean=0.7779±0.2376  [p25=0.7038, p75=0.9568]
[eval] reals accuracy: n= 398  med=0.5918  mean=0.5960±0.1617  [p25=0.4745, p75=0.7143]
[eval] source=casia: n_splice=28 n_real=28
[eval] source=casia         f1: n=  28  med=0.4178  mean=0.4483±0.4024  [p25=0.0526, p75=0.8468]
[eval] source=casia        iou: n=  28  med=0.2966  mean=0.3834±0.3661  [p25=0.0270, p75=0.7343]
[eval] source=casia  precision: n=  28  med=0.6206  mean=0.4495±0.4044  [p25=0.0290, p75=0.8391]
[eval] source=casia     recall: n=  28  med=0.8487  mean=0.6979±0.3642  [p25=0.6474, p75=0.9786]
[eval] source=coco_inpaint: n_splice=126 n_real=126
[eval] source=coco_inpaint         f1: n= 126  med=0.7144  mean=0.6493±0.2275  [p25=0.5373, p75=0.8287]
[eval] source=coco_inpaint        iou: n= 126  med=0.5557  mean=0.5179±0.2236  [p25=0.3673, p75=0.7075]
[eval] source=coco_inpaint  precision: n= 126  med=0.7274  mean=0.6424±0.2847  [p25=0.4741, p75=0.8718]
[eval] source=coco_inpaint     recall: n= 126  med=0.8371  mean=0.7780±0.1876  [p25=0.6701, p75=0.9280]
[eval] source=imd2020: n_splice=171 n_real=41
[eval] source=imd2020         f1: n= 171  med=0.3743  mean=0.4103±0.3077  [p25=0.0940, p75=0.7056]
[eval] source=imd2020        iou: n= 171  med=0.2303  mean=0.3100±0.2712  [p25=0.0493, p75=0.5452]
[eval] source=imd2020  precision: n= 171  med=0.2534  mean=0.3406±0.3027  [p25=0.0502, p75=0.6103]
[eval] source=imd2020     recall: n= 171  med=0.8862  mean=0.7816±0.2763  [p25=0.7507, p75=0.9502]
[eval] source=sagid: n_splice=169 n_real=169
[eval] source=sagid         f1: n= 169  med=0.8124  mean=0.7305±0.2464  [p25=0.6312, p75=0.9144]
[eval] source=sagid        iou: n= 169  med=0.6840  mean=0.6251±0.2605  [p25=0.4611, p75=0.8423]
[eval] source=sagid  precision: n= 169  med=0.7890  mean=0.6941±0.2736  [p25=0.5814, p75=0.9219]
[eval] source=sagid     recall: n= 169  med=0.9261  mean=0.8529±0.1907  [p25=0.8292, p75=0.9697]
[eval] source=tgif2: n_splice=400 n_real=34
[eval] source=tgif2         f1: n= 400  med=0.1601  mean=0.2643±0.2860  [p25=0.0213, p75=0.4633]
[eval] source=tgif2        iou: n= 400  med=0.0870  mean=0.1907±0.2358  [p25=0.0108, p75=0.3015]
[eval] source=tgif2  precision: n= 400  med=0.0879  mean=0.2328±0.3041  [p25=0.0129, p75=0.3369]
[eval] source=tgif2     recall: n= 400  med=0.7465  mean=0.6009±0.3825  [p25=0.1791, p75=0.9429]
[eval] ─── by subgroup (4 cells) ───
[eval] subgroup=flux1dev|fr|random (n_splice=100 n_real=0):
[eval] subgroup=flux1dev|fr|random         f1: n= 100  med=0.1540  mean=0.2634±0.2838  [p25=0.0181, p75=0.4855]
[eval] subgroup=flux1dev|fr|random        iou: n= 100  med=0.0835  mean=0.1897±0.2349  [p25=0.0092, p75=0.3205]
[eval] subgroup=flux1dev|fr|random  precision: n= 100  med=0.0879  mean=0.2492±0.3212  [p25=0.0148, p75=0.3533]
[eval] subgroup=flux1dev|fr|random     recall: n= 100  med=0.5622  mean=0.5139±0.3758  [p25=0.0648, p75=0.8326]
[eval] subgroup=flux1dev|fr|semantic (n_splice=100 n_real=0):
[eval] subgroup=flux1dev|fr|semantic         f1: n= 100  med=0.1052  mean=0.2350±0.2639  [p25=0.0238, p75=0.3945]
[eval] subgroup=flux1dev|fr|semantic        iou: n= 100  med=0.0555  mean=0.1642±0.2095  [p25=0.0121, p75=0.2458]
[eval] subgroup=flux1dev|fr|semantic  precision: n= 100  med=0.0560  mean=0.1845±0.2505  [p25=0.0121, p75=0.2599]
[eval] subgroup=flux1dev|fr|semantic     recall: n= 100  med=0.8363  mean=0.6892±0.3671  [p25=0.5399, p75=0.9857]
[eval] subgroup=flux1dev|sp|random (n_splice=100 n_real=0):
[eval] subgroup=flux1dev|sp|random         f1: n= 100  med=0.2123  mean=0.3282±0.3047  [p25=0.0488, p75=0.5566]
[eval] subgroup=flux1dev|sp|random        iou: n= 100  med=0.1187  mean=0.2439±0.2637  [p25=0.0250, p75=0.3856]
[eval] subgroup=flux1dev|sp|random  precision: n= 100  med=0.1273  mean=0.3056±0.3435  [p25=0.0251, p75=0.6396]
[eval] subgroup=flux1dev|sp|random     recall: n= 100  med=0.7354  mean=0.6107±0.3518  [p25=0.3594, p75=0.9196]
[eval] subgroup=flux1dev|sp|semantic (n_splice=100 n_real=0):
[eval] subgroup=flux1dev|sp|semantic         f1: n= 100  med=0.0678  mean=0.2304±0.2794  [p25=0.0081, p75=0.4358]
[eval] subgroup=flux1dev|sp|semantic        iou: n= 100  med=0.0351  mean=0.1651±0.2226  [p25=0.0041, p75=0.2786]
[eval] subgroup=flux1dev|sp|semantic  precision: n= 100  med=0.0390  mean=0.1920±0.2767  [p25=0.0043, p75=0.2848]
[eval] subgroup=flux1dev|sp|semantic     recall: n= 100  med=0.8153  mean=0.5897±0.4123  [p25=0.0245, p75=0.9606]
[eval]   casia image_auc=0.9005 (n=56)
[eval]   coco_inpaint image_auc=0.9891 (n=252)
[eval]   imd2020 image_auc=0.9080 (n=212)
[eval]   sagid image_auc=0.9736 (n=338)
[eval]   tgif2 image_auc=0.6171 (n=434)
[eval] epoch=3 val_f1_mean=0.4404
[ckpt] saved epoch=3 → /media/ssd/runs/ablation/res_sweep/res_224/epoch_0003.pt
[ckpt] best model saved  val_f1_mean=0.4404
[train] epoch=4 step=20 loss=0.9310 bce=0.2093 cont=0.3608 lr=1.51e-04
[train] epoch=4 step=40 loss=0.9021 bce=0.1981 cont=0.3520 lr=1.49e-04
[train] epoch=4 step=60 loss=0.8945 bce=0.1982 cont=0.3482 lr=1.48e-04
[train] epoch=4 step=80 loss=0.8935 bce=0.2060 cont=0.3438 lr=1.46e-04
[train] epoch=4 step=100 loss=0.8690 bce=0.1922 cont=0.3384 lr=1.45e-04
[train] epoch=4 step=120 loss=0.8777 bce=0.1947 cont=0.3415 lr=1.43e-04
[train] epoch=4 step=140 loss=0.8798 bce=0.1970 cont=0.3414 lr=1.41e-04
[train] epoch=4 step=160 loss=0.8673 bce=0.1891 cont=0.3391 lr=1.40e-04
[train] epoch=4 step=180 loss=0.8756 bce=0.1940 cont=0.3408 lr=1.38e-04
[train] epoch=4 step=200 loss=0.8759 bce=0.1990 cont=0.3384 lr=1.36e-04
[train] epoch=4 step=220 loss=0.8716 bce=0.1994 cont=0.3361 lr=1.35e-04
[train] epoch=4 step=240 loss=0.8825 bce=0.2082 cont=0.3371 lr=1.33e-04
[train] epoch=4 step=260 loss=0.8841 bce=0.2105 cont=0.3368 lr=1.31e-04
[train] epoch=4 step=280 loss=0.8810 bce=0.2060 cont=0.3375 lr=1.30e-04
[train] epoch=4 step=300 loss=0.8790 bce=0.2039 cont=0.3376 lr=1.28e-04
[train] epoch=4 step=320 loss=0.8772 bce=0.2025 cont=0.3374 lr=1.26e-04
[train] epoch=4 step=340 loss=0.8717 bce=0.2019 cont=0.3349 lr=1.25e-04
[train] epoch=4 step=360 loss=0.8699 bce=0.2000 cont=0.3349 lr=1.23e-04
[train] epoch=4 loss=0.8719 bce=0.2024 cont=0.3347 patch=0.0000
[eval] ─── summary: n_splice=894 n_real=398 ───
[eval] image_auc: 0.8197
[eval] splices (all):
[eval] all         f1: n= 894  med=0.4552  mean=0.4406±0.3429  [p25=0.0708, p75=0.7810]
[eval] all        iou: n= 894  med=0.2946  mean=0.3492±0.3063  [p25=0.0367, p75=0.6406]
[eval] all  precision: n= 894  med=0.3239  mean=0.4143±0.3651  [p25=0.0383, p75=0.7787]
[eval] all     recall: n= 894  med=0.8414  mean=0.6916±0.3382  [p25=0.5393, p75=0.9558]
[eval] splices bucket=tiny (n=310):
[eval] bucket=tiny         f1: n= 310  med=0.0527  mean=0.1574±0.2259  [p25=0.0078, p75=0.1982]
[eval] bucket=tiny        iou: n= 310  med=0.0271  mean=0.1068±0.1760  [p25=0.0039, p75=0.1100]
[eval] bucket=tiny  precision: n= 310  med=0.0277  mean=0.1165±0.1978  [p25=0.0042, p75=0.1104]
[eval] bucket=tiny     recall: n= 310  med=0.8207  mean=0.6148±0.4010  [p25=0.1305, p75=0.9816]
[eval] splices bucket=small (n=310):
[eval] bucket=small         f1: n= 310  med=0.4920  mean=0.4638±0.3096  [p25=0.1670, p75=0.7663]
[eval] bucket=small        iou: n= 310  med=0.3263  mean=0.3567±0.2748  [p25=0.0911, p75=0.6212]
[eval] bucket=small  precision: n= 310  med=0.3607  mean=0.4081±0.3231  [p25=0.0946, p75=0.7292]
[eval] bucket=small     recall: n= 310  med=0.8591  mean=0.6973±0.3394  [p25=0.5513, p75=0.9547]
[eval] splices bucket=medium (n=174):
[eval] bucket=medium         f1: n= 174  med=0.7753  mean=0.7111±0.1909  [p25=0.5913, p75=0.8474]
[eval] bucket=medium        iou: n= 174  med=0.6331  mean=0.5822±0.2088  [p25=0.4198, p75=0.7352]
[eval] bucket=medium  precision: n= 174  med=0.7855  mean=0.7126±0.2416  [p25=0.5944, p75=0.9073]
[eval] bucket=medium     recall: n= 174  med=0.8380  mean=0.7821±0.2008  [p25=0.6691, p75=0.9458]
[eval] splices bucket=large (n=100):
[eval] bucket=large         f1: n= 100  med=0.8400  mean=0.7760±0.2057  [p25=0.7033, p75=0.9112]
[eval] bucket=large        iou: n= 100  med=0.7242  mean=0.6716±0.2279  [p25=0.5423, p75=0.8369]
[eval] bucket=large  precision: n= 100  med=0.9069  mean=0.8375±0.1910  [p25=0.7860, p75=0.9613]
[eval] bucket=large     recall: n= 100  med=0.8297  mean=0.7544±0.2453  [p25=0.6427, p75=0.9496]
[eval] reals accuracy: n= 398  med=0.5306  mean=0.5515±0.1659  [p25=0.4286, p75=0.6684]
[eval] source=casia: n_splice=28 n_real=28
[eval] source=casia         f1: n=  28  med=0.7065  mean=0.4653±0.4064  [p25=0.0403, p75=0.8466]
[eval] source=casia        iou: n=  28  med=0.5475  mean=0.3997±0.3660  [p25=0.0206, p75=0.7340]
[eval] source=casia  precision: n=  28  med=0.6135  mean=0.4506±0.4091  [p25=0.0218, p75=0.8575]
[eval] source=casia     recall: n=  28  med=0.8706  mean=0.7556±0.3189  [p25=0.7319, p75=0.9818]
[eval] source=coco_inpaint: n_splice=126 n_real=126
[eval] source=coco_inpaint         f1: n= 126  med=0.7287  mean=0.6608±0.2198  [p25=0.5947, p75=0.8219]
[eval] source=coco_inpaint        iou: n= 126  med=0.5732  mean=0.5283±0.2149  [p25=0.4232, p75=0.6976]
[eval] source=coco_inpaint  precision: n= 126  med=0.7389  mean=0.6620±0.2759  [p25=0.5316, p75=0.9021]
[eval] source=coco_inpaint     recall: n= 126  med=0.8296  mean=0.7791±0.1831  [p25=0.6528, p75=0.9288]
[eval] source=imd2020: n_splice=171 n_real=41
[eval] source=imd2020         f1: n= 171  med=0.3769  mean=0.4018±0.3140  [p25=0.0760, p75=0.7028]
[eval] source=imd2020        iou: n= 171  med=0.2322  mean=0.3045±0.2733  [p25=0.0395, p75=0.5417]
[eval] source=imd2020  precision: n= 171  med=0.2383  mean=0.3529±0.3209  [p25=0.0395, p75=0.6763]
[eval] source=imd2020     recall: n= 171  med=0.8432  mean=0.7154±0.3018  [p25=0.5976, p75=0.9399]
[eval] source=sagid: n_splice=169 n_real=169
[eval] source=sagid         f1: n= 169  med=0.8221  mean=0.7335±0.2451  [p25=0.6586, p75=0.9026]
[eval] source=sagid        iou: n= 169  med=0.6980  mean=0.6276±0.2549  [p25=0.4910, p75=0.8225]
[eval] source=sagid  precision: n= 169  med=0.7918  mean=0.7195±0.2642  [p25=0.6424, p75=0.9146]
[eval] source=sagid     recall: n= 169  med=0.9261  mean=0.8225±0.2212  [p25=0.7549, p75=0.9619]
[eval] source=tgif2: n_splice=400 n_real=34
[eval] source=tgif2         f1: n= 400  med=0.1377  mean=0.2623±0.2907  [p25=0.0138, p75=0.4860]
[eval] source=tgif2        iou: n= 400  med=0.0740  mean=0.1906±0.2394  [p25=0.0069, p75=0.3210]
[eval] source=tgif2  precision: n= 400  med=0.0744  mean=0.2310±0.3078  [p25=0.0082, p75=0.3250]
[eval] source=tgif2     recall: n= 400  med=0.7570  mean=0.5942±0.3983  [p25=0.1187, p75=0.9655]
[eval] ─── by subgroup (4 cells) ───
[eval] subgroup=flux1dev|fr|random (n_splice=100 n_real=0):
[eval] subgroup=flux1dev|fr|random         f1: n= 100  med=0.1586  mean=0.2682±0.2852  [p25=0.0070, p75=0.4989]
[eval] subgroup=flux1dev|fr|random        iou: n= 100  med=0.0862  mean=0.1924±0.2301  [p25=0.0035, p75=0.3324]
[eval] subgroup=flux1dev|fr|random  precision: n= 100  med=0.0862  mean=0.2492±0.3211  [p25=0.0040, p75=0.3526]
[eval] subgroup=flux1dev|fr|random     recall: n= 100  med=0.5450  mean=0.5108±0.4026  [p25=0.0282, p75=0.9429]
[eval] subgroup=flux1dev|fr|semantic (n_splice=100 n_real=0):
[eval] subgroup=flux1dev|fr|semantic         f1: n= 100  med=0.1054  mean=0.2379±0.2837  [p25=0.0243, p75=0.3715]
[eval] subgroup=flux1dev|fr|semantic        iou: n= 100  med=0.0556  mean=0.1723±0.2336  [p25=0.0123, p75=0.2281]
[eval] subgroup=flux1dev|fr|semantic  precision: n= 100  med=0.0559  mean=0.1899±0.2654  [p25=0.0123, p75=0.2504]
[eval] subgroup=flux1dev|fr|semantic     recall: n= 100  med=0.8443  mean=0.6524±0.3817  [p25=0.3002, p75=0.9769]
[eval] subgroup=flux1dev|sp|random (n_splice=100 n_real=0):
[eval] subgroup=flux1dev|sp|random         f1: n= 100  med=0.2054  mean=0.3200±0.3068  [p25=0.0228, p75=0.5590]
[eval] subgroup=flux1dev|sp|random        iou: n= 100  med=0.1144  mean=0.2376±0.2609  [p25=0.0115, p75=0.3879]
[eval] subgroup=flux1dev|sp|random  precision: n= 100  med=0.1251  mean=0.3021±0.3514  [p25=0.0134, p75=0.5998]
[eval] subgroup=flux1dev|sp|random     recall: n= 100  med=0.7067  mean=0.5748±0.3881  [p25=0.1212, p75=0.9516]
[eval] subgroup=flux1dev|sp|semantic (n_splice=100 n_real=0):
[eval] subgroup=flux1dev|sp|semantic         f1: n= 100  med=0.0844  mean=0.2232±0.2767  [p25=0.0086, p75=0.3361]
[eval] subgroup=flux1dev|sp|semantic        iou: n= 100  med=0.0440  mean=0.1602±0.2239  [p25=0.0043, p75=0.2020]
[eval] subgroup=flux1dev|sp|semantic  precision: n= 100  med=0.0441  mean=0.1826±0.2692  [p25=0.0044, p75=0.2095]
[eval] subgroup=flux1dev|sp|semantic     recall: n= 100  med=0.8765  mean=0.6387±0.4042  [p25=0.1155, p75=0.9683]
[eval]   casia image_auc=0.8980 (n=56)
[eval]   coco_inpaint image_auc=0.9889 (n=252)
[eval]   imd2020 image_auc=0.9264 (n=212)
[eval]   sagid image_auc=0.9739 (n=338)
[eval]   tgif2 image_auc=0.6035 (n=434)
[eval] epoch=4 val_f1_mean=0.4406
[ckpt] saved epoch=4 → /media/ssd/runs/ablation/res_sweep/res_224/epoch_0004.pt
[ckpt] no improvement  patience_left=1  best=0.4404
[train] epoch=5 step=20 loss=0.8990 bce=0.2362 cont=0.3314 lr=1.20e-04
[train] epoch=5 step=40 loss=0.8524 bce=0.1918 cont=0.3303 lr=1.18e-04
[train] epoch=5 step=60 loss=0.8190 bce=0.1723 cont=0.3233 lr=1.16e-04
[train] epoch=5 step=80 loss=0.8079 bce=0.1613 cont=0.3233 lr=1.14e-04
[train] epoch=5 step=100 loss=0.8238 bce=0.1663 cont=0.3287 lr=1.13e-04
[train] epoch=5 step=120 loss=0.8214 bce=0.1734 cont=0.3240 lr=1.11e-04
[train] epoch=5 step=140 loss=0.8242 bce=0.1702 cont=0.3270 lr=1.09e-04
[train] epoch=5 step=160 loss=0.8263 bce=0.1735 cont=0.3264 lr=1.07e-04
[train] epoch=5 step=180 loss=0.8215 bce=0.1659 cont=0.3278 lr=1.06e-04
[train] epoch=5 step=200 loss=0.8123 bce=0.1601 cont=0.3261 lr=1.04e-04
[train] epoch=5 step=220 loss=0.8110 bce=0.1582 cont=0.3264 lr=1.02e-04
[train] epoch=5 step=240 loss=0.8042 bce=0.1545 cont=0.3249 lr=1.00e-04
[train] epoch=5 step=260 loss=0.8122 bce=0.1622 cont=0.3250 lr=9.86e-05
[train] epoch=5 step=280 loss=0.8085 bce=0.1623 cont=0.3231 lr=9.68e-05
[train] epoch=5 step=300 loss=0.8050 bce=0.1595 cont=0.3228 lr=9.51e-05
[train] epoch=5 step=320 loss=0.8159 bce=0.1663 cont=0.3248 lr=9.33e-05
[train] epoch=5 step=340 loss=0.8181 bce=0.1687 cont=0.3247 lr=9.16e-05
[train] epoch=5 step=360 loss=0.8168 bce=0.1698 cont=0.3235 lr=8.98e-05
[train] epoch=5 loss=0.8184 bce=0.1713 cont=0.3236 patch=0.0000
[eval] ─── summary: n_splice=894 n_real=398 ───
[eval] image_auc: 0.8243
[eval] splices (all):
[eval] all         f1: n= 894  med=0.3814  mean=0.4215±0.3486  [p25=0.0558, p75=0.7815]
[eval] all        iou: n= 894  med=0.2356  mean=0.3353±0.3123  [p25=0.0287, p75=0.6414]
[eval] all  precision: n= 894  med=0.2710  mean=0.4031±0.3755  [p25=0.0299, p75=0.7987]
[eval] all     recall: n= 894  med=0.8406  mean=0.6861±0.3407  [p25=0.5056, p75=0.9553]
[eval] splices bucket=tiny (n=310):
[eval] bucket=tiny         f1: n= 310  med=0.0546  mean=0.1305±0.1998  [p25=0.0130, p75=0.1257]
[eval] bucket=tiny        iou: n= 310  med=0.0281  mean=0.0863±0.1554  [p25=0.0066, p75=0.0671]
[eval] bucket=tiny  precision: n= 310  med=0.0281  mean=0.0944±0.1781  [p25=0.0067, p75=0.0671]
[eval] bucket=tiny     recall: n= 310  med=0.8179  mean=0.6338±0.3874  [p25=0.2721, p75=0.9935]
[eval] splices bucket=small (n=310):
[eval] bucket=small         f1: n= 310  med=0.4324  mean=0.4473±0.3157  [p25=0.1566, p75=0.7611]
[eval] bucket=small        iou: n= 310  med=0.2758  mean=0.3439±0.2776  [p25=0.0850, p75=0.6144]
[eval] bucket=small  precision: n= 310  med=0.3181  mean=0.4045±0.3373  [p25=0.0850, p75=0.7502]
[eval] bucket=small     recall: n= 310  med=0.8509  mean=0.6768±0.3565  [p25=0.4876, p75=0.9519]
[eval] splices bucket=medium (n=174):
[eval] bucket=medium         f1: n= 174  med=0.7650  mean=0.6861±0.2262  [p25=0.5277, p75=0.8523]
[eval] bucket=medium        iou: n= 174  med=0.6194  mean=0.5623±0.2368  [p25=0.3584, p75=0.7426]
[eval] bucket=medium  precision: n= 174  med=0.8120  mean=0.7017±0.2713  [p25=0.5463, p75=0.9109]
[eval] bucket=medium     recall: n= 174  med=0.8315  mean=0.7521±0.2358  [p25=0.6498, p75=0.9314]
[eval] splices bucket=large (n=100):
[eval] bucket=large         f1: n= 100  med=0.8496  mean=0.7838±0.2171  [p25=0.7270, p75=0.9313]
[eval] bucket=large        iou: n= 100  med=0.7385  mean=0.6857±0.2356  [p25=0.5711, p75=0.8715]
[eval] bucket=large  precision: n= 100  med=0.9107  mean=0.8364±0.2077  [p25=0.7904, p75=0.9598]
[eval] bucket=large     recall: n= 100  med=0.8600  mean=0.7617±0.2441  [p25=0.6767, p75=0.9527]
[eval] reals accuracy: n= 398  med=0.5306  mean=0.5490±0.1480  [p25=0.4388, p75=0.6429]
[eval] source=casia: n_splice=28 n_real=28
[eval] source=casia         f1: n=  28  med=0.1763  mean=0.4206±0.4010  [p25=0.0302, p75=0.8460]
[eval] source=casia        iou: n=  28  med=0.0980  mean=0.3584±0.3644  [p25=0.0153, p75=0.7331]
[eval] source=casia  precision: n=  28  med=0.0996  mean=0.4110±0.4123  [p25=0.0237, p75=0.8453]
[eval] source=casia     recall: n=  28  med=0.8183  mean=0.6723±0.3491  [p25=0.5492, p75=0.9685]
[eval] source=coco_inpaint: n_splice=126 n_real=126
[eval] source=coco_inpaint         f1: n= 126  med=0.7352  mean=0.6692±0.2284  [p25=0.6039, p75=0.8395]
[eval] source=coco_inpaint        iou: n= 126  med=0.5813  mean=0.5403±0.2212  [p25=0.4326, p75=0.7234]
[eval] source=coco_inpaint  precision: n= 126  med=0.7698  mean=0.6776±0.2784  [p25=0.5606, p75=0.8975]
[eval] source=coco_inpaint     recall: n= 126  med=0.8475  mean=0.7753±0.2027  [p25=0.6768, p75=0.9290]
[eval] source=imd2020: n_splice=171 n_real=41
[eval] source=imd2020         f1: n= 171  med=0.3670  mean=0.3831±0.3231  [p25=0.0544, p75=0.7002]
[eval] source=imd2020        iou: n= 171  med=0.2247  mean=0.2922±0.2795  [p25=0.0280, p75=0.5387]
[eval] source=imd2020  precision: n= 171  med=0.2383  mean=0.3442±0.3339  [p25=0.0280, p75=0.6896]
[eval] source=imd2020     recall: n= 171  med=0.8121  mean=0.7146±0.2975  [p25=0.6272, p75=0.9362]
[eval] source=sagid: n_splice=169 n_real=169
[eval] source=sagid         f1: n= 169  med=0.8185  mean=0.7310±0.2548  [p25=0.6492, p75=0.9108]
[eval] source=sagid        iou: n= 169  med=0.6927  mean=0.6283±0.2650  [p25=0.4806, p75=0.8362]
[eval] source=sagid  precision: n= 169  med=0.8345  mean=0.7297±0.2770  [p25=0.6177, p75=0.9279]
[eval] source=sagid     recall: n= 169  med=0.9046  mean=0.8106±0.2267  [p25=0.7549, p75=0.9592]
[eval] source=tgif2: n_splice=400 n_real=34
[eval] source=tgif2         f1: n= 400  med=0.0977  mean=0.2293±0.2730  [p25=0.0130, p75=0.3750]
[eval] source=tgif2        iou: n= 400  med=0.0514  mean=0.1638±0.2245  [p25=0.0065, p75=0.2308]
[eval] source=tgif2  precision: n= 400  med=0.0528  mean=0.2033±0.2976  [p25=0.0069, p75=0.2358]
[eval] source=tgif2     recall: n= 400  med=0.7596  mean=0.5941±0.4006  [p25=0.1070, p75=0.9766]
[eval] ─── by subgroup (4 cells) ───
[eval] subgroup=flux1dev|fr|random (n_splice=100 n_real=0):
[eval] subgroup=flux1dev|fr|random         f1: n= 100  med=0.1390  mean=0.2193±0.2488  [p25=0.0000, p75=0.3748]
[eval] subgroup=flux1dev|fr|random        iou: n= 100  med=0.0747  mean=0.1506±0.1994  [p25=0.0000, p75=0.2306]
[eval] subgroup=flux1dev|fr|random  precision: n= 100  med=0.0811  mean=0.2031±0.2952  [p25=0.0000, p75=0.2319]
[eval] subgroup=flux1dev|fr|random     recall: n= 100  med=0.5094  mean=0.4961±0.4064  [p25=0.0000, p75=0.9509]
[eval] subgroup=flux1dev|fr|semantic (n_splice=100 n_real=0):
[eval] subgroup=flux1dev|fr|semantic         f1: n= 100  med=0.0831  mean=0.2073±0.2648  [p25=0.0235, p75=0.2599]
[eval] subgroup=flux1dev|fr|semantic        iou: n= 100  med=0.0434  mean=0.1476±0.2176  [p25=0.0119, p75=0.1493]
[eval] subgroup=flux1dev|fr|semantic  precision: n= 100  med=0.0468  mean=0.1644±0.2540  [p25=0.0121, p75=0.1504]
[eval] subgroup=flux1dev|fr|semantic     recall: n= 100  med=0.8719  mean=0.6971±0.3670  [p25=0.4639, p75=0.9904]
[eval] subgroup=flux1dev|sp|random (n_splice=100 n_real=0):
[eval] subgroup=flux1dev|sp|random         f1: n= 100  med=0.1525  mean=0.2724±0.2902  [p25=0.0126, p75=0.4284]
[eval] subgroup=flux1dev|sp|random        iou: n= 100  med=0.0825  mean=0.1982±0.2446  [p25=0.0063, p75=0.2726]
[eval] subgroup=flux1dev|sp|random  precision: n= 100  med=0.0825  mean=0.2584±0.3374  [p25=0.0066, p75=0.3093]
[eval] subgroup=flux1dev|sp|random     recall: n= 100  med=0.6726  mean=0.5572±0.4050  [p25=0.0496, p75=0.9776]
[eval] subgroup=flux1dev|sp|semantic (n_splice=100 n_real=0):
[eval] subgroup=flux1dev|sp|semantic         f1: n= 100  med=0.0676  mean=0.2182±0.2817  [p25=0.0109, p75=0.3206]
[eval] subgroup=flux1dev|sp|semantic        iou: n= 100  med=0.0350  mean=0.1586±0.2303  [p25=0.0055, p75=0.1909]
[eval] subgroup=flux1dev|sp|semantic  precision: n= 100  med=0.0356  mean=0.1872±0.2896  [p25=0.0063, p75=0.1943]
[eval] subgroup=flux1dev|sp|semantic     recall: n= 100  med=0.8295  mean=0.6259±0.3944  [p25=0.1341, p75=0.9686]
[eval]   casia image_auc=0.9247 (n=56)
[eval]   coco_inpaint image_auc=0.9913 (n=252)
[eval]   imd2020 image_auc=0.9405 (n=212)
[eval]   sagid image_auc=0.9791 (n=338)
[eval]   tgif2 image_auc=0.6009 (n=434)
[eval] epoch=5 val_f1_mean=0.4215
[ckpt] saved epoch=5 → /media/ssd/runs/ablation/res_sweep/res_224/epoch_0005.pt
[ckpt] no improvement  patience_left=0  best=0.4404
[train] early stop at epoch=5  best_val_f1_mean=0.4404
[train] done  best_val_f1_mean=0.4404
