===== [2026-06-23T21:30:31] orchestrate launch: /home/fri-team-4/dino_venv/bin/python -m experiments.scripts.train --device cuda --imd2020_root /media/ssd/DINO_SCOPE_DATA/IMD2020 --casia_root /media/ssd/DINO_SCOPE_DATA/casia --sagid_root /media/ssd/DINO_SCOPE_DATA/SAGI_D --coco_inpaint_root /media/ssd/DINO_SCOPE_DATA/INPAINT_COCO/content/inpaint_coco/images --tgif2_root /media/ssd/DINO_SCOPE_DATA/content/flux_originals --casia_train --imd_val_only --image_size 448 --batch_size 8 --grad_accum 1 --contrastive_dim 64 --pool_hidden 256 --lambda_image_bce 1.0 --lambda_contrastive 2.0 --paste_frac 0.5 --noise_prob 0.8 --jpeg_prob 0.55 --train_samples 3000 --num_workers 4 --num_epochs 10 --max_train_epochs 5 --min_epochs 5 --warmup_epochs 1.0 --early_stop_patience 2 --early_stop_reduce mean --val_zoom --tgif_val_models flux1dev --val_per_cell 100 --lora_rank 20 --lora_alpha 40 --checkpoint_root /media/ssd/runs/ablation/lora_rank_sweep/r020 =====
[cfg] ── dataset roots ──
[cfg]   imd2020_root=/media/ssd/DINO_SCOPE_DATA/IMD2020
[cfg]   casia_root=/media/ssd/DINO_SCOPE_DATA/casia
[cfg]   indoor_root=None
[cfg]   coco_inpaint_root=/media/ssd/DINO_SCOPE_DATA/INPAINT_COCO/content/inpaint_coco/images
[cfg]   sagid_root=/media/ssd/DINO_SCOPE_DATA/SAGI_D
[cfg]   bfree_root=None
[cfg]   anyedit_root=None
[cfg]   tgif2_root=/media/ssd/DINO_SCOPE_DATA/content/flux_originals
[cfg] ── checkpoint ──
[cfg]   run_dir=/media/ssd/runs/ablation/lora_rank_sweep/r020
[cfg]   resume=None
[cfg]   init_weights=None
[cfg]   seed=42
[cfg]   log_every=20
[cfg] ── training loop ──
[cfg]   num_epochs=10
[cfg]   warmup_epochs=1
[cfg]   early_stop_patience=2
[cfg]   early_stop_min_delta=0.002
[cfg]   min_epochs=5
[cfg]   max_train_epochs=5
[cfg]   early_stop_reduce=mean
[cfg]   batch_size=8
[cfg]   grad_accum=1
[cfg]   lr=0.0002
[cfg]   weight_decay=0.0001
[cfg]   train_samples=3000
[cfg]   num_workers=4
[cfg]   persistent_workers=false
[cfg]   prefetch_factor=None
[cfg] ── model ──
[cfg]   model_name=facebook/dinov3-vith16plus-pretrain-lvd1689m
[cfg]   image_size=448
[cfg]   patch_size=16
[cfg]   lora_rank=20
[cfg]   lora_alpha=40
[cfg]   lora_dropout=0.1
[cfg]   lora_block_start=None
[cfg]   lora_block_end=None
[cfg]   contrastive_dim=64
[cfg]   pool_hidden=256
[cfg]   patch_bce=false
[cfg] ── loss lambdas ──
[cfg]   lambda_image_bce=1
[cfg]   lambda_contrastive=2
[cfg]   lambda_patch_bce=1
[cfg]   patch_pos_weight=10
[cfg] ── data / sampling ──
[cfg]   splice_mix=None
[cfg]   casia_train=true
[cfg]   imd_val_only=true
[cfg] ── augmentation ──
[cfg]   train_crop_min=0.18
[cfg]   train_crop_max=1
[cfg]   train_crop_ratio_min=0.6
[cfg]   train_crop_ratio_max=1.7
[cfg]   use_splice_degradation=false
[cfg]   use_real_degradation=None
[cfg]   paste_frac=0.5
[cfg]   noise_prob=0.8
[cfg]   jpeg_prob=0.55
[cfg]   whole_corrupt_prob=0
[cfg]   oracle_crop=false
[cfg] ── recipe / tgif-finetune ──
[cfg]   recipe=standard
[cfg]   init_checkpoint=None
[cfg]   eval_per_cell=500
[cfg]   val_per_cell=100
[cfg]   imd_max_items=None
[cfg]   val_zoom=true
[cfg]   val_zoom_pad_frac=None
[cfg]   val_zoom_min_area=0
[cfg]   tgif_val_models=('flux1dev',)
[cfg]   tgif_types=None
[cfg]   tgif_eval_decoders=('kmeans', 'hdbscan')
[cfg]   primary_surface=imd
[cfg] ── hardware ──
[cfg]   device=cuda:0
[cfg]   use_amp=true
[cfg]   amp_dtype=fp16
[cfg]   world_size=1
[cfg]   rank=0
[cfg]   gpu_name=NVIDIA GeForce RTX 2080 Ti
[cfg]   compute_cap=7.5

Loading weights:   0%|          | 0/615 [00:00<?, ?it/s]
Loading weights: 100%|██████████| 615/615 [00:00<00:00, 10499.08it/s]
trainable params: 14,745,600 || all params: 855,338,240 || trainable%: 1.7239
/home/fri-team-4/fri-team4/DINO_SCOPE_final/experiments/scripts/train.py:376: FutureWarning: `torch.cuda.amp.GradScaler(args...)` is deprecated. Please use `torch.amp.GradScaler('cuda', args...)` instead.
  scaler    = torch.cuda.amp.GradScaler(enabled=cfg.use_amp)
[data] Indexing IMD2020: /media/ssd/DINO_SCOPE_DATA/IMD2020
[data] imd2020 train kept=2189 dropped=21/2210 reasons=mask_area_too_small:21
[data] imd2020 val kept=212 dropped=2/214 reasons=mask_area_too_small:2
[data] IMD2020: train=2189 val=212 real_cases=414 splices=2010 skipped_unmasked=0
[data] Indexing CASIA: /media/ssd/DINO_SCOPE_DATA/casia
[data] casia train kept=4423 dropped=21/4444 reasons=mask_area_too_small:21
[data] casia val kept=56 dropped=0/56
[data] CASIA: train=4423 val=56 triplets=2810 discarded=560 malformed=0
[data] Indexing inpaint (coco_inpaint): /media/ssd/DINO_SCOPE_DATA/INPAINT_COCO/content/inpaint_coco/images
[data] coco_inpaint train kept=2265 dropped=3/2268 reasons=mask_area_too_large:3
[data] coco_inpaint val kept=252 dropped=0/252
[data] inpaint coco_inpaint: train=2265 val=252 triplets=1260 unmatched_mods=0
[data] Indexing inpaint (sagid): /media/ssd/DINO_SCOPE_DATA/SAGI_D
[data] sagid train kept=3046 dropped=0/3046
[data] sagid val kept=338 dropped=0/338
[data] inpaint sagid: train=3046 val=338 triplets=1692 unmatched_mods=0
[data] Indexing tgif2 (341 coco_ids): /media/ssd/DINO_SCOPE_DATA/content/flux_originals/tgif2_index.json
[data] tgif2 train kept=16652 dropped=233/16885 reasons=image_corrupt:2,image_degenerate:231
[data] tgif2 val kept=1206 dropped=28/1234 reasons=image_degenerate:28
[data] tgif2: train=16652 val=1206 coco_ids=341 train_frac=0.0 max_per_cell=None eval_per_cell=100
[data] tgif2 → val: 434 items (34 real) models=['flux1dev'] per_cell=100 cells=['flux1dev|fr|random', 'flux1dev|fr|semantic', 'flux1dev|sp|random', 'flux1dev|sp|semantic']
[data] train epoch capped at 3000/9734 samples
[train] LR warmup=375 steps (~1.00 ep) → cosine over 3375 steps eta_min=1.00e-05
[train] epoch=0 step=20 loss=1.5706 bce=0.6963 cont=0.4371 lr=1.26e-05
[train] epoch=0 step=40 loss=1.5698 bce=0.6951 cont=0.4374 lr=2.31e-05
[train] epoch=0 step=60 loss=1.5682 bce=0.6952 cont=0.4365 lr=3.37e-05
[train] epoch=0 step=80 loss=1.5645 bce=0.6952 cont=0.4347 lr=4.42e-05
[train] epoch=0 step=100 loss=1.5574 bce=0.6944 cont=0.4315 lr=5.48e-05
[train] epoch=0 step=120 loss=1.5409 bce=0.6938 cont=0.4236 lr=6.54e-05
[train] epoch=0 step=140 loss=1.5345 bce=0.6932 cont=0.4207 lr=7.59e-05
[train] epoch=0 step=160 loss=1.5286 bce=0.6927 cont=0.4179 lr=8.65e-05
[train] epoch=0 step=180 loss=1.5222 bce=0.6917 cont=0.4153 lr=9.70e-05
[train] epoch=0 step=200 loss=1.5148 bce=0.6897 cont=0.4126 lr=1.08e-04
[train] epoch=0 step=220 loss=1.5007 bce=0.6846 cont=0.4080 lr=1.18e-04
[train] epoch=0 step=240 loss=1.4813 bce=0.6653 cont=0.4080 lr=1.29e-04
[train] epoch=0 step=260 loss=1.4558 bce=0.6382 cont=0.4088 lr=1.39e-04
[train] epoch=0 step=280 loss=1.4211 bce=0.6103 cont=0.4054 lr=1.50e-04
[train] epoch=0 step=300 loss=1.3872 bce=0.5795 cont=0.4038 lr=1.60e-04
[train] epoch=0 step=320 loss=1.3589 bce=0.5559 cont=0.4015 lr=1.71e-04
[train] epoch=0 step=340 loss=1.3333 bce=0.5353 cont=0.3990 lr=1.82e-04
[train] epoch=0 step=360 loss=1.3120 bce=0.5174 cont=0.3973 lr=1.92e-04
[train] epoch=0 loss=1.2976 bce=0.5062 cont=0.3957 patch=0.0000
[eval] val zoom ON (two-pass, decoder=kmeans)
[eval] ─── summary: n_splice=894 n_real=398 ───
[eval] image_auc: 0.8401
[eval] splices (all):
[eval] all         f1: n= 894  med=0.5831  mean=0.5094±0.3395  [p25=0.1608, p75=0.8347]
[eval] all        iou: n= 894  med=0.4115  mean=0.4136±0.3200  [p25=0.0874, p75=0.7163]
[eval] all  precision: n= 894  med=0.7291  mean=0.5656±0.3867  [p25=0.1347, p75=0.9313]
[eval] all     recall: n= 894  med=0.7354  mean=0.6298±0.3440  [p25=0.3646, p75=0.9551]
[eval] splices bucket=tiny (n=310):
[eval] bucket=tiny         f1: n= 310  med=0.2412  mean=0.3759±0.3572  [p25=0.0282, p75=0.7582]
[eval] bucket=tiny        iou: n= 310  med=0.1371  mean=0.3006±0.3175  [p25=0.0143, p75=0.6106]
[eval] bucket=tiny  precision: n= 310  med=0.1416  mean=0.3444±0.3612  [p25=0.0143, p75=0.7383]
[eval] bucket=tiny     recall: n= 310  med=0.8590  mean=0.6722±0.3761  [p25=0.4331, p75=0.9740]
[eval] splices bucket=small (n=310):
[eval] bucket=small         f1: n= 310  med=0.5893  mean=0.5285±0.3233  [p25=0.2445, p75=0.8334]
[eval] bucket=small        iou: n= 310  med=0.4178  mean=0.4264±0.3109  [p25=0.1393, p75=0.7144]
[eval] bucket=small  precision: n= 310  med=0.6776  mean=0.5525±0.3643  [p25=0.1799, p75=0.9055]
[eval] bucket=small     recall: n= 310  med=0.7422  mean=0.6321±0.3388  [p25=0.3868, p75=0.9517]
[eval] splices bucket=medium (n=174):
[eval] bucket=medium         f1: n= 174  med=0.6314  mean=0.6182±0.2809  [p25=0.4184, p75=0.8806]
[eval] bucket=medium        iou: n= 174  med=0.4614  mean=0.5058±0.2922  [p25=0.2645, p75=0.7866]
[eval] bucket=medium  precision: n= 174  med=0.9367  mean=0.8027±0.2726  [p25=0.7465, p75=0.9761]
[eval] bucket=medium     recall: n= 174  med=0.5580  mean=0.5689±0.3068  [p25=0.2987, p75=0.8675]
[eval] splices bucket=large (n=100):
[eval] bucket=large         f1: n= 100  med=0.7459  mean=0.6753±0.2631  [p25=0.5222, p75=0.8736]
[eval] bucket=large        iou: n= 100  med=0.5948  mean=0.5640±0.2783  [p25=0.3534, p75=0.7756]
[eval] bucket=large  precision: n= 100  med=0.9660  mean=0.8793±0.2082  [p25=0.8716, p75=0.9926]
[eval] bucket=large     recall: n= 100  med=0.6232  mean=0.5975±0.2945  [p25=0.3737, p75=0.8744]
[eval] reals accuracy: n= 398  med=0.6728  mean=0.6652±0.2023  [p25=0.5070, p75=0.8315]
[eval] source=casia: n_splice=28 n_real=28
[eval] source=casia         f1: n=  28  med=0.8778  mean=0.7413±0.3391  [p25=0.8373, p75=0.9389]
[eval] source=casia        iou: n=  28  med=0.7822  mean=0.6751±0.3216  [p25=0.7202, p75=0.8849]
[eval] source=casia  precision: n=  28  med=0.8575  mean=0.7534±0.3038  [p25=0.7732, p75=0.9265]
[eval] source=casia     recall: n=  28  med=0.9618  mean=0.8048±0.3365  [p25=0.8990, p75=0.9787]
[eval] source=coco_inpaint: n_splice=126 n_real=126
[eval] source=coco_inpaint         f1: n= 126  med=0.6301  mean=0.6122±0.1876  [p25=0.5242, p75=0.7563]
[eval] source=coco_inpaint        iou: n= 126  med=0.4600  mean=0.4652±0.1809  [p25=0.3552, p75=0.6081]
[eval] source=coco_inpaint  precision: n= 126  med=0.9503  mean=0.8499±0.2022  [p25=0.7781, p75=0.9931]
[eval] source=coco_inpaint     recall: n= 126  med=0.5031  mean=0.5218±0.2122  [p25=0.3987, p75=0.6790]
[eval] source=imd2020: n_splice=171 n_real=41
[eval] source=imd2020         f1: n= 171  med=0.6573  mean=0.6017±0.2997  [p25=0.4001, p75=0.8610]
[eval] source=imd2020        iou: n= 171  med=0.4895  mean=0.4921±0.2930  [p25=0.2501, p75=0.7559]
[eval] source=imd2020  precision: n= 171  med=0.6887  mean=0.5668±0.3208  [p25=0.2839, p75=0.8559]
[eval] source=imd2020     recall: n= 171  med=0.9424  mean=0.7844±0.2947  [p25=0.6892, p75=0.9852]
[eval] source=sagid: n_splice=169 n_real=169
[eval] source=sagid         f1: n= 169  med=0.8684  mean=0.7880±0.2176  [p25=0.7197, p75=0.9407]
[eval] source=sagid        iou: n= 169  med=0.7674  mean=0.6936±0.2459  [p25=0.5622, p75=0.8881]
[eval] source=sagid  precision: n= 169  med=0.9318  mean=0.8507±0.2044  [p25=0.8294, p75=0.9723]
[eval] source=sagid     recall: n= 169  med=0.8717  mean=0.7824±0.2399  [p25=0.6985, p75=0.9705]
[eval] source=tgif2: n_splice=400 n_real=34
[eval] source=tgif2         f1: n= 400  med=0.2074  mean=0.3037±0.3070  [p25=0.0319, p75=0.5333]
[eval] source=tgif2        iou: n= 400  med=0.1157  mean=0.2272±0.2702  [p25=0.0162, p75=0.3636]
[eval] source=tgif2  precision: n= 400  med=0.1528  mean=0.3419±0.3754  [p25=0.0184, p75=0.7535]
[eval] source=tgif2     recall: n= 400  med=0.5291  mean=0.5211±0.3785  [p25=0.1131, p75=0.9165]
[eval] ─── by subgroup (4 cells) ───
[eval] subgroup=flux1dev|fr|random (n_splice=100 n_real=0):
[eval] subgroup=flux1dev|fr|random         f1: n= 100  med=0.1340  mean=0.2498±0.2742  [p25=0.0419, p75=0.3635]
[eval] subgroup=flux1dev|fr|random        iou: n= 100  med=0.0718  mean=0.1798±0.2404  [p25=0.0214, p75=0.2221]
[eval] subgroup=flux1dev|fr|random  precision: n= 100  med=0.1180  mean=0.3004±0.3557  [p25=0.0216, p75=0.5729]
[eval] subgroup=flux1dev|fr|random     recall: n= 100  med=0.3597  mean=0.4359±0.3834  [p25=0.0625, p75=0.8313]
[eval] subgroup=flux1dev|fr|semantic (n_splice=100 n_real=0):
[eval] subgroup=flux1dev|fr|semantic         f1: n= 100  med=0.1866  mean=0.3036±0.3111  [p25=0.0268, p75=0.5588]
[eval] subgroup=flux1dev|fr|semantic        iou: n= 100  med=0.1031  mean=0.2270±0.2650  [p25=0.0136, p75=0.3880]
[eval] subgroup=flux1dev|fr|semantic  precision: n= 100  med=0.1287  mean=0.3172±0.3653  [p25=0.0136, p75=0.7141]
[eval] subgroup=flux1dev|fr|semantic     recall: n= 100  med=0.7103  mean=0.5883±0.3607  [p25=0.2844, p75=0.9192]
[eval] subgroup=flux1dev|sp|random (n_splice=100 n_real=0):
[eval] subgroup=flux1dev|sp|random         f1: n= 100  med=0.2583  mean=0.3530±0.3100  [p25=0.0752, p75=0.5842]
[eval] subgroup=flux1dev|sp|random        iou: n= 100  med=0.1484  mean=0.2673±0.2863  [p25=0.0391, p75=0.4126]
[eval] subgroup=flux1dev|sp|random  precision: n= 100  med=0.2849  mean=0.4420±0.3972  [p25=0.0416, p75=0.8989]
[eval] subgroup=flux1dev|sp|random     recall: n= 100  med=0.4238  mean=0.4978±0.3658  [p25=0.1455, p75=0.9018]
[eval] subgroup=flux1dev|sp|semantic (n_splice=100 n_real=0):
[eval] subgroup=flux1dev|sp|semantic         f1: n= 100  med=0.1344  mean=0.3084±0.3218  [p25=0.0211, p75=0.5825]
[eval] subgroup=flux1dev|sp|semantic        iou: n= 100  med=0.0721  mean=0.2348±0.2794  [p25=0.0106, p75=0.4109]
[eval] subgroup=flux1dev|sp|semantic  precision: n= 100  med=0.0751  mean=0.3079±0.3639  [p25=0.0109, p75=0.7121]
[eval] subgroup=flux1dev|sp|semantic     recall: n= 100  med=0.6358  mean=0.5624±0.3848  [p25=0.1155, p75=0.9538]
[eval]   casia image_auc=0.9145 (n=56)
[eval]   coco_inpaint image_auc=0.9893 (n=252)
[eval]   imd2020 image_auc=0.9726 (n=212)
[eval]   sagid image_auc=0.9821 (n=338)
[eval]   tgif2 image_auc=0.6460 (n=434)
[eval] epoch=0 val_f1_mean=0.5094
[ckpt] saved epoch=0 → /media/ssd/runs/ablation/lora_rank_sweep/r020/epoch_0000.pt
[ckpt] best model saved  val_f1_mean=0.5094
[train] epoch=1 step=20 loss=0.9674 bce=0.2412 cont=0.3631 lr=2.00e-04
[train] epoch=1 step=40 loss=0.9853 bce=0.2439 cont=0.3707 lr=2.00e-04
[train] epoch=1 step=60 loss=0.9737 bce=0.2375 cont=0.3681 lr=2.00e-04
[train] epoch=1 step=80 loss=0.9604 bce=0.2351 cont=0.3627 lr=2.00e-04
[train] epoch=1 step=100 loss=0.9545 bce=0.2308 cont=0.3619 lr=2.00e-04
[train] epoch=1 step=120 loss=0.9487 bce=0.2255 cont=0.3616 lr=1.99e-04
[train] epoch=1 step=140 loss=0.9381 bce=0.2219 cont=0.3581 lr=1.99e-04
[train] epoch=1 step=160 loss=0.9320 bce=0.2240 cont=0.3540 lr=1.99e-04
[train] epoch=1 step=180 loss=0.9242 bce=0.2185 cont=0.3528 lr=1.99e-04
[train] epoch=1 step=200 loss=0.9025 bce=0.2061 cont=0.3482 lr=1.98e-04
[train] epoch=1 step=220 loss=0.8946 bce=0.2025 cont=0.3461 lr=1.98e-04
[train] epoch=1 step=240 loss=0.8981 bce=0.2051 cont=0.3465 lr=1.98e-04
[train] epoch=1 step=260 loss=0.8973 bce=0.2033 cont=0.3470 lr=1.97e-04
[train] epoch=1 step=280 loss=0.8906 bce=0.1999 cont=0.3454 lr=1.97e-04
[train] epoch=1 step=300 loss=0.8855 bce=0.1967 cont=0.3444 lr=1.96e-04
[train] epoch=1 step=320 loss=0.8818 bce=0.1968 cont=0.3425 lr=1.96e-04
[train] epoch=1 step=340 loss=0.8754 bce=0.1905 cont=0.3424 lr=1.95e-04
[train] epoch=1 step=360 loss=0.8783 bce=0.1938 cont=0.3423 lr=1.95e-04
[train] epoch=1 loss=0.8734 bce=0.1903 cont=0.3415 patch=0.0000
[eval] val zoom ON (two-pass, decoder=kmeans)
[eval] ─── summary: n_splice=894 n_real=398 ───
[eval] image_auc: 0.8622
[eval] splices (all):
[eval] all         f1: n= 894  med=0.5763  mean=0.5005±0.3565  [p25=0.1123, p75=0.8372]
[eval] all        iou: n= 894  med=0.4048  mean=0.4122±0.3343  [p25=0.0595, p75=0.7200]
[eval] all  precision: n= 894  med=0.6419  mean=0.5303±0.3879  [p25=0.0704, p75=0.9041]
[eval] all     recall: n= 894  med=0.7591  mean=0.6284±0.3676  [p25=0.3000, p75=0.9685]
[eval] splices bucket=tiny (n=310):
[eval] bucket=tiny         f1: n= 310  med=0.1398  mean=0.3486±0.3584  [p25=0.0150, p75=0.7365]
[eval] bucket=tiny        iou: n= 310  med=0.0752  mean=0.2793±0.3173  [p25=0.0076, p75=0.5829]
[eval] bucket=tiny  precision: n= 310  med=0.0788  mean=0.3064±0.3458  [p25=0.0076, p75=0.6387]
[eval] bucket=tiny     recall: n= 310  med=0.8795  mean=0.6441±0.4027  [p25=0.1556, p75=0.9846]
[eval] splices bucket=small (n=310):
[eval] bucket=small         f1: n= 310  med=0.5977  mean=0.5131±0.3487  [p25=0.1712, p75=0.8443]
[eval] bucket=small        iou: n= 310  med=0.4262  mean=0.4214±0.3295  [p25=0.0936, p75=0.7305]
[eval] bucket=small  precision: n= 310  med=0.6183  mean=0.5139±0.3677  [p25=0.1107, p75=0.8709]
[eval] bucket=small     recall: n= 310  med=0.7686  mean=0.6208±0.3720  [p25=0.2507, p75=0.9609]
[eval] splices bucket=medium (n=174):
[eval] bucket=medium         f1: n= 174  med=0.7072  mean=0.6411±0.2989  [p25=0.4449, p75=0.9105]
[eval] bucket=medium        iou: n= 174  med=0.5470  mean=0.5382±0.3070  [p25=0.2861, p75=0.8357]
[eval] bucket=medium  precision: n= 174  med=0.9123  mean=0.7718±0.2944  [p25=0.7192, p75=0.9695]
[eval] bucket=medium     recall: n= 174  med=0.6918  mean=0.6176±0.3298  [p25=0.3593, p75=0.9455]
[eval] splices bucket=large (n=100):
[eval] bucket=large         f1: n= 100  med=0.7460  mean=0.6874±0.2529  [p25=0.5251, p75=0.9037]
[eval] bucket=large        iou: n= 100  med=0.5951  mean=0.5762±0.2773  [p25=0.3561, p75=0.8243]
[eval] bucket=large  precision: n= 100  med=0.9364  mean=0.8547±0.2049  [p25=0.8134, p75=0.9816]
[eval] bucket=large     recall: n= 100  med=0.6388  mean=0.6222±0.2930  [p25=0.3908, p75=0.9194]
[eval] reals accuracy: n= 398  med=0.6327  mean=0.6643±0.1949  [p25=0.5210, p75=0.8217]
[eval] source=casia: n_splice=28 n_real=28
[eval] source=casia         f1: n=  28  med=0.8766  mean=0.7218±0.3481  [p25=0.8089, p75=0.9387]
[eval] source=casia        iou: n=  28  med=0.7803  mean=0.6551±0.3337  [p25=0.6803, p75=0.8845]
[eval] source=casia  precision: n=  28  med=0.8509  mean=0.7191±0.3111  [p25=0.7377, p75=0.9172]
[eval] source=casia     recall: n=  28  med=0.9532  mean=0.7930±0.3502  [p25=0.8952, p75=0.9808]
[eval] source=coco_inpaint: n_splice=126 n_real=126
[eval] source=coco_inpaint         f1: n= 126  med=0.6664  mean=0.6197±0.2056  [p25=0.5127, p75=0.7777]
[eval] source=coco_inpaint        iou: n= 126  med=0.4997  mean=0.4785±0.2006  [p25=0.3448, p75=0.6363]
[eval] source=coco_inpaint  precision: n= 126  med=0.8274  mean=0.7543±0.2566  [p25=0.6274, p75=0.9718]
[eval] source=coco_inpaint     recall: n= 126  med=0.6261  mean=0.5980±0.2402  [p25=0.4295, p75=0.7951]
[eval] source=imd2020: n_splice=171 n_real=41
[eval] source=imd2020         f1: n= 171  med=0.6651  mean=0.5648±0.3217  [p25=0.2922, p75=0.8539]
[eval] source=imd2020        iou: n= 171  med=0.4983  mean=0.4617±0.3086  [p25=0.1711, p75=0.7450]
[eval] source=imd2020  precision: n= 171  med=0.5891  mean=0.5134±0.3298  [p25=0.1871, p75=0.8305]
[eval] source=imd2020     recall: n= 171  med=0.9460  mean=0.7699±0.3241  [p25=0.6217, p75=0.9876]
[eval] source=sagid: n_splice=169 n_real=169
[eval] source=sagid         f1: n= 169  med=0.8750  mean=0.7763±0.2421  [p25=0.6837, p75=0.9462]
[eval] source=sagid        iou: n= 169  med=0.7777  mean=0.6862±0.2666  [p25=0.5194, p75=0.8978]
[eval] source=sagid  precision: n= 169  med=0.9068  mean=0.8143±0.2357  [p25=0.7746, p75=0.9696]
[eval] source=sagid     recall: n= 169  med=0.9445  mean=0.8044±0.2634  [p25=0.7240, p75=0.9819]
[eval] source=tgif2: n_splice=400 n_real=34
[eval] source=tgif2         f1: n= 400  med=0.1331  mean=0.3034±0.3354  [p25=0.0157, p75=0.5975]
[eval] source=tgif2        iou: n= 400  med=0.0713  mean=0.2373±0.2995  [p25=0.0079, p75=0.4260]
[eval] source=tgif2  precision: n= 400  med=0.0936  mean=0.3337±0.3844  [p25=0.0096, p75=0.7663]
[eval] source=tgif2     recall: n= 400  med=0.5393  mean=0.4916±0.3981  [p25=0.0446, p75=0.9348]
[eval] ─── by subgroup (4 cells) ───
[eval] subgroup=flux1dev|fr|random (n_splice=100 n_real=0):
[eval] subgroup=flux1dev|fr|random         f1: n= 100  med=0.1407  mean=0.2638±0.2895  [p25=0.0305, p75=0.4386]
[eval] subgroup=flux1dev|fr|random        iou: n= 100  med=0.0757  mean=0.1931±0.2506  [p25=0.0155, p75=0.2809]
[eval] subgroup=flux1dev|fr|random  precision: n= 100  med=0.0943  mean=0.3120±0.3629  [p25=0.0179, p75=0.6309]
[eval] subgroup=flux1dev|fr|random     recall: n= 100  med=0.4146  mean=0.4433±0.3872  [p25=0.0415, p75=0.8026]
[eval] subgroup=flux1dev|fr|semantic (n_splice=100 n_real=0):
[eval] subgroup=flux1dev|fr|semantic         f1: n= 100  med=0.1077  mean=0.2462±0.3008  [p25=0.0077, p75=0.5012]
[eval] subgroup=flux1dev|fr|semantic        iou: n= 100  med=0.0569  mean=0.1831±0.2519  [p25=0.0039, p75=0.3345]
[eval] subgroup=flux1dev|fr|semantic  precision: n= 100  med=0.0591  mean=0.2727±0.3566  [p25=0.0042, p75=0.6277]
[eval] subgroup=flux1dev|fr|semantic     recall: n= 100  med=0.5315  mean=0.4823±0.3900  [p25=0.0462, p75=0.9107]
[eval] subgroup=flux1dev|sp|random (n_splice=100 n_real=0):
[eval] subgroup=flux1dev|sp|random         f1: n= 100  med=0.3341  mean=0.4162±0.3664  [p25=0.0536, p75=0.8315]
[eval] subgroup=flux1dev|sp|random        iou: n= 100  med=0.2005  mean=0.3418±0.3456  [p25=0.0275, p75=0.7117]
[eval] subgroup=flux1dev|sp|random  precision: n= 100  med=0.4017  mean=0.4723±0.4171  [p25=0.0428, p75=0.9609]
[eval] subgroup=flux1dev|sp|random     recall: n= 100  med=0.5410  mean=0.5384±0.3869  [p25=0.0797, p75=0.9492]
[eval] subgroup=flux1dev|sp|semantic (n_splice=100 n_real=0):
[eval] subgroup=flux1dev|sp|semantic         f1: n= 100  med=0.1053  mean=0.2874±0.3516  [p25=0.0064, p75=0.6404]
[eval] subgroup=flux1dev|sp|semantic        iou: n= 100  med=0.0556  mean=0.2313±0.3119  [p25=0.0032, p75=0.4714]
[eval] subgroup=flux1dev|sp|semantic  precision: n= 100  med=0.0558  mean=0.2781±0.3630  [p25=0.0050, p75=0.5584]
[eval] subgroup=flux1dev|sp|semantic     recall: n= 100  med=0.6241  mean=0.5024±0.4213  [p25=0.0235, p75=0.9451]
[eval]   casia image_auc=0.9452 (n=56)
[eval]   coco_inpaint image_auc=0.9987 (n=252)
[eval]   imd2020 image_auc=0.9703 (n=212)
[eval]   sagid image_auc=0.9883 (n=338)
[eval]   tgif2 image_auc=0.7124 (n=434)
[eval] epoch=1 val_f1_mean=0.5005
[ckpt] saved epoch=1 → /media/ssd/runs/ablation/lora_rank_sweep/r020/epoch_0001.pt
[ckpt] no improvement (epoch 1 < min_epochs=5); patience held at 2  best=0.5094
[train] epoch=2 step=20 loss=0.8422 bce=0.1556 cont=0.3433 lr=1.94e-04
[train] epoch=2 step=40 loss=0.8125 bce=0.1485 cont=0.3320 lr=1.93e-04
[train] epoch=2 step=60 loss=0.8495 bce=0.1756 cont=0.3370 lr=1.92e-04
[train] epoch=2 step=80 loss=0.8220 bce=0.1581 cont=0.3320 lr=1.92e-04
[train] epoch=2 step=100 loss=0.8405 bce=0.1716 cont=0.3345 lr=1.91e-04
[train] epoch=2 step=120 loss=0.8301 bce=0.1663 cont=0.3319 lr=1.90e-04
[train] epoch=2 step=140 loss=0.8200 bce=0.1638 cont=0.3281 lr=1.89e-04
[train] epoch=2 step=160 loss=0.8231 bce=0.1665 cont=0.3283 lr=1.88e-04
[train] epoch=2 step=180 loss=0.8111 bce=0.1629 cont=0.3241 lr=1.88e-04
[train] epoch=2 step=200 loss=0.8136 bce=0.1651 cont=0.3243 lr=1.87e-04
[train] epoch=2 step=220 loss=0.8154 bce=0.1639 cont=0.3257 lr=1.86e-04
[train] epoch=2 step=240 loss=0.8204 bce=0.1697 cont=0.3254 lr=1.85e-04
[train] epoch=2 step=260 loss=0.8155 bce=0.1665 cont=0.3245 lr=1.84e-04
[train] epoch=2 step=280 loss=0.8073 bce=0.1644 cont=0.3215 lr=1.83e-04
[train] epoch=2 step=300 loss=0.8061 bce=0.1650 cont=0.3205 lr=1.82e-04
[train] epoch=2 step=320 loss=0.8020 bce=0.1634 cont=0.3193 lr=1.81e-04
[train] epoch=2 step=340 loss=0.8000 bce=0.1594 cont=0.3203 lr=1.80e-04
[train] epoch=2 step=360 loss=0.7891 bce=0.1536 cont=0.3177 lr=1.79e-04
[train] epoch=2 loss=0.7863 bce=0.1512 cont=0.3176 patch=0.0000
[eval] val zoom ON (two-pass, decoder=kmeans)
[eval] ─── summary: n_splice=894 n_real=398 ───
[eval] image_auc: 0.8463
[eval] splices (all):
[eval] all         f1: n= 894  med=0.5996  mean=0.5076±0.3707  [p25=0.0919, p75=0.8681]
[eval] all        iou: n= 894  med=0.4281  mean=0.4257±0.3489  [p25=0.0482, p75=0.7670]
[eval] all  precision: n= 894  med=0.7235  mean=0.5436±0.4023  [p25=0.0656, p75=0.9268]
[eval] all     recall: n= 894  med=0.7584  mean=0.6181±0.3728  [p25=0.2987, p75=0.9617]
[eval] splices bucket=tiny (n=310):
[eval] bucket=tiny         f1: n= 310  med=0.1023  mean=0.3346±0.3757  [p25=0.0000, p75=0.7673]
[eval] bucket=tiny        iou: n= 310  med=0.0539  mean=0.2760±0.3352  [p25=0.0000, p75=0.6224]
[eval] bucket=tiny  precision: n= 310  med=0.0548  mean=0.3106±0.3741  [p25=0.0000, p75=0.7398]
[eval] bucket=tiny     recall: n= 310  med=0.7608  mean=0.5706±0.4276  [p25=0.0000, p75=0.9728]
[eval] splices bucket=small (n=310):
[eval] bucket=small         f1: n= 310  med=0.5992  mean=0.5271±0.3521  [p25=0.1714, p75=0.8723]
[eval] bucket=small        iou: n= 310  med=0.4278  mean=0.4375±0.3371  [p25=0.0937, p75=0.7735]
[eval] bucket=small  precision: n= 310  med=0.6937  mean=0.5373±0.3839  [p25=0.1076, p75=0.9099]
[eval] bucket=small     recall: n= 310  med=0.7796  mean=0.6416±0.3545  [p25=0.3943, p75=0.9583]
[eval] splices bucket=medium (n=174):
[eval] bucket=medium         f1: n= 174  med=0.7453  mean=0.6546±0.3065  [p25=0.4614, p75=0.9291]
[eval] bucket=medium        iou: n= 174  med=0.5940  mean=0.5570±0.3143  [p25=0.2999, p75=0.8677]
[eval] bucket=medium  precision: n= 174  med=0.9287  mean=0.7847±0.2908  [p25=0.7593, p75=0.9733]
[eval] bucket=medium     recall: n= 174  med=0.7138  mean=0.6275±0.3291  [p25=0.4142, p75=0.9384]
[eval] splices bucket=large (n=100):
[eval] bucket=large         f1: n= 100  med=0.8045  mean=0.7271±0.2513  [p25=0.6002, p75=0.9396]
[eval] bucket=large        iou: n= 100  med=0.6730  mean=0.6247±0.2765  [p25=0.4288, p75=0.8860]
[eval] bucket=large  precision: n= 100  med=0.9533  mean=0.8659±0.1889  [p25=0.8226, p75=0.9816]
[eval] bucket=large     recall: n= 100  med=0.7296  mean=0.6758±0.2926  [p25=0.4518, p75=0.9566]
[eval] reals accuracy: n= 398  med=0.5899  mean=0.6110±0.1932  [p25=0.4643, p75=0.7449]
[eval] source=casia: n_splice=28 n_real=28
[eval] source=casia         f1: n=  28  med=0.8937  mean=0.7756±0.3077  [p25=0.8439, p75=0.9483]
[eval] source=casia        iou: n=  28  med=0.8078  mean=0.7084±0.3009  [p25=0.7301, p75=0.9017]
[eval] source=casia  precision: n=  28  med=0.8692  mean=0.7727±0.2695  [p25=0.7822, p75=0.9336]
[eval] source=casia     recall: n=  28  med=0.9621  mean=0.8597±0.2911  [p25=0.9298, p75=0.9783]
[eval] source=coco_inpaint: n_splice=126 n_real=126
[eval] source=coco_inpaint         f1: n= 126  med=0.6942  mean=0.6568±0.1910  [p25=0.5601, p75=0.7830]
[eval] source=coco_inpaint        iou: n= 126  med=0.5316  mean=0.5163±0.1947  [p25=0.3890, p75=0.6434]
[eval] source=coco_inpaint  precision: n= 126  med=0.8499  mean=0.8024±0.2115  [p25=0.7045, p75=0.9742]
[eval] source=coco_inpaint     recall: n= 126  med=0.6054  mean=0.6203±0.2367  [p25=0.4610, p75=0.8242]
[eval] source=imd2020: n_splice=171 n_real=41
[eval] source=imd2020         f1: n= 171  med=0.7586  mean=0.6252±0.3323  [p25=0.4014, p75=0.9031]
[eval] source=imd2020        iou: n= 171  med=0.6111  mean=0.5316±0.3225  [p25=0.2514, p75=0.8233]
[eval] source=imd2020  precision: n= 171  med=0.7526  mean=0.6104±0.3458  [p25=0.3254, p75=0.9021]
[eval] source=imd2020     recall: n= 171  med=0.9284  mean=0.7630±0.3213  [p25=0.6939, p75=0.9751]
[eval] source=sagid: n_splice=169 n_real=169
[eval] source=sagid         f1: n= 169  med=0.8829  mean=0.7898±0.2475  [p25=0.7493, p75=0.9592]
[eval] source=sagid        iou: n= 169  med=0.7903  mean=0.7069±0.2700  [p25=0.5991, p75=0.9217]
[eval] source=sagid  precision: n= 169  med=0.9255  mean=0.8377±0.2243  [p25=0.8287, p75=0.9708]
[eval] source=sagid     recall: n= 169  med=0.9386  mean=0.7921±0.2705  [p25=0.7190, p75=0.9813]
[eval] source=tgif2: n_splice=400 n_real=34
[eval] source=tgif2         f1: n= 400  med=0.1088  mean=0.2723±0.3300  [p25=0.0003, p75=0.4836]
[eval] source=tgif2        iou: n= 400  med=0.0575  mean=0.2133±0.2951  [p25=0.0002, p75=0.3190]
[eval] source=tgif2  precision: n= 400  med=0.0842  mean=0.2933±0.3800  [p25=0.0002, p75=0.6607]
[eval] source=tgif2     recall: n= 400  med=0.4812  mean=0.4649±0.4034  [p25=0.0014, p75=0.9045]
[eval] ─── by subgroup (4 cells) ───
[eval] subgroup=flux1dev|fr|random (n_splice=100 n_real=0):
[eval] subgroup=flux1dev|fr|random         f1: n= 100  med=0.1237  mean=0.2391±0.2863  [p25=0.0003, p75=0.4039]
[eval] subgroup=flux1dev|fr|random        iou: n= 100  med=0.0659  mean=0.1753±0.2465  [p25=0.0002, p75=0.2530]
[eval] subgroup=flux1dev|fr|random  precision: n= 100  med=0.0894  mean=0.2900±0.3613  [p25=0.0002, p75=0.5298]
[eval] subgroup=flux1dev|fr|random     recall: n= 100  med=0.3595  mean=0.4005±0.3796  [p25=0.0055, p75=0.7584]
[eval] subgroup=flux1dev|fr|semantic (n_splice=100 n_real=0):
[eval] subgroup=flux1dev|fr|semantic         f1: n= 100  med=0.0898  mean=0.2153±0.2891  [p25=0.0000, p75=0.2996]
[eval] subgroup=flux1dev|fr|semantic        iou: n= 100  med=0.0470  mean=0.1601±0.2464  [p25=0.0000, p75=0.1762]
[eval] subgroup=flux1dev|fr|semantic  precision: n= 100  med=0.0548  mean=0.2202±0.3289  [p25=0.0000, p75=0.2273]
[eval] subgroup=flux1dev|fr|semantic     recall: n= 100  med=0.4634  mean=0.4404±0.4057  [p25=0.0000, p75=0.8586]
[eval] subgroup=flux1dev|sp|random (n_splice=100 n_real=0):
[eval] subgroup=flux1dev|sp|random         f1: n= 100  med=0.2367  mean=0.3982±0.3756  [p25=0.0292, p75=0.7640]
[eval] subgroup=flux1dev|sp|random        iou: n= 100  med=0.1343  mean=0.3302±0.3516  [p25=0.0148, p75=0.6181]
[eval] subgroup=flux1dev|sp|random  precision: n= 100  med=0.1379  mean=0.4411±0.4312  [p25=0.0245, p75=0.9606]
[eval] subgroup=flux1dev|sp|random     recall: n= 100  med=0.5725  mean=0.5430±0.3889  [p25=0.0451, p75=0.9403]
[eval] subgroup=flux1dev|sp|semantic (n_splice=100 n_real=0):
[eval] subgroup=flux1dev|sp|semantic         f1: n= 100  med=0.0545  mean=0.2364±0.3278  [p25=0.0000, p75=0.2995]
[eval] subgroup=flux1dev|sp|semantic        iou: n= 100  med=0.0280  mean=0.1877±0.2911  [p25=0.0000, p75=0.1762]
[eval] subgroup=flux1dev|sp|semantic  precision: n= 100  med=0.0303  mean=0.2220±0.3472  [p25=0.0000, p75=0.1824]
[eval] subgroup=flux1dev|sp|semantic     recall: n= 100  med=0.5660  mean=0.4759±0.4243  [p25=0.0000, p75=0.9366]
[eval]   casia image_auc=0.9566 (n=56)
[eval]   coco_inpaint image_auc=0.9998 (n=252)
[eval]   imd2020 image_auc=0.9671 (n=212)
[eval]   sagid image_auc=0.9885 (n=338)
[eval]   tgif2 image_auc=0.7328 (n=434)
[eval] epoch=2 val_f1_mean=0.5076
[ckpt] saved epoch=2 → /media/ssd/runs/ablation/lora_rank_sweep/r020/epoch_0002.pt
[ckpt] no improvement (epoch 2 < min_epochs=5); patience held at 2  best=0.5094
[train] epoch=3 step=20 loss=0.7603 bce=0.1036 cont=0.3283 lr=1.77e-04
[train] epoch=3 step=40 loss=0.7734 bce=0.1152 cont=0.3291 lr=1.75e-04
[train] epoch=3 step=60 loss=0.7543 bce=0.1044 cont=0.3250 lr=1.74e-04
[train] epoch=3 step=80 loss=0.7379 bce=0.0918 cont=0.3231 lr=1.73e-04
[train] epoch=3 step=100 loss=0.7303 bce=0.0962 cont=0.3171 lr=1.72e-04
[train] epoch=3 step=120 loss=0.7210 bce=0.0969 cont=0.3120 lr=1.71e-04
[train] epoch=3 step=140 loss=0.7197 bce=0.1026 cont=0.3086 lr=1.69e-04
[train] epoch=3 step=160 loss=0.7135 bce=0.1016 cont=0.3060 lr=1.68e-04
[train] epoch=3 step=180 loss=0.7153 bce=0.1027 cont=0.3063 lr=1.67e-04
[train] epoch=3 step=200 loss=0.7215 bce=0.1107 cont=0.3054 lr=1.65e-04
[train] epoch=3 step=220 loss=0.7196 bce=0.1120 cont=0.3038 lr=1.64e-04
[train] epoch=3 step=240 loss=0.7275 bce=0.1203 cont=0.3036 lr=1.62e-04
[train] epoch=3 step=260 loss=0.7279 bce=0.1237 cont=0.3021 lr=1.61e-04
[train] epoch=3 step=280 loss=0.7248 bce=0.1207 cont=0.3021 lr=1.60e-04
[train] epoch=3 step=300 loss=0.7278 bce=0.1226 cont=0.3026 lr=1.58e-04
[train] epoch=3 step=320 loss=0.7204 bce=0.1208 cont=0.2998 lr=1.57e-04
[train] epoch=3 step=340 loss=0.7208 bce=0.1203 cont=0.3002 lr=1.55e-04
[train] epoch=3 step=360 loss=0.7208 bce=0.1214 cont=0.2997 lr=1.54e-04
[train] epoch=3 loss=0.7175 bce=0.1202 cont=0.2987 patch=0.0000
[eval] val zoom ON (two-pass, decoder=kmeans)
[eval] ─── summary: n_splice=894 n_real=398 ───
[eval] image_auc: 0.8291
[eval] splices (all):
[eval] all         f1: n= 894  med=0.5566  mean=0.4945±0.3699  [p25=0.0644, p75=0.8653]
[eval] all        iou: n= 894  med=0.3856  mean=0.4131±0.3487  [p25=0.0333, p75=0.7626]
[eval] all  precision: n= 894  med=0.7679  mean=0.5595±0.4140  [p25=0.0494, p75=0.9432]
[eval] all     recall: n= 894  med=0.7533  mean=0.6045±0.3747  [p25=0.2484, p75=0.9502]
[eval] splices bucket=tiny (n=310):
[eval] bucket=tiny         f1: n= 310  med=0.0939  mean=0.3388±0.3774  [p25=0.0009, p75=0.7767]
[eval] bucket=tiny        iou: n= 310  med=0.0493  mean=0.2806±0.3400  [p25=0.0005, p75=0.6350]
[eval] bucket=tiny  precision: n= 310  med=0.0494  mean=0.3286±0.3897  [p25=0.0005, p75=0.8086]
[eval] bucket=tiny     recall: n= 310  med=0.8328  mean=0.5910±0.4171  [p25=0.0061, p75=0.9613]
[eval] splices bucket=small (n=310):
[eval] bucket=small         f1: n= 310  med=0.5952  mean=0.5175±0.3592  [p25=0.1843, p75=0.8702]
[eval] bucket=small        iou: n= 310  med=0.4237  mean=0.4310±0.3424  [p25=0.1015, p75=0.7702]
[eval] bucket=small  precision: n= 310  med=0.7208  mean=0.5458±0.4011  [p25=0.1079, p75=0.9268]
[eval] bucket=small     recall: n= 310  med=0.7585  mean=0.6202±0.3668  [p25=0.3123, p75=0.9473]
[eval] splices bucket=medium (n=174):
[eval] bucket=medium         f1: n= 174  med=0.6496  mean=0.6221±0.3030  [p25=0.4098, p75=0.9099]
[eval] bucket=medium        iou: n= 174  med=0.4810  mean=0.5192±0.3134  [p25=0.2577, p75=0.8348]
[eval] bucket=medium  precision: n= 174  med=0.9483  mean=0.8050±0.2923  [p25=0.8246, p75=0.9878]
[eval] bucket=medium     recall: n= 174  med=0.6261  mean=0.5908±0.3338  [p25=0.3092, p75=0.9322]
[eval] splices bucket=large (n=100):
[eval] bucket=large         f1: n= 100  med=0.7806  mean=0.6842±0.2842  [p25=0.5247, p75=0.9128]
[eval] bucket=large        iou: n= 100  med=0.6402  mean=0.5839±0.3007  [p25=0.3559, p75=0.8395]
[eval] bucket=large  precision: n= 100  med=0.9700  mean=0.8900±0.1850  [p25=0.8693, p75=0.9857]
[eval] bucket=large     recall: n= 100  med=0.7021  mean=0.6213±0.3207  [p25=0.3616, p75=0.9286]
[eval] reals accuracy: n= 398  med=0.6084  mean=0.6011±0.1825  [p25=0.4735, p75=0.7089]
[eval] source=casia: n_splice=28 n_real=28
[eval] source=casia         f1: n=  28  med=0.8882  mean=0.7848±0.3037  [p25=0.8656, p75=0.9436]
[eval] source=casia        iou: n=  28  med=0.7988  mean=0.7186±0.2934  [p25=0.7632, p75=0.8932]
[eval] source=casia  precision: n=  28  med=0.8892  mean=0.7947±0.2604  [p25=0.8132, p75=0.9358]
[eval] source=casia     recall: n=  28  med=0.9488  mean=0.8448±0.2865  [p25=0.8913, p75=0.9700]
[eval] source=coco_inpaint: n_splice=126 n_real=126
[eval] source=coco_inpaint         f1: n= 126  med=0.6646  mean=0.6318±0.2066  [p25=0.5150, p75=0.8031]
[eval] source=coco_inpaint        iou: n= 126  med=0.4976  mean=0.4932±0.2101  [p25=0.3468, p75=0.6709]
[eval] source=coco_inpaint  precision: n= 126  med=0.9165  mean=0.8472±0.1878  [p25=0.7810, p75=0.9893]
[eval] source=coco_inpaint     recall: n= 126  med=0.5648  mean=0.5734±0.2464  [p25=0.3909, p75=0.7953]
[eval] source=imd2020: n_splice=171 n_real=41
[eval] source=imd2020         f1: n= 171  med=0.7325  mean=0.6176±0.3310  [p25=0.4008, p75=0.8986]
[eval] source=imd2020        iou: n= 171  med=0.5780  mean=0.5225±0.3211  [p25=0.2507, p75=0.8158]
[eval] source=imd2020  precision: n= 171  med=0.7890  mean=0.6247±0.3482  [p25=0.3615, p75=0.9165]
[eval] source=imd2020     recall: n= 171  med=0.9102  mean=0.7248±0.3293  [p25=0.5393, p75=0.9693]
[eval] source=sagid: n_splice=169 n_real=169
[eval] source=sagid         f1: n= 169  med=0.8840  mean=0.7670±0.2771  [p25=0.7169, p75=0.9593]
[eval] source=sagid        iou: n= 169  med=0.7922  mean=0.6867±0.2923  [p25=0.5587, p75=0.9218]
[eval] source=sagid  precision: n= 169  med=0.9567  mean=0.8589±0.2462  [p25=0.8891, p75=0.9816]
[eval] source=sagid     recall: n= 169  med=0.8934  mean=0.7426±0.2975  [p25=0.6467, p75=0.9626]
[eval] source=tgif2: n_splice=400 n_real=34
[eval] source=tgif2         f1: n= 400  med=0.1022  mean=0.2633±0.3216  [p25=0.0008, p75=0.4434]
[eval] source=tgif2        iou: n= 400  med=0.0538  mean=0.2042±0.2877  [p25=0.0004, p75=0.2849]
[eval] source=tgif2  precision: n= 400  med=0.0626  mean=0.2980±0.3896  [p25=0.0004, p75=0.7452]
[eval] source=tgif2     recall: n= 400  med=0.5171  mean=0.4876±0.4159  [p25=0.0042, p75=0.9351]
[eval] ─── by subgroup (4 cells) ───
[eval] subgroup=flux1dev|fr|random (n_splice=100 n_real=0):
[eval] subgroup=flux1dev|fr|random         f1: n= 100  med=0.1179  mean=0.2497±0.2902  [p25=0.0000, p75=0.4024]
[eval] subgroup=flux1dev|fr|random        iou: n= 100  med=0.0626  mean=0.1841±0.2546  [p25=0.0000, p75=0.2519]
[eval] subgroup=flux1dev|fr|random  precision: n= 100  med=0.1305  mean=0.3055±0.3717  [p25=0.0000, p75=0.6672]
[eval] subgroup=flux1dev|fr|random     recall: n= 100  med=0.2927  mean=0.4239±0.3993  [p25=0.0000, p75=0.8160]
[eval] subgroup=flux1dev|fr|semantic (n_splice=100 n_real=0):
[eval] subgroup=flux1dev|fr|semantic         f1: n= 100  med=0.0411  mean=0.1818±0.2655  [p25=0.0005, p75=0.2416]
[eval] subgroup=flux1dev|fr|semantic        iou: n= 100  med=0.0210  mean=0.1322±0.2230  [p25=0.0003, p75=0.1374]
[eval] subgroup=flux1dev|fr|semantic  precision: n= 100  med=0.0244  mean=0.1996±0.3248  [p25=0.0003, p75=0.1588]
[eval] subgroup=flux1dev|fr|semantic     recall: n= 100  med=0.4227  mean=0.4814±0.4288  [p25=0.0038, p75=0.9869]
[eval] subgroup=flux1dev|sp|random (n_splice=100 n_real=0):
[eval] subgroup=flux1dev|sp|random         f1: n= 100  med=0.2917  mean=0.3834±0.3463  [p25=0.0276, p75=0.6559]
[eval] subgroup=flux1dev|sp|random        iou: n= 100  med=0.1708  mean=0.3059±0.3254  [p25=0.0140, p75=0.4882]
[eval] subgroup=flux1dev|sp|random  precision: n= 100  med=0.2454  mean=0.4505±0.4319  [p25=0.0190, p75=0.9688]
[eval] subgroup=flux1dev|sp|random     recall: n= 100  med=0.5629  mean=0.5296±0.3906  [p25=0.0726, p75=0.9261]
[eval] subgroup=flux1dev|sp|semantic (n_splice=100 n_real=0):
[eval] subgroup=flux1dev|sp|semantic         f1: n= 100  med=0.0354  mean=0.2381±0.3425  [p25=0.0000, p75=0.3217]
[eval] subgroup=flux1dev|sp|semantic        iou: n= 100  med=0.0180  mean=0.1945±0.3075  [p25=0.0000, p75=0.1932]
[eval] subgroup=flux1dev|sp|semantic  precision: n= 100  med=0.0214  mean=0.2365±0.3743  [p25=0.0000, p75=0.1950]
[eval] subgroup=flux1dev|sp|semantic     recall: n= 100  med=0.6399  mean=0.5155±0.4350  [p25=0.0000, p75=0.9591]
[eval]   casia image_auc=0.9898 (n=56)
[eval]   coco_inpaint image_auc=0.9996 (n=252)
[eval]   imd2020 image_auc=0.9749 (n=212)
[eval]   sagid image_auc=0.9876 (n=338)
[eval]   tgif2 image_auc=0.7036 (n=434)
[eval] epoch=3 val_f1_mean=0.4945
[ckpt] saved epoch=3 → /media/ssd/runs/ablation/lora_rank_sweep/r020/epoch_0003.pt
[ckpt] no improvement (epoch 3 < min_epochs=5); patience held at 2  best=0.5094
[train] epoch=4 step=20 loss=0.5508 bce=0.0251 cont=0.2628 lr=1.51e-04
[train] epoch=4 step=40 loss=0.6837 bce=0.1050 cont=0.2894 lr=1.49e-04
[train] epoch=4 step=60 loss=0.6979 bce=0.1280 cont=0.2849 lr=1.48e-04
[train] epoch=4 step=80 loss=0.6935 bce=0.1160 cont=0.2888 lr=1.46e-04
[train] epoch=4 step=100 loss=0.6836 bce=0.1085 cont=0.2876 lr=1.45e-04
[train] epoch=4 step=120 loss=0.6954 bce=0.1095 cont=0.2929 lr=1.43e-04
[train] epoch=4 step=140 loss=0.7140 bce=0.1278 cont=0.2931 lr=1.41e-04
[train] epoch=4 step=160 loss=0.7090 bce=0.1269 cont=0.2910 lr=1.40e-04
[train] epoch=4 step=180 loss=0.7086 bce=0.1232 cont=0.2927 lr=1.38e-04
[train] epoch=4 step=200 loss=0.7075 bce=0.1206 cont=0.2935 lr=1.36e-04
[train] epoch=4 step=220 loss=0.7184 bce=0.1316 cont=0.2934 lr=1.35e-04
[train] epoch=4 step=240 loss=0.7191 bce=0.1314 cont=0.2939 lr=1.33e-04
[train] epoch=4 step=260 loss=0.7267 bce=0.1368 cont=0.2949 lr=1.31e-04
[train] epoch=4 step=280 loss=0.7241 bce=0.1341 cont=0.2950 lr=1.30e-04
[train] epoch=4 step=300 loss=0.7228 bce=0.1306 cont=0.2961 lr=1.28e-04
[train] epoch=4 step=320 loss=0.7172 bce=0.1265 cont=0.2954 lr=1.26e-04
[train] epoch=4 step=340 loss=0.7174 bce=0.1259 cont=0.2958 lr=1.25e-04
[train] epoch=4 step=360 loss=0.7165 bce=0.1258 cont=0.2953 lr=1.23e-04
[train] epoch=4 loss=0.7177 bce=0.1268 cont=0.2955 patch=0.0000
[eval] val zoom ON (two-pass, decoder=kmeans)
[eval] ─── summary: n_splice=894 n_real=398 ───
[eval] image_auc: 0.8782
[eval] splices (all):
[eval] all         f1: n= 894  med=0.6714  mean=0.5421±0.3639  [p25=0.1367, p75=0.8832]
[eval] all        iou: n= 894  med=0.5054  mean=0.4572±0.3463  [p25=0.0734, p75=0.7908]
[eval] all  precision: n= 894  med=0.8094  mean=0.5922±0.3980  [p25=0.1287, p75=0.9432]
[eval] all     recall: n= 894  med=0.8058  mean=0.6461±0.3604  [p25=0.3989, p75=0.9580]
[eval] splices bucket=tiny (n=310):
[eval] bucket=tiny         f1: n= 310  med=0.1378  mean=0.3704±0.3807  [p25=0.0110, p75=0.8095]
[eval] bucket=tiny        iou: n= 310  med=0.0740  mean=0.3074±0.3456  [p25=0.0055, p75=0.6801]
[eval] bucket=tiny  precision: n= 310  med=0.0777  mean=0.3577±0.3955  [p25=0.0056, p75=0.8378]
[eval] bucket=tiny     recall: n= 310  med=0.8543  mean=0.6159±0.4106  [p25=0.0555, p75=0.9668]
[eval] splices bucket=small (n=310):
[eval] bucket=small         f1: n= 310  med=0.6903  mean=0.5795±0.3386  [p25=0.2584, p75=0.8851]
[eval] bucket=small        iou: n= 310  med=0.5271  mean=0.4857±0.3305  [p25=0.1484, p75=0.7938]
[eval] bucket=small  precision: n= 310  med=0.7918  mean=0.6116±0.3700  [p25=0.1613, p75=0.9368]
[eval] bucket=small     recall: n= 310  med=0.8154  mean=0.6729±0.3446  [p25=0.4789, p75=0.9600]
[eval] splices bucket=medium (n=174):
[eval] bucket=medium         f1: n= 174  med=0.7568  mean=0.6726±0.3002  [p25=0.5294, p75=0.9223]
[eval] bucket=medium        iou: n= 174  med=0.6088  mean=0.5753±0.3087  [p25=0.3600, p75=0.8557]
[eval] bucket=medium  precision: n= 174  med=0.9407  mean=0.8063±0.2813  [p25=0.7757, p75=0.9771]
[eval] bucket=medium     recall: n= 174  med=0.7176  mean=0.6384±0.3244  [p25=0.4252, p75=0.9349]
[eval] splices bucket=large (n=100):
[eval] bucket=large         f1: n= 100  med=0.8075  mean=0.7311±0.2476  [p25=0.6380, p75=0.9147]
[eval] bucket=large        iou: n= 100  med=0.6772  mean=0.6276±0.2688  [p25=0.4685, p75=0.8429]
[eval] bucket=large  precision: n= 100  med=0.9598  mean=0.8867±0.1771  [p25=0.8676, p75=0.9864]
[eval] bucket=large     recall: n= 100  med=0.7162  mean=0.6699±0.2851  [p25=0.4935, p75=0.9380]
[eval] reals accuracy: n= 398  med=0.6320  mean=0.6310±0.2090  [p25=0.4719, p75=0.7642]
[eval] source=casia: n_splice=28 n_real=28
[eval] source=casia         f1: n=  28  med=0.8871  mean=0.7367±0.3380  [p25=0.8204, p75=0.9322]
[eval] source=casia        iou: n=  28  med=0.7971  mean=0.6690±0.3234  [p25=0.6966, p75=0.8730]
[eval] source=casia  precision: n=  28  med=0.8719  mean=0.7460±0.3047  [p25=0.7797, p75=0.9331]
[eval] source=casia     recall: n=  28  med=0.9192  mean=0.7994±0.3249  [p25=0.8765, p75=0.9635]
[eval] source=coco_inpaint: n_splice=126 n_real=126
[eval] source=coco_inpaint         f1: n= 126  med=0.7221  mean=0.6868±0.1731  [p25=0.6279, p75=0.8098]
[eval] source=coco_inpaint        iou: n= 126  med=0.5651  mean=0.5464±0.1807  [p25=0.4576, p75=0.6803]
[eval] source=coco_inpaint  precision: n= 126  med=0.8998  mean=0.8350±0.1909  [p25=0.7599, p75=0.9712]
[eval] source=coco_inpaint     recall: n= 126  med=0.6559  mean=0.6382±0.2210  [p25=0.5152, p75=0.8251]
[eval] source=imd2020: n_splice=171 n_real=41
[eval] source=imd2020         f1: n= 171  med=0.7356  mean=0.5961±0.3508  [p25=0.2562, p75=0.9006]
[eval] source=imd2020        iou: n= 171  med=0.5818  mean=0.5080±0.3382  [p25=0.1469, p75=0.8192]
[eval] source=imd2020  precision: n= 171  med=0.7731  mean=0.5897±0.3679  [p25=0.1847, p75=0.9159]
[eval] source=imd2020     recall: n= 171  med=0.9023  mean=0.7251±0.3377  [p25=0.5653, p75=0.9731]
[eval] source=sagid: n_splice=169 n_real=169
[eval] source=sagid         f1: n= 169  med=0.9093  mean=0.8226±0.2103  [p25=0.7776, p75=0.9600]
[eval] source=sagid        iou: n= 169  med=0.8337  mean=0.7408±0.2399  [p25=0.6361, p75=0.9232]
[eval] source=sagid  precision: n= 169  med=0.9404  mean=0.8826±0.1728  [p25=0.8714, p75=0.9769]
[eval] source=sagid     recall: n= 169  med=0.9305  mean=0.8114±0.2421  [p25=0.7155, p75=0.9761]
[eval] source=tgif2: n_splice=400 n_real=34
[eval] source=tgif2         f1: n= 400  med=0.2073  mean=0.3413±0.3510  [p25=0.0174, p75=0.6961]
[eval] source=tgif2        iou: n= 400  med=0.1156  mean=0.2727±0.3201  [p25=0.0088, p75=0.5338]
[eval] source=tgif2  precision: n= 400  med=0.1545  mean=0.3833±0.4076  [p25=0.0090, p75=0.8822]
[eval] source=tgif2     recall: n= 400  med=0.6116  mean=0.5342±0.4068  [p25=0.0335, p75=0.9446]
[eval] ─── by subgroup (4 cells) ───
[eval] subgroup=flux1dev|fr|random (n_splice=100 n_real=0):
[eval] subgroup=flux1dev|fr|random         f1: n= 100  med=0.2080  mean=0.2984±0.3072  [p25=0.0311, p75=0.4814]
[eval] subgroup=flux1dev|fr|random        iou: n= 100  med=0.1161  mean=0.2243±0.2756  [p25=0.0158, p75=0.3170]
[eval] subgroup=flux1dev|fr|random  precision: n= 100  med=0.1567  mean=0.3606±0.3809  [p25=0.0185, p75=0.7905]
[eval] subgroup=flux1dev|fr|random     recall: n= 100  med=0.3911  mean=0.4538±0.3987  [p25=0.0335, p75=0.9102]
[eval] subgroup=flux1dev|fr|semantic (n_splice=100 n_real=0):
[eval] subgroup=flux1dev|fr|semantic         f1: n= 100  med=0.1048  mean=0.2676±0.3253  [p25=0.0016, p75=0.4099]
[eval] subgroup=flux1dev|fr|semantic        iou: n= 100  med=0.0553  mean=0.2078±0.2866  [p25=0.0008, p75=0.2590]
[eval] subgroup=flux1dev|fr|semantic  precision: n= 100  med=0.0688  mean=0.2931±0.3684  [p25=0.0010, p75=0.7141]
[eval] subgroup=flux1dev|fr|semantic     recall: n= 100  med=0.5781  mean=0.5130±0.4214  [p25=0.0041, p75=0.9654]
[eval] subgroup=flux1dev|sp|random (n_splice=100 n_real=0):
[eval] subgroup=flux1dev|sp|random         f1: n= 100  med=0.3907  mean=0.4557±0.3686  [p25=0.0884, p75=0.8456]
[eval] subgroup=flux1dev|sp|random        iou: n= 100  med=0.2430  mean=0.3779±0.3507  [p25=0.0462, p75=0.7326]
[eval] subgroup=flux1dev|sp|random  precision: n= 100  med=0.5285  mean=0.5142±0.4278  [p25=0.0672, p75=0.9734]
[eval] subgroup=flux1dev|sp|random     recall: n= 100  med=0.7402  mean=0.6042±0.3806  [p25=0.2709, p75=0.9432]
[eval] subgroup=flux1dev|sp|semantic (n_splice=100 n_real=0):
[eval] subgroup=flux1dev|sp|semantic         f1: n= 100  med=0.1439  mean=0.3434±0.3692  [p25=0.0033, p75=0.7459]
[eval] subgroup=flux1dev|sp|semantic        iou: n= 100  med=0.0775  mean=0.2809±0.3334  [p25=0.0017, p75=0.5948]
[eval] subgroup=flux1dev|sp|semantic  precision: n= 100  med=0.0903  mean=0.3653±0.4179  [p25=0.0020, p75=0.8822]
[eval] subgroup=flux1dev|sp|semantic     recall: n= 100  med=0.6744  mean=0.5659±0.4098  [p25=0.0092, p75=0.9524]
[eval]   casia image_auc=0.9758 (n=56)
[eval]   coco_inpaint image_auc=1.0000 (n=252)
[eval]   imd2020 image_auc=0.9653 (n=212)
[eval]   sagid image_auc=0.9987 (n=338)
[eval]   tgif2 image_auc=0.7543 (n=434)
[eval] epoch=4 val_f1_mean=0.5421
[ckpt] saved epoch=4 → /media/ssd/runs/ablation/lora_rank_sweep/r020/epoch_0004.pt
[ckpt] best model saved  val_f1_mean=0.5421
[train] done  best_val_f1_mean=0.5421
