===== [2026-06-21T17:15:04] orchestrate launch: /home/fri-team-4/dino_venv/bin/python -m experiments.scripts.train --device cuda --imd2020_root /media/ssd/DINO_SCOPE_DATA/IMD2020 --casia_root /media/ssd/DINO_SCOPE_DATA/casia --sagid_root /media/ssd/DINO_SCOPE_DATA/SAGI_D --coco_inpaint_root /media/ssd/DINO_SCOPE_DATA/INPAINT_COCO/content/inpaint_coco/images --tgif2_root /media/ssd/DINO_SCOPE_DATA/content/flux_originals --casia_train --imd_val_only --image_size 448 --batch_size 8 --grad_accum 1 --contrastive_dim 64 --pool_hidden 256 --lambda_image_bce 1.0 --lambda_contrastive 2.0 --paste_frac 0.5 --noise_prob 0.8 --jpeg_prob 0.55 --train_samples 3000 --num_workers 4 --num_epochs 10 --min_epochs 5 --warmup_epochs 1.0 --early_stop_patience 2 --early_stop_reduce mean --tgif_val_models flux1dev --val_per_cell 100 --lora_rank 64 --lora_alpha 128 --checkpoint_root /media/ssd/runs/ablation/lora_rank_sweep/r064 =====
[cfg] ── dataset roots ──
[cfg]   imd2020_root=/media/ssd/DINO_SCOPE_DATA/IMD2020
[cfg]   casia_root=/media/ssd/DINO_SCOPE_DATA/casia
[cfg]   indoor_root=None
[cfg]   coco_inpaint_root=/media/ssd/DINO_SCOPE_DATA/INPAINT_COCO/content/inpaint_coco/images
[cfg]   sagid_root=/media/ssd/DINO_SCOPE_DATA/SAGI_D
[cfg]   bfree_root=None
[cfg]   anyedit_root=None
[cfg]   tgif2_root=/media/ssd/DINO_SCOPE_DATA/content/flux_originals
[cfg] ── checkpoint ──
[cfg]   run_dir=/media/ssd/runs/ablation/lora_rank_sweep/r064
[cfg]   resume=None
[cfg]   init_weights=None
[cfg]   seed=42
[cfg]   log_every=20
[cfg] ── training loop ──
[cfg]   num_epochs=10
[cfg]   warmup_epochs=1
[cfg]   early_stop_patience=2
[cfg]   early_stop_min_delta=0.002
[cfg]   min_epochs=5
[cfg]   early_stop_reduce=mean
[cfg]   batch_size=8
[cfg]   grad_accum=1
[cfg]   lr=0.0002
[cfg]   weight_decay=0.0001
[cfg]   train_samples=3000
[cfg]   num_workers=4
[cfg]   persistent_workers=false
[cfg]   prefetch_factor=None
[cfg] ── model ──
[cfg]   model_name=facebook/dinov3-vith16plus-pretrain-lvd1689m
[cfg]   image_size=448
[cfg]   patch_size=16
[cfg]   lora_rank=64
[cfg]   lora_alpha=128
[cfg]   lora_dropout=0.1
[cfg]   contrastive_dim=64
[cfg]   pool_hidden=256
[cfg]   patch_bce=false
[cfg] ── loss lambdas ──
[cfg]   lambda_image_bce=1
[cfg]   lambda_contrastive=2
[cfg]   lambda_patch_bce=1
[cfg]   patch_pos_weight=10
[cfg] ── data / sampling ──
[cfg]   splice_mix=None
[cfg]   casia_train=true
[cfg]   imd_val_only=true
[cfg] ── augmentation ──
[cfg]   train_crop_min=0.18
[cfg]   train_crop_max=1
[cfg]   train_crop_ratio_min=0.6
[cfg]   train_crop_ratio_max=1.7
[cfg]   use_splice_degradation=false
[cfg]   use_real_degradation=None
[cfg]   paste_frac=0.5
[cfg]   noise_prob=0.8
[cfg]   jpeg_prob=0.55
[cfg]   whole_corrupt_prob=0
[cfg]   oracle_crop=false
[cfg] ── recipe / tgif-finetune ──
[cfg]   recipe=standard
[cfg]   init_checkpoint=None
[cfg]   eval_per_cell=500
[cfg]   val_per_cell=100
[cfg]   imd_max_items=None
[cfg]   val_zoom=false
[cfg]   val_zoom_pad_frac=None
[cfg]   val_zoom_min_area=0
[cfg]   tgif_val_models=('flux1dev',)
[cfg]   tgif_types=None
[cfg]   tgif_eval_decoders=('kmeans', 'hdbscan')
[cfg]   primary_surface=imd
[cfg] ── hardware ──
[cfg]   device=cuda:0
[cfg]   use_amp=true
[cfg]   amp_dtype=fp16
[cfg]   world_size=1
[cfg]   rank=0
[cfg]   gpu_name=NVIDIA GeForce RTX 2080 Ti
[cfg]   compute_cap=7.5

Loading weights:   0%|          | 0/615 [00:00<?, ?it/s]
Loading weights: 100%|██████████| 615/615 [00:00<00:00, 8193.22it/s]
trainable params: 47,185,920 || all params: 887,778,560 || trainable%: 5.3151
/home/fri-team-4/fri-team4/DINO_SCOPE_final/experiments/scripts/train.py:364: FutureWarning: `torch.cuda.amp.GradScaler(args...)` is deprecated. Please use `torch.amp.GradScaler('cuda', args...)` instead.
  scaler    = torch.cuda.amp.GradScaler(enabled=cfg.use_amp)
[data] Indexing IMD2020: /media/ssd/DINO_SCOPE_DATA/IMD2020
[data] imd2020 train kept=2189 dropped=21/2210 reasons=mask_area_too_small:21
[data] imd2020 val kept=212 dropped=2/214 reasons=mask_area_too_small:2
[data] IMD2020: train=2189 val=212 real_cases=414 splices=2010 skipped_unmasked=0
[data] Indexing CASIA: /media/ssd/DINO_SCOPE_DATA/casia
[data] casia train kept=4423 dropped=21/4444 reasons=mask_area_too_small:21
[data] casia val kept=56 dropped=0/56
[data] CASIA: train=4423 val=56 triplets=2810 discarded=560 malformed=0
[data] Indexing inpaint (coco_inpaint): /media/ssd/DINO_SCOPE_DATA/INPAINT_COCO/content/inpaint_coco/images
[data] coco_inpaint train kept=2265 dropped=3/2268 reasons=mask_area_too_large:3
[data] coco_inpaint val kept=252 dropped=0/252
[data] inpaint coco_inpaint: train=2265 val=252 triplets=1260 unmatched_mods=0
[data] Indexing inpaint (sagid): /media/ssd/DINO_SCOPE_DATA/SAGI_D
[data] sagid train kept=3046 dropped=0/3046
[data] sagid val kept=338 dropped=0/338
[data] inpaint sagid: train=3046 val=338 triplets=1692 unmatched_mods=0
[data] Indexing tgif2 (341 coco_ids): /media/ssd/DINO_SCOPE_DATA/content/flux_originals/tgif2_index.json
[data] tgif2 train kept=16653 dropped=232/16885 reasons=image_corrupt:1,image_degenerate:231
[data] tgif2 val kept=1206 dropped=28/1234 reasons=image_degenerate:28
[data] tgif2: train=16653 val=1206 coco_ids=341 train_frac=0.0 max_per_cell=None eval_per_cell=100
[data] tgif2 → val: 434 items (34 real) models=['flux1dev'] per_cell=100 cells=['flux1dev|fr|random', 'flux1dev|fr|semantic', 'flux1dev|sp|random', 'flux1dev|sp|semantic']
[data] train epoch capped at 3000/9734 samples
[train] LR warmup=375 steps (~1.00 ep) → cosine over 3375 steps eta_min=1.00e-05
[train] epoch=0 step=20 loss=1.5720 bce=0.6973 cont=0.4373 lr=1.26e-05
[train] epoch=0 step=40 loss=1.5521 bce=0.6977 cont=0.4272 lr=2.31e-05
[train] epoch=0 step=60 loss=1.5374 bce=0.6963 cont=0.4205 lr=3.37e-05
[train] epoch=0 step=80 loss=1.5242 bce=0.6958 cont=0.4142 lr=4.42e-05
[train] epoch=0 step=100 loss=1.5200 bce=0.6947 cont=0.4126 lr=5.48e-05
[train] epoch=0 step=120 loss=1.5193 bce=0.6939 cont=0.4127 lr=6.54e-05
[train] epoch=0 step=140 loss=1.5103 bce=0.6932 cont=0.4085 lr=7.59e-05
[train] epoch=0 step=160 loss=1.5113 bce=0.6921 cont=0.4096 lr=8.65e-05
[train] epoch=0 step=180 loss=1.5056 bce=0.6869 cont=0.4093 lr=9.70e-05
[train] epoch=0 step=200 loss=1.4948 bce=0.6753 cont=0.4098 lr=1.08e-04
[train] epoch=0 step=220 loss=1.4616 bce=0.6455 cont=0.4080 lr=1.18e-04
[train] epoch=0 step=240 loss=1.4182 bce=0.6079 cont=0.4052 lr=1.29e-04
[train] epoch=0 step=260 loss=1.3913 bce=0.5885 cont=0.4014 lr=1.39e-04
[train] epoch=0 step=280 loss=1.3637 bce=0.5627 cont=0.4005 lr=1.50e-04
[train] epoch=0 step=300 loss=1.3360 bce=0.5414 cont=0.3973 lr=1.60e-04
[train] epoch=0 step=320 loss=1.3141 bce=0.5248 cont=0.3946 lr=1.71e-04
[train] epoch=0 step=340 loss=1.2950 bce=0.5088 cont=0.3931 lr=1.82e-04
[train] epoch=0 step=360 loss=1.2733 bce=0.4931 cont=0.3901 lr=1.92e-04
[train] epoch=0 loss=1.2531 bce=0.4796 cont=0.3868 patch=0.0000
[eval] ─── summary: n_splice=894 n_real=398 ───
[eval] image_auc: 0.8653
[eval] splices (all):
[eval] all         f1: n= 894  med=0.4088  mean=0.4262±0.3421  [p25=0.0628, p75=0.7536]
[eval] all        iou: n= 894  med=0.2569  mean=0.3374±0.3107  [p25=0.0324, p75=0.6047]
[eval] all  precision: n= 894  med=0.2815  mean=0.3731±0.3403  [p25=0.0337, p75=0.7077]
[eval] all     recall: n= 894  med=0.9035  mean=0.7045±0.3644  [p25=0.4939, p75=0.9823]
[eval] splices bucket=tiny (n=310):
[eval] bucket=tiny         f1: n= 310  med=0.0601  mean=0.1719±0.2459  [p25=0.0027, p75=0.2017]
[eval] bucket=tiny        iou: n= 310  med=0.0310  mean=0.1208±0.2009  [p25=0.0013, p75=0.1122]
[eval] bucket=tiny  precision: n= 310  med=0.0310  mean=0.1259±0.2129  [p25=0.0014, p75=0.1125]
[eval] bucket=tiny     recall: n= 310  med=0.8687  mean=0.6184±0.4240  [p25=0.0658, p75=0.9892]
[eval] splices bucket=small (n=310):
[eval] bucket=small         f1: n= 310  med=0.4058  mean=0.4327±0.3080  [p25=0.1636, p75=0.7226]
[eval] bucket=small        iou: n= 310  med=0.2546  mean=0.3300±0.2783  [p25=0.0891, p75=0.5657]
[eval] bucket=small  precision: n= 310  med=0.2752  mean=0.3507±0.2959  [p25=0.0901, p75=0.5999]
[eval] bucket=small     recall: n= 310  med=0.9139  mean=0.7135±0.3658  [p25=0.4964, p75=0.9821]
[eval] splices bucket=medium (n=174):
[eval] bucket=medium         f1: n= 174  med=0.7206  mean=0.6553±0.2519  [p25=0.4708, p75=0.8654]
[eval] bucket=medium        iou: n= 174  med=0.5632  mean=0.5357±0.2623  [p25=0.3079, p75=0.7627]
[eval] bucket=medium  precision: n= 174  med=0.6646  mean=0.6130±0.2689  [p25=0.4062, p75=0.8600]
[eval] bucket=medium     recall: n= 174  med=0.8950  mean=0.7657±0.2743  [p25=0.6120, p75=0.9802]
[eval] splices bucket=large (n=100):
[eval] bucket=large         f1: n= 100  med=0.8023  mean=0.7954±0.1611  [p25=0.7133, p75=0.9449]
[eval] bucket=large        iou: n= 100  med=0.6699  mean=0.6871±0.2043  [p25=0.5544, p75=0.8957]
[eval] bucket=large  precision: n= 100  med=0.8148  mean=0.7910±0.1779  [p25=0.6796, p75=0.9526]
[eval] bucket=large     recall: n= 100  med=0.9143  mean=0.8367±0.1923  [p25=0.7493, p75=0.9804]
[eval] reals accuracy: n= 398  med=0.6097  mean=0.6077±0.1563  [p25=0.4901, p75=0.7251]
[eval] source=casia: n_splice=28 n_real=28
[eval] source=casia         f1: n=  28  med=0.8391  mean=0.6518±0.3524  [p25=0.5069, p75=0.9012]
[eval] source=casia        iou: n=  28  med=0.7228  mean=0.5696±0.3327  [p25=0.3492, p75=0.8201]
[eval] source=casia  precision: n=  28  med=0.7544  mean=0.6063±0.3466  [p25=0.4564, p75=0.8557]
[eval] source=casia     recall: n=  28  med=0.9571  mean=0.8270±0.3053  [p25=0.9233, p75=0.9734]
[eval] source=coco_inpaint: n_splice=126 n_real=126
[eval] source=coco_inpaint         f1: n= 126  med=0.6258  mean=0.5696±0.2223  [p25=0.3846, p75=0.7346]
[eval] source=coco_inpaint        iou: n= 126  med=0.4554  mean=0.4311±0.2143  [p25=0.2380, p75=0.5806]
[eval] source=coco_inpaint  precision: n= 126  med=0.5216  mean=0.5026±0.2642  [p25=0.2702, p75=0.7093]
[eval] source=coco_inpaint     recall: n= 126  med=0.9040  mean=0.8277±0.1928  [p25=0.7465, p75=0.9800]
[eval] source=imd2020: n_splice=171 n_real=41
[eval] source=imd2020         f1: n= 171  med=0.4152  mean=0.4215±0.3131  [p25=0.0942, p75=0.7059]
[eval] source=imd2020        iou: n= 171  med=0.2620  mean=0.3222±0.2821  [p25=0.0494, p75=0.5455]
[eval] source=imd2020  precision: n= 171  med=0.2714  mean=0.3449±0.3057  [p25=0.0497, p75=0.5908]
[eval] source=imd2020     recall: n= 171  med=0.9709  mean=0.8593±0.2405  [p25=0.8343, p75=0.9934]
[eval] source=sagid: n_splice=169 n_real=169
[eval] source=sagid         f1: n= 169  med=0.8016  mean=0.7173±0.2569  [p25=0.5789, p75=0.9189]
[eval] source=sagid        iou: n= 169  med=0.6690  mean=0.6141±0.2781  [p25=0.4073, p75=0.8499]
[eval] source=sagid  precision: n= 169  med=0.7366  mean=0.6575±0.2850  [p25=0.4795, p75=0.9036]
[eval] source=sagid     recall: n= 169  med=0.9736  mean=0.8934±0.1937  [p25=0.9093, p75=0.9908]
[eval] source=tgif2: n_splice=400 n_real=34
[eval] source=tgif2         f1: n= 400  med=0.0945  mean=0.2442±0.2974  [p25=0.0023, p75=0.4165]
[eval] source=tgif2        iou: n= 400  med=0.0496  mean=0.1812±0.2518  [p25=0.0012, p75=0.2630]
[eval] source=tgif2  precision: n= 400  med=0.0555  mean=0.2078±0.2884  [p25=0.0013, p75=0.2936]
[eval] source=tgif2     recall: n= 400  med=0.6511  mean=0.5111±0.4116  [p25=0.0204, p75=0.9155]
[eval] ─── by subgroup (4 cells) ───
[eval] subgroup=flux1dev|fr|random (n_splice=100 n_real=0):
[eval] subgroup=flux1dev|fr|random         f1: n= 100  med=0.1370  mean=0.2663±0.2910  [p25=0.0049, p75=0.4242]
[eval] subgroup=flux1dev|fr|random        iou: n= 100  med=0.0735  mean=0.1943±0.2453  [p25=0.0025, p75=0.2692]
[eval] subgroup=flux1dev|fr|random  precision: n= 100  med=0.0761  mean=0.2288±0.2817  [p25=0.0025, p75=0.3436]
[eval] subgroup=flux1dev|fr|random     recall: n= 100  med=0.4639  mean=0.4813±0.3872  [p25=0.0253, p75=0.8390]
[eval] subgroup=flux1dev|fr|semantic (n_splice=100 n_real=0):
[eval] subgroup=flux1dev|fr|semantic         f1: n= 100  med=0.0327  mean=0.1805±0.2592  [p25=0.0000, p75=0.3207]
[eval] subgroup=flux1dev|fr|semantic        iou: n= 100  med=0.0166  mean=0.1284±0.2071  [p25=0.0000, p75=0.1912]
[eval] subgroup=flux1dev|fr|semantic  precision: n= 100  med=0.0166  mean=0.1479±0.2497  [p25=0.0000, p75=0.1975]
[eval] subgroup=flux1dev|fr|semantic     recall: n= 100  med=0.6489  mean=0.4872±0.4256  [p25=0.0000, p75=0.9207]
[eval] subgroup=flux1dev|sp|random (n_splice=100 n_real=0):
[eval] subgroup=flux1dev|sp|random         f1: n= 100  med=0.1652  mean=0.3390±0.3419  [p25=0.0316, p75=0.7083]
[eval] subgroup=flux1dev|sp|random        iou: n= 100  med=0.0900  mean=0.2665±0.3060  [p25=0.0161, p75=0.5485]
[eval] subgroup=flux1dev|sp|random  precision: n= 100  med=0.0908  mean=0.3102±0.3458  [p25=0.0185, p75=0.7124]
[eval] subgroup=flux1dev|sp|random     recall: n= 100  med=0.7231  mean=0.5371±0.3857  [p25=0.0774, p75=0.9057]
[eval] subgroup=flux1dev|sp|semantic (n_splice=100 n_real=0):
[eval] subgroup=flux1dev|sp|semantic         f1: n= 100  med=0.0488  mean=0.1910±0.2623  [p25=0.0010, p75=0.3155]
[eval] subgroup=flux1dev|sp|semantic        iou: n= 100  med=0.0250  mean=0.1358±0.2114  [p25=0.0005, p75=0.1873]
[eval] subgroup=flux1dev|sp|semantic  precision: n= 100  med=0.0250  mean=0.1442±0.2298  [p25=0.0005, p75=0.2110]
[eval] subgroup=flux1dev|sp|semantic     recall: n= 100  med=0.7870  mean=0.5387±0.4416  [p25=0.0074, p75=0.9603]
[eval]   casia image_auc=0.8852 (n=56)
[eval]   coco_inpaint image_auc=0.9916 (n=252)
[eval]   imd2020 image_auc=0.9718 (n=212)
[eval]   sagid image_auc=0.9861 (n=338)
[eval]   tgif2 image_auc=0.6959 (n=434)
[eval] epoch=0 val_f1_mean=0.4262
[ckpt] saved epoch=0 → /media/ssd/runs/ablation/lora_rank_sweep/r064/epoch_0000.pt
[ckpt] best model saved  val_f1_mean=0.4262
[train] epoch=1 step=20 loss=0.8435 bce=0.1332 cont=0.3552 lr=2.00e-04
[train] epoch=1 step=40 loss=0.9128 bce=0.1873 cont=0.3628 lr=2.00e-04
[train] epoch=1 step=60 loss=0.9208 bce=0.2075 cont=0.3566 lr=2.00e-04
[train] epoch=1 step=80 loss=0.9277 bce=0.2134 cont=0.3571 lr=2.00e-04
[train] epoch=1 step=100 loss=0.9373 bce=0.2275 cont=0.3549 lr=2.00e-04
[train] epoch=1 step=120 loss=0.9441 bce=0.2423 cont=0.3509 lr=1.99e-04
[train] epoch=1 step=140 loss=0.9385 bce=0.2340 cont=0.3523 lr=1.99e-04
[train] epoch=1 step=160 loss=0.9390 bce=0.2305 cont=0.3543 lr=1.99e-04
[train] epoch=1 step=180 loss=0.9324 bce=0.2278 cont=0.3523 lr=1.99e-04
[train] epoch=1 step=200 loss=0.9318 bce=0.2289 cont=0.3514 lr=1.98e-04
[train] epoch=1 step=220 loss=0.9183 bce=0.2230 cont=0.3476 lr=1.98e-04
[train] epoch=1 step=240 loss=0.9136 bce=0.2212 cont=0.3462 lr=1.98e-04
[train] epoch=1 step=260 loss=0.9087 bce=0.2176 cont=0.3455 lr=1.97e-04
[train] epoch=1 step=280 loss=0.9117 bce=0.2197 cont=0.3460 lr=1.97e-04
[train] epoch=1 step=300 loss=0.9097 bce=0.2171 cont=0.3463 lr=1.96e-04
[train] epoch=1 step=320 loss=0.9030 bce=0.2113 cont=0.3459 lr=1.96e-04
[train] epoch=1 step=340 loss=0.8944 bce=0.2070 cont=0.3437 lr=1.95e-04
[train] epoch=1 step=360 loss=0.8924 bce=0.2064 cont=0.3430 lr=1.95e-04
[train] epoch=1 loss=0.8911 bce=0.2061 cont=0.3425 patch=0.0000
[eval] ─── summary: n_splice=894 n_real=398 ───
[eval] image_auc: 0.8540
[eval] splices (all):
[eval] all         f1: n= 894  med=0.4505  mean=0.4566±0.3616  [p25=0.0645, p75=0.8226]
[eval] all        iou: n= 894  med=0.2908  mean=0.3734±0.3350  [p25=0.0333, p75=0.6987]
[eval] all  precision: n= 894  med=0.3384  mean=0.4396±0.3904  [p25=0.0334, p75=0.8624]
[eval] all     recall: n= 894  med=0.8722  mean=0.7091±0.3386  [p25=0.5631, p75=0.9672]
[eval] splices bucket=tiny (n=310):
[eval] bucket=tiny         f1: n= 310  med=0.0587  mean=0.1851±0.2702  [p25=0.0123, p75=0.1967]
[eval] bucket=tiny        iou: n= 310  med=0.0302  mean=0.1356±0.2281  [p25=0.0062, p75=0.1091]
[eval] bucket=tiny  precision: n= 310  med=0.0306  mean=0.1434±0.2453  [p25=0.0062, p75=0.1092]
[eval] bucket=tiny     recall: n= 310  med=0.8903  mean=0.6677±0.3960  [p25=0.2330, p75=0.9856]
[eval] splices bucket=small (n=310):
[eval] bucket=small         f1: n= 310  med=0.4226  mean=0.4783±0.3371  [p25=0.1654, p75=0.8280]
[eval] bucket=small        iou: n= 310  med=0.2679  mean=0.3835±0.3157  [p25=0.0902, p75=0.7065]
[eval] bucket=small  precision: n= 310  med=0.3093  mean=0.4291±0.3555  [p25=0.0909, p75=0.8336]
[eval] bucket=small     recall: n= 310  med=0.8923  mean=0.7100±0.3441  [p25=0.5877, p75=0.9672]
[eval] splices bucket=medium (n=174):
[eval] bucket=medium         f1: n= 174  med=0.7807  mean=0.7152±0.2412  [p25=0.5588, p75=0.9118]
[eval] bucket=medium        iou: n= 174  med=0.6403  mean=0.6051±0.2624  [p25=0.3878, p75=0.8379]
[eval] bucket=medium  precision: n= 174  med=0.8693  mean=0.7384±0.2799  [p25=0.5939, p75=0.9422]
[eval] bucket=medium     recall: n= 174  med=0.8572  mean=0.7637±0.2459  [p25=0.6185, p75=0.9543]
[eval] splices bucket=large (n=100):
[eval] bucket=large         f1: n= 100  med=0.8167  mean=0.7807±0.1950  [p25=0.6705, p75=0.9375]
[eval] bucket=large        iou: n= 100  med=0.6903  mean=0.6762±0.2297  [p25=0.5043, p75=0.8823]
[eval] bucket=large  precision: n= 100  med=0.9425  mean=0.8700±0.1872  [p25=0.8316, p75=0.9870]
[eval] bucket=large     recall: n= 100  med=0.8086  mean=0.7398±0.2346  [p25=0.5629, p75=0.9580]
[eval] reals accuracy: n= 398  med=0.5529  mean=0.5676±0.1491  [p25=0.4592, p75=0.6744]
[eval] source=casia: n_splice=28 n_real=28
[eval] source=casia         f1: n=  28  med=0.8021  mean=0.5198±0.4181  [p25=0.0417, p75=0.8814]
[eval] source=casia        iou: n=  28  med=0.6699  mean=0.4605±0.3885  [p25=0.0213, p75=0.7879]
[eval] source=casia  precision: n=  28  med=0.7548  mean=0.4958±0.4128  [p25=0.0265, p75=0.8700]
[eval] source=casia     recall: n=  28  med=0.9464  mean=0.7922±0.3280  [p25=0.8361, p75=0.9835]
[eval] source=coco_inpaint: n_splice=126 n_real=126
[eval] source=coco_inpaint         f1: n= 126  med=0.6745  mean=0.6279±0.2110  [p25=0.5319, p75=0.7728]
[eval] source=coco_inpaint        iou: n= 126  med=0.5089  mean=0.4890±0.2070  [p25=0.3623, p75=0.6298]
[eval] source=coco_inpaint  precision: n= 126  med=0.7709  mean=0.6749±0.2980  [p25=0.4571, p75=0.9357]
[eval] source=coco_inpaint     recall: n= 126  med=0.7274  mean=0.7083±0.1866  [p25=0.5770, p75=0.8406]
[eval] source=imd2020: n_splice=171 n_real=41
[eval] source=imd2020         f1: n= 171  med=0.4863  mean=0.4605±0.3444  [p25=0.0797, p75=0.7928]
[eval] source=imd2020        iou: n= 171  med=0.3213  mean=0.3689±0.3153  [p25=0.0415, p75=0.6568]
[eval] source=imd2020  precision: n= 171  med=0.3338  mean=0.4007±0.3444  [p25=0.0450, p75=0.7341]
[eval] source=imd2020     recall: n= 171  med=0.9372  mean=0.8348±0.2440  [p25=0.7981, p75=0.9809]
[eval] source=sagid: n_splice=169 n_real=169
[eval] source=sagid         f1: n= 169  med=0.8940  mean=0.7883±0.2413  [p25=0.7310, p75=0.9440]
[eval] source=sagid        iou: n= 169  med=0.8083  mean=0.7019±0.2619  [p25=0.5760, p75=0.8939]
[eval] source=sagid  precision: n= 169  med=0.9011  mean=0.7879±0.2628  [p25=0.7690, p75=0.9512]
[eval] source=sagid     recall: n= 169  med=0.9360  mean=0.8630±0.1889  [p25=0.8387, p75=0.9765]
[eval] source=tgif2: n_splice=400 n_real=34
[eval] source=tgif2         f1: n= 400  med=0.1048  mean=0.2563±0.3076  [p25=0.0128, p75=0.4243]
[eval] source=tgif2        iou: n= 400  med=0.0553  mean=0.1940±0.2699  [p25=0.0064, p75=0.2693]
[eval] source=tgif2  precision: n= 400  med=0.0590  mean=0.2309±0.3282  [p25=0.0072, p75=0.2985]
[eval] source=tgif2     recall: n= 400  med=0.7577  mean=0.5848±0.4056  [p25=0.0626, p75=0.9637]
[eval] ─── by subgroup (4 cells) ───
[eval] subgroup=flux1dev|fr|random (n_splice=100 n_real=0):
[eval] subgroup=flux1dev|fr|random         f1: n= 100  med=0.1658  mean=0.2875±0.2936  [p25=0.0184, p75=0.4350]
[eval] subgroup=flux1dev|fr|random        iou: n= 100  med=0.0904  mean=0.2109±0.2551  [p25=0.0093, p75=0.2780]
[eval] subgroup=flux1dev|fr|random  precision: n= 100  med=0.1032  mean=0.2644±0.3250  [p25=0.0145, p75=0.3159]
[eval] subgroup=flux1dev|fr|random     recall: n= 100  med=0.7187  mean=0.5668±0.3962  [p25=0.1161, p75=0.9746]
[eval] subgroup=flux1dev|fr|semantic (n_splice=100 n_real=0):
[eval] subgroup=flux1dev|fr|semantic         f1: n= 100  med=0.0450  mean=0.1772±0.2638  [p25=0.0045, p75=0.1779]
[eval] subgroup=flux1dev|fr|semantic        iou: n= 100  med=0.0230  mean=0.1292±0.2235  [p25=0.0023, p75=0.0976]
[eval] subgroup=flux1dev|fr|semantic  precision: n= 100  med=0.0231  mean=0.1503±0.2713  [p25=0.0024, p75=0.1015]
[eval] subgroup=flux1dev|fr|semantic     recall: n= 100  med=0.7299  mean=0.5663±0.4178  [p25=0.0475, p75=0.9571]
[eval] subgroup=flux1dev|sp|random (n_splice=100 n_real=0):
[eval] subgroup=flux1dev|sp|random         f1: n= 100  med=0.2595  mean=0.3629±0.3525  [p25=0.0356, p75=0.6992]
[eval] subgroup=flux1dev|sp|random        iou: n= 100  med=0.1496  mean=0.2907±0.3242  [p25=0.0181, p75=0.5375]
[eval] subgroup=flux1dev|sp|random  precision: n= 100  med=0.1500  mean=0.3419±0.3823  [p25=0.0216, p75=0.8415]
[eval] subgroup=flux1dev|sp|random     recall: n= 100  med=0.8270  mean=0.6045±0.3903  [p25=0.1501, p75=0.9542]
[eval] subgroup=flux1dev|sp|semantic (n_splice=100 n_real=0):
[eval] subgroup=flux1dev|sp|semantic         f1: n= 100  med=0.0598  mean=0.1977±0.2762  [p25=0.0072, p75=0.2681]
[eval] subgroup=flux1dev|sp|semantic        iou: n= 100  med=0.0308  mean=0.1452±0.2343  [p25=0.0036, p75=0.1548]
[eval] subgroup=flux1dev|sp|semantic  precision: n= 100  med=0.0311  mean=0.1671±0.2857  [p25=0.0039, p75=0.1603]
[eval] subgroup=flux1dev|sp|semantic     recall: n= 100  med=0.8182  mean=0.6016±0.4159  [p25=0.0598, p75=0.9646]
[eval]   casia image_auc=0.9464 (n=56)
[eval]   coco_inpaint image_auc=0.9974 (n=252)
[eval]   imd2020 image_auc=0.9758 (n=212)
[eval]   sagid image_auc=0.9878 (n=338)
[eval]   tgif2 image_auc=0.7024 (n=434)
[eval] epoch=1 val_f1_mean=0.4566
[ckpt] saved epoch=1 → /media/ssd/runs/ablation/lora_rank_sweep/r064/epoch_0001.pt
[ckpt] best model saved  val_f1_mean=0.4566
[train] epoch=2 step=20 loss=0.7888 bce=0.2043 cont=0.2922 lr=1.94e-04
[train] epoch=2 step=40 loss=0.7830 bce=0.1735 cont=0.3047 lr=1.93e-04
[train] epoch=2 step=60 loss=0.7705 bce=0.1502 cont=0.3102 lr=1.92e-04
[train] epoch=2 step=80 loss=0.7932 bce=0.1690 cont=0.3121 lr=1.92e-04
[train] epoch=2 step=100 loss=0.8006 bce=0.1728 cont=0.3139 lr=1.91e-04
[train] epoch=2 step=120 loss=0.7919 bce=0.1732 cont=0.3093 lr=1.90e-04
[train] epoch=2 step=140 loss=0.7862 bce=0.1685 cont=0.3088 lr=1.89e-04
[train] epoch=2 step=160 loss=0.7802 bce=0.1667 cont=0.3068 lr=1.88e-04
[train] epoch=2 step=180 loss=0.7966 bce=0.1823 cont=0.3071 lr=1.88e-04
[train] epoch=2 step=200 loss=0.7961 bce=0.1791 cont=0.3085 lr=1.87e-04
[train] epoch=2 step=220 loss=0.7975 bce=0.1757 cont=0.3109 lr=1.86e-04
[train] epoch=2 step=240 loss=0.7943 bce=0.1756 cont=0.3093 lr=1.85e-04
[train] epoch=2 step=260 loss=0.7946 bce=0.1778 cont=0.3084 lr=1.84e-04
[train] epoch=2 step=280 loss=0.7974 bce=0.1804 cont=0.3085 lr=1.83e-04
[train] epoch=2 step=300 loss=0.7957 bce=0.1749 cont=0.3104 lr=1.82e-04
[train] epoch=2 step=320 loss=0.7872 bce=0.1719 cont=0.3076 lr=1.81e-04
[train] epoch=2 step=340 loss=0.7787 bce=0.1662 cont=0.3062 lr=1.80e-04
[train] epoch=2 step=360 loss=0.7756 bce=0.1623 cont=0.3066 lr=1.79e-04
[train] epoch=2 loss=0.7727 bce=0.1580 cont=0.3073 patch=0.0000
[eval] ─── summary: n_splice=894 n_real=398 ───
[eval] image_auc: 0.8571
[eval] splices (all):
[eval] all         f1: n= 894  med=0.4280  mean=0.4441±0.3714  [p25=0.0483, p75=0.8308]
[eval] all        iou: n= 894  med=0.2723  mean=0.3667±0.3441  [p25=0.0248, p75=0.7105]
[eval] all  precision: n= 894  med=0.2814  mean=0.4284±0.3977  [p25=0.0253, p75=0.8707]
[eval] all     recall: n= 894  med=0.8695  mean=0.6859±0.3575  [p25=0.4290, p75=0.9698]
[eval] splices bucket=tiny (n=310):
[eval] bucket=tiny         f1: n= 310  med=0.0510  mean=0.1721±0.2679  [p25=0.0141, p75=0.1420]
[eval] bucket=tiny        iou: n= 310  med=0.0262  mean=0.1277±0.2302  [p25=0.0071, p75=0.0764]
[eval] bucket=tiny  precision: n= 310  med=0.0267  mean=0.1382±0.2555  [p25=0.0072, p75=0.0767]
[eval] bucket=tiny     recall: n= 310  med=0.8612  mean=0.6369±0.3973  [p25=0.2297, p75=0.9953]
[eval] splices bucket=small (n=310):
[eval] bucket=small         f1: n= 310  med=0.4021  mean=0.4503±0.3537  [p25=0.0921, p75=0.8292]
[eval] bucket=small        iou: n= 310  med=0.2517  mean=0.3645±0.3277  [p25=0.0483, p75=0.7082]
[eval] bucket=small  precision: n= 310  med=0.2581  mean=0.4092±0.3694  [p25=0.0560, p75=0.8285]
[eval] bucket=small     recall: n= 310  med=0.8791  mean=0.6572±0.3855  [p25=0.2606, p75=0.9582]
[eval] splices bucket=medium (n=174):
[eval] bucket=medium         f1: n= 174  med=0.7779  mean=0.7064±0.2484  [p25=0.5575, p75=0.9141]
[eval] bucket=medium        iou: n= 174  med=0.6365  mean=0.5962±0.2662  [p25=0.3865, p75=0.8418]
[eval] bucket=medium  precision: n= 174  med=0.8742  mean=0.7170±0.2961  [p25=0.4593, p75=0.9527]
[eval] bucket=medium     recall: n= 174  med=0.8538  mean=0.7680±0.2524  [p25=0.6535, p75=0.9602]
[eval] splices bucket=large (n=100):
[eval] bucket=large         f1: n= 100  med=0.8556  mean=0.8117±0.1761  [p25=0.7303, p75=0.9562]
[eval] bucket=large        iou: n= 100  med=0.7477  mean=0.7150±0.2187  [p25=0.5751, p75=0.9162]
[eval] bucket=large  precision: n= 100  med=0.9415  mean=0.8855±0.1409  [p25=0.8338, p75=0.9760]
[eval] bucket=large     recall: n= 100  med=0.8765  mean=0.7836±0.2240  [p25=0.6659, p75=0.9668]
[eval] reals accuracy: n= 398  med=0.6001  mean=0.5755±0.1313  [p25=0.4799, p75=0.6642]
[eval] source=casia: n_splice=28 n_real=28
[eval] source=casia         f1: n=  28  med=0.8491  mean=0.6408±0.3615  [p25=0.3960, p75=0.9115]
[eval] source=casia        iou: n=  28  med=0.7377  mean=0.5632±0.3478  [p25=0.2536, p75=0.8374]
[eval] source=casia  precision: n=  28  med=0.8061  mean=0.6129±0.3687  [p25=0.2629, p75=0.8908]
[eval] source=casia     recall: n=  28  med=0.9301  mean=0.8432±0.2218  [p25=0.8671, p75=0.9583]
[eval] source=coco_inpaint: n_splice=126 n_real=126
[eval] source=coco_inpaint         f1: n= 126  med=0.7017  mean=0.6434±0.2155  [p25=0.5595, p75=0.7957]
[eval] source=coco_inpaint        iou: n= 126  med=0.5405  mean=0.5075±0.2121  [p25=0.3884, p75=0.6607]
[eval] source=coco_inpaint  precision: n= 126  med=0.7408  mean=0.6574±0.2875  [p25=0.4593, p75=0.9059]
[eval] source=coco_inpaint     recall: n= 126  med=0.7813  mean=0.7545±0.1951  [p25=0.6408, p75=0.9223]
[eval] source=imd2020: n_splice=171 n_real=41
[eval] source=imd2020         f1: n= 171  med=0.4046  mean=0.4344±0.3527  [p25=0.0572, p75=0.7918]
[eval] source=imd2020        iou: n= 171  med=0.2536  mean=0.3490±0.3210  [p25=0.0295, p75=0.6554]
[eval] source=imd2020  precision: n= 171  med=0.2591  mean=0.3867±0.3580  [p25=0.0296, p75=0.7624]
[eval] source=imd2020     recall: n= 171  med=0.9029  mean=0.7906±0.2869  [p25=0.7918, p75=0.9630]
[eval] source=sagid: n_splice=169 n_real=169
[eval] source=sagid         f1: n= 169  med=0.8985  mean=0.7740±0.2664  [p25=0.7097, p75=0.9511]
[eval] source=sagid        iou: n= 169  med=0.8157  mean=0.6917±0.2817  [p25=0.5501, p75=0.9067]
[eval] source=sagid  precision: n= 169  med=0.8982  mean=0.7817±0.2761  [p25=0.7413, p75=0.9515]
[eval] source=sagid     recall: n= 169  med=0.9344  mean=0.8270±0.2409  [p25=0.8361, p75=0.9688]
[eval] source=tgif2: n_splice=400 n_real=34
[eval] source=tgif2         f1: n= 400  med=0.0768  mean=0.2323±0.3085  [p25=0.0093, p75=0.3249]
[eval] source=tgif2        iou: n= 400  med=0.0399  mean=0.1788±0.2745  [p25=0.0047, p75=0.1940]
[eval] source=tgif2  precision: n= 400  med=0.0424  mean=0.2119±0.3343  [p25=0.0050, p75=0.2110]
[eval] source=tgif2     recall: n= 400  med=0.6481  mean=0.5489±0.4187  [p25=0.0582, p75=0.9903]
[eval] ─── by subgroup (4 cells) ───
[eval] subgroup=flux1dev|fr|random (n_splice=100 n_real=0):
[eval] subgroup=flux1dev|fr|random         f1: n= 100  med=0.1042  mean=0.2681±0.3186  [p25=0.0000, p75=0.4782]
[eval] subgroup=flux1dev|fr|random        iou: n= 100  med=0.0550  mean=0.2054±0.2784  [p25=0.0000, p75=0.3145]
[eval] subgroup=flux1dev|fr|random  precision: n= 100  med=0.0550  mean=0.2526±0.3541  [p25=0.0000, p75=0.3436]
[eval] subgroup=flux1dev|fr|random     recall: n= 100  med=0.7059  mean=0.5409±0.4307  [p25=0.0000, p75=0.9969]
[eval] subgroup=flux1dev|fr|semantic (n_splice=100 n_real=0):
[eval] subgroup=flux1dev|fr|semantic         f1: n= 100  med=0.0512  mean=0.1519±0.2398  [p25=0.0093, p75=0.1608]
[eval] subgroup=flux1dev|fr|semantic        iou: n= 100  med=0.0263  mean=0.1083±0.2032  [p25=0.0047, p75=0.0874]
[eval] subgroup=flux1dev|fr|semantic  precision: n= 100  med=0.0265  mean=0.1242±0.2439  [p25=0.0048, p75=0.0906]
[eval] subgroup=flux1dev|fr|semantic     recall: n= 100  med=0.3853  mean=0.4906±0.4064  [p25=0.0810, p75=0.9569]
[eval] subgroup=flux1dev|sp|random (n_splice=100 n_real=0):
[eval] subgroup=flux1dev|sp|random         f1: n= 100  med=0.1891  mean=0.3479±0.3584  [p25=0.0291, p75=0.6762]
[eval] subgroup=flux1dev|sp|random        iou: n= 100  med=0.1051  mean=0.2821±0.3335  [p25=0.0148, p75=0.5109]
[eval] subgroup=flux1dev|sp|random  precision: n= 100  med=0.1056  mean=0.3336±0.3991  [p25=0.0153, p75=0.8702]
[eval] subgroup=flux1dev|sp|random     recall: n= 100  med=0.8626  mean=0.6433±0.4064  [p25=0.2701, p75=0.9941]
[eval] subgroup=flux1dev|sp|semantic (n_splice=100 n_real=0):
[eval] subgroup=flux1dev|sp|semantic         f1: n= 100  med=0.0490  mean=0.1615±0.2590  [p25=0.0093, p75=0.1694]
[eval] subgroup=flux1dev|sp|semantic        iou: n= 100  med=0.0251  mean=0.1196±0.2271  [p25=0.0047, p75=0.0925]
[eval] subgroup=flux1dev|sp|semantic  precision: n= 100  med=0.0262  mean=0.1373±0.2704  [p25=0.0051, p75=0.0949]
[eval] subgroup=flux1dev|sp|semantic     recall: n= 100  med=0.3901  mean=0.5206±0.4151  [p25=0.0883, p75=0.9894]
[eval]   casia image_auc=0.9656 (n=56)
[eval]   coco_inpaint image_auc=0.9933 (n=252)
[eval]   imd2020 image_auc=0.9519 (n=212)
[eval]   sagid image_auc=0.9863 (n=338)
[eval]   tgif2 image_auc=0.7179 (n=434)
[eval] epoch=2 val_f1_mean=0.4441
[ckpt] saved epoch=2 → /media/ssd/runs/ablation/lora_rank_sweep/r064/epoch_0002.pt
[ckpt] no improvement (epoch 2 < min_epochs=5); patience held at 2  best=0.4566
[train] epoch=3 step=20 loss=0.6440 bce=0.1391 cont=0.2525 lr=1.77e-04
[train] epoch=3 step=40 loss=0.6869 bce=0.1544 cont=0.2663 lr=1.75e-04
[train] epoch=3 step=60 loss=0.6988 bce=0.1361 cont=0.2814 lr=1.74e-04
[train] epoch=3 step=80 loss=0.7461 bce=0.1572 cont=0.2945 lr=1.73e-04
[train] epoch=3 step=100 loss=0.7654 bce=0.1651 cont=0.3001 lr=1.72e-04
[train] epoch=3 step=120 loss=0.7467 bce=0.1529 cont=0.2969 lr=1.71e-04
[train] epoch=3 step=140 loss=0.7442 bce=0.1509 cont=0.2967 lr=1.69e-04
[train] epoch=3 step=160 loss=0.7341 bce=0.1403 cont=0.2969 lr=1.68e-04
[train] epoch=3 step=180 loss=0.7331 bce=0.1374 cont=0.2978 lr=1.67e-04
[train] epoch=3 step=200 loss=0.7322 bce=0.1405 cont=0.2959 lr=1.65e-04
[train] epoch=3 step=220 loss=0.7452 bce=0.1468 cont=0.2992 lr=1.64e-04
[train] epoch=3 step=240 loss=0.7388 bce=0.1450 cont=0.2969 lr=1.62e-04
[train] epoch=3 step=260 loss=0.7390 bce=0.1479 cont=0.2955 lr=1.61e-04
[train] epoch=3 step=280 loss=0.7343 bce=0.1433 cont=0.2955 lr=1.60e-04
[train] epoch=3 step=300 loss=0.7292 bce=0.1394 cont=0.2949 lr=1.58e-04
[train] epoch=3 step=320 loss=0.7235 bce=0.1357 cont=0.2939 lr=1.57e-04
[train] epoch=3 step=340 loss=0.7213 bce=0.1355 cont=0.2929 lr=1.55e-04
[train] epoch=3 step=360 loss=0.7283 bce=0.1381 cont=0.2951 lr=1.54e-04
[train] epoch=3 loss=0.7366 bce=0.1445 cont=0.2961 patch=0.0000
[eval] ─── summary: n_splice=894 n_real=398 ───
[eval] image_auc: 0.8650
[eval] splices (all):
[eval] all         f1: n= 894  med=0.4471  mean=0.4699±0.3636  [p25=0.0831, p75=0.8511]
[eval] all        iou: n= 894  med=0.2879  mean=0.3873±0.3410  [p25=0.0434, p75=0.7408]
[eval] all  precision: n= 894  med=0.3099  mean=0.4403±0.3864  [p25=0.0461, p75=0.8591]
[eval] all     recall: n= 894  med=0.9072  mean=0.7610±0.3080  [p25=0.6572, p75=0.9804]
[eval] splices bucket=tiny (n=310):
[eval] bucket=tiny         f1: n= 310  med=0.0564  mean=0.1570±0.2405  [p25=0.0213, p75=0.1485]
[eval] bucket=tiny        iou: n= 310  med=0.0290  mean=0.1114±0.2028  [p25=0.0108, p75=0.0802]
[eval] bucket=tiny  precision: n= 310  med=0.0291  mean=0.1168±0.2176  [p25=0.0109, p75=0.0805]
[eval] bucket=tiny     recall: n= 310  med=0.8707  mean=0.6753±0.3736  [p25=0.4069, p75=0.9978]
[eval] splices bucket=small (n=310):
[eval] bucket=small         f1: n= 310  med=0.5168  mean=0.5118±0.3225  [p25=0.2263, p75=0.8488]
[eval] bucket=small        iou: n= 310  med=0.3484  mean=0.4104±0.3099  [p25=0.1276, p75=0.7374]
[eval] bucket=small  precision: n= 310  med=0.3666  mean=0.4510±0.3443  [p25=0.1307, p75=0.8213]
[eval] bucket=small     recall: n= 310  med=0.9211  mean=0.7986±0.2890  [p25=0.7834, p75=0.9777]
[eval] splices bucket=medium (n=174):
[eval] bucket=medium         f1: n= 174  med=0.8356  mean=0.7527±0.2218  [p25=0.6671, p75=0.9265]
[eval] bucket=medium        iou: n= 174  med=0.7177  mean=0.6470±0.2485  [p25=0.5005, p75=0.8631]
[eval] bucket=medium  precision: n= 174  med=0.8839  mean=0.7486±0.2655  [p25=0.6259, p75=0.9346]
[eval] bucket=medium     recall: n= 174  med=0.9114  mean=0.8254±0.2099  [p25=0.7402, p75=0.9772]
[eval] splices bucket=large (n=100):
[eval] bucket=large         f1: n= 100  med=0.8644  mean=0.8175±0.1603  [p25=0.7172, p75=0.9471]
[eval] bucket=large        iou: n= 100  med=0.7611  mean=0.7188±0.2047  [p25=0.5591, p75=0.8996]
[eval] bucket=large  precision: n= 100  med=0.9199  mean=0.8732±0.1432  [p25=0.8140, p75=0.9778]
[eval] bucket=large     recall: n= 100  med=0.8952  mean=0.7977±0.2092  [p25=0.6797, p75=0.9733]
[eval] reals accuracy: n= 398  med=0.4490  mean=0.4787±0.1361  [p25=0.3801, p75=0.5829]
[eval] source=casia: n_splice=28 n_real=28
[eval] source=casia         f1: n=  28  med=0.8493  mean=0.6031±0.3846  [p25=0.1255, p75=0.9106]
[eval] source=casia        iou: n=  28  med=0.7381  mean=0.5320±0.3666  [p25=0.0672, p75=0.8359]
[eval] source=casia  precision: n=  28  med=0.7926  mean=0.5719±0.3871  [p25=0.0700, p75=0.8850]
[eval] source=casia     recall: n=  28  med=0.9243  mean=0.8476±0.2319  [p25=0.8719, p75=0.9606]
[eval] source=coco_inpaint: n_splice=126 n_real=126
[eval] source=coco_inpaint         f1: n= 126  med=0.7379  mean=0.6934±0.1914  [p25=0.6246, p75=0.8201]
[eval] source=coco_inpaint        iou: n= 126  med=0.5847  mean=0.5588±0.1953  [p25=0.4542, p75=0.6951]
[eval] source=coco_inpaint  precision: n= 126  med=0.7755  mean=0.7090±0.2499  [p25=0.5634, p75=0.9031]
[eval] source=coco_inpaint     recall: n= 126  med=0.8200  mean=0.7765±0.1854  [p25=0.6508, p75=0.9232]
[eval] source=imd2020: n_splice=171 n_real=41
[eval] source=imd2020         f1: n= 171  med=0.3694  mean=0.4253±0.3481  [p25=0.0616, p75=0.7926]
[eval] source=imd2020        iou: n= 171  med=0.2266  mean=0.3397±0.3180  [p25=0.0318, p75=0.6565]
[eval] source=imd2020  precision: n= 171  med=0.2452  mean=0.3726±0.3506  [p25=0.0320, p75=0.7458]
[eval] source=imd2020     recall: n= 171  med=0.9207  mean=0.8184±0.2626  [p25=0.8075, p75=0.9793]
[eval] source=sagid: n_splice=169 n_real=169
[eval] source=sagid         f1: n= 169  med=0.8934  mean=0.7957±0.2333  [p25=0.7342, p75=0.9469]
[eval] source=sagid        iou: n= 169  med=0.8073  mean=0.7098±0.2571  [p25=0.5801, p75=0.8992]
[eval] source=sagid  precision: n= 169  med=0.8739  mean=0.7700±0.2588  [p25=0.7199, p75=0.9370]
[eval] source=sagid     recall: n= 169  med=0.9600  mean=0.8999±0.1533  [p25=0.8965, p75=0.9805]
[eval] source=tgif2: n_splice=400 n_real=34
[eval] source=tgif2         f1: n= 400  med=0.1489  mean=0.2716±0.3112  [p25=0.0282, p75=0.3944]
[eval] source=tgif2        iou: n= 400  med=0.0804  mean=0.2072±0.2814  [p25=0.0143, p75=0.2457]
[eval] source=tgif2  precision: n= 400  med=0.0804  mean=0.2360±0.3304  [p25=0.0153, p75=0.2643]
[eval] source=tgif2     recall: n= 400  med=0.8446  mean=0.6668±0.3727  [p25=0.3776, p75=1.0000]
[eval] ─── by subgroup (4 cells) ───
[eval] subgroup=flux1dev|fr|random (n_splice=100 n_real=0):
[eval] subgroup=flux1dev|fr|random         f1: n= 100  med=0.2345  mean=0.3102±0.3128  [p25=0.0341, p75=0.4371]
[eval] subgroup=flux1dev|fr|random        iou: n= 100  med=0.1328  mean=0.2351±0.2828  [p25=0.0173, p75=0.2797]
[eval] subgroup=flux1dev|fr|random  precision: n= 100  med=0.1345  mean=0.2681±0.3324  [p25=0.0176, p75=0.3023]
[eval] subgroup=flux1dev|fr|random     recall: n= 100  med=0.6790  mean=0.6284±0.3687  [p25=0.3068, p75=0.9962]
[eval] subgroup=flux1dev|fr|semantic (n_splice=100 n_real=0):
[eval] subgroup=flux1dev|fr|semantic         f1: n= 100  med=0.1099  mean=0.2074±0.2643  [p25=0.0231, p75=0.2387]
[eval] subgroup=flux1dev|fr|semantic        iou: n= 100  med=0.0582  mean=0.1487±0.2262  [p25=0.0117, p75=0.1355]
[eval] subgroup=flux1dev|fr|semantic  precision: n= 100  med=0.0587  mean=0.1708±0.2735  [p25=0.0117, p75=0.1419]
[eval] subgroup=flux1dev|fr|semantic     recall: n= 100  med=0.7976  mean=0.6673±0.3683  [p25=0.4764, p75=0.9972]
[eval] subgroup=flux1dev|sp|random (n_splice=100 n_real=0):
[eval] subgroup=flux1dev|sp|random         f1: n= 100  med=0.2517  mean=0.3854±0.3601  [p25=0.0427, p75=0.7817]
[eval] subgroup=flux1dev|sp|random        iou: n= 100  med=0.1440  mean=0.3139±0.3410  [p25=0.0218, p75=0.6419]
[eval] subgroup=flux1dev|sp|random  precision: n= 100  med=0.1476  mean=0.3597±0.3963  [p25=0.0233, p75=0.8936]
[eval] subgroup=flux1dev|sp|random     recall: n= 100  med=0.9078  mean=0.7038±0.3636  [p25=0.4069, p75=1.0000]
[eval] subgroup=flux1dev|sp|semantic (n_splice=100 n_real=0):
[eval] subgroup=flux1dev|sp|semantic         f1: n= 100  med=0.1031  mean=0.1832±0.2524  [p25=0.0139, p75=0.2165]
[eval] subgroup=flux1dev|sp|semantic        iou: n= 100  med=0.0544  mean=0.1310±0.2189  [p25=0.0070, p75=0.1214]
[eval] subgroup=flux1dev|sp|semantic  precision: n= 100  med=0.0546  mean=0.1457±0.2563  [p25=0.0070, p75=0.1234]
[eval] subgroup=flux1dev|sp|semantic     recall: n= 100  med=0.8419  mean=0.6677±0.3861  [p25=0.4080, p75=0.9978]
[eval]   casia image_auc=0.9681 (n=56)
[eval]   coco_inpaint image_auc=0.9979 (n=252)
[eval]   imd2020 image_auc=0.9542 (n=212)
[eval]   sagid image_auc=0.9903 (n=338)
[eval]   tgif2 image_auc=0.7001 (n=434)
[eval] epoch=3 val_f1_mean=0.4699
[ckpt] saved epoch=3 → /media/ssd/runs/ablation/lora_rank_sweep/r064/epoch_0003.pt
[ckpt] best model saved  val_f1_mean=0.4699
[train] epoch=4 step=20 loss=0.7277 bce=0.1702 cont=0.2787 lr=1.51e-04
[train] epoch=4 step=40 loss=0.7078 bce=0.1442 cont=0.2818 lr=1.49e-04
[train] epoch=4 step=60 loss=0.7016 bce=0.1262 cont=0.2877 lr=1.48e-04
[train] epoch=4 step=80 loss=0.6977 bce=0.1224 cont=0.2876 lr=1.46e-04
[train] epoch=4 step=100 loss=0.6886 bce=0.1237 cont=0.2824 lr=1.45e-04
[train] epoch=4 step=120 loss=0.7118 bce=0.1416 cont=0.2851 lr=1.43e-04
[train] epoch=4 step=140 loss=0.7054 bce=0.1370 cont=0.2842 lr=1.41e-04
[train] epoch=4 step=160 loss=0.7131 bce=0.1348 cont=0.2892 lr=1.40e-04
[train] epoch=4 step=180 loss=0.7079 bce=0.1297 cont=0.2891 lr=1.38e-04
[train] epoch=4 step=200 loss=0.7135 bce=0.1316 cont=0.2909 lr=1.36e-04
[train] epoch=4 step=220 loss=0.7116 bce=0.1320 cont=0.2898 lr=1.35e-04
[train] epoch=4 step=240 loss=0.7098 bce=0.1321 cont=0.2888 lr=1.33e-04
[train] epoch=4 step=260 loss=0.7103 bce=0.1330 cont=0.2887 lr=1.31e-04
[train] epoch=4 step=280 loss=0.7025 bce=0.1265 cont=0.2880 lr=1.30e-04
[train] epoch=4 step=300 loss=0.7059 bce=0.1279 cont=0.2890 lr=1.28e-04
[train] epoch=4 step=320 loss=0.7002 bce=0.1255 cont=0.2873 lr=1.26e-04
[train] epoch=4 step=340 loss=0.7039 bce=0.1288 cont=0.2876 lr=1.25e-04
[train] epoch=4 step=360 loss=0.7013 bce=0.1271 cont=0.2871 lr=1.23e-04
[train] epoch=4 loss=0.6971 bce=0.1259 cont=0.2856 patch=0.0000
[eval] ─── summary: n_splice=894 n_real=398 ───
[eval] image_auc: 0.8905
[eval] splices (all):
[eval] all         f1: n= 894  med=0.5025  mean=0.4670±0.3744  [p25=0.0608, p75=0.8568]
[eval] all        iou: n= 894  med=0.3356  mean=0.3890±0.3490  [p25=0.0314, p75=0.7495]
[eval] all  precision: n= 894  med=0.3839  mean=0.4545±0.4015  [p25=0.0320, p75=0.8894]
[eval] all     recall: n= 894  med=0.8546  mean=0.6833±0.3487  [p25=0.5031, p75=0.9553]
[eval] splices bucket=tiny (n=310):
[eval] bucket=tiny         f1: n= 310  med=0.0504  mean=0.1463±0.2375  [p25=0.0000, p75=0.1271]
[eval] bucket=tiny        iou: n= 310  med=0.0259  mean=0.1042±0.1997  [p25=0.0000, p75=0.0679]
[eval] bucket=tiny  precision: n= 310  med=0.0261  mean=0.1127±0.2237  [p25=0.0000, p75=0.0679]
[eval] bucket=tiny     recall: n= 310  med=0.7862  mean=0.5835±0.4106  [p25=0.0000, p75=0.9468]
[eval] splices bucket=small (n=310):
[eval] bucket=small         f1: n= 310  med=0.6016  mean=0.5164±0.3492  [p25=0.1596, p75=0.8724]
[eval] bucket=small        iou: n= 310  med=0.4302  mean=0.4247±0.3289  [p25=0.0868, p75=0.7737]
[eval] bucket=small  precision: n= 310  med=0.4631  mean=0.4795±0.3704  [p25=0.1027, p75=0.8614]
[eval] bucket=small     recall: n= 310  med=0.8706  mean=0.6930±0.3446  [p25=0.5184, p75=0.9505]
[eval] splices bucket=medium (n=174):
[eval] bucket=medium         f1: n= 174  med=0.8408  mean=0.7450±0.2273  [p25=0.5866, p75=0.9244]
[eval] bucket=medium        iou: n= 174  med=0.7253  mean=0.6392±0.2560  [p25=0.4150, p75=0.8594]
[eval] bucket=medium  precision: n= 174  med=0.8908  mean=0.7670±0.2634  [p25=0.6485, p75=0.9549]
[eval] bucket=medium     recall: n= 174  med=0.8798  mean=0.7789±0.2330  [p25=0.6072, p75=0.9564]
[eval] splices bucket=large (n=100):
[eval] bucket=large         f1: n= 100  med=0.8469  mean=0.8246±0.1474  [p25=0.7445, p75=0.9586]
[eval] bucket=large        iou: n= 100  med=0.7344  mean=0.7258±0.1959  [p25=0.5929, p75=0.9205]
[eval] bucket=large  precision: n= 100  med=0.9348  mean=0.8929±0.1164  [p25=0.8405, p75=0.9803]
[eval] bucket=large     recall: n= 100  med=0.8802  mean=0.7965±0.2046  [p25=0.6515, p75=0.9709]
[eval] reals accuracy: n= 398  med=0.5944  mean=0.5790±0.1313  [p25=0.4863, p75=0.6706]
[eval] source=casia: n_splice=28 n_real=28
[eval] source=casia         f1: n=  28  med=0.8331  mean=0.5896±0.3860  [p25=0.0914, p75=0.9004]
[eval] source=casia        iou: n=  28  med=0.7142  mean=0.5182±0.3686  [p25=0.0479, p75=0.8189]
[eval] source=casia  precision: n=  28  med=0.7925  mean=0.5626±0.3933  [p25=0.0481, p75=0.8961]
[eval] source=casia     recall: n=  28  med=0.9248  mean=0.8615±0.2085  [p25=0.8607, p75=0.9788]
[eval] source=coco_inpaint: n_splice=126 n_real=126
[eval] source=coco_inpaint         f1: n= 126  med=0.7390  mean=0.6692±0.2224  [p25=0.6150, p75=0.8263]
[eval] source=coco_inpaint        iou: n= 126  med=0.5860  mean=0.5386±0.2170  [p25=0.4440, p75=0.7041]
[eval] source=coco_inpaint  precision: n= 126  med=0.8055  mean=0.7040±0.2824  [p25=0.6167, p75=0.9109]
[eval] source=coco_inpaint     recall: n= 126  med=0.7850  mean=0.7458±0.1826  [p25=0.6022, p75=0.9010]
[eval] source=imd2020: n_splice=171 n_real=41
[eval] source=imd2020         f1: n= 171  med=0.4160  mean=0.4399±0.3453  [p25=0.0898, p75=0.8003]
[eval] source=imd2020        iou: n= 171  med=0.2626  mean=0.3520±0.3200  [p25=0.0470, p75=0.6670]
[eval] source=imd2020  precision: n= 171  med=0.2666  mean=0.3858±0.3538  [p25=0.0473, p75=0.7613]
[eval] source=imd2020     recall: n= 171  med=0.9156  mean=0.8436±0.2080  [p25=0.8218, p75=0.9685]
[eval] source=sagid: n_splice=169 n_real=169
[eval] source=sagid         f1: n= 169  med=0.9032  mean=0.7929±0.2470  [p25=0.7571, p75=0.9515]
[eval] source=sagid        iou: n= 169  med=0.8234  mean=0.7107±0.2668  [p25=0.6092, p75=0.9075]
[eval] source=sagid  precision: n= 169  med=0.8917  mean=0.7876±0.2640  [p25=0.7870, p75=0.9567]
[eval] source=sagid     recall: n= 169  med=0.9480  mean=0.8665±0.1938  [p25=0.8748, p75=0.9720]
[eval] source=tgif2: n_splice=400 n_real=34
[eval] source=tgif2         f1: n= 400  med=0.0970  mean=0.2687±0.3348  [p25=0.0002, p75=0.4791]
[eval] source=tgif2        iou: n= 400  med=0.0510  mean=0.2128±0.3008  [p25=0.0001, p75=0.3150]
[eval] source=tgif2  precision: n= 400  med=0.0534  mean=0.2570±0.3647  [p25=0.0001, p75=0.3543]
[eval] source=tgif2     recall: n= 400  med=0.5682  mean=0.5053±0.4044  [p25=0.0006, p75=0.9204]
[eval] ─── by subgroup (4 cells) ───
[eval] subgroup=flux1dev|fr|random (n_splice=100 n_real=0):
[eval] subgroup=flux1dev|fr|random         f1: n= 100  med=0.2121  mean=0.3119±0.3144  [p25=0.0338, p75=0.4965]
[eval] subgroup=flux1dev|fr|random        iou: n= 100  med=0.1186  mean=0.2363±0.2811  [p25=0.0172, p75=0.3304]
[eval] subgroup=flux1dev|fr|random  precision: n= 100  med=0.1403  mean=0.2821±0.3384  [p25=0.0172, p75=0.3675]
[eval] subgroup=flux1dev|fr|random     recall: n= 100  med=0.7130  mean=0.5742±0.3893  [p25=0.1778, p75=0.9726]
[eval] subgroup=flux1dev|fr|semantic (n_splice=100 n_real=0):
[eval] subgroup=flux1dev|fr|semantic         f1: n= 100  med=0.0433  mean=0.1946±0.3019  [p25=0.0000, p75=0.1683]
[eval] subgroup=flux1dev|fr|semantic        iou: n= 100  med=0.0221  mean=0.1513±0.2619  [p25=0.0000, p75=0.0919]
[eval] subgroup=flux1dev|fr|semantic  precision: n= 100  med=0.0222  mean=0.1972±0.3466  [p25=0.0000, p75=0.0994]
[eval] subgroup=flux1dev|fr|semantic     recall: n= 100  med=0.4974  mean=0.4407±0.3959  [p25=0.0001, p75=0.8445]
[eval] subgroup=flux1dev|sp|random (n_splice=100 n_real=0):
[eval] subgroup=flux1dev|sp|random         f1: n= 100  med=0.2330  mean=0.3713±0.3641  [p25=0.0341, p75=0.7328]
[eval] subgroup=flux1dev|sp|random        iou: n= 100  med=0.1319  mean=0.3032±0.3403  [p25=0.0173, p75=0.5784]
[eval] subgroup=flux1dev|sp|random  precision: n= 100  med=0.1525  mean=0.3658±0.4066  [p25=0.0173, p75=0.9322]
[eval] subgroup=flux1dev|sp|random     recall: n= 100  med=0.6586  mean=0.5607±0.3879  [p25=0.1118, p75=0.9316]
[eval] subgroup=flux1dev|sp|semantic (n_splice=100 n_real=0):
[eval] subgroup=flux1dev|sp|semantic         f1: n= 100  med=0.0359  mean=0.1969±0.3206  [p25=0.0000, p75=0.1422]
[eval] subgroup=flux1dev|sp|semantic        iou: n= 100  med=0.0183  mean=0.1602±0.2886  [p25=0.0000, p75=0.0766]
[eval] subgroup=flux1dev|sp|semantic  precision: n= 100  med=0.0198  mean=0.1830±0.3325  [p25=0.0000, p75=0.0814]
[eval] subgroup=flux1dev|sp|semantic     recall: n= 100  med=0.3676  mean=0.4454±0.4239  [p25=0.0000, p75=0.8849]
[eval]   casia image_auc=0.9707 (n=56)
[eval]   coco_inpaint image_auc=0.9971 (n=252)
[eval]   imd2020 image_auc=0.9635 (n=212)
[eval]   sagid image_auc=0.9975 (n=338)
[eval]   tgif2 image_auc=0.7394 (n=434)
[eval] epoch=4 val_f1_mean=0.4670
[ckpt] saved epoch=4 → /media/ssd/runs/ablation/lora_rank_sweep/r064/epoch_0004.pt
[ckpt] no improvement  patience_left=1  best=0.4699
[train] epoch=5 step=20 loss=0.7964 bce=0.1958 cont=0.3003 lr=1.20e-04
[train] epoch=5 step=40 loss=0.6866 bce=0.1174 cont=0.2846 lr=1.18e-04
[train] epoch=5 step=60 loss=0.6681 bce=0.1100 cont=0.2791 lr=1.16e-04
[train] epoch=5 step=80 loss=0.6354 bce=0.0871 cont=0.2742 lr=1.14e-04
[train] epoch=5 step=100 loss=0.6259 bce=0.0840 cont=0.2710 lr=1.13e-04
[train] epoch=5 step=120 loss=0.6147 bce=0.0828 cont=0.2660 lr=1.11e-04
[train] epoch=5 step=140 loss=0.6281 bce=0.0851 cont=0.2715 lr=1.09e-04
[train] epoch=5 step=160 loss=0.6289 bce=0.0865 cont=0.2712 lr=1.07e-04
[train] epoch=5 step=180 loss=0.6215 bce=0.0831 cont=0.2692 lr=1.06e-04
[train] epoch=5 step=200 loss=0.6229 bce=0.0815 cont=0.2707 lr=1.04e-04
[train] epoch=5 step=220 loss=0.6256 bce=0.0806 cont=0.2725 lr=1.02e-04
[train] epoch=5 step=240 loss=0.6246 bce=0.0811 cont=0.2717 lr=1.00e-04
[train] epoch=5 step=260 loss=0.6243 bce=0.0810 cont=0.2717 lr=9.86e-05
[train] epoch=5 step=280 loss=0.6250 bce=0.0801 cont=0.2725 lr=9.68e-05
[train] epoch=5 step=300 loss=0.6335 bce=0.0872 cont=0.2732 lr=9.51e-05
[train] epoch=5 step=320 loss=0.6399 bce=0.0907 cont=0.2746 lr=9.33e-05
[train] epoch=5 step=340 loss=0.6358 bce=0.0876 cont=0.2741 lr=9.16e-05
[train] epoch=5 step=360 loss=0.6351 bce=0.0854 cont=0.2748 lr=8.98e-05
[train] epoch=5 loss=0.6389 bce=0.0902 cont=0.2744 patch=0.0000
[eval] ─── summary: n_splice=894 n_real=398 ───
[eval] image_auc: 0.8935
[eval] splices (all):
[eval] all         f1: n= 894  med=0.5146  mean=0.4807±0.3668  [p25=0.0992, p75=0.8546]
[eval] all        iou: n= 894  med=0.3465  mean=0.3992±0.3462  [p25=0.0522, p75=0.7462]
[eval] all  precision: n= 894  med=0.4472  mean=0.4825±0.4095  [p25=0.0538, p75=0.9107]
[eval] all     recall: n= 894  med=0.8891  mean=0.7429±0.3124  [p25=0.6224, p75=0.9713]
[eval] splices bucket=tiny (n=310):
[eval] bucket=tiny         f1: n= 310  med=0.0737  mean=0.1696±0.2558  [p25=0.0209, p75=0.1393]
[eval] bucket=tiny        iou: n= 310  med=0.0383  mean=0.1235±0.2221  [p25=0.0106, p75=0.0748]
[eval] bucket=tiny  precision: n= 310  med=0.0385  mean=0.1306±0.2407  [p25=0.0111, p75=0.0750]
[eval] bucket=tiny     recall: n= 310  med=0.9175  mean=0.7118±0.3830  [p25=0.4714, p75=1.0000]
[eval] splices bucket=small (n=310):
[eval] bucket=small         f1: n= 310  med=0.6687  mean=0.5535±0.3283  [p25=0.2333, p75=0.8735]
[eval] bucket=small        iou: n= 310  med=0.5023  mean=0.4544±0.3189  [p25=0.1320, p75=0.7755]
[eval] bucket=small  precision: n= 310  med=0.6381  mean=0.5253±0.3688  [p25=0.1434, p75=0.8893]
[eval] bucket=small     recall: n= 310  med=0.8867  mean=0.7739±0.2736  [p25=0.6706, p75=0.9580]
[eval] splices bucket=medium (n=174):
[eval] bucket=medium         f1: n= 174  med=0.8170  mean=0.7304±0.2476  [p25=0.5948, p75=0.9311]
[eval] bucket=medium        iou: n= 174  med=0.6906  mean=0.6274±0.2714  [p25=0.4233, p75=0.8710]
[eval] bucket=medium  precision: n= 174  med=0.9199  mean=0.7904±0.2799  [p25=0.7942, p75=0.9577]
[eval] bucket=medium     recall: n= 174  med=0.8727  mean=0.7530±0.2584  [p25=0.5820, p75=0.9561]
[eval] splices bucket=large (n=100):
[eval] bucket=large         f1: n= 100  med=0.8398  mean=0.7850±0.2044  [p25=0.6704, p75=0.9560]
[eval] bucket=large        iou: n= 100  med=0.7238  mean=0.6856±0.2395  [p25=0.5042, p75=0.9157]
[eval] bucket=large  precision: n= 100  med=0.9676  mean=0.9052±0.1686  [p25=0.8924, p75=0.9912]
[eval] bucket=large     recall: n= 100  med=0.7638  mean=0.7262±0.2504  [p25=0.5544, p75=0.9541]
[eval] reals accuracy: n= 398  med=0.5013  mean=0.5020±0.1825  [p25=0.3358, p75=0.6684]
[eval] source=casia: n_splice=28 n_real=28
[eval] source=casia         f1: n=  28  med=0.8494  mean=0.5983±0.3876  [p25=0.0961, p75=0.9020]
[eval] source=casia        iou: n=  28  med=0.7383  mean=0.5284±0.3696  [p25=0.0505, p75=0.8215]
[eval] source=casia  precision: n=  28  med=0.8022  mean=0.5784±0.3938  [p25=0.0511, p75=0.8947]
[eval] source=casia     recall: n=  28  med=0.9126  mean=0.8361±0.2586  [p25=0.8518, p75=0.9782]
[eval] source=coco_inpaint: n_splice=126 n_real=126
[eval] source=coco_inpaint         f1: n= 126  med=0.7217  mean=0.6405±0.2468  [p25=0.5693, p75=0.8215]
[eval] source=coco_inpaint        iou: n= 126  med=0.5646  mean=0.5131±0.2340  [p25=0.3980, p75=0.6971]
[eval] source=coco_inpaint  precision: n= 126  med=0.8827  mean=0.7440±0.3145  [p25=0.6877, p75=0.9674]
[eval] source=coco_inpaint     recall: n= 126  med=0.6829  mean=0.6678±0.2002  [p25=0.5338, p75=0.8194]
[eval] source=imd2020: n_splice=171 n_real=41
[eval] source=imd2020         f1: n= 171  med=0.4449  mean=0.4575±0.3539  [p25=0.0765, p75=0.8302]
[eval] source=imd2020        iou: n= 171  med=0.2861  mean=0.3711±0.3280  [p25=0.0398, p75=0.7097]
[eval] source=imd2020  precision: n= 171  med=0.3319  mean=0.4076±0.3610  [p25=0.0408, p75=0.8123]
[eval] source=imd2020     recall: n= 171  med=0.9185  mean=0.8337±0.2211  [p25=0.8128, p75=0.9628]
[eval] source=sagid: n_splice=169 n_real=169
[eval] source=sagid         f1: n= 169  med=0.9074  mean=0.8069±0.2364  [p25=0.7940, p75=0.9550]
[eval] source=sagid        iou: n= 169  med=0.8305  mean=0.7264±0.2566  [p25=0.6584, p75=0.9139]
[eval] source=sagid  precision: n= 169  med=0.9182  mean=0.8268±0.2450  [p25=0.8263, p75=0.9640]
[eval] source=sagid     recall: n= 169  med=0.9387  mean=0.8531±0.2007  [p25=0.8412, p75=0.9676]
[eval] source=tgif2: n_splice=400 n_real=34
[eval] source=tgif2         f1: n= 400  med=0.1448  mean=0.2943±0.3239  [p25=0.0371, p75=0.4709]
[eval] source=tgif2        iou: n= 400  med=0.0781  mean=0.2280±0.2952  [p25=0.0189, p75=0.3080]
[eval] source=tgif2  precision: n= 400  med=0.0897  mean=0.2800±0.3688  [p25=0.0190, p75=0.4191]
[eval] source=tgif2     recall: n= 400  med=0.8773  mean=0.6747±0.3836  [p25=0.3409, p75=1.0000]
[eval] ─── by subgroup (4 cells) ───
[eval] subgroup=flux1dev|fr|random (n_splice=100 n_real=0):
[eval] subgroup=flux1dev|fr|random         f1: n= 100  med=0.2100  mean=0.3187±0.3164  [p25=0.0733, p75=0.5365]
[eval] subgroup=flux1dev|fr|random        iou: n= 100  med=0.1173  mean=0.2433±0.2893  [p25=0.0381, p75=0.3672]
[eval] subgroup=flux1dev|fr|random  precision: n= 100  med=0.1407  mean=0.3038±0.3625  [p25=0.0417, p75=0.5091]
[eval] subgroup=flux1dev|fr|random     recall: n= 100  med=0.7584  mean=0.6390±0.3771  [p25=0.3225, p75=1.0000]
[eval] subgroup=flux1dev|fr|semantic (n_splice=100 n_real=0):
[eval] subgroup=flux1dev|fr|semantic         f1: n= 100  med=0.1127  mean=0.2495±0.3106  [p25=0.0194, p75=0.2757]
[eval] subgroup=flux1dev|fr|semantic        iou: n= 100  med=0.0597  mean=0.1906±0.2727  [p25=0.0098, p75=0.1599]
[eval] subgroup=flux1dev|fr|semantic  precision: n= 100  med=0.0598  mean=0.2401±0.3566  [p25=0.0111, p75=0.1606]
[eval] subgroup=flux1dev|fr|semantic     recall: n= 100  med=0.8479  mean=0.6658±0.3874  [p25=0.3782, p75=1.0000]
[eval] subgroup=flux1dev|sp|random (n_splice=100 n_real=0):
[eval] subgroup=flux1dev|sp|random         f1: n= 100  med=0.2619  mean=0.3852±0.3427  [p25=0.0877, p75=0.7240]
[eval] subgroup=flux1dev|sp|random        iou: n= 100  med=0.1507  mean=0.3075±0.3283  [p25=0.0459, p75=0.5682]
[eval] subgroup=flux1dev|sp|random  precision: n= 100  med=0.1509  mean=0.3740±0.3993  [p25=0.0459, p75=0.9418]
[eval] subgroup=flux1dev|sp|random     recall: n= 100  med=0.9374  mean=0.7484±0.3422  [p25=0.5237, p75=1.0000]
[eval] subgroup=flux1dev|sp|semantic (n_splice=100 n_real=0):
[eval] subgroup=flux1dev|sp|semantic         f1: n= 100  med=0.1085  mean=0.2236±0.2995  [p25=0.0039, p75=0.2608]
[eval] subgroup=flux1dev|sp|semantic        iou: n= 100  med=0.0573  mean=0.1706±0.2672  [p25=0.0020, p75=0.1499]
[eval] subgroup=flux1dev|sp|semantic  precision: n= 100  med=0.0578  mean=0.2020±0.3302  [p25=0.0020, p75=0.1500]
[eval] subgroup=flux1dev|sp|semantic     recall: n= 100  med=0.8766  mean=0.6457±0.4143  [p25=0.1245, p75=0.9995]
[eval]   casia image_auc=0.9656 (n=56)
[eval]   coco_inpaint image_auc=0.9988 (n=252)
[eval]   imd2020 image_auc=0.9752 (n=212)
[eval]   sagid image_auc=0.9957 (n=338)
[eval]   tgif2 image_auc=0.7352 (n=434)
[eval] epoch=5 val_f1_mean=0.4807
[ckpt] saved epoch=5 → /media/ssd/runs/ablation/lora_rank_sweep/r064/epoch_0005.pt
[ckpt] best model saved  val_f1_mean=0.4807
[train] epoch=6 step=20 loss=0.6197 bce=0.0467 cont=0.2865 lr=8.68e-05
[train] epoch=6 step=40 loss=0.6057 bce=0.0500 cont=0.2778 lr=8.50e-05
[train] epoch=6 step=60 loss=0.5848 bce=0.0485 cont=0.2682 lr=8.33e-05
[train] epoch=6 step=80 loss=0.5975 bce=0.0670 cont=0.2653 lr=8.16e-05
[train] epoch=6 step=100 loss=0.5990 bce=0.0678 cont=0.2656 lr=7.99e-05
[train] epoch=6 step=120 loss=0.5923 bce=0.0708 cont=0.2607 lr=7.82e-05
[train] epoch=6 step=140 loss=0.5934 bce=0.0714 cont=0.2610 lr=7.65e-05
[train] epoch=6 step=160 loss=0.5963 bce=0.0765 cont=0.2599 lr=7.48e-05
[train] epoch=6 step=180 loss=0.5949 bce=0.0739 cont=0.2605 lr=7.31e-05
[train] epoch=6 step=200 loss=0.6112 bce=0.0870 cont=0.2621 lr=7.15e-05
[train] epoch=6 step=220 loss=0.6119 bce=0.0878 cont=0.2620 lr=6.98e-05
[train] epoch=6 step=240 loss=0.6072 bce=0.0838 cont=0.2617 lr=6.82e-05
[train] epoch=6 step=260 loss=0.6075 bce=0.0843 cont=0.2616 lr=6.66e-05
[train] epoch=6 step=280 loss=0.6092 bce=0.0849 cont=0.2621 lr=6.50e-05
[train] epoch=6 step=300 loss=0.6172 bce=0.0926 cont=0.2623 lr=6.34e-05
[train] epoch=6 step=320 loss=0.6196 bce=0.0937 cont=0.2630 lr=6.18e-05
[train] epoch=6 step=340 loss=0.6183 bce=0.0903 cont=0.2640 lr=6.02e-05
[train] epoch=6 step=360 loss=0.6237 bce=0.0942 cont=0.2647 lr=5.87e-05
[train] epoch=6 loss=0.6236 bce=0.0945 cont=0.2646 patch=0.0000
[eval] ─── summary: n_splice=894 n_real=398 ───
[eval] image_auc: 0.8736
[eval] splices (all):
[eval] all         f1: n= 894  med=0.3907  mean=0.4457±0.3730  [p25=0.0697, p75=0.8376]
[eval] all        iou: n= 894  med=0.2428  mean=0.3696±0.3488  [p25=0.0361, p75=0.7206]
[eval] all  precision: n= 894  med=0.2519  mean=0.4237±0.3964  [p25=0.0363, p75=0.8673]
[eval] all     recall: n= 894  med=0.9036  mean=0.7206±0.3546  [p25=0.5897, p75=0.9749]
[eval] splices bucket=tiny (n=310):
[eval] bucket=tiny         f1: n= 310  med=0.0585  mean=0.1348±0.2173  [p25=0.0000, p75=0.1210]
[eval] bucket=tiny        iou: n= 310  med=0.0301  mean=0.0932±0.1821  [p25=0.0000, p75=0.0644]
[eval] bucket=tiny  precision: n= 310  med=0.0305  mean=0.0968±0.1929  [p25=0.0000, p75=0.0644]
[eval] bucket=tiny     recall: n= 310  med=0.8858  mean=0.6413±0.4175  [p25=0.0000, p75=0.9875]
[eval] splices bucket=small (n=310):
[eval] bucket=small         f1: n= 310  med=0.4708  mean=0.4860±0.3429  [p25=0.1817, p75=0.8362]
[eval] bucket=small        iou: n= 310  med=0.3079  mean=0.3936±0.3240  [p25=0.0999, p75=0.7185]
[eval] bucket=small  precision: n= 310  med=0.3240  mean=0.4335±0.3602  [p25=0.1018, p75=0.8248]
[eval] bucket=small     recall: n= 310  med=0.9180  mean=0.7517±0.3432  [p25=0.7123, p75=0.9747]
[eval] splices bucket=medium (n=174):
[eval] bucket=medium         f1: n= 174  med=0.8146  mean=0.7101±0.2793  [p25=0.5787, p75=0.9277]
[eval] bucket=medium        iou: n= 174  med=0.6872  mean=0.6118±0.2882  [p25=0.4071, p75=0.8651]
[eval] bucket=medium  precision: n= 174  med=0.8836  mean=0.7270±0.3113  [p25=0.6116, p75=0.9505]
[eval] bucket=medium     recall: n= 174  med=0.8964  mean=0.7587±0.2849  [p25=0.6370, p75=0.9662]
[eval] splices bucket=large (n=100):
[eval] bucket=large         f1: n= 100  med=0.8776  mean=0.8243±0.1669  [p25=0.7603, p75=0.9538]
[eval] bucket=large        iou: n= 100  med=0.7819  mean=0.7305±0.2092  [p25=0.6133, p75=0.9116]
[eval] bucket=large  precision: n= 100  med=0.9346  mean=0.8787±0.1398  [p25=0.8290, p75=0.9751]
[eval] bucket=large     recall: n= 100  med=0.8836  mean=0.8034±0.2132  [p25=0.6858, p75=0.9743]
[eval] reals accuracy: n= 398  med=0.5134  mean=0.5115±0.1786  [p25=0.3571, p75=0.6910]
[eval] source=casia: n_splice=28 n_real=28
[eval] source=casia         f1: n=  28  med=0.6876  mean=0.5237±0.4029  [p25=0.0761, p75=0.9007]
[eval] source=casia        iou: n=  28  med=0.5383  mean=0.4596±0.3864  [p25=0.0395, p75=0.8194]
[eval] source=casia  precision: n=  28  med=0.7659  mean=0.4954±0.4088  [p25=0.0397, p75=0.8690]
[eval] source=casia     recall: n=  28  med=0.9290  mean=0.8161±0.2655  [p25=0.8263, p75=0.9589]
[eval] source=coco_inpaint: n_splice=126 n_real=126
[eval] source=coco_inpaint         f1: n= 126  med=0.7689  mean=0.7187±0.1895  [p25=0.6622, p75=0.8370]
[eval] source=coco_inpaint        iou: n= 126  med=0.6246  mean=0.5893±0.1950  [p25=0.4950, p75=0.7196]
[eval] source=coco_inpaint  precision: n= 126  med=0.8019  mean=0.7209±0.2372  [p25=0.5941, p75=0.9051]
[eval] source=coco_inpaint     recall: n= 126  med=0.8550  mean=0.7993±0.1783  [p25=0.6842, p75=0.9461]
[eval] source=imd2020: n_splice=171 n_real=41
[eval] source=imd2020         f1: n= 171  med=0.2850  mean=0.4076±0.3489  [p25=0.0699, p75=0.7742]
[eval] source=imd2020        iou: n= 171  med=0.1662  mean=0.3254±0.3206  [p25=0.0362, p75=0.6316]
[eval] source=imd2020  precision: n= 171  med=0.1837  mean=0.3572±0.3536  [p25=0.0367, p75=0.7336]
[eval] source=imd2020     recall: n= 171  med=0.9185  mean=0.8034±0.2734  [p25=0.7821, p75=0.9674]
[eval] source=sagid: n_splice=169 n_real=169
[eval] source=sagid         f1: n= 169  med=0.9034  mean=0.7875±0.2518  [p25=0.7390, p75=0.9526]
[eval] source=sagid        iou: n= 169  med=0.8238  mean=0.7054±0.2732  [p25=0.5860, p75=0.9095]
[eval] source=sagid  precision: n= 169  med=0.8955  mean=0.7796±0.2700  [p25=0.7387, p75=0.9538]
[eval] source=sagid     recall: n= 169  med=0.9453  mean=0.8676±0.1926  [p25=0.8687, p75=0.9736]
[eval] source=tgif2: n_splice=400 n_real=34
[eval] source=tgif2         f1: n= 400  med=0.0974  mean=0.2261±0.2956  [p25=0.0000, p75=0.3071]
[eval] source=tgif2        iou: n= 400  med=0.0512  mean=0.1711±0.2651  [p25=0.0000, p75=0.1814]
[eval] source=tgif2  precision: n= 400  med=0.0525  mean=0.2031±0.3243  [p25=0.0000, p75=0.1976]
[eval] source=tgif2     recall: n= 400  med=0.8274  mean=0.5915±0.4325  [p25=0.0000, p75=0.9950]
[eval] ─── by subgroup (4 cells) ───
[eval] subgroup=flux1dev|fr|random (n_splice=100 n_real=0):
[eval] subgroup=flux1dev|fr|random         f1: n= 100  med=0.1727  mean=0.2829±0.3095  [p25=0.0176, p75=0.4407]
[eval] subgroup=flux1dev|fr|random        iou: n= 100  med=0.0945  mean=0.2138±0.2761  [p25=0.0089, p75=0.2827]
[eval] subgroup=flux1dev|fr|random  precision: n= 100  med=0.0997  mean=0.2585±0.3420  [p25=0.0091, p75=0.2988]
[eval] subgroup=flux1dev|fr|random     recall: n= 100  med=0.7666  mean=0.5996±0.4046  [p25=0.1335, p75=0.9868]
[eval] subgroup=flux1dev|fr|semantic (n_splice=100 n_real=0):
[eval] subgroup=flux1dev|fr|semantic         f1: n= 100  med=0.0552  mean=0.1494±0.2454  [p25=0.0000, p75=0.1569]
[eval] subgroup=flux1dev|fr|semantic        iou: n= 100  med=0.0284  mean=0.1088±0.2133  [p25=0.0000, p75=0.0851]
[eval] subgroup=flux1dev|fr|semantic  precision: n= 100  med=0.0289  mean=0.1234±0.2528  [p25=0.0000, p75=0.0851]
[eval] subgroup=flux1dev|fr|semantic     recall: n= 100  med=0.6765  mean=0.5199±0.4599  [p25=0.0000, p75=0.9942]
[eval] subgroup=flux1dev|sp|random (n_splice=100 n_real=0):
[eval] subgroup=flux1dev|sp|random         f1: n= 100  med=0.2169  mean=0.3374±0.3303  [p25=0.0568, p75=0.5028]
[eval] subgroup=flux1dev|sp|random        iou: n= 100  med=0.1216  mean=0.2644±0.3132  [p25=0.0292, p75=0.3359]
[eval] subgroup=flux1dev|sp|random  precision: n= 100  med=0.1232  mean=0.3162±0.3810  [p25=0.0294, p75=0.5091]
[eval] subgroup=flux1dev|sp|random     recall: n= 100  med=0.9155  mean=0.6991±0.3789  [p25=0.4659, p75=1.0000]
[eval] subgroup=flux1dev|sp|semantic (n_splice=100 n_real=0):
[eval] subgroup=flux1dev|sp|semantic         f1: n= 100  med=0.0534  mean=0.1345±0.2336  [p25=0.0000, p75=0.1365]
[eval] subgroup=flux1dev|sp|semantic        iou: n= 100  med=0.0274  mean=0.0974±0.2037  [p25=0.0000, p75=0.0732]
[eval] subgroup=flux1dev|sp|semantic  precision: n= 100  med=0.0274  mean=0.1142±0.2540  [p25=0.0000, p75=0.0737]
[eval] subgroup=flux1dev|sp|semantic     recall: n= 100  med=0.8115  mean=0.5474±0.4592  [p25=0.0000, p75=0.9928]
[eval]   casia image_auc=0.9719 (n=56)
[eval]   coco_inpaint image_auc=1.0000 (n=252)
[eval]   imd2020 image_auc=0.9575 (n=212)
[eval]   sagid image_auc=0.9926 (n=338)
[eval]   tgif2 image_auc=0.7024 (n=434)
[eval] epoch=6 val_f1_mean=0.4457
[ckpt] saved epoch=6 → /media/ssd/runs/ablation/lora_rank_sweep/r064/epoch_0006.pt
[ckpt] no improvement  patience_left=1  best=0.4807
[train] epoch=7 step=20 loss=0.7419 bce=0.1399 cont=0.3010 lr=5.60e-05
[train] epoch=7 step=40 loss=0.6650 bce=0.1096 cont=0.2777 lr=5.45e-05
[train] epoch=7 step=60 loss=0.6245 bce=0.0826 cont=0.2710 lr=5.30e-05
[train] epoch=7 step=80 loss=0.5968 bce=0.0690 cont=0.2639 lr=5.15e-05
[train] epoch=7 step=100 loss=0.5946 bce=0.0624 cont=0.2661 lr=5.01e-05
[train] epoch=7 step=120 loss=0.6080 bce=0.0758 cont=0.2661 lr=4.86e-05
[train] epoch=7 step=140 loss=0.6070 bce=0.0793 cont=0.2639 lr=4.72e-05
[train] epoch=7 step=160 loss=0.6064 bce=0.0796 cont=0.2634 lr=4.58e-05
[train] epoch=7 step=180 loss=0.6004 bce=0.0774 cont=0.2615 lr=4.44e-05
[train] epoch=7 step=200 loss=0.6051 bce=0.0782 cont=0.2635 lr=4.31e-05
[train] epoch=7 step=220 loss=0.5975 bce=0.0757 cont=0.2609 lr=4.18e-05
[train] epoch=7 step=240 loss=0.5993 bce=0.0791 cont=0.2601 lr=4.05e-05
[train] epoch=7 step=260 loss=0.6025 bce=0.0801 cont=0.2612 lr=3.92e-05
[train] epoch=7 step=280 loss=0.6019 bce=0.0810 cont=0.2605 lr=3.79e-05
[train] epoch=7 step=300 loss=0.6024 bce=0.0787 cont=0.2618 lr=3.67e-05
[train] epoch=7 step=320 loss=0.6030 bce=0.0798 cont=0.2616 lr=3.54e-05
[train] epoch=7 step=340 loss=0.6031 bce=0.0796 cont=0.2617 lr=3.43e-05
[train] epoch=7 step=360 loss=0.6017 bce=0.0771 cont=0.2623 lr=3.31e-05
[train] epoch=7 loss=0.6032 bce=0.0785 cont=0.2624 patch=0.0000
[eval] ─── summary: n_splice=894 n_real=398 ───
[eval] image_auc: 0.8755
[eval] splices (all):
[eval] all         f1: n= 894  med=0.4172  mean=0.4552±0.3732  [p25=0.0684, p75=0.8437]
[eval] all        iou: n= 894  med=0.2636  mean=0.3782±0.3489  [p25=0.0354, p75=0.7297]
[eval] all  precision: n= 894  med=0.2788  mean=0.4301±0.3942  [p25=0.0356, p75=0.8649]
[eval] all     recall: n= 894  med=0.9116  mean=0.7534±0.3288  [p25=0.6619, p75=0.9820]
[eval] splices bucket=tiny (n=310):
[eval] bucket=tiny         f1: n= 310  med=0.0553  mean=0.1400±0.2342  [p25=0.0177, p75=0.1113]
[eval] bucket=tiny        iou: n= 310  med=0.0284  mean=0.1002±0.2002  [p25=0.0089, p75=0.0589]
[eval] bucket=tiny  precision: n= 310  med=0.0287  mean=0.1048±0.2134  [p25=0.0090, p75=0.0590]
[eval] bucket=tiny     recall: n= 310  med=0.9072  mean=0.6962±0.3929  [p25=0.4569, p75=1.0000]
[eval] splices bucket=small (n=310):
[eval] bucket=small         f1: n= 310  med=0.5371  mean=0.5052±0.3374  [p25=0.1843, p75=0.8317]
[eval] bucket=small        iou: n= 310  med=0.3672  mean=0.4097±0.3208  [p25=0.1015, p75=0.7118]
[eval] bucket=small  precision: n= 310  med=0.3974  mean=0.4516±0.3572  [p25=0.1062, p75=0.8325]
[eval] bucket=small     recall: n= 310  med=0.9215  mean=0.7758±0.3139  [p25=0.7091, p75=0.9804]
[eval] splices bucket=medium (n=174):
[eval] bucket=medium         f1: n= 174  med=0.8015  mean=0.7105±0.2690  [p25=0.5624, p75=0.9244]
[eval] bucket=medium        iou: n= 174  med=0.6688  mean=0.6091±0.2836  [p25=0.3912, p75=0.8595]
[eval] bucket=medium  precision: n= 174  med=0.8649  mean=0.7124±0.3057  [p25=0.5083, p75=0.9485]
[eval] bucket=medium     recall: n= 174  med=0.9177  mean=0.7807±0.2697  [p25=0.6476, p75=0.9702]
[eval] splices bucket=large (n=100):
[eval] bucket=large         f1: n= 100  med=0.8614  mean=0.8336±0.1548  [p25=0.7877, p75=0.9560]
[eval] bucket=large        iou: n= 100  med=0.7565  mean=0.7402±0.1958  [p25=0.6498, p75=0.9158]
[eval] bucket=large  precision: n= 100  med=0.9315  mean=0.8809±0.1357  [p25=0.8265, p75=0.9697]
[eval] bucket=large     recall: n= 100  med=0.8849  mean=0.8142±0.1984  [p25=0.7241, p75=0.9759]
[eval] reals accuracy: n= 398  med=0.4216  mean=0.4743±0.1670  [p25=0.3307, p75=0.6311]
[eval] source=casia: n_splice=28 n_real=28
[eval] source=casia         f1: n=  28  med=0.7048  mean=0.5248±0.4030  [p25=0.0711, p75=0.8996]
[eval] source=casia        iou: n=  28  med=0.5555  mean=0.4606±0.3861  [p25=0.0369, p75=0.8177]
[eval] source=casia  precision: n=  28  med=0.7651  mean=0.4948±0.4084  [p25=0.0370, p75=0.8750]
[eval] source=casia     recall: n=  28  med=0.9367  mean=0.8490±0.2565  [p25=0.8806, p75=0.9806]
[eval] source=coco_inpaint: n_splice=126 n_real=126
[eval] source=coco_inpaint         f1: n= 126  med=0.7716  mean=0.7126±0.2008  [p25=0.6706, p75=0.8425]
[eval] source=coco_inpaint        iou: n= 126  med=0.6282  mean=0.5846±0.2020  [p25=0.5044, p75=0.7279]
[eval] source=coco_inpaint  precision: n= 126  med=0.7635  mean=0.7023±0.2411  [p25=0.5977, p75=0.8864]
[eval] source=coco_inpaint     recall: n= 126  med=0.8578  mean=0.8061±0.1864  [p25=0.7043, p75=0.9521]
[eval] source=imd2020: n_splice=171 n_real=41
[eval] source=imd2020         f1: n= 171  med=0.3056  mean=0.4112±0.3553  [p25=0.0641, p75=0.7995]
[eval] source=imd2020        iou: n= 171  med=0.1804  mean=0.3312±0.3266  [p25=0.0331, p75=0.6659]
[eval] source=imd2020  precision: n= 171  med=0.1804  mean=0.3599±0.3582  [p25=0.0332, p75=0.7371]
[eval] source=imd2020     recall: n= 171  med=0.9296  mean=0.8282±0.2553  [p25=0.8196, p75=0.9766]
[eval] source=sagid: n_splice=169 n_real=169
[eval] source=sagid         f1: n= 169  med=0.8926  mean=0.8074±0.2200  [p25=0.7625, p75=0.9528]
[eval] source=sagid        iou: n= 169  med=0.8060  mean=0.7219±0.2474  [p25=0.6161, p75=0.9098]
[eval] source=sagid  precision: n= 169  med=0.8971  mean=0.7970±0.2425  [p25=0.7601, p75=0.9512]
[eval] source=sagid     recall: n= 169  med=0.9573  mean=0.8948±0.1493  [p25=0.8881, p75=0.9796]
[eval] source=tgif2: n_splice=400 n_real=34
[eval] source=tgif2         f1: n= 400  med=0.0958  mean=0.2393±0.3029  [p25=0.0202, p75=0.3208]
[eval] source=tgif2        iou: n= 400  med=0.0503  mean=0.1822±0.2722  [p25=0.0102, p75=0.1910]
[eval] source=tgif2  precision: n= 400  med=0.0535  mean=0.2149±0.3296  [p25=0.0104, p75=0.2028]
[eval] source=tgif2     recall: n= 400  med=0.8564  mean=0.6385±0.4041  [p25=0.1978, p75=1.0000]
[eval] ─── by subgroup (4 cells) ───
[eval] subgroup=flux1dev|fr|random (n_splice=100 n_real=0):
[eval] subgroup=flux1dev|fr|random         f1: n= 100  med=0.1537  mean=0.2866±0.3015  [p25=0.0481, p75=0.4456]
[eval] subgroup=flux1dev|fr|random        iou: n= 100  med=0.0832  mean=0.2144±0.2712  [p25=0.0247, p75=0.2868]
[eval] subgroup=flux1dev|fr|random  precision: n= 100  med=0.0835  mean=0.2503±0.3259  [p25=0.0248, p75=0.2963]
[eval] subgroup=flux1dev|fr|random     recall: n= 100  med=0.8339  mean=0.6763±0.3586  [p25=0.4613, p75=1.0000]
[eval] subgroup=flux1dev|fr|semantic (n_splice=100 n_real=0):
[eval] subgroup=flux1dev|fr|semantic         f1: n= 100  med=0.0499  mean=0.1643±0.2576  [p25=0.0000, p75=0.1946]
[eval] subgroup=flux1dev|fr|semantic        iou: n= 100  med=0.0256  mean=0.1202±0.2208  [p25=0.0000, p75=0.1078]
[eval] subgroup=flux1dev|fr|semantic  precision: n= 100  med=0.0273  mean=0.1427±0.2751  [p25=0.0000, p75=0.1078]
[eval] subgroup=flux1dev|fr|semantic     recall: n= 100  med=0.8801  mean=0.6069±0.4414  [p25=0.0000, p75=1.0000]
[eval] subgroup=flux1dev|sp|random (n_splice=100 n_real=0):
[eval] subgroup=flux1dev|sp|random         f1: n= 100  med=0.2200  mean=0.3510±0.3403  [p25=0.0640, p75=0.5827]
[eval] subgroup=flux1dev|sp|random        iou: n= 100  med=0.1236  mean=0.2789±0.3236  [p25=0.0330, p75=0.4114]
[eval] subgroup=flux1dev|sp|random  precision: n= 100  med=0.1391  mean=0.3311±0.3862  [p25=0.0336, p75=0.8433]
[eval] subgroup=flux1dev|sp|random     recall: n= 100  med=0.9044  mean=0.7022±0.3599  [p25=0.4403, p75=1.0000]
[eval] subgroup=flux1dev|sp|semantic (n_splice=100 n_real=0):
[eval] subgroup=flux1dev|sp|semantic         f1: n= 100  med=0.0513  mean=0.1553±0.2580  [p25=0.0020, p75=0.1449]
[eval] subgroup=flux1dev|sp|semantic        iou: n= 100  med=0.0263  mean=0.1154±0.2252  [p25=0.0010, p75=0.0781]
[eval] subgroup=flux1dev|sp|semantic  precision: n= 100  med=0.0268  mean=0.1353±0.2777  [p25=0.0012, p75=0.0781]
[eval] subgroup=flux1dev|sp|semantic     recall: n= 100  med=0.7172  mean=0.5685±0.4345  [p25=0.0077, p75=1.0000]
[eval]   casia image_auc=0.9681 (n=56)
[eval]   coco_inpaint image_auc=1.0000 (n=252)
[eval]   imd2020 image_auc=0.9578 (n=212)
[eval]   sagid image_auc=0.9942 (n=338)
[eval]   tgif2 image_auc=0.7123 (n=434)
[eval] epoch=7 val_f1_mean=0.4552
[ckpt] saved epoch=7 → /media/ssd/runs/ablation/lora_rank_sweep/r064/epoch_0007.pt
[ckpt] no improvement  patience_left=0  best=0.4807
[train] early stop at epoch=7  best_val_f1_mean=0.4807
[train] done  best_val_f1_mean=0.4807
