# ============================================================
# log opened  pid=3432449  ts=2026-07-10T03:46:16  git=f7cf733
# python=3.10.12  torch=2.7.1+cu118  device=NVIDIA GeForce RTX 2080 Ti 10.6GB  n_gpu=2
# cmd: /home/fri-team-4/fri-team4/DINO_SCOPE_July/experiments/labs/probe_manifest.py --ai_interior_root /media/ssd/DINO_SCOPE_DATA/SAGI_D --ai_boundary_root /media/ssd/DINO_SCOPE_DATA/SAGI_D --real_crop_root /media/ssd/DINO_SCOPE_DATA/SAGI_D --sp_interior_root /media/ssd/DINO_SCOPE_DATA/IMD2020 --sp_boundary_root /media/ssd/DINO_SCOPE_DATA/IMD2020 --fr_bg_matched_root /media/ssd/DINO_SCOPE_DATA/content/flux_originals --ai_interior_tgif_root /media/ssd/DINO_SCOPE_DATA/content/flux_originals --ai_boundary_tgif_root /media/ssd/DINO_SCOPE_DATA/content/flux_originals --real_crop_tgif_root /media/ssd/DINO_SCOPE_DATA/content/flux_originals --image_size 448 --patch_size 16 --out_csv results/bce_emergence/probe_manifest2.csv
# ============================================================
[data] Indexing inpaint (sagid): /media/ssd/DINO_SCOPE_DATA/SAGI_D
[data] sagid train kept=3046 dropped=0/3046 warns=warn_mask_native_resize:4
[data] sagid val kept=338 dropped=0/338 warns=warn_mask_native_resize:2
[data] inpaint sagid: train=3046 val=338 triplets=1692 unmatched_mods=0
[data] ai_interior (sagid @ /media/ssd/DINO_SCOPE_DATA/SAGI_D): 50 probes from 169/169 parents scanned (gated=140, available_in_scanned=50, stopped_early=False, spec=v5)
[probe] ai_interior: 50 val items
[data] Indexing inpaint (sagid): /media/ssd/DINO_SCOPE_DATA/SAGI_D
[data] sagid train kept=3046 dropped=0/3046 warns=warn_mask_native_resize:4
[data] sagid val kept=338 dropped=0/338 warns=warn_mask_native_resize:2
[data] inpaint sagid: train=3046 val=338 triplets=1692 unmatched_mods=0
[data] ai_boundary (sagid @ /media/ssd/DINO_SCOPE_DATA/SAGI_D): 300 probes from 169/169 parents scanned (gated=29, available_in_scanned=590, stopped_early=False, spec=v5)
[probe] ai_boundary: 300 val items
[data] Indexing IMD2020: /media/ssd/DINO_SCOPE_DATA/IMD2020
[data] imd2020 train kept=0 dropped=0/0
[data] imd2020 val kept=2401 dropped=23/2424 reasons=mask_area_too_small:23
[data] IMD2020: train=0 val=2401 real_cases=414 splices=2010 skipped_unmasked=0
[data] sp_interior (imd2020 @ /media/ssd/DINO_SCOPE_DATA/IMD2020): 120 probes from 1987/1987 parents scanned (gated=1892, available_in_scanned=120, stopped_early=False, spec=v5)
[probe] sp_interior: 120 val items
[data] Indexing IMD2020: /media/ssd/DINO_SCOPE_DATA/IMD2020
[data] imd2020 train kept=0 dropped=0/0
[data] imd2020 val kept=2401 dropped=23/2424 reasons=mask_area_too_small:23
[data] IMD2020: train=0 val=2401 real_cases=414 splices=2010 skipped_unmasked=0
[data] sp_boundary (imd2020 @ /media/ssd/DINO_SCOPE_DATA/IMD2020): 300 probes from 551/1987 parents scanned (gated=251, available_in_scanned=1254, stopped_early=True, spec=v5)
[probe] sp_boundary: 300 val items
[data] Indexing tgif2 (341 coco_ids): /media/ssd/DINO_SCOPE_DATA/content/flux_originals/tgif2_index.json
[data] tgif2 train kept=0 dropped=0/0
[data] tgif2 val kept=9547 dropped=1/9548 reasons=image_corrupt:1
[data] tgif2: train=0 val=9547 coco_ids=341 train_frac=0.0 max_per_cell=None eval_per_cell=None types=['sp']
[data] ai_interior (tgif2 @ /media/ssd/DINO_SCOPE_DATA/content/flux_originals): 300 probes from 2818/9206 parents scanned (gated=2518, available_in_scanned=358, stopped_early=True, spec=v5)
[data] fr_bg_matched: size pool from ai_interior ref (n=300, median side=262px)
[data] Indexing tgif2 (341 coco_ids): /media/ssd/DINO_SCOPE_DATA/content/flux_originals/tgif2_index.json
[data] tgif2 train kept=0 dropped=0/0
[data] tgif2 val kept=9059 dropped=489/9548 reasons=image_corrupt:1,image_degenerate:272,mask_aspect_misaligned:216 warns=warn_mask_native_resize:6147
[data] tgif2: train=0 val=9059 coco_ids=341 train_frac=0.0 max_per_cell=None eval_per_cell=None types=['fr']
[data] fr_bg_matched (tgif2 @ /media/ssd/DINO_SCOPE_DATA/content/flux_originals): 300 probes from 300/8718 parents scanned (gated=0, available_in_scanned=2112, stopped_early=True, spec=v5)
[probe] fr_bg_matched: 300 val items
[data] Indexing inpaint (sagid): /media/ssd/DINO_SCOPE_DATA/SAGI_D
[data] sagid train kept=3046 dropped=0/3046 warns=warn_mask_native_resize:4
[data] sagid val kept=338 dropped=0/338 warns=warn_mask_native_resize:2
[data] inpaint sagid: train=3046 val=338 triplets=1692 unmatched_mods=0
[data] real_crop (sagid @ /media/ssd/DINO_SCOPE_DATA/SAGI_D): 50 probes from 169/169 parents scanned (gated=140, unpaired=0, available_in_scanned=50, stopped_early=False, spec=v5)
[probe] real_crop: 50 val items
[data] Indexing tgif2 (341 coco_ids): /media/ssd/DINO_SCOPE_DATA/content/flux_originals/tgif2_index.json
[data] tgif2 train kept=0 dropped=0/0
[data] tgif2 val kept=9547 dropped=1/9548 reasons=image_corrupt:1
[data] tgif2: train=0 val=9547 coco_ids=341 train_frac=0.0 max_per_cell=None eval_per_cell=None types=['sp']
[data] ai_interior (tgif2 @ /media/ssd/DINO_SCOPE_DATA/content/flux_originals): 300 probes from 2818/9206 parents scanned (gated=2518, available_in_scanned=358, stopped_early=True, spec=v5)
[probe] ai_interior_tgif: 300 val items
[data] Indexing tgif2 (341 coco_ids): /media/ssd/DINO_SCOPE_DATA/content/flux_originals/tgif2_index.json
[data] tgif2 train kept=0 dropped=0/0
[data] tgif2 val kept=9547 dropped=1/9548 reasons=image_corrupt:1
[data] tgif2: train=0 val=9547 coco_ids=341 train_frac=0.0 max_per_cell=None eval_per_cell=None types=['sp']
[data] ai_boundary (tgif2 @ /media/ssd/DINO_SCOPE_DATA/content/flux_originals): 300 probes from 426/9206 parents scanned (gated=126, available_in_scanned=1129, stopped_early=True, spec=v5)
[probe] ai_boundary_tgif: 300 val items
[data] Indexing tgif2 (341 coco_ids): /media/ssd/DINO_SCOPE_DATA/content/flux_originals/tgif2_index.json
[data] tgif2 train kept=0 dropped=0/0
[data] tgif2 val kept=9547 dropped=1/9548 reasons=image_corrupt:1
[data] tgif2: train=0 val=9547 coco_ids=341 train_frac=0.0 max_per_cell=None eval_per_cell=None types=['sp']
[data] real_crop (tgif2 @ /media/ssd/DINO_SCOPE_DATA/content/flux_originals): 300 probes from 2818/9206 parents scanned (gated=2518, unpaired=0, available_in_scanned=358, stopped_early=True, spec=v5)
[probe] real_crop_tgif: 300 val items
[probe] wrote 2020 rows -> results/bce_emergence/probe_manifest2.csv (spec=v3)
[probe] pairing: ai_interior=350 real_crop=350 matched=350 (ai-only=0, rc-only=0)
