===== [2026-06-21T14:34:12] orchestrate launch: /home/fri-team-4/dino_venv/bin/python -m experiments.scripts.train --device cuda --imd2020_root /media/ssd/DINO_SCOPE_DATA/IMD2020 --casia_root /media/ssd/DINO_SCOPE_DATA/casia --sagid_root /media/ssd/DINO_SCOPE_DATA/SAGI_D --coco_inpaint_root /media/ssd/DINO_SCOPE_DATA/INPAINT_COCO/content/inpaint_coco/images --tgif2_root /media/ssd/DINO_SCOPE_DATA/content/flux_originals --casia_train --imd_val_only --lora_rank 32 --lora_alpha 64 --contrastive_dim 64 --pool_hidden 256 --lambda_image_bce 1.0 --lambda_contrastive 2.0 --paste_frac 0.5 --noise_prob 0.8 --jpeg_prob 0.55 --train_samples 3000 --num_workers 4 --num_epochs 10 --min_epochs 5 --warmup_epochs 1.0 --early_stop_patience 2 --early_stop_reduce mean --tgif_val_models flux1dev --val_per_cell 100 --image_size 448 --batch_size 8 --grad_accum 1 --checkpoint_root /media/ssd/runs/ablation/res_sweep/res_448 =====
[cfg] ── dataset roots ──
[cfg]   imd2020_root=/media/ssd/DINO_SCOPE_DATA/IMD2020
[cfg]   casia_root=/media/ssd/DINO_SCOPE_DATA/casia
[cfg]   indoor_root=None
[cfg]   coco_inpaint_root=/media/ssd/DINO_SCOPE_DATA/INPAINT_COCO/content/inpaint_coco/images
[cfg]   sagid_root=/media/ssd/DINO_SCOPE_DATA/SAGI_D
[cfg]   bfree_root=None
[cfg]   anyedit_root=None
[cfg]   tgif2_root=/media/ssd/DINO_SCOPE_DATA/content/flux_originals
[cfg] ── checkpoint ──
[cfg]   run_dir=/media/ssd/runs/ablation/res_sweep/res_448
[cfg]   resume=None
[cfg]   init_weights=None
[cfg]   seed=42
[cfg]   log_every=20
[cfg] ── training loop ──
[cfg]   num_epochs=10
[cfg]   warmup_epochs=1
[cfg]   early_stop_patience=2
[cfg]   early_stop_min_delta=0.002
[cfg]   min_epochs=5
[cfg]   early_stop_reduce=mean
[cfg]   batch_size=8
[cfg]   grad_accum=1
[cfg]   lr=0.0002
[cfg]   weight_decay=0.0001
[cfg]   train_samples=3000
[cfg]   num_workers=4
[cfg]   persistent_workers=false
[cfg]   prefetch_factor=None
[cfg] ── model ──
[cfg]   model_name=facebook/dinov3-vith16plus-pretrain-lvd1689m
[cfg]   image_size=448
[cfg]   patch_size=16
[cfg]   lora_rank=32
[cfg]   lora_alpha=64
[cfg]   lora_dropout=0.1
[cfg]   contrastive_dim=64
[cfg]   pool_hidden=256
[cfg]   patch_bce=false
[cfg] ── loss lambdas ──
[cfg]   lambda_image_bce=1
[cfg]   lambda_contrastive=2
[cfg]   lambda_patch_bce=1
[cfg]   patch_pos_weight=10
[cfg] ── data / sampling ──
[cfg]   splice_mix=None
[cfg]   casia_train=true
[cfg]   imd_val_only=true
[cfg] ── augmentation ──
[cfg]   train_crop_min=0.18
[cfg]   train_crop_max=1
[cfg]   train_crop_ratio_min=0.6
[cfg]   train_crop_ratio_max=1.7
[cfg]   use_splice_degradation=false
[cfg]   use_real_degradation=None
[cfg]   paste_frac=0.5
[cfg]   noise_prob=0.8
[cfg]   jpeg_prob=0.55
[cfg]   whole_corrupt_prob=0
[cfg]   oracle_crop=false
[cfg] ── recipe / tgif-finetune ──
[cfg]   recipe=standard
[cfg]   init_checkpoint=None
[cfg]   eval_per_cell=500
[cfg]   val_per_cell=100
[cfg]   imd_max_items=None
[cfg]   val_zoom=false
[cfg]   val_zoom_pad_frac=None
[cfg]   val_zoom_min_area=0
[cfg]   tgif_val_models=('flux1dev',)
[cfg]   tgif_types=None
[cfg]   tgif_eval_decoders=('kmeans', 'hdbscan')
[cfg]   primary_surface=imd
[cfg] ── hardware ──
[cfg]   device=cuda:0
[cfg]   use_amp=true
[cfg]   amp_dtype=fp16
[cfg]   world_size=1
[cfg]   rank=0
[cfg]   gpu_name=NVIDIA GeForce RTX 2080 Ti
[cfg]   compute_cap=7.5

Loading weights:   0%|          | 0/615 [00:00<?, ?it/s]
Loading weights: 100%|██████████| 615/615 [00:00<00:00, 9034.29it/s]
trainable params: 23,592,960 || all params: 864,185,600 || trainable%: 2.7301
/home/fri-team-4/fri-team4/DINO_SCOPE_final/experiments/scripts/train.py:364: FutureWarning: `torch.cuda.amp.GradScaler(args...)` is deprecated. Please use `torch.amp.GradScaler('cuda', args...)` instead.
  scaler    = torch.cuda.amp.GradScaler(enabled=cfg.use_amp)
[data] Indexing IMD2020: /media/ssd/DINO_SCOPE_DATA/IMD2020
[data] imd2020 train kept=2189 dropped=21/2210 reasons=mask_area_too_small:21
[data] imd2020 val kept=212 dropped=2/214 reasons=mask_area_too_small:2
[data] IMD2020: train=2189 val=212 real_cases=414 splices=2010 skipped_unmasked=0
[data] Indexing CASIA: /media/ssd/DINO_SCOPE_DATA/casia
[data] casia train kept=4423 dropped=21/4444 reasons=mask_area_too_small:21
[data] casia val kept=56 dropped=0/56
[data] CASIA: train=4423 val=56 triplets=2810 discarded=560 malformed=0
[data] Indexing inpaint (coco_inpaint): /media/ssd/DINO_SCOPE_DATA/INPAINT_COCO/content/inpaint_coco/images
[data] coco_inpaint train kept=2265 dropped=3/2268 reasons=mask_area_too_large:3
[data] coco_inpaint val kept=252 dropped=0/252
[data] inpaint coco_inpaint: train=2265 val=252 triplets=1260 unmatched_mods=0
[data] Indexing inpaint (sagid): /media/ssd/DINO_SCOPE_DATA/SAGI_D
[data] sagid train kept=3046 dropped=0/3046
[data] sagid val kept=338 dropped=0/338
[data] inpaint sagid: train=3046 val=338 triplets=1692 unmatched_mods=0
[data] Indexing tgif2 (341 coco_ids): /media/ssd/DINO_SCOPE_DATA/content/flux_originals/tgif2_index.json
[data] tgif2 train kept=16653 dropped=232/16885 reasons=image_corrupt:1,image_degenerate:231
[data] tgif2 val kept=1206 dropped=28/1234 reasons=image_degenerate:28
[data] tgif2: train=16653 val=1206 coco_ids=341 train_frac=0.0 max_per_cell=None eval_per_cell=100
[data] tgif2 → val: 434 items (34 real) models=['flux1dev'] per_cell=100 cells=['flux1dev|fr|random', 'flux1dev|fr|semantic', 'flux1dev|sp|random', 'flux1dev|sp|semantic']
[data] train epoch capped at 3000/9734 samples
[train] LR warmup=375 steps (~1.00 ep) → cosine over 3375 steps eta_min=1.00e-05
[train] epoch=0 step=20 loss=1.5381 bce=0.6912 cont=0.4234 lr=1.26e-05
[train] epoch=0 step=40 loss=1.5398 bce=0.6905 cont=0.4247 lr=2.31e-05
[train] epoch=0 step=60 loss=1.5325 bce=0.6913 cont=0.4206 lr=3.37e-05
[train] epoch=0 step=80 loss=1.5207 bce=0.6911 cont=0.4148 lr=4.42e-05
[train] epoch=0 step=100 loss=1.5211 bce=0.6915 cont=0.4148 lr=5.48e-05
[train] epoch=0 step=120 loss=1.5148 bce=0.6913 cont=0.4117 lr=6.54e-05
[train] epoch=0 step=140 loss=1.5056 bce=0.6913 cont=0.4071 lr=7.59e-05
[train] epoch=0 step=160 loss=1.5001 bce=0.6898 cont=0.4051 lr=8.65e-05
[train] epoch=0 step=180 loss=1.4932 bce=0.6889 cont=0.4022 lr=9.70e-05
[train] epoch=0 step=200 loss=1.4901 bce=0.6850 cont=0.4026 lr=1.08e-04
[train] epoch=0 step=220 loss=1.4725 bce=0.6704 cont=0.4010 lr=1.18e-04
[train] epoch=0 step=240 loss=1.4453 bce=0.6420 cont=0.4017 lr=1.29e-04
[train] epoch=0 step=260 loss=1.4121 bce=0.6088 cont=0.4017 lr=1.39e-04
[train] epoch=0 step=280 loss=1.3895 bce=0.5867 cont=0.4014 lr=1.50e-04
[train] epoch=0 step=300 loss=1.3705 bce=0.5715 cont=0.3995 lr=1.60e-04
[train] epoch=0 step=320 loss=1.3491 bce=0.5527 cont=0.3982 lr=1.71e-04
[train] epoch=0 step=340 loss=1.3219 bce=0.5301 cont=0.3959 lr=1.82e-04
[train] epoch=0 step=360 loss=1.3009 bce=0.5137 cont=0.3936 lr=1.92e-04
[train] epoch=0 loss=1.2890 bce=0.5042 cont=0.3924 patch=0.0000
[eval] ─── summary: n_splice=894 n_real=398 ───
[eval] image_auc: 0.8329
[eval] splices (all):
[eval] all         f1: n= 894  med=0.3460  mean=0.4212±0.3590  [p25=0.0502, p75=0.8072]
[eval] all        iou: n= 894  med=0.2092  mean=0.3410±0.3305  [p25=0.0257, p75=0.6767]
[eval] all  precision: n= 894  med=0.2397  mean=0.3858±0.3736  [p25=0.0283, p75=0.8019]
[eval] all     recall: n= 894  med=0.8867  mean=0.7145±0.3414  [p25=0.5415, p75=0.9759]
[eval] splices bucket=tiny (n=310):
[eval] bucket=tiny         f1: n= 310  med=0.0487  mean=0.1624±0.2578  [p25=0.0165, p75=0.1268]
[eval] bucket=tiny        iou: n= 310  med=0.0250  mean=0.1189±0.2196  [p25=0.0083, p75=0.0677]
[eval] bucket=tiny  precision: n= 310  med=0.0250  mean=0.1285±0.2438  [p25=0.0086, p75=0.0697]
[eval] bucket=tiny     recall: n= 310  med=0.9135  mean=0.6723±0.3918  [p25=0.2692, p75=1.0000]
[eval] splices bucket=small (n=310):
[eval] bucket=small         f1: n= 310  med=0.3807  mean=0.4389±0.3219  [p25=0.1724, p75=0.7656]
[eval] bucket=small        iou: n= 310  med=0.2351  mean=0.3421±0.2996  [p25=0.0943, p75=0.6202]
[eval] bucket=small  precision: n= 310  med=0.2538  mean=0.3715±0.3265  [p25=0.0960, p75=0.7091]
[eval] bucket=small     recall: n= 310  med=0.9009  mean=0.7256±0.3420  [p25=0.5847, p75=0.9727]
[eval] splices bucket=medium (n=174):
[eval] bucket=medium         f1: n= 174  med=0.7603  mean=0.6539±0.2987  [p25=0.4640, p75=0.9076]
[eval] bucket=medium        iou: n= 174  med=0.6133  mean=0.5512±0.2994  [p25=0.3022, p75=0.8308]
[eval] bucket=medium  precision: n= 174  med=0.7847  mean=0.6351±0.3355  [p25=0.3597, p75=0.9350]
[eval] bucket=medium     recall: n= 174  med=0.8545  mean=0.7435±0.2811  [p25=0.6341, p75=0.9482]
[eval] splices bucket=large (n=100):
[eval] bucket=large         f1: n= 100  med=0.8316  mean=0.7635±0.2222  [p25=0.6657, p75=0.9273]
[eval] bucket=large        iou: n= 100  med=0.7117  mean=0.6607±0.2461  [p25=0.4989, p75=0.8645]
[eval] bucket=large  precision: n= 100  med=0.8825  mean=0.7935±0.2386  [p25=0.7044, p75=0.9750]
[eval] bucket=large     recall: n= 100  med=0.8269  mean=0.7607±0.2384  [p25=0.6512, p75=0.9614]
[eval] reals accuracy: n= 398  med=0.4522  mean=0.4579±0.1957  [p25=0.3039, p75=0.5992]
[eval] source=casia: n_splice=28 n_real=28
[eval] source=casia         f1: n=  28  med=0.8026  mean=0.5203±0.4028  [p25=0.0452, p75=0.8807]
[eval] source=casia        iou: n=  28  med=0.6706  mean=0.4528±0.3734  [p25=0.0232, p75=0.7868]
[eval] source=casia  precision: n=  28  med=0.7616  mean=0.5025±0.4066  [p25=0.0293, p75=0.8799]
[eval] source=casia     recall: n=  28  med=0.9285  mean=0.7584±0.3621  [p25=0.8495, p75=0.9867]
[eval] source=coco_inpaint: n_splice=126 n_real=126
[eval] source=coco_inpaint         f1: n= 126  med=0.6411  mean=0.5932±0.2321  [p25=0.4684, p75=0.7675]
[eval] source=coco_inpaint        iou: n= 126  med=0.4718  mean=0.4576±0.2213  [p25=0.3058, p75=0.6227]
[eval] source=coco_inpaint  precision: n= 126  med=0.5481  mean=0.5523±0.2861  [p25=0.3522, p75=0.7830]
[eval] source=coco_inpaint     recall: n= 126  med=0.8405  mean=0.7836±0.2008  [p25=0.6812, p75=0.9327]
[eval] source=imd2020: n_splice=171 n_real=41
[eval] source=imd2020         f1: n= 171  med=0.4695  mean=0.4621±0.3364  [p25=0.0901, p75=0.7949]
[eval] source=imd2020        iou: n= 171  med=0.3068  mean=0.3673±0.3093  [p25=0.0472, p75=0.6597]
[eval] source=imd2020  precision: n= 171  med=0.3093  mean=0.3971±0.3357  [p25=0.0473, p75=0.7319]
[eval] source=imd2020     recall: n= 171  med=0.9376  mean=0.8306±0.2611  [p25=0.8185, p75=0.9794]
[eval] source=sagid: n_splice=169 n_real=169
[eval] source=sagid         f1: n= 169  med=0.8688  mean=0.7466±0.2741  [p25=0.6495, p75=0.9371]
[eval] source=sagid        iou: n= 169  med=0.7681  mean=0.6581±0.2894  [p25=0.4810, p75=0.8816]
[eval] source=sagid  precision: n= 169  med=0.8725  mean=0.7310±0.3034  [p25=0.6399, p75=0.9423]
[eval] source=sagid     recall: n= 169  med=0.9326  mean=0.8615±0.1957  [p25=0.8407, p75=0.9735]
[eval] source=tgif2: n_splice=400 n_real=34
[eval] source=tgif2         f1: n= 400  med=0.0733  mean=0.2050±0.2781  [p25=0.0139, p75=0.2753]
[eval] source=tgif2        iou: n= 400  med=0.0381  mean=0.1513±0.2423  [p25=0.0070, p75=0.1596]
[eval] source=tgif2  precision: n= 400  med=0.0383  mean=0.1744±0.2877  [p25=0.0071, p75=0.1679]
[eval] source=tgif2     recall: n= 400  med=0.6871  mean=0.5780±0.3977  [p25=0.1781, p75=0.9843]
[eval] ─── by subgroup (4 cells) ───
[eval] subgroup=flux1dev|fr|random (n_splice=100 n_real=0):
[eval] subgroup=flux1dev|fr|random         f1: n= 100  med=0.0740  mean=0.2078±0.2805  [p25=0.0086, p75=0.2983]
[eval] subgroup=flux1dev|fr|random        iou: n= 100  med=0.0384  mean=0.1536±0.2432  [p25=0.0043, p75=0.1753]
[eval] subgroup=flux1dev|fr|random  precision: n= 100  med=0.0384  mean=0.1774±0.2878  [p25=0.0044, p75=0.1794]
[eval] subgroup=flux1dev|fr|random     recall: n= 100  med=0.3975  mean=0.4936±0.4057  [p25=0.0701, p75=0.9665]
[eval] subgroup=flux1dev|fr|semantic (n_splice=100 n_real=0):
[eval] subgroup=flux1dev|fr|semantic         f1: n= 100  med=0.0627  mean=0.1761±0.2310  [p25=0.0193, p75=0.2575]
[eval] subgroup=flux1dev|fr|semantic        iou: n= 100  med=0.0324  mean=0.1200±0.1882  [p25=0.0097, p75=0.1478]
[eval] subgroup=flux1dev|fr|semantic  precision: n= 100  med=0.0324  mean=0.1361±0.2285  [p25=0.0098, p75=0.1478]
[eval] subgroup=flux1dev|fr|semantic     recall: n= 100  med=0.8193  mean=0.6502±0.3804  [p25=0.2802, p75=1.0000]
[eval] subgroup=flux1dev|sp|random (n_splice=100 n_real=0):
[eval] subgroup=flux1dev|sp|random         f1: n= 100  med=0.0976  mean=0.2728±0.3346  [p25=0.0168, p75=0.3842]
[eval] subgroup=flux1dev|sp|random        iou: n= 100  med=0.0513  mean=0.2163±0.3035  [p25=0.0085, p75=0.2378]
[eval] subgroup=flux1dev|sp|random  precision: n= 100  med=0.0542  mean=0.2528±0.3557  [p25=0.0088, p75=0.2900]
[eval] subgroup=flux1dev|sp|random     recall: n= 100  med=0.6134  mean=0.5419±0.4014  [p25=0.1630, p75=0.9665]
[eval] subgroup=flux1dev|sp|semantic (n_splice=100 n_real=0):
[eval] subgroup=flux1dev|sp|semantic         f1: n= 100  med=0.0547  mean=0.1634±0.2414  [p25=0.0169, p75=0.1953]
[eval] subgroup=flux1dev|sp|semantic        iou: n= 100  med=0.0281  mean=0.1155±0.2041  [p25=0.0085, p75=0.1082]
[eval] subgroup=flux1dev|sp|semantic  precision: n= 100  med=0.0282  mean=0.1313±0.2450  [p25=0.0087, p75=0.1084]
[eval] subgroup=flux1dev|sp|semantic     recall: n= 100  med=0.7729  mean=0.6261±0.3826  [p25=0.2156, p75=0.9841]
[eval]   casia image_auc=0.9031 (n=56)
[eval]   coco_inpaint image_auc=0.9982 (n=252)
[eval]   imd2020 image_auc=0.9494 (n=212)
[eval]   sagid image_auc=0.9852 (n=338)
[eval]   tgif2 image_auc=0.6267 (n=434)
[eval] epoch=0 val_f1_mean=0.4212
[ckpt] saved epoch=0 → /media/ssd/runs/ablation/res_sweep/res_448/epoch_0000.pt
[ckpt] best model saved  val_f1_mean=0.4212
[train] epoch=1 step=20 loss=0.9271 bce=0.2298 cont=0.3487 lr=2.00e-04
[train] epoch=1 step=40 loss=0.8883 bce=0.2119 cont=0.3382 lr=2.00e-04
[train] epoch=1 step=60 loss=0.8914 bce=0.2020 cont=0.3447 lr=2.00e-04
[train] epoch=1 step=80 loss=0.9006 bce=0.2091 cont=0.3457 lr=2.00e-04
[train] epoch=1 step=100 loss=0.8751 bce=0.1874 cont=0.3438 lr=2.00e-04
[train] epoch=1 step=120 loss=0.8656 bce=0.1805 cont=0.3425 lr=1.99e-04
[train] epoch=1 step=140 loss=0.8699 bce=0.1897 cont=0.3401 lr=1.99e-04
[train] epoch=1 step=160 loss=0.8868 bce=0.2063 cont=0.3402 lr=1.99e-04
[train] epoch=1 step=180 loss=0.8939 bce=0.2100 cont=0.3420 lr=1.99e-04
[train] epoch=1 step=200 loss=0.8919 bce=0.2027 cont=0.3446 lr=1.98e-04
[train] epoch=1 step=220 loss=0.8922 bce=0.2072 cont=0.3425 lr=1.98e-04
[train] epoch=1 step=240 loss=0.8942 bce=0.2056 cont=0.3443 lr=1.98e-04
[train] epoch=1 step=260 loss=0.8849 bce=0.2006 cont=0.3422 lr=1.97e-04
[train] epoch=1 step=280 loss=0.8781 bce=0.1984 cont=0.3399 lr=1.97e-04
[train] epoch=1 step=300 loss=0.8835 bce=0.2024 cont=0.3405 lr=1.96e-04
[train] epoch=1 step=320 loss=0.8799 bce=0.1999 cont=0.3400 lr=1.96e-04
[train] epoch=1 step=340 loss=0.8816 bce=0.2035 cont=0.3391 lr=1.95e-04
[train] epoch=1 step=360 loss=0.8762 bce=0.2002 cont=0.3380 lr=1.95e-04
[train] epoch=1 loss=0.8780 bce=0.1993 cont=0.3394 patch=0.0000
[eval] ─── summary: n_splice=894 n_real=398 ───
[eval] image_auc: 0.8372
[eval] splices (all):
[eval] all         f1: n= 894  med=0.4927  mean=0.4708±0.3571  [p25=0.0772, p75=0.8385]
[eval] all        iou: n= 894  med=0.3269  mean=0.3845±0.3319  [p25=0.0402, p75=0.7220]
[eval] all  precision: n= 894  med=0.3970  mean=0.4518±0.3841  [p25=0.0426, p75=0.8541]
[eval] all     recall: n= 894  med=0.8939  mean=0.7383±0.3229  [p25=0.5985, p75=0.9783]
[eval] splices bucket=tiny (n=310):
[eval] bucket=tiny         f1: n= 310  med=0.0696  mean=0.2052±0.2787  [p25=0.0234, p75=0.2508]
[eval] bucket=tiny        iou: n= 310  med=0.0361  mean=0.1507±0.2365  [p25=0.0118, p75=0.1434]
[eval] bucket=tiny  precision: n= 310  med=0.0362  mean=0.1616±0.2592  [p25=0.0120, p75=0.1440]
[eval] bucket=tiny     recall: n= 310  med=0.9404  mean=0.7386±0.3658  [p25=0.5861, p75=1.0000]
[eval] splices bucket=small (n=310):
[eval] bucket=small         f1: n= 310  med=0.5395  mean=0.5124±0.3278  [p25=0.2016, p75=0.8467]
[eval] bucket=small        iou: n= 310  med=0.3694  mean=0.4120±0.3102  [p25=0.1121, p75=0.7342]
[eval] bucket=small  precision: n= 310  med=0.4103  mean=0.4559±0.3424  [p25=0.1148, p75=0.8284]
[eval] bucket=small     recall: n= 310  med=0.8965  mean=0.7389±0.3285  [p25=0.6591, p75=0.9682]
[eval] splices bucket=medium (n=174):
[eval] bucket=medium         f1: n= 174  med=0.7971  mean=0.7055±0.2491  [p25=0.5510, p75=0.9090]
[eval] bucket=medium        iou: n= 174  med=0.6626  mean=0.5955±0.2668  [p25=0.3802, p75=0.8332]
[eval] bucket=medium  precision: n= 174  med=0.8737  mean=0.7447±0.2814  [p25=0.6849, p75=0.9369]
[eval] bucket=medium     recall: n= 174  med=0.8396  mean=0.7434±0.2537  [p25=0.5498, p75=0.9632]
[eval] splices bucket=large (n=100):
[eval] bucket=large         f1: n= 100  med=0.8249  mean=0.7567±0.2380  [p25=0.6706, p75=0.9362]
[eval] bucket=large        iou: n= 100  med=0.7021  mean=0.6567±0.2573  [p25=0.5045, p75=0.8801]
[eval] bucket=large  precision: n= 100  med=0.9177  mean=0.8290±0.2390  [p25=0.7862, p75=0.9792]
[eval] bucket=large     recall: n= 100  med=0.8008  mean=0.7263±0.2656  [p25=0.5833, p75=0.9674]
[eval] reals accuracy: n= 398  med=0.5478  mean=0.5426±0.1894  [p25=0.4171, p75=0.6757]
[eval] source=casia: n_splice=28 n_real=28
[eval] source=casia         f1: n=  28  med=0.8130  mean=0.5713±0.3932  [p25=0.0436, p75=0.8825]
[eval] source=casia        iou: n=  28  med=0.6849  mean=0.4987±0.3609  [p25=0.0223, p75=0.7898]
[eval] source=casia  precision: n=  28  med=0.7686  mean=0.5407±0.3849  [p25=0.0265, p75=0.8523]
[eval] source=casia     recall: n=  28  med=0.9170  mean=0.7458±0.3558  [p25=0.7447, p75=0.9664]
[eval] source=coco_inpaint: n_splice=126 n_real=126
[eval] source=coco_inpaint         f1: n= 126  med=0.6774  mean=0.6204±0.2208  [p25=0.5169, p75=0.7850]
[eval] source=coco_inpaint        iou: n= 126  med=0.5121  mean=0.4834±0.2134  [p25=0.3485, p75=0.6461]
[eval] source=coco_inpaint  precision: n= 126  med=0.7552  mean=0.6680±0.2987  [p25=0.4437, p75=0.9478]
[eval] source=coco_inpaint     recall: n= 126  med=0.7445  mean=0.7044±0.2213  [p25=0.5499, p75=0.8880]
[eval] source=imd2020: n_splice=171 n_real=41
[eval] source=imd2020         f1: n= 171  med=0.5672  mean=0.4969±0.3347  [p25=0.1485, p75=0.8214]
[eval] source=imd2020        iou: n= 171  med=0.3959  mean=0.3988±0.3099  [p25=0.0802, p75=0.6969]
[eval] source=imd2020  precision: n= 171  med=0.4159  mean=0.4375±0.3410  [p25=0.0808, p75=0.7676]
[eval] source=imd2020     recall: n= 171  med=0.9295  mean=0.8285±0.2598  [p25=0.8155, p75=0.9805]
[eval] source=sagid: n_splice=169 n_real=169
[eval] source=sagid         f1: n= 169  med=0.8802  mean=0.7866±0.2402  [p25=0.7357, p75=0.9396]
[eval] source=sagid        iou: n= 169  med=0.7861  mean=0.6986±0.2586  [p25=0.5819, p75=0.8861]
[eval] source=sagid  precision: n= 169  med=0.8656  mean=0.7655±0.2610  [p25=0.7373, p75=0.9299]
[eval] source=sagid     recall: n= 169  med=0.9513  mean=0.8736±0.1946  [p25=0.8568, p75=0.9784]
[eval] source=tgif2: n_splice=400 n_real=34
[eval] source=tgif2         f1: n= 400  med=0.1248  mean=0.2720±0.3113  [p25=0.0238, p75=0.4651]
[eval] source=tgif2        iou: n= 400  med=0.0666  mean=0.2065±0.2758  [p25=0.0121, p75=0.3030]
[eval] source=tgif2  precision: n= 400  med=0.0670  mean=0.2511±0.3400  [p25=0.0145, p75=0.3498]
[eval] source=tgif2     recall: n= 400  med=0.8330  mean=0.6526±0.3808  [p25=0.2834, p75=0.9988]
[eval] ─── by subgroup (4 cells) ───
[eval] subgroup=flux1dev|fr|random (n_splice=100 n_real=0):
[eval] subgroup=flux1dev|fr|random         f1: n= 100  med=0.2016  mean=0.3112±0.3055  [p25=0.0419, p75=0.4876]
[eval] subgroup=flux1dev|fr|random        iou: n= 100  med=0.1121  mean=0.2320±0.2673  [p25=0.0214, p75=0.3224]
[eval] subgroup=flux1dev|fr|random  precision: n= 100  med=0.1126  mean=0.2955±0.3451  [p25=0.0215, p75=0.5301]
[eval] subgroup=flux1dev|fr|random     recall: n= 100  med=0.7273  mean=0.6060±0.3859  [p25=0.2526, p75=0.9762]
[eval] subgroup=flux1dev|fr|semantic (n_splice=100 n_real=0):
[eval] subgroup=flux1dev|fr|semantic         f1: n= 100  med=0.0622  mean=0.1953±0.2659  [p25=0.0172, p75=0.2485]
[eval] subgroup=flux1dev|fr|semantic        iou: n= 100  med=0.0321  mean=0.1406±0.2225  [p25=0.0087, p75=0.1419]
[eval] subgroup=flux1dev|fr|semantic  precision: n= 100  med=0.0321  mean=0.1761±0.2943  [p25=0.0088, p75=0.1438]
[eval] subgroup=flux1dev|fr|semantic     recall: n= 100  med=0.8189  mean=0.6403±0.3953  [p25=0.2878, p75=1.0000]
[eval] subgroup=flux1dev|sp|random (n_splice=100 n_real=0):
[eval] subgroup=flux1dev|sp|random         f1: n= 100  med=0.2540  mean=0.3754±0.3462  [p25=0.0653, p75=0.7391]
[eval] subgroup=flux1dev|sp|random        iou: n= 100  med=0.1456  mean=0.2991±0.3230  [p25=0.0338, p75=0.5862]
[eval] subgroup=flux1dev|sp|random  precision: n= 100  med=0.1472  mean=0.3623±0.3863  [p25=0.0374, p75=0.8601]
[eval] subgroup=flux1dev|sp|random     recall: n= 100  med=0.8286  mean=0.6626±0.3626  [p25=0.3404, p75=0.9669]
[eval] subgroup=flux1dev|sp|semantic (n_splice=100 n_real=0):
[eval] subgroup=flux1dev|sp|semantic         f1: n= 100  med=0.0676  mean=0.2060±0.2849  [p25=0.0236, p75=0.2020]
[eval] subgroup=flux1dev|sp|semantic        iou: n= 100  med=0.0350  mean=0.1541±0.2501  [p25=0.0119, p75=0.1124]
[eval] subgroup=flux1dev|sp|semantic  precision: n= 100  med=0.0350  mean=0.1706±0.2846  [p25=0.0120, p75=0.1127]
[eval] subgroup=flux1dev|sp|semantic     recall: n= 100  med=0.8988  mean=0.7016±0.3720  [p25=0.3953, p75=1.0000]
[eval]   casia image_auc=0.9452 (n=56)
[eval]   coco_inpaint image_auc=1.0000 (n=252)
[eval]   imd2020 image_auc=0.9672 (n=212)
[eval]   sagid image_auc=0.9925 (n=338)
[eval]   tgif2 image_auc=0.7271 (n=434)
[eval] epoch=1 val_f1_mean=0.4708
[ckpt] saved epoch=1 → /media/ssd/runs/ablation/res_sweep/res_448/epoch_0001.pt
[ckpt] best model saved  val_f1_mean=0.4708
[train] epoch=2 step=20 loss=0.8632 bce=0.2277 cont=0.3177 lr=1.94e-04
[train] epoch=2 step=40 loss=0.8021 bce=0.1699 cont=0.3161 lr=1.93e-04
[train] epoch=2 step=60 loss=0.7928 bce=0.1596 cont=0.3166 lr=1.92e-04
[train] epoch=2 step=80 loss=0.8119 bce=0.1656 cont=0.3232 lr=1.92e-04
[train] epoch=2 step=100 loss=0.8025 bce=0.1671 cont=0.3177 lr=1.91e-04
[train] epoch=2 step=120 loss=0.7991 bce=0.1686 cont=0.3153 lr=1.90e-04
[train] epoch=2 step=140 loss=0.7923 bce=0.1603 cont=0.3160 lr=1.89e-04
[train] epoch=2 step=160 loss=0.7894 bce=0.1595 cont=0.3150 lr=1.88e-04
[train] epoch=2 step=180 loss=0.7789 bce=0.1492 cont=0.3149 lr=1.88e-04
[train] epoch=2 step=200 loss=0.7636 bce=0.1387 cont=0.3125 lr=1.87e-04
[train] epoch=2 step=220 loss=0.7690 bce=0.1470 cont=0.3110 lr=1.86e-04
[train] epoch=2 step=240 loss=0.7717 bce=0.1489 cont=0.3114 lr=1.85e-04
[train] epoch=2 step=260 loss=0.7809 bce=0.1567 cont=0.3121 lr=1.84e-04
[train] epoch=2 step=280 loss=0.7768 bce=0.1556 cont=0.3106 lr=1.83e-04
[train] epoch=2 step=300 loss=0.7712 bce=0.1532 cont=0.3090 lr=1.82e-04
[train] epoch=2 step=320 loss=0.7735 bce=0.1557 cont=0.3089 lr=1.81e-04
[train] epoch=2 step=340 loss=0.7743 bce=0.1546 cont=0.3098 lr=1.80e-04
[train] epoch=2 step=360 loss=0.7712 bce=0.1551 cont=0.3080 lr=1.79e-04
[train] epoch=2 loss=0.7712 bce=0.1564 cont=0.3074 patch=0.0000
[eval] ─── summary: n_splice=894 n_real=398 ───
[eval] image_auc: 0.8176
[eval] splices (all):
[eval] all         f1: n= 894  med=0.4304  mean=0.4587±0.3636  [p25=0.0856, p75=0.8442]
[eval] all        iou: n= 894  med=0.2742  mean=0.3772±0.3409  [p25=0.0447, p75=0.7305]
[eval] all  precision: n= 894  med=0.3051  mean=0.4393±0.3933  [p25=0.0469, p75=0.8719]
[eval] all     recall: n= 894  med=0.9041  mean=0.7695±0.2972  [p25=0.6568, p75=0.9835]
[eval] splices bucket=tiny (n=310):
[eval] bucket=tiny         f1: n= 310  med=0.0678  mean=0.1786±0.2623  [p25=0.0252, p75=0.1249]
[eval] bucket=tiny        iou: n= 310  med=0.0351  mean=0.1306±0.2276  [p25=0.0128, p75=0.0666]
[eval] bucket=tiny  precision: n= 310  med=0.0351  mean=0.1406±0.2531  [p25=0.0134, p75=0.0684]
[eval] bucket=tiny     recall: n= 310  med=0.9350  mean=0.7817±0.3215  [p25=0.7186, p75=1.0000]
[eval] splices bucket=small (n=310):
[eval] bucket=small         f1: n= 310  med=0.4730  mean=0.4885±0.3337  [p25=0.1945, p75=0.8193]
[eval] bucket=small        iou: n= 310  med=0.3098  mean=0.3924±0.3169  [p25=0.1077, p75=0.6939]
[eval] bucket=small  precision: n= 310  med=0.3390  mean=0.4366±0.3571  [p25=0.1077, p75=0.8331]
[eval] bucket=small     recall: n= 310  med=0.9058  mean=0.7627±0.3166  [p25=0.6912, p75=0.9727]
[eval] splices bucket=medium (n=174):
[eval] bucket=medium         f1: n= 174  med=0.8063  mean=0.7090±0.2578  [p25=0.5570, p75=0.9121]
[eval] bucket=medium        iou: n= 174  med=0.6755  mean=0.6037±0.2767  [p25=0.3860, p75=0.8383]
[eval] bucket=medium  precision: n= 174  med=0.8677  mean=0.7292±0.2951  [p25=0.6288, p75=0.9424]
[eval] bucket=medium     recall: n= 174  med=0.8712  mean=0.7620±0.2445  [p25=0.5821, p75=0.9604]
[eval] splices bucket=large (n=100):
[eval] bucket=large         f1: n= 100  med=0.8572  mean=0.7989±0.1917  [p25=0.7138, p75=0.9485]
[eval] bucket=large        iou: n= 100  med=0.7501  mean=0.7003±0.2254  [p25=0.5550, p75=0.9020]
[eval] bucket=large  precision: n= 100  med=0.9336  mean=0.8693±0.1724  [p25=0.8196, p75=0.9748]
[eval] bucket=large     recall: n= 100  med=0.8401  mean=0.7655±0.2314  [p25=0.6007, p75=0.9641]
[eval] reals accuracy: n= 398  med=0.4477  mean=0.4557±0.1686  [p25=0.3106, p75=0.5765]
[eval] source=casia: n_splice=28 n_real=28
[eval] source=casia         f1: n=  28  med=0.8139  mean=0.5413±0.4118  [p25=0.0507, p75=0.8865]
[eval] source=casia        iou: n=  28  med=0.6862  mean=0.4788±0.3831  [p25=0.0260, p75=0.7962]
[eval] source=casia  precision: n=  28  med=0.7736  mean=0.5285±0.4111  [p25=0.0298, p75=0.8880]
[eval] source=casia     recall: n=  28  med=0.9029  mean=0.7573±0.3367  [p25=0.8332, p75=0.9618]
[eval] source=coco_inpaint: n_splice=126 n_real=126
[eval] source=coco_inpaint         f1: n= 126  med=0.7203  mean=0.6664±0.2073  [p25=0.5722, p75=0.8148]
[eval] source=coco_inpaint        iou: n= 126  med=0.5628  mean=0.5320±0.2113  [p25=0.4008, p75=0.6875]
[eval] source=coco_inpaint  precision: n= 126  med=0.7743  mean=0.6795±0.2743  [p25=0.4621, p75=0.9230]
[eval] source=coco_inpaint     recall: n= 126  med=0.8113  mean=0.7703±0.1798  [p25=0.6417, p75=0.9143]
[eval] source=imd2020: n_splice=171 n_real=41
[eval] source=imd2020         f1: n= 171  med=0.4726  mean=0.4536±0.3437  [p25=0.0919, p75=0.7920]
[eval] source=imd2020        iou: n= 171  med=0.3094  mean=0.3631±0.3174  [p25=0.0482, p75=0.6557]
[eval] source=imd2020  precision: n= 171  med=0.3105  mean=0.4073±0.3582  [p25=0.0483, p75=0.8029]
[eval] source=imd2020     recall: n= 171  med=0.9061  mean=0.8196±0.2377  [p25=0.7798, p75=0.9741]
[eval] source=sagid: n_splice=169 n_real=169
[eval] source=sagid         f1: n= 169  med=0.8951  mean=0.7868±0.2484  [p25=0.7528, p75=0.9472]
[eval] source=sagid        iou: n= 169  med=0.8102  mean=0.7025±0.2674  [p25=0.6036, p75=0.8996]
[eval] source=sagid  precision: n= 169  med=0.8838  mean=0.7789±0.2677  [p25=0.7552, p75=0.9459]
[eval] source=sagid     recall: n= 169  med=0.9445  mean=0.8772±0.1864  [p25=0.8721, p75=0.9761]
[eval] source=tgif2: n_splice=400 n_real=34
[eval] source=tgif2         f1: n= 400  med=0.1091  mean=0.2510±0.3012  [p25=0.0326, p75=0.3026]
[eval] source=tgif2        iou: n= 400  med=0.0577  mean=0.1899±0.2719  [p25=0.0166, p75=0.1783]
[eval] source=tgif2  precision: n= 400  med=0.0607  mean=0.2276±0.3352  [p25=0.0166, p75=0.2057]
[eval] source=tgif2     recall: n= 400  med=0.8987  mean=0.7031±0.3606  [p25=0.4078, p75=1.0000]
[eval] ─── by subgroup (4 cells) ───
[eval] subgroup=flux1dev|fr|random (n_splice=100 n_real=0):
[eval] subgroup=flux1dev|fr|random         f1: n= 100  med=0.1750  mean=0.2621±0.2966  [p25=0.0394, p75=0.3197]
[eval] subgroup=flux1dev|fr|random        iou: n= 100  med=0.0959  mean=0.1963±0.2696  [p25=0.0201, p75=0.1902]
[eval] subgroup=flux1dev|fr|random  precision: n= 100  med=0.1007  mean=0.2374±0.3344  [p25=0.0207, p75=0.2088]
[eval] subgroup=flux1dev|fr|random     recall: n= 100  med=0.8446  mean=0.6413±0.3997  [p25=0.3285, p75=1.0000]
[eval] subgroup=flux1dev|fr|semantic (n_splice=100 n_real=0):
[eval] subgroup=flux1dev|fr|semantic         f1: n= 100  med=0.0981  mean=0.2190±0.2822  [p25=0.0318, p75=0.2543]
[eval] subgroup=flux1dev|fr|semantic        iou: n= 100  med=0.0516  mean=0.1614±0.2446  [p25=0.0162, p75=0.1457]
[eval] subgroup=flux1dev|fr|semantic  precision: n= 100  med=0.0516  mean=0.1928±0.3076  [p25=0.0166, p75=0.1502]
[eval] subgroup=flux1dev|fr|semantic     recall: n= 100  med=0.9222  mean=0.7441±0.3235  [p25=0.5941, p75=1.0000]
[eval] subgroup=flux1dev|sp|random (n_splice=100 n_real=0):
[eval] subgroup=flux1dev|sp|random         f1: n= 100  med=0.1945  mean=0.3259±0.3242  [p25=0.0648, p75=0.5623]
[eval] subgroup=flux1dev|sp|random        iou: n= 100  med=0.1077  mean=0.2531±0.3056  [p25=0.0335, p75=0.3912]
[eval] subgroup=flux1dev|sp|random  precision: n= 100  med=0.1094  mean=0.3089±0.3749  [p25=0.0335, p75=0.4840]
[eval] subgroup=flux1dev|sp|random     recall: n= 100  med=0.9108  mean=0.7041±0.3609  [p25=0.4017, p75=1.0000]
[eval] subgroup=flux1dev|sp|semantic (n_splice=100 n_real=0):
[eval] subgroup=flux1dev|sp|semantic         f1: n= 100  med=0.0749  mean=0.1969±0.2839  [p25=0.0247, p75=0.1745]
[eval] subgroup=flux1dev|sp|semantic        iou: n= 100  med=0.0389  mean=0.1486±0.2516  [p25=0.0125, p75=0.0957]
[eval] subgroup=flux1dev|sp|semantic  precision: n= 100  med=0.0396  mean=0.1715±0.3023  [p25=0.0126, p75=0.0961]
[eval] subgroup=flux1dev|sp|semantic     recall: n= 100  med=0.8979  mean=0.7229±0.3459  [p25=0.5892, p75=1.0000]
[eval]   casia image_auc=0.9554 (n=56)
[eval]   coco_inpaint image_auc=0.9986 (n=252)
[eval]   imd2020 image_auc=0.9758 (n=212)
[eval]   sagid image_auc=0.9982 (n=338)
[eval]   tgif2 image_auc=0.7193 (n=434)
[eval] epoch=2 val_f1_mean=0.4587
[ckpt] saved epoch=2 → /media/ssd/runs/ablation/res_sweep/res_448/epoch_0002.pt
[ckpt] no improvement (epoch 2 < min_epochs=5); patience held at 2  best=0.4708
[train] epoch=3 step=20 loss=0.7181 bce=0.1377 cont=0.2902 lr=1.77e-04
[train] epoch=3 step=40 loss=0.7279 bce=0.1100 cont=0.3090 lr=1.75e-04
[train] epoch=3 step=60 loss=0.7479 bce=0.1446 cont=0.3016 lr=1.74e-04
[train] epoch=3 step=80 loss=0.7434 bce=0.1412 cont=0.3011 lr=1.73e-04
[train] epoch=3 step=100 loss=0.7339 bce=0.1391 cont=0.2974 lr=1.72e-04
[train] epoch=3 step=120 loss=0.7435 bce=0.1433 cont=0.3001 lr=1.71e-04
[train] epoch=3 step=140 loss=0.7358 bce=0.1423 cont=0.2968 lr=1.69e-04
[train] epoch=3 step=160 loss=0.7366 bce=0.1476 cont=0.2945 lr=1.68e-04
[train] epoch=3 step=180 loss=0.7439 bce=0.1448 cont=0.2996 lr=1.67e-04
[train] epoch=3 step=200 loss=0.7431 bce=0.1435 cont=0.2998 lr=1.65e-04
[train] epoch=3 step=220 loss=0.7369 bce=0.1424 cont=0.2973 lr=1.64e-04
[train] epoch=3 step=240 loss=0.7388 bce=0.1445 cont=0.2971 lr=1.62e-04
[train] epoch=3 step=260 loss=0.7418 bce=0.1482 cont=0.2968 lr=1.61e-04
[train] epoch=3 step=280 loss=0.7442 bce=0.1497 cont=0.2972 lr=1.60e-04
[train] epoch=3 step=300 loss=0.7429 bce=0.1507 cont=0.2961 lr=1.58e-04
[train] epoch=3 step=320 loss=0.7348 bce=0.1463 cont=0.2942 lr=1.57e-04
[train] epoch=3 step=340 loss=0.7292 bce=0.1425 cont=0.2934 lr=1.55e-04
[train] epoch=3 step=360 loss=0.7296 bce=0.1411 cont=0.2942 lr=1.54e-04
[train] epoch=3 loss=0.7310 bce=0.1421 cont=0.2945 patch=0.0000
[eval] ─── summary: n_splice=894 n_real=398 ───
[eval] image_auc: 0.8537
[eval] splices (all):
[eval] all         f1: n= 894  med=0.5778  mean=0.4947±0.3655  [p25=0.0798, p75=0.8604]
[eval] all        iou: n= 894  med=0.4063  mean=0.4110±0.3431  [p25=0.0416, p75=0.7550]
[eval] all  precision: n= 894  med=0.4507  mean=0.4575±0.3786  [p25=0.0436, p75=0.8571]
[eval] all     recall: n= 894  med=0.9222  mean=0.7754±0.3092  [p25=0.7281, p75=0.9768]
[eval] splices bucket=tiny (n=310):
[eval] bucket=tiny         f1: n= 310  med=0.0737  mean=0.2111±0.2844  [p25=0.0321, p75=0.2399]
[eval] bucket=tiny        iou: n= 310  med=0.0383  mean=0.1566±0.2449  [p25=0.0163, p75=0.1363]
[eval] bucket=tiny  precision: n= 310  med=0.0394  mean=0.1677±0.2689  [p25=0.0166, p75=0.1371]
[eval] bucket=tiny     recall: n= 310  med=0.9187  mean=0.7608±0.3299  [p25=0.7023, p75=1.0000]
[eval] splices bucket=small (n=310):
[eval] bucket=small         f1: n= 310  med=0.5998  mean=0.5292±0.3314  [p25=0.2356, p75=0.8496]
[eval] bucket=small        iou: n= 310  med=0.4284  mean=0.4295±0.3133  [p25=0.1335, p75=0.7386]
[eval] bucket=small  precision: n= 310  med=0.4645  mean=0.4684±0.3432  [p25=0.1362, p75=0.8334]
[eval] bucket=small     recall: n= 310  med=0.9194  mean=0.7459±0.3464  [p25=0.7174, p75=0.9721]
[eval] splices bucket=medium (n=174):
[eval] bucket=medium         f1: n= 174  med=0.8151  mean=0.7431±0.2338  [p25=0.6272, p75=0.9246]
[eval] bucket=medium        iou: n= 174  med=0.6880  mean=0.6379±0.2553  [p25=0.4569, p75=0.8597]
[eval] bucket=medium  precision: n= 174  med=0.8404  mean=0.7201±0.2611  [p25=0.5779, p75=0.9191]
[eval] bucket=medium     recall: n= 174  med=0.9283  mean=0.8200±0.2306  [p25=0.7523, p75=0.9675]
[eval] splices bucket=large (n=100):
[eval] bucket=large         f1: n= 100  med=0.8864  mean=0.8350±0.1780  [p25=0.7740, p75=0.9595]
[eval] bucket=large        iou: n= 100  med=0.7960  mean=0.7480±0.2091  [p25=0.6314, p75=0.9221]
[eval] bucket=large  precision: n= 100  med=0.9228  mean=0.8648±0.1646  [p25=0.8184, p75=0.9722]
[eval] bucket=large     recall: n= 100  med=0.9289  mean=0.8343±0.2057  [p25=0.7608, p75=0.9761]
[eval] reals accuracy: n= 398  med=0.5236  mean=0.5394±0.1652  [p25=0.4267, p75=0.6464]
[eval] source=casia: n_splice=28 n_real=28
[eval] source=casia         f1: n=  28  med=0.8301  mean=0.5553±0.4128  [p25=0.0549, p75=0.8945]
[eval] source=casia        iou: n=  28  med=0.7099  mean=0.4936±0.3833  [p25=0.0282, p75=0.8092]
[eval] source=casia  precision: n=  28  med=0.7858  mean=0.5548±0.4020  [p25=0.0282, p75=0.8967]
[eval] source=casia     recall: n=  28  med=0.9223  mean=0.7547±0.3521  [p25=0.8299, p75=0.9615]
[eval] source=coco_inpaint: n_splice=126 n_real=126
[eval] source=coco_inpaint         f1: n= 126  med=0.7432  mean=0.6770±0.2022  [p25=0.5708, p75=0.8118]
[eval] source=coco_inpaint        iou: n= 126  med=0.5914  mean=0.5430±0.2073  [p25=0.3994, p75=0.6832]
[eval] source=coco_inpaint  precision: n= 126  med=0.7111  mean=0.6411±0.2638  [p25=0.4478, p75=0.8733]
[eval] source=coco_inpaint     recall: n= 126  med=0.8850  mean=0.8361±0.1508  [p25=0.7576, p75=0.9561]
[eval] source=imd2020: n_splice=171 n_real=41
[eval] source=imd2020         f1: n= 171  med=0.5476  mean=0.4888±0.3404  [p25=0.1030, p75=0.8133]
[eval] source=imd2020        iou: n= 171  med=0.3770  mean=0.3938±0.3163  [p25=0.0543, p75=0.6854]
[eval] source=imd2020  precision: n= 171  med=0.3915  mean=0.4283±0.3457  [p25=0.0544, p75=0.7799]
[eval] source=imd2020     recall: n= 171  med=0.9313  mean=0.8552±0.2237  [p25=0.8395, p75=0.9765]
[eval] source=sagid: n_splice=169 n_real=169
[eval] source=sagid         f1: n= 169  med=0.9042  mean=0.8257±0.2068  [p25=0.7982, p75=0.9509]
[eval] source=sagid        iou: n= 169  med=0.8252  mean=0.7436±0.2335  [p25=0.6642, p75=0.9065]
[eval] source=sagid  precision: n= 169  med=0.8826  mean=0.7976±0.2299  [p25=0.7521, p75=0.9408]
[eval] source=sagid     recall: n= 169  med=0.9577  mean=0.9150±0.1282  [p25=0.9095, p75=0.9774]
[eval] source=tgif2: n_splice=400 n_real=34
[eval] source=tgif2         f1: n= 400  med=0.1277  mean=0.2957±0.3310  [p25=0.0296, p75=0.5846]
[eval] source=tgif2        iou: n= 400  med=0.0682  mean=0.2306±0.2966  [p25=0.0150, p75=0.4130]
[eval] source=tgif2  precision: n= 400  med=0.0692  mean=0.2616±0.3388  [p25=0.0151, p75=0.4640]
[eval] source=tgif2     recall: n= 400  med=0.8771  mean=0.6646±0.3808  [p25=0.3178, p75=0.9861]
[eval] ─── by subgroup (4 cells) ───
[eval] subgroup=flux1dev|fr|random (n_splice=100 n_real=0):
[eval] subgroup=flux1dev|fr|random         f1: n= 100  med=0.1886  mean=0.3226±0.3220  [p25=0.0352, p75=0.5412]
[eval] subgroup=flux1dev|fr|random        iou: n= 100  med=0.1043  mean=0.2469±0.2884  [p25=0.0179, p75=0.3713]
[eval] subgroup=flux1dev|fr|random  precision: n= 100  med=0.1334  mean=0.2863±0.3314  [p25=0.0181, p75=0.4665]
[eval] subgroup=flux1dev|fr|random     recall: n= 100  med=0.7639  mean=0.6333±0.3931  [p25=0.2505, p75=0.9848]
[eval] subgroup=flux1dev|fr|semantic (n_splice=100 n_real=0):
[eval] subgroup=flux1dev|fr|semantic         f1: n= 100  med=0.0746  mean=0.2538±0.3266  [p25=0.0241, p75=0.5555]
[eval] subgroup=flux1dev|fr|semantic        iou: n= 100  med=0.0388  mean=0.1984±0.2853  [p25=0.0122, p75=0.3861]
[eval] subgroup=flux1dev|fr|semantic  precision: n= 100  med=0.0425  mean=0.2304±0.3387  [p25=0.0130, p75=0.4190]
[eval] subgroup=flux1dev|fr|semantic     recall: n= 100  med=0.8542  mean=0.6682±0.3735  [p25=0.3595, p75=0.9989]
[eval] subgroup=flux1dev|sp|random (n_splice=100 n_real=0):
[eval] subgroup=flux1dev|sp|random         f1: n= 100  med=0.3317  mean=0.3929±0.3507  [p25=0.0711, p75=0.7417]
[eval] subgroup=flux1dev|sp|random        iou: n= 100  med=0.1989  mean=0.3150±0.3269  [p25=0.0369, p75=0.5895]
[eval] subgroup=flux1dev|sp|random  precision: n= 100  med=0.2076  mean=0.3519±0.3629  [p25=0.0378, p75=0.7411]
[eval] subgroup=flux1dev|sp|random     recall: n= 100  med=0.9125  mean=0.6933±0.3681  [p25=0.5114, p75=0.9653]
[eval] subgroup=flux1dev|sp|semantic (n_splice=100 n_real=0):
[eval] subgroup=flux1dev|sp|semantic         f1: n= 100  med=0.0676  mean=0.2137±0.2937  [p25=0.0274, p75=0.2141]
[eval] subgroup=flux1dev|sp|semantic        iou: n= 100  med=0.0350  mean=0.1619±0.2596  [p25=0.0139, p75=0.1199]
[eval] subgroup=flux1dev|sp|semantic  precision: n= 100  med=0.0370  mean=0.1776±0.2933  [p25=0.0139, p75=0.1210]
[eval] subgroup=flux1dev|sp|semantic     recall: n= 100  med=0.8845  mean=0.6638±0.3858  [p25=0.3049, p75=0.9956]
[eval]   casia image_auc=0.9375 (n=56)
[eval]   coco_inpaint image_auc=0.9987 (n=252)
[eval]   imd2020 image_auc=0.9735 (n=212)
[eval]   sagid image_auc=0.9982 (n=338)
[eval]   tgif2 image_auc=0.7166 (n=434)
[eval] epoch=3 val_f1_mean=0.4947
[ckpt] saved epoch=3 → /media/ssd/runs/ablation/res_sweep/res_448/epoch_0003.pt
[ckpt] best model saved  val_f1_mean=0.4947
[train] epoch=4 step=20 loss=0.6828 bce=0.1201 cont=0.2813 lr=1.51e-04
[train] epoch=4 step=40 loss=0.7522 bce=0.1522 cont=0.3000 lr=1.49e-04
[train] epoch=4 step=60 loss=0.7506 bce=0.1490 cont=0.3008 lr=1.48e-04
[train] epoch=4 step=80 loss=0.7511 bce=0.1586 cont=0.2962 lr=1.46e-04
[train] epoch=4 step=100 loss=0.7241 bce=0.1369 cont=0.2936 lr=1.45e-04
[train] epoch=4 step=120 loss=0.7246 bce=0.1325 cont=0.2961 lr=1.43e-04
[train] epoch=4 step=140 loss=0.7190 bce=0.1289 cont=0.2951 lr=1.41e-04
[train] epoch=4 step=160 loss=0.7094 bce=0.1210 cont=0.2942 lr=1.40e-04
[train] epoch=4 step=180 loss=0.7088 bce=0.1226 cont=0.2931 lr=1.38e-04
[train] epoch=4 step=200 loss=0.7143 bce=0.1285 cont=0.2929 lr=1.36e-04
[train] epoch=4 step=220 loss=0.7081 bce=0.1250 cont=0.2916 lr=1.35e-04
[train] epoch=4 step=240 loss=0.6983 bce=0.1183 cont=0.2900 lr=1.33e-04
[train] epoch=4 step=260 loss=0.7091 bce=0.1252 cont=0.2919 lr=1.31e-04
[train] epoch=4 step=280 loss=0.7073 bce=0.1208 cont=0.2932 lr=1.30e-04
[train] epoch=4 step=300 loss=0.7037 bce=0.1170 cont=0.2934 lr=1.28e-04
[train] epoch=4 step=320 loss=0.7031 bce=0.1172 cont=0.2930 lr=1.26e-04
[train] epoch=4 step=340 loss=0.7024 bce=0.1183 cont=0.2920 lr=1.25e-04
[train] epoch=4 step=360 loss=0.6980 bce=0.1160 cont=0.2910 lr=1.23e-04
[train] epoch=4 loss=0.6999 bce=0.1178 cont=0.2911 patch=0.0000
[eval] ─── summary: n_splice=894 n_real=398 ───
[eval] image_auc: 0.8652
[eval] splices (all):
[eval] all         f1: n= 894  med=0.5379  mean=0.4875±0.3641  [p25=0.0936, p75=0.8559]
[eval] all        iou: n= 894  med=0.3679  mean=0.4040±0.3429  [p25=0.0491, p75=0.7481]
[eval] all  precision: n= 894  med=0.4117  mean=0.4532±0.3838  [p25=0.0501, p75=0.8612]
[eval] all     recall: n= 894  med=0.9399  mean=0.8126±0.2811  [p25=0.7892, p75=0.9890]
[eval] splices bucket=tiny (n=310):
[eval] bucket=tiny         f1: n= 310  med=0.0730  mean=0.1758±0.2488  [p25=0.0281, p75=0.1384]
[eval] bucket=tiny        iou: n= 310  med=0.0379  mean=0.1248±0.2101  [p25=0.0142, p75=0.0743]
[eval] bucket=tiny  precision: n= 310  med=0.0382  mean=0.1324±0.2296  [p25=0.0142, p75=0.0749]
[eval] bucket=tiny     recall: n= 310  med=0.9750  mean=0.8134±0.3134  [p25=0.8057, p75=1.0000]
[eval] splices bucket=small (n=310):
[eval] bucket=small         f1: n= 310  med=0.6021  mean=0.5313±0.3305  [p25=0.2248, p75=0.8559]
[eval] bucket=small        iou: n= 310  med=0.4308  mean=0.4321±0.3162  [p25=0.1267, p75=0.7481]
[eval] bucket=small  precision: n= 310  med=0.4768  mean=0.4700±0.3495  [p25=0.1270, p75=0.8457]
[eval] bucket=small     recall: n= 310  med=0.9272  mean=0.7929±0.3102  [p25=0.8046, p75=0.9760]
[eval] splices bucket=medium (n=174):
[eval] bucket=medium         f1: n= 174  med=0.8358  mean=0.7603±0.2034  [p25=0.6253, p75=0.9210]
[eval] bucket=medium        iou: n= 174  med=0.7179  mean=0.6516±0.2367  [p25=0.4549, p75=0.8536]
[eval] bucket=medium  precision: n= 174  med=0.8603  mean=0.7532±0.2430  [p25=0.6477, p75=0.9342]
[eval] bucket=medium     recall: n= 174  med=0.9259  mean=0.8310±0.1963  [p25=0.7494, p75=0.9723]
[eval] splices bucket=large (n=100):
[eval] bucket=large         f1: n= 100  med=0.8832  mean=0.8429±0.1422  [p25=0.7842, p75=0.9562]
[eval] bucket=large        iou: n= 100  med=0.7909  mean=0.7514±0.1886  [p25=0.6451, p75=0.9160]
[eval] bucket=large  precision: n= 100  med=0.9249  mean=0.8734±0.1364  [p25=0.7935, p75=0.9767]
[eval] bucket=large     recall: n= 100  med=0.9289  mean=0.8393±0.1852  [p25=0.7541, p75=0.9770]
[eval] reals accuracy: n= 398  med=0.4375  mean=0.4714±0.1632  [p25=0.3425, p75=0.5717]
[eval] source=casia: n_splice=28 n_real=28
[eval] source=casia         f1: n=  28  med=0.8480  mean=0.5795±0.4074  [p25=0.0664, p75=0.9007]
[eval] source=casia        iou: n=  28  med=0.7362  mean=0.5171±0.3825  [p25=0.0344, p75=0.8194]
[eval] source=casia  precision: n=  28  med=0.8045  mean=0.5601±0.4053  [p25=0.0344, p75=0.8956]
[eval] source=casia     recall: n=  28  med=0.9436  mean=0.8486±0.2588  [p25=0.8750, p75=0.9867]
[eval] source=coco_inpaint: n_splice=126 n_real=126
[eval] source=coco_inpaint         f1: n= 126  med=0.7388  mean=0.6886±0.1930  [p25=0.6004, p75=0.8248]
[eval] source=coco_inpaint        iou: n= 126  med=0.5858  mean=0.5541±0.2001  [p25=0.4290, p75=0.7019]
[eval] source=coco_inpaint  precision: n= 126  med=0.7328  mean=0.6671±0.2538  [p25=0.5086, p75=0.8803]
[eval] source=coco_inpaint     recall: n= 126  med=0.8735  mean=0.8186±0.1612  [p25=0.7215, p75=0.9425]
[eval] source=imd2020: n_splice=171 n_real=41
[eval] source=imd2020         f1: n= 171  med=0.4112  mean=0.4391±0.3475  [p25=0.0862, p75=0.8058]
[eval] source=imd2020        iou: n= 171  med=0.2588  mean=0.3518±0.3204  [p25=0.0450, p75=0.6747]
[eval] source=imd2020  precision: n= 171  med=0.2609  mean=0.3844±0.3519  [p25=0.0451, p75=0.7556]
[eval] source=imd2020     recall: n= 171  med=0.9298  mean=0.8346±0.2539  [p25=0.8488, p75=0.9772]
[eval] source=sagid: n_splice=169 n_real=169
[eval] source=sagid         f1: n= 169  med=0.9033  mean=0.8196±0.2128  [p25=0.7915, p75=0.9523]
[eval] source=sagid        iou: n= 169  med=0.8237  mean=0.7368±0.2390  [p25=0.6550, p75=0.9090]
[eval] source=sagid  precision: n= 169  med=0.8837  mean=0.7920±0.2405  [p25=0.7466, p75=0.9471]
[eval] source=sagid     recall: n= 169  med=0.9638  mean=0.9214±0.1120  [p25=0.9189, p75=0.9783]
[eval] source=tgif2: n_splice=400 n_real=34
[eval] source=tgif2         f1: n= 400  med=0.1297  mean=0.2980±0.3247  [p25=0.0355, p75=0.5778]
[eval] source=tgif2        iou: n= 400  med=0.0693  mean=0.2305±0.2931  [p25=0.0181, p75=0.4062]
[eval] source=tgif2  precision: n= 400  med=0.0717  mean=0.2646±0.3445  [p25=0.0200, p75=0.4464]
[eval] source=tgif2     recall: n= 400  med=0.9437  mean=0.7529±0.3494  [p25=0.6122, p75=1.0000]
[eval] ─── by subgroup (4 cells) ───
[eval] subgroup=flux1dev|fr|random (n_splice=100 n_real=0):
[eval] subgroup=flux1dev|fr|random         f1: n= 100  med=0.1978  mean=0.3164±0.3226  [p25=0.0333, p75=0.5190]
[eval] subgroup=flux1dev|fr|random        iou: n= 100  med=0.1098  mean=0.2432±0.2922  [p25=0.0169, p75=0.3505]
[eval] subgroup=flux1dev|fr|random  precision: n= 100  med=0.1103  mean=0.2835±0.3466  [p25=0.0215, p75=0.4353]
[eval] subgroup=flux1dev|fr|random     recall: n= 100  med=0.9061  mean=0.6610±0.3955  [p25=0.2740, p75=1.0000]
[eval] subgroup=flux1dev|fr|semantic (n_splice=100 n_real=0):
[eval] subgroup=flux1dev|fr|semantic         f1: n= 100  med=0.1237  mean=0.2706±0.3157  [p25=0.0281, p75=0.4730]
[eval] subgroup=flux1dev|fr|semantic        iou: n= 100  med=0.0659  mean=0.2068±0.2774  [p25=0.0142, p75=0.3122]
[eval] subgroup=flux1dev|fr|semantic  precision: n= 100  med=0.0675  mean=0.2318±0.3200  [p25=0.0142, p75=0.3132]
[eval] subgroup=flux1dev|fr|semantic     recall: n= 100  med=0.9832  mean=0.8109±0.3073  [p25=0.8002, p75=1.0000]
[eval] subgroup=flux1dev|sp|random (n_splice=100 n_real=0):
[eval] subgroup=flux1dev|sp|random         f1: n= 100  med=0.2589  mean=0.3763±0.3444  [p25=0.0712, p75=0.6732]
[eval] subgroup=flux1dev|sp|random        iou: n= 100  med=0.1487  mean=0.2986±0.3189  [p25=0.0369, p75=0.5074]
[eval] subgroup=flux1dev|sp|random  precision: n= 100  med=0.1522  mean=0.3509±0.3805  [p25=0.0369, p75=0.7616]
[eval] subgroup=flux1dev|sp|random     recall: n= 100  med=0.9266  mean=0.7167±0.3674  [p25=0.4523, p75=1.0000]
[eval] subgroup=flux1dev|sp|semantic (n_splice=100 n_real=0):
[eval] subgroup=flux1dev|sp|semantic         f1: n= 100  med=0.1012  mean=0.2288±0.2956  [p25=0.0348, p75=0.2240]
[eval] subgroup=flux1dev|sp|semantic        iou: n= 100  med=0.0533  mean=0.1733±0.2662  [p25=0.0177, p75=0.1262]
[eval] subgroup=flux1dev|sp|semantic  precision: n= 100  med=0.0537  mean=0.1921±0.3055  [p25=0.0177, p75=0.1264]
[eval] subgroup=flux1dev|sp|semantic     recall: n= 100  med=0.9790  mean=0.8231±0.2904  [p25=0.8024, p75=1.0000]
[eval]   casia image_auc=0.9605 (n=56)
[eval]   coco_inpaint image_auc=1.0000 (n=252)
[eval]   imd2020 image_auc=0.9783 (n=212)
[eval]   sagid image_auc=0.9997 (n=338)
[eval]   tgif2 image_auc=0.7549 (n=434)
[eval] epoch=4 val_f1_mean=0.4875
[ckpt] saved epoch=4 → /media/ssd/runs/ablation/res_sweep/res_448/epoch_0004.pt
[ckpt] no improvement  patience_left=1  best=0.4947
[train] epoch=5 step=20 loss=0.6833 bce=0.1025 cont=0.2904 lr=1.20e-04
[train] epoch=5 step=40 loss=0.6401 bce=0.0829 cont=0.2786 lr=1.18e-04
[train] epoch=5 step=60 loss=0.6250 bce=0.0722 cont=0.2764 lr=1.16e-04
[train] epoch=5 step=80 loss=0.6202 bce=0.0719 cont=0.2741 lr=1.14e-04
[train] epoch=5 step=100 loss=0.6438 bce=0.0846 cont=0.2796 lr=1.13e-04
[train] epoch=5 step=120 loss=0.6409 bce=0.0883 cont=0.2763 lr=1.11e-04
[train] epoch=5 step=140 loss=0.6541 bce=0.0956 cont=0.2792 lr=1.09e-04
[train] epoch=5 step=160 loss=0.6544 bce=0.0952 cont=0.2796 lr=1.07e-04
[train] epoch=5 step=180 loss=0.6539 bce=0.0941 cont=0.2799 lr=1.06e-04
[train] epoch=5 step=200 loss=0.6462 bce=0.0872 cont=0.2795 lr=1.04e-04
[train] epoch=5 step=220 loss=0.6480 bce=0.0873 cont=0.2803 lr=1.02e-04
[train] epoch=5 step=240 loss=0.6463 bce=0.0850 cont=0.2807 lr=1.00e-04
[train] epoch=5 step=260 loss=0.6457 bce=0.0864 cont=0.2797 lr=9.86e-05
[train] epoch=5 step=280 loss=0.6475 bce=0.0882 cont=0.2797 lr=9.68e-05
[train] epoch=5 step=300 loss=0.6519 bce=0.0918 cont=0.2800 lr=9.51e-05
[train] epoch=5 step=320 loss=0.6582 bce=0.0945 cont=0.2819 lr=9.33e-05
[train] epoch=5 step=340 loss=0.6544 bce=0.0947 cont=0.2799 lr=9.16e-05
[train] epoch=5 step=360 loss=0.6505 bce=0.0925 cont=0.2790 lr=8.98e-05
[train] epoch=5 loss=0.6525 bce=0.0934 cont=0.2796 patch=0.0000
[eval] ─── summary: n_splice=894 n_real=398 ───
[eval] image_auc: 0.8835
[eval] splices (all):
[eval] all         f1: n= 894  med=0.5426  mean=0.4908±0.3688  [p25=0.0956, p75=0.8684]
[eval] all        iou: n= 894  med=0.3723  mean=0.4099±0.3499  [p25=0.0502, p75=0.7673]
[eval] all  precision: n= 894  med=0.4192  mean=0.4616±0.3931  [p25=0.0503, p75=0.8883]
[eval] all     recall: n= 894  med=0.9477  mean=0.8417±0.2499  [p25=0.8241, p75=1.0000]
[eval] splices bucket=tiny (n=310):
[eval] bucket=tiny         f1: n= 310  med=0.0641  mean=0.1637±0.2409  [p25=0.0312, p75=0.1340]
[eval] bucket=tiny        iou: n= 310  med=0.0331  mean=0.1160±0.2064  [p25=0.0158, p75=0.0718]
[eval] bucket=tiny  precision: n= 310  med=0.0331  mean=0.1231±0.2261  [p25=0.0159, p75=0.0719]
[eval] bucket=tiny     recall: n= 310  med=1.0000  mean=0.8657±0.2677  [p25=0.8774, p75=1.0000]
[eval] splices bucket=small (n=310):
[eval] bucket=small         f1: n= 310  med=0.6475  mean=0.5485±0.3262  [p25=0.2230, p75=0.8645]
[eval] bucket=small        iou: n= 310  med=0.4788  mean=0.4486±0.3174  [p25=0.1255, p75=0.7613]
[eval] bucket=small  precision: n= 310  med=0.5317  mean=0.4967±0.3570  [p25=0.1280, p75=0.8775]
[eval] bucket=small     recall: n= 310  med=0.9305  mean=0.8238±0.2715  [p25=0.8358, p75=0.9896]
[eval] splices bucket=medium (n=174):
[eval] bucket=medium         f1: n= 174  med=0.8388  mean=0.7698±0.2083  [p25=0.6603, p75=0.9305]
[eval] bucket=medium        iou: n= 174  med=0.7223  mean=0.6658±0.2397  [p25=0.4928, p75=0.8700]
[eval] bucket=medium  precision: n= 174  med=0.8914  mean=0.7689±0.2500  [p25=0.6616, p75=0.9565]
[eval] bucket=medium     recall: n= 174  med=0.9096  mean=0.8330±0.1874  [p25=0.7488, p75=0.9708]
[eval] splices bucket=large (n=100):
[eval] bucket=large         f1: n= 100  med=0.8964  mean=0.8400±0.1774  [p25=0.7821, p75=0.9655]
[eval] bucket=large        iou: n= 100  med=0.8123  mean=0.7556±0.2102  [p25=0.6422, p75=0.9333]
[eval] bucket=large  precision: n= 100  med=0.9391  mean=0.8672±0.1772  [p25=0.8215, p75=0.9764]
[eval] bucket=large     recall: n= 100  med=0.9443  mean=0.8381±0.2082  [p25=0.7441, p75=0.9790]
[eval] reals accuracy: n= 398  med=0.3495  mean=0.3949±0.1421  [p25=0.2997, p75=0.4346]
[eval] source=casia: n_splice=28 n_real=28
[eval] source=casia         f1: n=  28  med=0.8335  mean=0.5525±0.4151  [p25=0.0406, p75=0.8962]
[eval] source=casia        iou: n=  28  med=0.7147  mean=0.4921±0.3863  [p25=0.0207, p75=0.8120]
[eval] source=casia  precision: n=  28  med=0.7925  mean=0.5360±0.4163  [p25=0.0222, p75=0.9016]
[eval] source=casia     recall: n=  28  med=0.9334  mean=0.8107±0.2943  [p25=0.8450, p75=0.9829]
[eval] source=coco_inpaint: n_splice=126 n_real=126
[eval] source=coco_inpaint         f1: n= 126  med=0.7609  mean=0.6915±0.1945  [p25=0.5776, p75=0.8226]
[eval] source=coco_inpaint        iou: n= 126  med=0.6140  mean=0.5587±0.2063  [p25=0.4061, p75=0.6986]
[eval] source=coco_inpaint  precision: n= 126  med=0.7089  mean=0.6618±0.2532  [p25=0.4678, p75=0.8895]
[eval] source=coco_inpaint     recall: n= 126  med=0.8927  mean=0.8322±0.1764  [p25=0.7256, p75=0.9557]
[eval] source=imd2020: n_splice=171 n_real=41
[eval] source=imd2020         f1: n= 171  med=0.3381  mean=0.4247±0.3520  [p25=0.0598, p75=0.7879]
[eval] source=imd2020        iou: n= 171  med=0.2034  mean=0.3414±0.3248  [p25=0.0308, p75=0.6501]
[eval] source=imd2020  precision: n= 171  med=0.2087  mean=0.3833±0.3655  [p25=0.0315, p75=0.7741]
[eval] source=imd2020     recall: n= 171  med=0.9185  mean=0.8210±0.2507  [p25=0.7986, p75=0.9719]
[eval] source=sagid: n_splice=169 n_real=169
[eval] source=sagid         f1: n= 169  med=0.9102  mean=0.8189±0.2245  [p25=0.7835, p75=0.9587]
[eval] source=sagid        iou: n= 169  med=0.8353  mean=0.7398±0.2483  [p25=0.6440, p75=0.9207]
[eval] source=sagid  precision: n= 169  med=0.8961  mean=0.7997±0.2507  [p25=0.7625, p75=0.9586]
[eval] source=sagid     recall: n= 169  med=0.9586  mean=0.9065±0.1431  [p25=0.8991, p75=0.9813]
[eval] source=tgif2: n_splice=400 n_real=34
[eval] source=tgif2         f1: n= 400  med=0.1427  mean=0.3128±0.3374  [p25=0.0496, p75=0.6496]
[eval] source=tgif2        iou: n= 400  med=0.0768  mean=0.2471±0.3109  [p25=0.0254, p75=0.4810]
[eval] source=tgif2  precision: n= 400  med=0.0795  mean=0.2839±0.3658  [p25=0.0254, p75=0.5632]
[eval] source=tgif2     recall: n= 400  med=0.9828  mean=0.8284±0.2931  [p25=0.7936, p75=1.0000]
[eval] ─── by subgroup (4 cells) ───
[eval] subgroup=flux1dev|fr|random (n_splice=100 n_real=0):
[eval] subgroup=flux1dev|fr|random         f1: n= 100  med=0.1981  mean=0.3233±0.3307  [p25=0.0633, p75=0.6411]
[eval] subgroup=flux1dev|fr|random        iou: n= 100  med=0.1099  mean=0.2521±0.3034  [p25=0.0327, p75=0.4718]
[eval] subgroup=flux1dev|fr|random  precision: n= 100  med=0.1136  mean=0.2945±0.3641  [p25=0.0327, p75=0.4926]
[eval] subgroup=flux1dev|fr|random     recall: n= 100  med=0.9046  mean=0.7209±0.3625  [p25=0.5348, p75=1.0000]
[eval] subgroup=flux1dev|fr|semantic (n_splice=100 n_real=0):
[eval] subgroup=flux1dev|fr|semantic         f1: n= 100  med=0.1333  mean=0.2984±0.3291  [p25=0.0399, p75=0.6098]
[eval] subgroup=flux1dev|fr|semantic        iou: n= 100  med=0.0714  mean=0.2323±0.2963  [p25=0.0204, p75=0.4395]
[eval] subgroup=flux1dev|fr|semantic  precision: n= 100  med=0.0714  mean=0.2684±0.3546  [p25=0.0204, p75=0.5740]
[eval] subgroup=flux1dev|fr|semantic     recall: n= 100  med=1.0000  mean=0.9277±0.1615  [p25=0.9483, p75=1.0000]
[eval] subgroup=flux1dev|sp|random (n_splice=100 n_real=0):
[eval] subgroup=flux1dev|sp|random         f1: n= 100  med=0.2182  mean=0.3849±0.3585  [p25=0.0713, p75=0.7781]
[eval] subgroup=flux1dev|sp|random        iou: n= 100  med=0.1225  mean=0.3135±0.3418  [p25=0.0370, p75=0.6369]
[eval] subgroup=flux1dev|sp|random  precision: n= 100  med=0.1225  mean=0.3650±0.4019  [p25=0.0370, p75=0.9269]
[eval] subgroup=flux1dev|sp|random     recall: n= 100  med=0.9327  mean=0.7852±0.3047  [p25=0.7247, p75=1.0000]
[eval] subgroup=flux1dev|sp|semantic (n_splice=100 n_real=0):
[eval] subgroup=flux1dev|sp|semantic         f1: n= 100  med=0.0958  mean=0.2447±0.3144  [p25=0.0330, p75=0.2826]
[eval] subgroup=flux1dev|sp|semantic        iou: n= 100  med=0.0503  mean=0.1904±0.2864  [p25=0.0168, p75=0.1646]
[eval] subgroup=flux1dev|sp|semantic  precision: n= 100  med=0.0503  mean=0.2076±0.3207  [p25=0.0168, p75=0.1661]
[eval] subgroup=flux1dev|sp|semantic     recall: n= 100  med=1.0000  mean=0.8798±0.2596  [p25=0.9197, p75=1.0000]
[eval]   casia image_auc=0.9643 (n=56)
[eval]   coco_inpaint image_auc=0.9999 (n=252)
[eval]   imd2020 image_auc=0.9763 (n=212)
[eval]   sagid image_auc=0.9997 (n=338)
[eval]   tgif2 image_auc=0.7766 (n=434)
[eval] epoch=5 val_f1_mean=0.4908
[ckpt] saved epoch=5 → /media/ssd/runs/ablation/res_sweep/res_448/epoch_0005.pt
[ckpt] no improvement  patience_left=0  best=0.4947
[train] early stop at epoch=5  best_val_f1_mean=0.4947
[train] done  best_val_f1_mean=0.4947
