===== [2026-06-21T15:42:38] orchestrate launch: /home/fri-team-4/dino_venv/bin/python -m experiments.scripts.train --device cuda --imd2020_root /media/ssd/DINO_SCOPE_DATA/IMD2020 --casia_root /media/ssd/DINO_SCOPE_DATA/casia --sagid_root /media/ssd/DINO_SCOPE_DATA/SAGI_D --coco_inpaint_root /media/ssd/DINO_SCOPE_DATA/INPAINT_COCO/content/inpaint_coco/images --tgif2_root /media/ssd/DINO_SCOPE_DATA/content/flux_originals --casia_train --imd_val_only --image_size 448 --batch_size 8 --grad_accum 1 --contrastive_dim 64 --pool_hidden 256 --lambda_image_bce 1.0 --lambda_contrastive 2.0 --paste_frac 0.5 --noise_prob 0.8 --jpeg_prob 0.55 --train_samples 3000 --num_workers 4 --num_epochs 10 --min_epochs 5 --warmup_epochs 1.0 --early_stop_patience 2 --early_stop_reduce mean --tgif_val_models flux1dev --val_per_cell 100 --lora_rank 32 --lora_alpha 64 --checkpoint_root /media/ssd/runs/ablation/lora_rank_sweep/r032 =====
[cfg] ── dataset roots ──
[cfg]   imd2020_root=/media/ssd/DINO_SCOPE_DATA/IMD2020
[cfg]   casia_root=/media/ssd/DINO_SCOPE_DATA/casia
[cfg]   indoor_root=None
[cfg]   coco_inpaint_root=/media/ssd/DINO_SCOPE_DATA/INPAINT_COCO/content/inpaint_coco/images
[cfg]   sagid_root=/media/ssd/DINO_SCOPE_DATA/SAGI_D
[cfg]   bfree_root=None
[cfg]   anyedit_root=None
[cfg]   tgif2_root=/media/ssd/DINO_SCOPE_DATA/content/flux_originals
[cfg] ── checkpoint ──
[cfg]   run_dir=/media/ssd/runs/ablation/lora_rank_sweep/r032
[cfg]   resume=None
[cfg]   init_weights=None
[cfg]   seed=42
[cfg]   log_every=20
[cfg] ── training loop ──
[cfg]   num_epochs=10
[cfg]   warmup_epochs=1
[cfg]   early_stop_patience=2
[cfg]   early_stop_min_delta=0.002
[cfg]   min_epochs=5
[cfg]   early_stop_reduce=mean
[cfg]   batch_size=8
[cfg]   grad_accum=1
[cfg]   lr=0.0002
[cfg]   weight_decay=0.0001
[cfg]   train_samples=3000
[cfg]   num_workers=4
[cfg]   persistent_workers=false
[cfg]   prefetch_factor=None
[cfg] ── model ──
[cfg]   model_name=facebook/dinov3-vith16plus-pretrain-lvd1689m
[cfg]   image_size=448
[cfg]   patch_size=16
[cfg]   lora_rank=32
[cfg]   lora_alpha=64
[cfg]   lora_dropout=0.1
[cfg]   contrastive_dim=64
[cfg]   pool_hidden=256
[cfg]   patch_bce=false
[cfg] ── loss lambdas ──
[cfg]   lambda_image_bce=1
[cfg]   lambda_contrastive=2
[cfg]   lambda_patch_bce=1
[cfg]   patch_pos_weight=10
[cfg] ── data / sampling ──
[cfg]   splice_mix=None
[cfg]   casia_train=true
[cfg]   imd_val_only=true
[cfg] ── augmentation ──
[cfg]   train_crop_min=0.18
[cfg]   train_crop_max=1
[cfg]   train_crop_ratio_min=0.6
[cfg]   train_crop_ratio_max=1.7
[cfg]   use_splice_degradation=false
[cfg]   use_real_degradation=None
[cfg]   paste_frac=0.5
[cfg]   noise_prob=0.8
[cfg]   jpeg_prob=0.55
[cfg]   whole_corrupt_prob=0
[cfg]   oracle_crop=false
[cfg] ── recipe / tgif-finetune ──
[cfg]   recipe=standard
[cfg]   init_checkpoint=None
[cfg]   eval_per_cell=500
[cfg]   val_per_cell=100
[cfg]   imd_max_items=None
[cfg]   val_zoom=false
[cfg]   val_zoom_pad_frac=None
[cfg]   val_zoom_min_area=0
[cfg]   tgif_val_models=('flux1dev',)
[cfg]   tgif_types=None
[cfg]   tgif_eval_decoders=('kmeans', 'hdbscan')
[cfg]   primary_surface=imd
[cfg] ── hardware ──
[cfg]   device=cuda:0
[cfg]   use_amp=true
[cfg]   amp_dtype=fp16
[cfg]   world_size=1
[cfg]   rank=0
[cfg]   gpu_name=NVIDIA GeForce RTX 2080 Ti
[cfg]   compute_cap=7.5

Loading weights:   0%|          | 0/615 [00:00<?, ?it/s]
Loading weights: 100%|██████████| 615/615 [00:00<00:00, 8015.86it/s]
trainable params: 23,592,960 || all params: 864,185,600 || trainable%: 2.7301
/home/fri-team-4/fri-team4/DINO_SCOPE_final/experiments/scripts/train.py:364: FutureWarning: `torch.cuda.amp.GradScaler(args...)` is deprecated. Please use `torch.amp.GradScaler('cuda', args...)` instead.
  scaler    = torch.cuda.amp.GradScaler(enabled=cfg.use_amp)
[data] Indexing IMD2020: /media/ssd/DINO_SCOPE_DATA/IMD2020
[data] imd2020 train kept=2189 dropped=21/2210 reasons=mask_area_too_small:21
[data] imd2020 val kept=212 dropped=2/214 reasons=mask_area_too_small:2
[data] IMD2020: train=2189 val=212 real_cases=414 splices=2010 skipped_unmasked=0
[data] Indexing CASIA: /media/ssd/DINO_SCOPE_DATA/casia
[data] casia train kept=4423 dropped=21/4444 reasons=mask_area_too_small:21
[data] casia val kept=56 dropped=0/56
[data] CASIA: train=4423 val=56 triplets=2810 discarded=560 malformed=0
[data] Indexing inpaint (coco_inpaint): /media/ssd/DINO_SCOPE_DATA/INPAINT_COCO/content/inpaint_coco/images
[data] coco_inpaint train kept=2265 dropped=3/2268 reasons=mask_area_too_large:3
[data] coco_inpaint val kept=252 dropped=0/252
[data] inpaint coco_inpaint: train=2265 val=252 triplets=1260 unmatched_mods=0
[data] Indexing inpaint (sagid): /media/ssd/DINO_SCOPE_DATA/SAGI_D
[data] sagid train kept=3046 dropped=0/3046
[data] sagid val kept=338 dropped=0/338
[data] inpaint sagid: train=3046 val=338 triplets=1692 unmatched_mods=0
[data] Indexing tgif2 (341 coco_ids): /media/ssd/DINO_SCOPE_DATA/content/flux_originals/tgif2_index.json
[data] tgif2 train kept=16653 dropped=232/16885 reasons=image_corrupt:1,image_degenerate:231
[data] tgif2 val kept=1206 dropped=28/1234 reasons=image_degenerate:28
[data] tgif2: train=16653 val=1206 coco_ids=341 train_frac=0.0 max_per_cell=None eval_per_cell=100
[data] tgif2 → val: 434 items (34 real) models=['flux1dev'] per_cell=100 cells=['flux1dev|fr|random', 'flux1dev|fr|semantic', 'flux1dev|sp|random', 'flux1dev|sp|semantic']
[data] train epoch capped at 3000/9734 samples
[train] LR warmup=375 steps (~1.00 ep) → cosine over 3375 steps eta_min=1.00e-05
[train] epoch=0 step=20 loss=1.5381 bce=0.6912 cont=0.4234 lr=1.26e-05
[train] epoch=0 step=40 loss=1.5398 bce=0.6904 cont=0.4247 lr=2.31e-05
[train] epoch=0 step=60 loss=1.5325 bce=0.6913 cont=0.4206 lr=3.37e-05
[train] epoch=0 step=80 loss=1.5207 bce=0.6911 cont=0.4148 lr=4.42e-05
[train] epoch=0 step=100 loss=1.5211 bce=0.6915 cont=0.4148 lr=5.48e-05
[train] epoch=0 step=120 loss=1.5148 bce=0.6913 cont=0.4117 lr=6.54e-05
[train] epoch=0 step=140 loss=1.5056 bce=0.6913 cont=0.4071 lr=7.59e-05
[train] epoch=0 step=160 loss=1.5001 bce=0.6898 cont=0.4051 lr=8.65e-05
[train] epoch=0 step=180 loss=1.4932 bce=0.6888 cont=0.4022 lr=9.70e-05
[train] epoch=0 step=200 loss=1.4901 bce=0.6850 cont=0.4026 lr=1.08e-04
[train] epoch=0 step=220 loss=1.4725 bce=0.6704 cont=0.4010 lr=1.18e-04
[train] epoch=0 step=240 loss=1.4453 bce=0.6421 cont=0.4016 lr=1.29e-04
[train] epoch=0 step=260 loss=1.4122 bce=0.6090 cont=0.4016 lr=1.39e-04
[train] epoch=0 step=280 loss=1.3890 bce=0.5861 cont=0.4015 lr=1.50e-04
[train] epoch=0 step=300 loss=1.3713 bce=0.5711 cont=0.4001 lr=1.60e-04
[train] epoch=0 step=320 loss=1.3505 bce=0.5521 cont=0.3992 lr=1.71e-04
[train] epoch=0 step=340 loss=1.3250 bce=0.5314 cont=0.3968 lr=1.82e-04
[train] epoch=0 step=360 loss=1.3040 bce=0.5132 cont=0.3954 lr=1.92e-04
[train] epoch=0 loss=1.2869 bce=0.5002 cont=0.3933 patch=0.0000
[eval] ─── summary: n_splice=894 n_real=398 ───
[eval] image_auc: 0.8050
[eval] splices (all):
[eval] all         f1: n= 894  med=0.2711  mean=0.3999±0.3564  [p25=0.0505, p75=0.7796]
[eval] all        iou: n= 894  med=0.1568  mean=0.3222±0.3280  [p25=0.0259, p75=0.6388]
[eval] all  precision: n= 894  med=0.1677  mean=0.3900±0.3948  [p25=0.0271, p75=0.8519]
[eval] all     recall: n= 894  med=0.8543  mean=0.7025±0.3301  [p25=0.5096, p75=0.9680]
[eval] splices bucket=tiny (n=310):
[eval] bucket=tiny         f1: n= 310  med=0.0520  mean=0.1514±0.2403  [p25=0.0184, p75=0.1204]
[eval] bucket=tiny        iou: n= 310  med=0.0267  mean=0.1079±0.2019  [p25=0.0093, p75=0.0640]
[eval] bucket=tiny  precision: n= 310  med=0.0274  mean=0.1174±0.2271  [p25=0.0093, p75=0.0641]
[eval] bucket=tiny     recall: n= 310  med=0.9278  mean=0.7158±0.3699  [p25=0.3689, p75=1.0000]
[eval] splices bucket=small (n=310):
[eval] bucket=small         f1: n= 310  med=0.2806  mean=0.4166±0.3378  [p25=0.1275, p75=0.7652]
[eval] bucket=small        iou: n= 310  med=0.1632  mean=0.3293±0.3132  [p25=0.0681, p75=0.6197]
[eval] bucket=small  precision: n= 310  med=0.1723  mean=0.3806±0.3672  [p25=0.0688, p75=0.8208]
[eval] bucket=small     recall: n= 310  med=0.8516  mean=0.6927±0.3403  [p25=0.5103, p75=0.9606]
[eval] splices bucket=medium (n=174):
[eval] bucket=medium         f1: n= 174  med=0.6823  mean=0.6067±0.3035  [p25=0.3177, p75=0.8954]
[eval] bucket=medium        iou: n= 174  med=0.5178  mean=0.5015±0.3078  [p25=0.1888, p75=0.8107]
[eval] bucket=medium  precision: n= 174  med=0.8136  mean=0.6247±0.3616  [p25=0.2201, p75=0.9576]
[eval] bucket=medium     recall: n= 174  med=0.7780  mean=0.6905±0.2722  [p25=0.5103, p75=0.9215]
[eval] splices bucket=large (n=100):
[eval] bucket=large         f1: n= 100  med=0.8056  mean=0.7588±0.2169  [p25=0.6541, p75=0.9220]
[eval] bucket=large        iou: n= 100  med=0.6745  mean=0.6528±0.2423  [p25=0.4860, p75=0.8553]
[eval] bucket=large  precision: n= 100  med=0.9390  mean=0.8556±0.2111  [p25=0.8096, p75=0.9861]
[eval] bucket=large     recall: n= 100  med=0.7477  mean=0.7122±0.2465  [p25=0.5792, p75=0.9327]
[eval] reals accuracy: n= 398  med=0.3960  mean=0.4035±0.1642  [p25=0.2758, p75=0.5252]
[eval] source=casia: n_splice=28 n_real=28
[eval] source=casia         f1: n=  28  med=0.8388  mean=0.5862±0.3920  [p25=0.0860, p75=0.8956]
[eval] source=casia        iou: n=  28  med=0.7224  mean=0.5164±0.3691  [p25=0.0450, p75=0.8110]
[eval] source=casia  precision: n=  28  med=0.7932  mean=0.5696±0.4003  [p25=0.0450, p75=0.8956]
[eval] source=casia     recall: n=  28  med=0.9318  mean=0.8106±0.3000  [p25=0.8413, p75=0.9839]
[eval] source=coco_inpaint: n_splice=126 n_real=126
[eval] source=coco_inpaint         f1: n= 126  med=0.6362  mean=0.5776±0.2491  [p25=0.4068, p75=0.7768]
[eval] source=coco_inpaint        iou: n= 126  med=0.4665  mean=0.4463±0.2330  [p25=0.2555, p75=0.6351]
[eval] source=coco_inpaint  precision: n= 126  med=0.7207  mean=0.6254±0.3330  [p25=0.3174, p75=0.9374]
[eval] source=coco_inpaint     recall: n= 126  med=0.7227  mean=0.6821±0.2261  [p25=0.5306, p75=0.8461]
[eval] source=imd2020: n_splice=171 n_real=41
[eval] source=imd2020         f1: n= 171  med=0.4758  mean=0.4615±0.3496  [p25=0.0879, p75=0.8002]
[eval] source=imd2020        iou: n= 171  med=0.3122  mean=0.3719±0.3201  [p25=0.0460, p75=0.6670]
[eval] source=imd2020  precision: n= 171  med=0.3228  mean=0.4154±0.3596  [p25=0.0461, p75=0.7972]
[eval] source=imd2020     recall: n= 171  med=0.8987  mean=0.7812±0.2883  [p25=0.7559, p75=0.9629]
[eval] source=sagid: n_splice=169 n_real=169
[eval] source=sagid         f1: n= 169  med=0.8677  mean=0.7148±0.3093  [p25=0.6332, p75=0.9340]
[eval] source=sagid        iou: n= 169  med=0.7663  mean=0.6308±0.3141  [p25=0.4633, p75=0.8761]
[eval] source=sagid  precision: n= 169  med=0.9116  mean=0.7314±0.3376  [p25=0.6281, p75=0.9654]
[eval] source=sagid     recall: n= 169  med=0.8857  mean=0.7822±0.2625  [p25=0.7205, p75=0.9559]
[eval] source=tgif2: n_splice=400 n_real=34
[eval] source=tgif2         f1: n= 400  med=0.0731  mean=0.1716±0.2300  [p25=0.0245, p75=0.2249]
[eval] source=tgif2        iou: n= 400  med=0.0379  mean=0.1180±0.1945  [p25=0.0124, p75=0.1267]
[eval] source=tgif2  precision: n= 400  med=0.0382  mean=0.1481±0.2664  [p25=0.0136, p75=0.1372]
[eval] source=tgif2     recall: n= 400  med=0.7928  mean=0.6340±0.3815  [p25=0.2369, p75=1.0000]
[eval] ─── by subgroup (4 cells) ───
[eval] subgroup=flux1dev|fr|random (n_splice=100 n_real=0):
[eval] subgroup=flux1dev|fr|random         f1: n= 100  med=0.1028  mean=0.1960±0.2351  [p25=0.0325, p75=0.2758]
[eval] subgroup=flux1dev|fr|random        iou: n= 100  med=0.0542  mean=0.1338±0.1962  [p25=0.0165, p75=0.1600]
[eval] subgroup=flux1dev|fr|random  precision: n= 100  med=0.0542  mean=0.1591±0.2537  [p25=0.0190, p75=0.1723]
[eval] subgroup=flux1dev|fr|random     recall: n= 100  med=0.6782  mean=0.5875±0.3815  [p25=0.2269, p75=0.9742]
[eval] subgroup=flux1dev|fr|semantic (n_splice=100 n_real=0):
[eval] subgroup=flux1dev|fr|semantic         f1: n= 100  med=0.0554  mean=0.1252±0.1702  [p25=0.0184, p75=0.1837]
[eval] subgroup=flux1dev|fr|semantic        iou: n= 100  med=0.0285  mean=0.0784±0.1291  [p25=0.0093, p75=0.1011]
[eval] subgroup=flux1dev|fr|semantic  precision: n= 100  med=0.0285  mean=0.0963±0.1964  [p25=0.0093, p75=0.1011]
[eval] subgroup=flux1dev|fr|semantic     recall: n= 100  med=0.8490  mean=0.6547±0.3881  [p25=0.2279, p75=1.0000]
[eval] subgroup=flux1dev|sp|random (n_splice=100 n_real=0):
[eval] subgroup=flux1dev|sp|random         f1: n= 100  med=0.1026  mean=0.2440±0.2924  [p25=0.0350, p75=0.3029]
[eval] subgroup=flux1dev|sp|random        iou: n= 100  med=0.0541  mean=0.1823±0.2631  [p25=0.0178, p75=0.1785]
[eval] subgroup=flux1dev|sp|random  precision: n= 100  med=0.0560  mean=0.2341±0.3441  [p25=0.0197, p75=0.2222]
[eval] subgroup=flux1dev|sp|random     recall: n= 100  med=0.7124  mean=0.5910±0.3793  [p25=0.1871, p75=0.9647]
[eval] subgroup=flux1dev|sp|semantic (n_splice=100 n_real=0):
[eval] subgroup=flux1dev|sp|semantic         f1: n= 100  med=0.0551  mean=0.1211±0.1770  [p25=0.0236, p75=0.1379]
[eval] subgroup=flux1dev|sp|semantic        iou: n= 100  med=0.0283  mean=0.0774±0.1389  [p25=0.0119, p75=0.0741]
[eval] subgroup=flux1dev|sp|semantic  precision: n= 100  med=0.0284  mean=0.1030±0.2244  [p25=0.0119, p75=0.0742]
[eval] subgroup=flux1dev|sp|semantic     recall: n= 100  med=0.9316  mean=0.7026±0.3645  [p25=0.3253, p75=1.0000]
[eval]   casia image_auc=0.8992 (n=56)
[eval]   coco_inpaint image_auc=0.9854 (n=252)
[eval]   imd2020 image_auc=0.9418 (n=212)
[eval]   sagid image_auc=0.9646 (n=338)
[eval]   tgif2 image_auc=0.6007 (n=434)
[eval] epoch=0 val_f1_mean=0.3999
[ckpt] saved epoch=0 → /media/ssd/runs/ablation/lora_rank_sweep/r032/epoch_0000.pt
[ckpt] best model saved  val_f1_mean=0.3999
[train] epoch=1 step=20 loss=0.8718 bce=0.1831 cont=0.3444 lr=2.00e-04
[train] epoch=1 step=40 loss=0.8767 bce=0.1934 cont=0.3417 lr=2.00e-04
[train] epoch=1 step=60 loss=0.8832 bce=0.1816 cont=0.3508 lr=2.00e-04
[train] epoch=1 step=80 loss=0.8949 bce=0.1939 cont=0.3505 lr=2.00e-04
[train] epoch=1 step=100 loss=0.8721 bce=0.1841 cont=0.3440 lr=2.00e-04
[train] epoch=1 step=120 loss=0.8773 bce=0.1841 cont=0.3466 lr=1.99e-04
[train] epoch=1 step=140 loss=0.8708 bce=0.1862 cont=0.3423 lr=1.99e-04
[train] epoch=1 step=160 loss=0.8821 bce=0.1981 cont=0.3420 lr=1.99e-04
[train] epoch=1 step=180 loss=0.8834 bce=0.1977 cont=0.3429 lr=1.99e-04
[train] epoch=1 step=200 loss=0.8832 bce=0.1957 cont=0.3437 lr=1.98e-04
[train] epoch=1 step=220 loss=0.8792 bce=0.1948 cont=0.3422 lr=1.98e-04
[train] epoch=1 step=240 loss=0.8756 bce=0.1907 cont=0.3425 lr=1.98e-04
[train] epoch=1 step=260 loss=0.8738 bce=0.1926 cont=0.3406 lr=1.97e-04
[train] epoch=1 step=280 loss=0.8669 bce=0.1909 cont=0.3380 lr=1.97e-04
[train] epoch=1 step=300 loss=0.8668 bce=0.1927 cont=0.3371 lr=1.96e-04
[train] epoch=1 step=320 loss=0.8656 bce=0.1919 cont=0.3368 lr=1.96e-04
[train] epoch=1 step=340 loss=0.8648 bce=0.1935 cont=0.3356 lr=1.95e-04
[train] epoch=1 step=360 loss=0.8678 bce=0.1964 cont=0.3357 lr=1.95e-04
[train] epoch=1 loss=0.8710 bce=0.1974 cont=0.3368 patch=0.0000
[eval] ─── summary: n_splice=894 n_real=398 ───
[eval] image_auc: 0.8434
[eval] splices (all):
[eval] all         f1: n= 894  med=0.3501  mean=0.4177±0.3653  [p25=0.0494, p75=0.8051]
[eval] all        iou: n= 894  med=0.2122  mean=0.3411±0.3374  [p25=0.0253, p75=0.6738]
[eval] all  precision: n= 894  med=0.2230  mean=0.4053±0.3945  [p25=0.0263, p75=0.8523]
[eval] all     recall: n= 894  med=0.8569  mean=0.6763±0.3576  [p25=0.4229, p75=0.9720]
[eval] splices bucket=tiny (n=310):
[eval] bucket=tiny         f1: n= 310  med=0.0544  mean=0.1395±0.2226  [p25=0.0128, p75=0.1231]
[eval] bucket=tiny        iou: n= 310  med=0.0279  mean=0.0969±0.1854  [p25=0.0064, p75=0.0656]
[eval] bucket=tiny  precision: n= 310  med=0.0286  mean=0.1014±0.1982  [p25=0.0064, p75=0.0656]
[eval] bucket=tiny     recall: n= 310  med=0.8809  mean=0.6594±0.3981  [p25=0.2138, p75=1.0000]
[eval] splices bucket=small (n=310):
[eval] bucket=small         f1: n= 310  med=0.3916  mean=0.4474±0.3457  [p25=0.1112, p75=0.8182]
[eval] bucket=small        iou: n= 310  med=0.2435  mean=0.3583±0.3188  [p25=0.0589, p75=0.6923]
[eval] bucket=small  precision: n= 310  med=0.2619  mean=0.3965±0.3543  [p25=0.0681, p75=0.8041]
[eval] bucket=small     recall: n= 310  med=0.8730  mean=0.6710±0.3734  [p25=0.3785, p75=0.9625]
[eval] splices bucket=medium (n=174):
[eval] bucket=medium         f1: n= 174  med=0.7705  mean=0.6599±0.2992  [p25=0.4446, p75=0.9082]
[eval] bucket=medium        iou: n= 174  med=0.6268  mean=0.5595±0.3050  [p25=0.2859, p75=0.8318]
[eval] bucket=medium  precision: n= 174  med=0.8632  mean=0.6883±0.3308  [p25=0.3960, p75=0.9358]
[eval] bucket=medium     recall: n= 174  med=0.8097  mean=0.6945±0.2932  [p25=0.4935, p75=0.9507]
[eval] splices bucket=large (n=100):
[eval] bucket=large         f1: n= 100  med=0.8081  mean=0.7670±0.2148  [p25=0.6652, p75=0.9488]
[eval] bucket=large        iou: n= 100  med=0.6781  mean=0.6642±0.2471  [p25=0.4983, p75=0.9026]
[eval] bucket=large  precision: n= 100  med=0.9548  mean=0.8825±0.1906  [p25=0.8671, p75=0.9857]
[eval] bucket=large     recall: n= 100  med=0.7759  mean=0.7134±0.2593  [p25=0.5252, p75=0.9629]
[eval] reals accuracy: n= 398  med=0.5032  mean=0.4909±0.1521  [p25=0.3932, p75=0.6008]
[eval] source=casia: n_splice=28 n_real=28
[eval] source=casia         f1: n=  28  med=0.8242  mean=0.5843±0.3931  [p25=0.0653, p75=0.9053]
[eval] source=casia        iou: n=  28  med=0.7010  mean=0.5147±0.3693  [p25=0.0337, p75=0.8270]
[eval] source=casia  precision: n=  28  med=0.7769  mean=0.5510±0.3909  [p25=0.0339, p75=0.8728]
[eval] source=casia     recall: n=  28  med=0.9406  mean=0.8192±0.2970  [p25=0.8552, p75=0.9774]
[eval] source=coco_inpaint: n_splice=126 n_real=126
[eval] source=coco_inpaint         f1: n= 126  med=0.6475  mean=0.5829±0.2448  [p25=0.4295, p75=0.7675]
[eval] source=coco_inpaint        iou: n= 126  med=0.4787  mean=0.4506±0.2301  [p25=0.2735, p75=0.6227]
[eval] source=coco_inpaint  precision: n= 126  med=0.8082  mean=0.6696±0.3367  [p25=0.3560, p75=0.9816]
[eval] source=coco_inpaint     recall: n= 126  med=0.6840  mean=0.6585±0.2430  [p25=0.4926, p75=0.8623]
[eval] source=imd2020: n_splice=171 n_real=41
[eval] source=imd2020         f1: n= 171  med=0.4130  mean=0.4555±0.3472  [p25=0.0782, p75=0.8149]
[eval] source=imd2020        iou: n= 171  med=0.2603  mean=0.3664±0.3211  [p25=0.0407, p75=0.6876]
[eval] source=imd2020  precision: n= 171  med=0.2727  mean=0.3954±0.3479  [p25=0.0413, p75=0.7631]
[eval] source=imd2020     recall: n= 171  med=0.9377  mean=0.8452±0.2417  [p25=0.8472, p75=0.9807]
[eval] source=sagid: n_splice=169 n_real=169
[eval] source=sagid         f1: n= 169  med=0.8746  mean=0.7684±0.2499  [p25=0.6822, p75=0.9461]
[eval] source=sagid        iou: n= 169  med=0.7771  mean=0.6783±0.2724  [p25=0.5177, p75=0.8977]
[eval] source=sagid  precision: n= 169  med=0.8820  mean=0.7674±0.2735  [p25=0.7431, p75=0.9499]
[eval] source=sagid     recall: n= 169  med=0.9486  mean=0.8660±0.1802  [p25=0.8231, p75=0.9775]
[eval] source=tgif2: n_splice=400 n_real=34
[eval] source=tgif2         f1: n= 400  med=0.0662  mean=0.1897±0.2747  [p25=0.0071, p75=0.2314]
[eval] source=tgif2        iou: n= 400  med=0.0342  mean=0.1411±0.2420  [p25=0.0035, p75=0.1308]
[eval] source=tgif2  precision: n= 400  med=0.0362  mean=0.1632±0.2838  [p25=0.0040, p75=0.1363]
[eval] source=tgif2     recall: n= 400  med=0.5785  mean=0.5195±0.4109  [p25=0.0592, p75=0.9596]
[eval] ─── by subgroup (4 cells) ───
[eval] subgroup=flux1dev|fr|random (n_splice=100 n_real=0):
[eval] subgroup=flux1dev|fr|random         f1: n= 100  med=0.1008  mean=0.2254±0.2822  [p25=0.0204, p75=0.3549]
[eval] subgroup=flux1dev|fr|random        iou: n= 100  med=0.0531  mean=0.1659±0.2475  [p25=0.0103, p75=0.2158]
[eval] subgroup=flux1dev|fr|random  precision: n= 100  med=0.0534  mean=0.1939±0.2903  [p25=0.0115, p75=0.2202]
[eval] subgroup=flux1dev|fr|random     recall: n= 100  med=0.5743  mean=0.5368±0.4063  [p25=0.1437, p75=0.9762]
[eval] subgroup=flux1dev|fr|semantic (n_splice=100 n_real=0):
[eval] subgroup=flux1dev|fr|semantic         f1: n= 100  med=0.0279  mean=0.1070±0.1946  [p25=0.0048, p75=0.1190]
[eval] subgroup=flux1dev|fr|semantic        iou: n= 100  med=0.0141  mean=0.0732±0.1643  [p25=0.0024, p75=0.0632]
[eval] subgroup=flux1dev|fr|semantic  precision: n= 100  med=0.0146  mean=0.0795±0.1793  [p25=0.0025, p75=0.0733]
[eval] subgroup=flux1dev|fr|semantic     recall: n= 100  med=0.3585  mean=0.4412±0.4052  [p25=0.0185, p75=0.8870]
[eval] subgroup=flux1dev|sp|random (n_splice=100 n_real=0):
[eval] subgroup=flux1dev|sp|random         f1: n= 100  med=0.1425  mean=0.3153±0.3428  [p25=0.0321, p75=0.5181]
[eval] subgroup=flux1dev|sp|random        iou: n= 100  med=0.0767  mean=0.2509±0.3161  [p25=0.0163, p75=0.3501]
[eval] subgroup=flux1dev|sp|random  precision: n= 100  med=0.0767  mean=0.2982±0.3762  [p25=0.0185, p75=0.8025]
[eval] subgroup=flux1dev|sp|random     recall: n= 100  med=0.8515  mean=0.6198±0.3985  [p25=0.1778, p75=0.9738]
[eval] subgroup=flux1dev|sp|semantic (n_splice=100 n_real=0):
[eval] subgroup=flux1dev|sp|semantic         f1: n= 100  med=0.0325  mean=0.1110±0.1916  [p25=0.0040, p75=0.1159]
[eval] subgroup=flux1dev|sp|semantic        iou: n= 100  med=0.0165  mean=0.0743±0.1561  [p25=0.0020, p75=0.0615]
[eval] subgroup=flux1dev|sp|semantic  precision: n= 100  med=0.0173  mean=0.0812±0.1768  [p25=0.0021, p75=0.0631]
[eval] subgroup=flux1dev|sp|semantic     recall: n= 100  med=0.5160  mean=0.4804±0.4116  [p25=0.0270, p75=0.9083]
[eval]   casia image_auc=0.9401 (n=56)
[eval]   coco_inpaint image_auc=0.9986 (n=252)
[eval]   imd2020 image_auc=0.9723 (n=212)
[eval]   sagid image_auc=0.9886 (n=338)
[eval]   tgif2 image_auc=0.6533 (n=434)
[eval] epoch=1 val_f1_mean=0.4177
[ckpt] saved epoch=1 → /media/ssd/runs/ablation/lora_rank_sweep/r032/epoch_0001.pt
[ckpt] best model saved  val_f1_mean=0.4177
[train] epoch=2 step=20 loss=0.8637 bce=0.2254 cont=0.3192 lr=1.94e-04
[train] epoch=2 step=40 loss=0.8018 bce=0.1674 cont=0.3172 lr=1.93e-04
[train] epoch=2 step=60 loss=0.8090 bce=0.1773 cont=0.3158 lr=1.92e-04
[train] epoch=2 step=80 loss=0.8368 bce=0.1849 cont=0.3259 lr=1.92e-04
[train] epoch=2 step=100 loss=0.8160 bce=0.1646 cont=0.3257 lr=1.91e-04
[train] epoch=2 step=120 loss=0.8144 bce=0.1648 cont=0.3248 lr=1.90e-04
[train] epoch=2 step=140 loss=0.8163 bce=0.1628 cont=0.3268 lr=1.89e-04
[train] epoch=2 step=160 loss=0.8170 bce=0.1658 cont=0.3256 lr=1.88e-04
[train] epoch=2 step=180 loss=0.8021 bce=0.1573 cont=0.3224 lr=1.88e-04
[train] epoch=2 step=200 loss=0.7845 bce=0.1462 cont=0.3192 lr=1.87e-04
[train] epoch=2 step=220 loss=0.7943 bce=0.1554 cont=0.3195 lr=1.86e-04
[train] epoch=2 step=240 loss=0.7925 bce=0.1559 cont=0.3183 lr=1.85e-04
[train] epoch=2 step=260 loss=0.7908 bce=0.1572 cont=0.3168 lr=1.84e-04
[train] epoch=2 step=280 loss=0.7863 bce=0.1543 cont=0.3160 lr=1.83e-04
[train] epoch=2 step=300 loss=0.7814 bce=0.1539 cont=0.3138 lr=1.82e-04
[train] epoch=2 step=320 loss=0.7822 bce=0.1563 cont=0.3129 lr=1.81e-04
[train] epoch=2 step=340 loss=0.7816 bce=0.1543 cont=0.3137 lr=1.80e-04
[train] epoch=2 step=360 loss=0.7796 bce=0.1547 cont=0.3125 lr=1.79e-04
[train] epoch=2 loss=0.7777 bce=0.1554 cont=0.3111 patch=0.0000
[eval] ─── summary: n_splice=894 n_real=398 ───
[eval] image_auc: 0.8389
[eval] splices (all):
[eval] all         f1: n= 894  med=0.4238  mean=0.4536±0.3693  [p25=0.0712, p75=0.8455]
[eval] all        iou: n= 894  med=0.2689  mean=0.3745±0.3434  [p25=0.0369, p75=0.7323]
[eval] all  precision: n= 894  med=0.3366  mean=0.4441±0.4005  [p25=0.0369, p75=0.8832]
[eval] all     recall: n= 894  med=0.8535  mean=0.6894±0.3509  [p25=0.4982, p75=0.9707]
[eval] splices bucket=tiny (n=310):
[eval] bucket=tiny         f1: n= 310  med=0.0640  mean=0.1585±0.2482  [p25=0.0078, p75=0.1382]
[eval] bucket=tiny        iou: n= 310  med=0.0331  mean=0.1142±0.2104  [p25=0.0039, p75=0.0742]
[eval] bucket=tiny  precision: n= 310  med=0.0334  mean=0.1219±0.2313  [p25=0.0041, p75=0.0743]
[eval] bucket=tiny     recall: n= 310  med=0.8458  mean=0.6271±0.4152  [p25=0.0890, p75=1.0000]
[eval] splices bucket=small (n=310):
[eval] bucket=small         f1: n= 310  med=0.5386  mean=0.4945±0.3448  [p25=0.1712, p75=0.8538]
[eval] bucket=small        iou: n= 310  med=0.3686  mean=0.4016±0.3230  [p25=0.0936, p75=0.7450]
[eval] bucket=small  precision: n= 310  med=0.4435  mean=0.4574±0.3667  [p25=0.0936, p75=0.8495]
[eval] bucket=small     recall: n= 310  med=0.8846  mean=0.7029±0.3516  [p25=0.5223, p75=0.9641]
[eval] splices bucket=medium (n=174):
[eval] bucket=medium         f1: n= 174  med=0.8110  mean=0.7087±0.2568  [p25=0.5835, p75=0.9151]
[eval] bucket=medium        iou: n= 174  med=0.6820  mean=0.6025±0.2737  [p25=0.4119, p75=0.8434]
[eval] bucket=medium  precision: n= 174  med=0.8914  mean=0.7439±0.2967  [p25=0.6365, p75=0.9508]
[eval] bucket=medium     recall: n= 174  med=0.8273  mean=0.7380±0.2485  [p25=0.5762, p75=0.9585]
[eval] splices bucket=large (n=100):
[eval] bucket=large         f1: n= 100  med=0.8602  mean=0.7976±0.1949  [p25=0.7048, p75=0.9498]
[eval] bucket=large        iou: n= 100  med=0.7547  mean=0.7005±0.2331  [p25=0.5442, p75=0.9044]
[eval] bucket=large  precision: n= 100  med=0.9475  mean=0.8802±0.1713  [p25=0.8522, p75=0.9797]
[eval] bucket=large     recall: n= 100  med=0.8135  mean=0.7561±0.2335  [p25=0.6019, p75=0.9629]
[eval] reals accuracy: n= 398  med=0.4949  mean=0.4944±0.1686  [p25=0.3667, p75=0.6142]
[eval] source=casia: n_splice=28 n_real=28
[eval] source=casia         f1: n=  28  med=0.8478  mean=0.6125±0.3903  [p25=0.0929, p75=0.9048]
[eval] source=casia        iou: n=  28  med=0.7359  mean=0.5443±0.3676  [p25=0.0487, p75=0.8261]
[eval] source=casia  precision: n=  28  med=0.7989  mean=0.5869±0.3878  [p25=0.0494, p75=0.8922]
[eval] source=casia     recall: n=  28  med=0.9388  mean=0.8374±0.2624  [p25=0.8556, p75=0.9783]
[eval] source=coco_inpaint: n_splice=126 n_real=126
[eval] source=coco_inpaint         f1: n= 126  med=0.7052  mean=0.6449±0.2148  [p25=0.5577, p75=0.8006]
[eval] source=coco_inpaint        iou: n= 126  med=0.5447  mean=0.5093±0.2144  [p25=0.3867, p75=0.6675]
[eval] source=coco_inpaint  precision: n= 126  med=0.7920  mean=0.6845±0.2912  [p25=0.4587, p75=0.9398]
[eval] source=coco_inpaint     recall: n= 126  med=0.7492  mean=0.7266±0.2023  [p25=0.5896, p75=0.8887]
[eval] source=imd2020: n_splice=171 n_real=41
[eval] source=imd2020         f1: n= 171  med=0.4831  mean=0.4632±0.3485  [p25=0.0746, p75=0.8183]
[eval] source=imd2020        iou: n= 171  med=0.3185  mean=0.3732±0.3202  [p25=0.0388, p75=0.6925]
[eval] source=imd2020  precision: n= 171  med=0.3191  mean=0.4128±0.3553  [p25=0.0390, p75=0.7707]
[eval] source=imd2020     recall: n= 171  med=0.9163  mean=0.8202±0.2472  [p25=0.7703, p75=0.9763]
[eval] source=sagid: n_splice=169 n_real=169
[eval] source=sagid         f1: n= 169  med=0.8964  mean=0.7902±0.2446  [p25=0.7375, p75=0.9487]
[eval] source=sagid        iou: n= 169  med=0.8123  mean=0.7060±0.2650  [p25=0.5842, p75=0.9024]
[eval] source=sagid  precision: n= 169  med=0.9091  mean=0.7977±0.2639  [p25=0.8154, p75=0.9546]
[eval] source=sagid     recall: n= 169  med=0.9416  mean=0.8606±0.1874  [p25=0.8401, p75=0.9747]
[eval] source=tgif2: n_splice=400 n_real=34
[eval] source=tgif2         f1: n= 400  med=0.1067  mean=0.2360±0.3063  [p25=0.0086, p75=0.2995]
[eval] source=tgif2        iou: n= 400  med=0.0563  mean=0.1806±0.2727  [p25=0.0043, p75=0.1761]
[eval] source=tgif2  precision: n= 400  med=0.0565  mean=0.2224±0.3404  [p25=0.0046, p75=0.2274]
[eval] source=tgif2     recall: n= 400  med=0.6227  mean=0.5391±0.4151  [p25=0.0367, p75=0.9762]
[eval] ─── by subgroup (4 cells) ───
[eval] subgroup=flux1dev|fr|random (n_splice=100 n_real=0):
[eval] subgroup=flux1dev|fr|random         f1: n= 100  med=0.1513  mean=0.2841±0.3012  [p25=0.0646, p75=0.4343]
[eval] subgroup=flux1dev|fr|random        iou: n= 100  med=0.0818  mean=0.2124±0.2700  [p25=0.0334, p75=0.2774]
[eval] subgroup=flux1dev|fr|random  precision: n= 100  med=0.0832  mean=0.2694±0.3483  [p25=0.0338, p75=0.3357]
[eval] subgroup=flux1dev|fr|random     recall: n= 100  med=0.7584  mean=0.6146±0.3922  [p25=0.2659, p75=1.0000]
[eval] subgroup=flux1dev|fr|semantic (n_splice=100 n_real=0):
[eval] subgroup=flux1dev|fr|semantic         f1: n= 100  med=0.0399  mean=0.1720±0.2748  [p25=0.0003, p75=0.1766]
[eval] subgroup=flux1dev|fr|semantic        iou: n= 100  med=0.0203  mean=0.1294±0.2371  [p25=0.0002, p75=0.0969]
[eval] subgroup=flux1dev|fr|semantic  precision: n= 100  med=0.0209  mean=0.1598±0.2968  [p25=0.0002, p75=0.1003]
[eval] subgroup=flux1dev|fr|semantic     recall: n= 100  med=0.2819  mean=0.4351±0.4180  [p25=0.0025, p75=0.9291]
[eval] subgroup=flux1dev|sp|random (n_splice=100 n_real=0):
[eval] subgroup=flux1dev|sp|random         f1: n= 100  med=0.1750  mean=0.3145±0.3273  [p25=0.0372, p75=0.5289]
[eval] subgroup=flux1dev|sp|random        iou: n= 100  med=0.0959  mean=0.2445±0.3021  [p25=0.0190, p75=0.3596]
[eval] subgroup=flux1dev|sp|random  precision: n= 100  med=0.0959  mean=0.2952±0.3719  [p25=0.0204, p75=0.4172]
[eval] subgroup=flux1dev|sp|random     recall: n= 100  med=0.8384  mean=0.6504±0.3861  [p25=0.2812, p75=1.0000]
[eval] subgroup=flux1dev|sp|semantic (n_splice=100 n_real=0):
[eval] subgroup=flux1dev|sp|semantic         f1: n= 100  med=0.0359  mean=0.1733±0.2922  [p25=0.0001, p75=0.1324]
[eval] subgroup=flux1dev|sp|semantic        iou: n= 100  med=0.0183  mean=0.1362±0.2598  [p25=0.0000, p75=0.0709]
[eval] subgroup=flux1dev|sp|semantic  precision: n= 100  med=0.0184  mean=0.1651±0.3179  [p25=0.0000, p75=0.0709]
[eval] subgroup=flux1dev|sp|semantic     recall: n= 100  med=0.3052  mean=0.4563±0.4192  [p25=0.0018, p75=0.9213]
[eval]   casia image_auc=0.9656 (n=56)
[eval]   coco_inpaint image_auc=0.9999 (n=252)
[eval]   imd2020 image_auc=0.9719 (n=212)
[eval]   sagid image_auc=0.9976 (n=338)
[eval]   tgif2 image_auc=0.6907 (n=434)
[eval] epoch=2 val_f1_mean=0.4536
[ckpt] saved epoch=2 → /media/ssd/runs/ablation/lora_rank_sweep/r032/epoch_0002.pt
[ckpt] best model saved  val_f1_mean=0.4536
[train] epoch=3 step=20 loss=0.7930 bce=0.1873 cont=0.3028 lr=1.77e-04
[train] epoch=3 step=40 loss=0.7545 bce=0.1364 cont=0.3091 lr=1.75e-04
[train] epoch=3 step=60 loss=0.7279 bce=0.1230 cont=0.3025 lr=1.74e-04
[train] epoch=3 step=80 loss=0.7340 bce=0.1312 cont=0.3014 lr=1.73e-04
[train] epoch=3 step=100 loss=0.7345 bce=0.1284 cont=0.3031 lr=1.72e-04
[train] epoch=3 step=120 loss=0.7309 bce=0.1252 cont=0.3028 lr=1.71e-04
[train] epoch=3 step=140 loss=0.7219 bce=0.1236 cont=0.2991 lr=1.69e-04
[train] epoch=3 step=160 loss=0.7143 bce=0.1231 cont=0.2956 lr=1.68e-04
[train] epoch=3 step=180 loss=0.7190 bce=0.1215 cont=0.2988 lr=1.67e-04
[train] epoch=3 step=200 loss=0.7249 bce=0.1236 cont=0.3006 lr=1.65e-04
[train] epoch=3 step=220 loss=0.7174 bce=0.1210 cont=0.2982 lr=1.64e-04
[train] epoch=3 step=240 loss=0.7264 bce=0.1270 cont=0.2997 lr=1.62e-04
[train] epoch=3 step=260 loss=0.7281 bce=0.1283 cont=0.2999 lr=1.61e-04
[train] epoch=3 step=280 loss=0.7322 bce=0.1318 cont=0.3002 lr=1.60e-04
[train] epoch=3 step=300 loss=0.7313 bce=0.1353 cont=0.2980 lr=1.58e-04
[train] epoch=3 step=320 loss=0.7267 bce=0.1342 cont=0.2963 lr=1.57e-04
[train] epoch=3 step=340 loss=0.7288 bce=0.1381 cont=0.2953 lr=1.55e-04
[train] epoch=3 step=360 loss=0.7282 bce=0.1375 cont=0.2954 lr=1.54e-04
[train] epoch=3 loss=0.7343 bce=0.1410 cont=0.2966 patch=0.0000
[eval] ─── summary: n_splice=894 n_real=398 ───
[eval] image_auc: 0.8707
[eval] splices (all):
[eval] all         f1: n= 894  med=0.4313  mean=0.4617±0.3647  [p25=0.0763, p75=0.8411]
[eval] all        iou: n= 894  med=0.2749  mean=0.3801±0.3411  [p25=0.0397, p75=0.7257]
[eval] all  precision: n= 894  med=0.2982  mean=0.4227±0.3797  [p25=0.0406, p75=0.8409]
[eval] all     recall: n= 894  med=0.9153  mean=0.7444±0.3325  [p25=0.6460, p75=0.9760]
[eval] splices bucket=tiny (n=310):
[eval] bucket=tiny         f1: n= 310  med=0.0693  mean=0.1603±0.2427  [p25=0.0119, p75=0.1411]
[eval] bucket=tiny        iou: n= 310  med=0.0359  mean=0.1140±0.2054  [p25=0.0060, p75=0.0759]
[eval] bucket=tiny  precision: n= 310  med=0.0359  mean=0.1197±0.2202  [p25=0.0061, p75=0.0764]
[eval] bucket=tiny     recall: n= 310  med=0.8755  mean=0.6517±0.3939  [p25=0.2262, p75=0.9875]
[eval] splices bucket=small (n=310):
[eval] bucket=small         f1: n= 310  med=0.4725  mean=0.4862±0.3325  [p25=0.1888, p75=0.8181]
[eval] bucket=small        iou: n= 310  med=0.3093  mean=0.3891±0.3131  [p25=0.1042, p75=0.6922]
[eval] bucket=small  precision: n= 310  med=0.3129  mean=0.4197±0.3425  [p25=0.1047, p75=0.7698]
[eval] bucket=small     recall: n= 310  med=0.9293  mean=0.7579±0.3424  [p25=0.7105, p75=0.9762]
[eval] splices bucket=medium (n=174):
[eval] bucket=medium         f1: n= 174  med=0.8075  mean=0.7376±0.2191  [p25=0.6006, p75=0.9263]
[eval] bucket=medium        iou: n= 174  med=0.6771  mean=0.6274±0.2517  [p25=0.4292, p75=0.8626]
[eval] bucket=medium  precision: n= 174  med=0.8462  mean=0.7139±0.2683  [p25=0.4922, p75=0.9324]
[eval] bucket=medium     recall: n= 174  med=0.9225  mean=0.8306±0.1880  [p25=0.7355, p75=0.9680]
[eval] splices bucket=large (n=100):
[eval] bucket=large         f1: n= 100  med=0.8745  mean=0.8398±0.1469  [p25=0.7685, p75=0.9510]
[eval] bucket=large        iou: n= 100  med=0.7770  mean=0.7469±0.1862  [p25=0.6240, p75=0.9066]
[eval] bucket=large  precision: n= 100  med=0.9088  mean=0.8647±0.1491  [p25=0.8027, p75=0.9731]
[eval] bucket=large     recall: n= 100  med=0.9381  mean=0.8401±0.1829  [p25=0.7584, p75=0.9738]
[eval] reals accuracy: n= 398  med=0.5038  mean=0.4970±0.1504  [p25=0.3903, p75=0.6008]
[eval] source=casia: n_splice=28 n_real=28
[eval] source=casia         f1: n=  28  med=0.8078  mean=0.5360±0.4023  [p25=0.0886, p75=0.8968]
[eval] source=casia        iou: n=  28  med=0.6778  mean=0.4705±0.3819  [p25=0.0464, p75=0.8129]
[eval] source=casia  precision: n=  28  med=0.7631  mean=0.5099±0.4070  [p25=0.0465, p75=0.8795]
[eval] source=casia     recall: n=  28  med=0.9293  mean=0.7963±0.3007  [p25=0.8418, p75=0.9705]
[eval] source=coco_inpaint: n_splice=126 n_real=126
[eval] source=coco_inpaint         f1: n= 126  med=0.7363  mean=0.6613±0.2088  [p25=0.5448, p75=0.8047]
[eval] source=coco_inpaint        iou: n= 126  med=0.5826  mean=0.5263±0.2104  [p25=0.3744, p75=0.6733]
[eval] source=coco_inpaint  precision: n= 126  med=0.6705  mean=0.6146±0.2669  [p25=0.4118, p75=0.8224]
[eval] source=coco_inpaint     recall: n= 126  med=0.8835  mean=0.8502±0.1395  [p25=0.7658, p75=0.9660]
[eval] source=imd2020: n_splice=171 n_real=41
[eval] source=imd2020         f1: n= 171  med=0.5287  mean=0.4735±0.3429  [p25=0.0953, p75=0.8188]
[eval] source=imd2020        iou: n= 171  med=0.3593  mean=0.3808±0.3180  [p25=0.0500, p75=0.6931]
[eval] source=imd2020  precision: n= 171  med=0.3720  mean=0.4133±0.3475  [p25=0.0504, p75=0.7546]
[eval] source=imd2020     recall: n= 171  med=0.9391  mean=0.8513±0.2286  [p25=0.8288, p75=0.9752]
[eval] source=sagid: n_splice=169 n_real=169
[eval] source=sagid         f1: n= 169  med=0.9010  mean=0.8031±0.2291  [p25=0.7481, p75=0.9489]
[eval] source=sagid        iou: n= 169  med=0.8199  mean=0.7183±0.2513  [p25=0.5976, p75=0.9028]
[eval] source=sagid  precision: n= 169  med=0.8854  mean=0.7870±0.2519  [p25=0.7318, p75=0.9457]
[eval] source=sagid     recall: n= 169  med=0.9545  mean=0.8895±0.1604  [p25=0.8861, p75=0.9772]
[eval] source=tgif2: n_splice=400 n_real=34
[eval] source=tgif2         f1: n= 400  med=0.1045  mean=0.2442±0.3005  [p25=0.0099, p75=0.3818]
[eval] source=tgif2        iou: n= 400  med=0.0551  mean=0.1845±0.2686  [p25=0.0050, p75=0.2360]
[eval] source=tgif2  precision: n= 400  med=0.0561  mean=0.2063±0.3078  [p25=0.0053, p75=0.2381]
[eval] source=tgif2     recall: n= 400  med=0.7853  mean=0.6005±0.4041  [p25=0.1379, p75=0.9762]
[eval] ─── by subgroup (4 cells) ───
[eval] subgroup=flux1dev|fr|random (n_splice=100 n_real=0):
[eval] subgroup=flux1dev|fr|random         f1: n= 100  med=0.2249  mean=0.3101±0.3037  [p25=0.0738, p75=0.4299]
[eval] subgroup=flux1dev|fr|random        iou: n= 100  med=0.1267  mean=0.2319±0.2735  [p25=0.0383, p75=0.2740]
[eval] subgroup=flux1dev|fr|random  precision: n= 100  med=0.1267  mean=0.2606±0.3185  [p25=0.0396, p75=0.3290]
[eval] subgroup=flux1dev|fr|random     recall: n= 100  med=0.9084  mean=0.6902±0.3787  [p25=0.3503, p75=1.0000]
[eval] subgroup=flux1dev|fr|semantic (n_splice=100 n_real=0):
[eval] subgroup=flux1dev|fr|semantic         f1: n= 100  med=0.0599  mean=0.1679±0.2451  [p25=0.0066, p75=0.1737]
[eval] subgroup=flux1dev|fr|semantic        iou: n= 100  med=0.0309  mean=0.1191±0.2085  [p25=0.0033, p75=0.0951]
[eval] subgroup=flux1dev|fr|semantic  precision: n= 100  med=0.0339  mean=0.1307±0.2365  [p25=0.0037, p75=0.1184]
[eval] subgroup=flux1dev|fr|semantic     recall: n= 100  med=0.5974  mean=0.5155±0.4037  [p25=0.0807, p75=0.9454]
[eval] subgroup=flux1dev|sp|random (n_splice=100 n_real=0):
[eval] subgroup=flux1dev|sp|random         f1: n= 100  med=0.2251  mean=0.3526±0.3477  [p25=0.0646, p75=0.6445]
[eval] subgroup=flux1dev|sp|random        iou: n= 100  med=0.1268  mean=0.2823±0.3272  [p25=0.0334, p75=0.4769]
[eval] subgroup=flux1dev|sp|random  precision: n= 100  med=0.1268  mean=0.3236±0.3787  [p25=0.0370, p75=0.8232]
[eval] subgroup=flux1dev|sp|random     recall: n= 100  med=0.9314  mean=0.6935±0.3820  [p25=0.3652, p75=0.9843]
[eval] subgroup=flux1dev|sp|semantic (n_splice=100 n_real=0):
[eval] subgroup=flux1dev|sp|semantic         f1: n= 100  med=0.0443  mean=0.1463±0.2378  [p25=0.0071, p75=0.1489]
[eval] subgroup=flux1dev|sp|semantic        iou: n= 100  med=0.0227  mean=0.1046±0.2020  [p25=0.0036, p75=0.0804]
[eval] subgroup=flux1dev|sp|semantic  precision: n= 100  med=0.0234  mean=0.1101±0.2156  [p25=0.0039, p75=0.0830]
[eval] subgroup=flux1dev|sp|semantic     recall: n= 100  med=0.5815  mean=0.5027±0.4090  [p25=0.0607, p75=0.9455]
[eval]   casia image_auc=0.9630 (n=56)
[eval]   coco_inpaint image_auc=0.9999 (n=252)
[eval]   imd2020 image_auc=0.9749 (n=212)
[eval]   sagid image_auc=0.9960 (n=338)
[eval]   tgif2 image_auc=0.7046 (n=434)
[eval] epoch=3 val_f1_mean=0.4617
[ckpt] saved epoch=3 → /media/ssd/runs/ablation/lora_rank_sweep/r032/epoch_0003.pt
[ckpt] best model saved  val_f1_mean=0.4617
[train] epoch=4 step=20 loss=0.6755 bce=0.1394 cont=0.2680 lr=1.51e-04
[train] epoch=4 step=40 loss=0.7586 bce=0.1654 cont=0.2966 lr=1.49e-04
[train] epoch=4 step=60 loss=0.7589 bce=0.1552 cont=0.3018 lr=1.48e-04
[train] epoch=4 step=80 loss=0.7505 bce=0.1641 cont=0.2932 lr=1.46e-04
[train] epoch=4 step=100 loss=0.7267 bce=0.1425 cont=0.2921 lr=1.45e-04
[train] epoch=4 step=120 loss=0.7268 bce=0.1424 cont=0.2922 lr=1.43e-04
[train] epoch=4 step=140 loss=0.7212 bce=0.1371 cont=0.2921 lr=1.41e-04
[train] epoch=4 step=160 loss=0.7120 bce=0.1282 cont=0.2919 lr=1.40e-04
[train] epoch=4 step=180 loss=0.7148 bce=0.1315 cont=0.2916 lr=1.38e-04
[train] epoch=4 step=200 loss=0.7221 bce=0.1393 cont=0.2914 lr=1.36e-04
[train] epoch=4 step=220 loss=0.7224 bce=0.1417 cont=0.2903 lr=1.35e-04
[train] epoch=4 step=240 loss=0.7146 bce=0.1353 cont=0.2897 lr=1.33e-04
[train] epoch=4 step=260 loss=0.7258 bce=0.1419 cont=0.2920 lr=1.31e-04
[train] epoch=4 step=280 loss=0.7266 bce=0.1386 cont=0.2940 lr=1.30e-04
[train] epoch=4 step=300 loss=0.7205 bce=0.1338 cont=0.2933 lr=1.28e-04
[train] epoch=4 step=320 loss=0.7172 bce=0.1329 cont=0.2921 lr=1.26e-04
[train] epoch=4 step=340 loss=0.7152 bce=0.1329 cont=0.2911 lr=1.25e-04
[train] epoch=4 step=360 loss=0.7136 bce=0.1312 cont=0.2912 lr=1.23e-04
[train] epoch=4 loss=0.7132 bce=0.1309 cont=0.2912 patch=0.0000
[eval] ─── summary: n_splice=894 n_real=398 ───
[eval] image_auc: 0.8716
[eval] splices (all):
[eval] all         f1: n= 894  med=0.5306  mean=0.4764±0.3701  [p25=0.0711, p75=0.8599]
[eval] all        iou: n= 894  med=0.3611  mean=0.3960±0.3465  [p25=0.0369, p75=0.7542]
[eval] all  precision: n= 894  med=0.3967  mean=0.4451±0.3877  [p25=0.0376, p75=0.8657]
[eval] all     recall: n= 894  med=0.9329  mean=0.7747±0.3124  [p25=0.7032, p75=0.9820]
[eval] splices bucket=tiny (n=310):
[eval] bucket=tiny         f1: n= 310  med=0.0667  mean=0.1587±0.2368  [p25=0.0241, p75=0.1328]
[eval] bucket=tiny        iou: n= 310  med=0.0345  mean=0.1115±0.1989  [p25=0.0122, p75=0.0711]
[eval] bucket=tiny  precision: n= 310  med=0.0345  mean=0.1168±0.2142  [p25=0.0122, p75=0.0712]
[eval] bucket=tiny     recall: n= 310  med=0.9690  mean=0.7725±0.3537  [p25=0.7500, p75=1.0000]
[eval] splices bucket=small (n=310):
[eval] bucket=small         f1: n= 310  med=0.5914  mean=0.5229±0.3418  [p25=0.2068, p75=0.8616]
[eval] bucket=small        iou: n= 310  med=0.4198  mean=0.4277±0.3223  [p25=0.1153, p75=0.7569]
[eval] bucket=small  precision: n= 310  med=0.4720  mean=0.4665±0.3546  [p25=0.1227, p75=0.8362]
[eval] bucket=small     recall: n= 310  med=0.9114  mean=0.7359±0.3406  [p25=0.6237, p75=0.9658]
[eval] splices bucket=medium (n=174):
[eval] bucket=medium         f1: n= 174  med=0.8297  mean=0.7522±0.2229  [p25=0.6378, p75=0.9285]
[eval] bucket=medium        iou: n= 174  med=0.7090  mean=0.6468±0.2504  [p25=0.4682, p75=0.8666]
[eval] bucket=medium  precision: n= 174  med=0.8705  mean=0.7419±0.2597  [p25=0.6169, p75=0.9289]
[eval] bucket=medium     recall: n= 174  med=0.9224  mean=0.8195±0.2145  [p25=0.7329, p75=0.9709]
[eval] splices bucket=large (n=100):
[eval] bucket=large         f1: n= 100  med=0.8730  mean=0.8375±0.1401  [p25=0.7545, p75=0.9525]
[eval] bucket=large        iou: n= 100  med=0.7746  mean=0.7430±0.1893  [p25=0.6058, p75=0.9093]
[eval] bucket=large  precision: n= 100  med=0.9249  mean=0.8803±0.1278  [p25=0.8235, p75=0.9754]
[eval] bucket=large     recall: n= 100  med=0.9113  mean=0.8241±0.1861  [p25=0.7296, p75=0.9748]
[eval] reals accuracy: n= 398  med=0.4668  mean=0.4772±0.1497  [p25=0.3473, p75=0.5800]
[eval] source=casia: n_splice=28 n_real=28
[eval] source=casia         f1: n=  28  med=0.8336  mean=0.5832±0.3908  [p25=0.0707, p75=0.8998]
[eval] source=casia        iou: n=  28  med=0.7150  mean=0.5132±0.3712  [p25=0.0366, p75=0.8179]
[eval] source=casia  precision: n=  28  med=0.7891  mean=0.5472±0.3894  [p25=0.0367, p75=0.8746]
[eval] source=casia     recall: n=  28  med=0.9583  mean=0.8957±0.2057  [p25=0.9282, p75=0.9885]
[eval] source=coco_inpaint: n_splice=126 n_real=126
[eval] source=coco_inpaint         f1: n= 126  med=0.7420  mean=0.7052±0.1745  [p25=0.6331, p75=0.8228]
[eval] source=coco_inpaint        iou: n= 126  med=0.5898  mean=0.5687±0.1823  [p25=0.4632, p75=0.6990]
[eval] source=coco_inpaint  precision: n= 126  med=0.7582  mean=0.7041±0.2440  [p25=0.5186, p75=0.9110]
[eval] source=coco_inpaint     recall: n= 126  med=0.8422  mean=0.7996±0.1716  [p25=0.6925, p75=0.9352]
[eval] source=imd2020: n_splice=171 n_real=41
[eval] source=imd2020         f1: n= 171  med=0.4120  mean=0.4320±0.3480  [p25=0.0663, p75=0.7784]
[eval] source=imd2020        iou: n= 171  med=0.2594  mean=0.3452±0.3175  [p25=0.0343, p75=0.6371]
[eval] source=imd2020  precision: n= 171  med=0.2616  mean=0.3752±0.3462  [p25=0.0344, p75=0.7280]
[eval] source=imd2020     recall: n= 171  med=0.9452  mean=0.8519±0.2449  [p25=0.8677, p75=0.9857]
[eval] source=sagid: n_splice=169 n_real=169
[eval] source=sagid         f1: n= 169  med=0.9061  mean=0.8160±0.2207  [p25=0.7893, p75=0.9482]
[eval] source=sagid        iou: n= 169  med=0.8283  mean=0.7341±0.2444  [p25=0.6519, p75=0.9015]
[eval] source=sagid  precision: n= 169  med=0.8881  mean=0.7952±0.2405  [p25=0.7624, p75=0.9402]
[eval] source=sagid     recall: n= 169  med=0.9605  mean=0.9086±0.1429  [p25=0.9147, p75=0.9798]
[eval] source=tgif2: n_splice=400 n_real=34
[eval] source=tgif2         f1: n= 400  med=0.1027  mean=0.2723±0.3240  [p25=0.0273, p75=0.4466]
[eval] source=tgif2        iou: n= 400  med=0.0541  mean=0.2122±0.2939  [p25=0.0139, p75=0.2875]
[eval] source=tgif2  precision: n= 400  med=0.0559  mean=0.2384±0.3353  [p25=0.0143, p75=0.3197]
[eval] source=tgif2     recall: n= 400  med=0.8951  mean=0.6689±0.3862  [p25=0.2692, p75=0.9996]
[eval] ─── by subgroup (4 cells) ───
[eval] subgroup=flux1dev|fr|random (n_splice=100 n_real=0):
[eval] subgroup=flux1dev|fr|random         f1: n= 100  med=0.2101  mean=0.3151±0.3260  [p25=0.0287, p75=0.5171]
[eval] subgroup=flux1dev|fr|random        iou: n= 100  med=0.1175  mean=0.2431±0.2936  [p25=0.0146, p75=0.3488]
[eval] subgroup=flux1dev|fr|random  precision: n= 100  med=0.1257  mean=0.2744±0.3368  [p25=0.0162, p75=0.3975]
[eval] subgroup=flux1dev|fr|random     recall: n= 100  med=0.8201  mean=0.6284±0.4012  [p25=0.1911, p75=0.9937]
[eval] subgroup=flux1dev|fr|semantic (n_splice=100 n_real=0):
[eval] subgroup=flux1dev|fr|semantic         f1: n= 100  med=0.0999  mean=0.2415±0.3074  [p25=0.0241, p75=0.2970]
[eval] subgroup=flux1dev|fr|semantic        iou: n= 100  med=0.0526  mean=0.1845±0.2716  [p25=0.0122, p75=0.1744]
[eval] subgroup=flux1dev|fr|semantic  precision: n= 100  med=0.0529  mean=0.2125±0.3231  [p25=0.0122, p75=0.1963]
[eval] subgroup=flux1dev|fr|semantic     recall: n= 100  med=0.8915  mean=0.7026±0.3569  [p25=0.4207, p75=0.9998]
[eval] subgroup=flux1dev|sp|random (n_splice=100 n_real=0):
[eval] subgroup=flux1dev|sp|random         f1: n= 100  med=0.1460  mean=0.3278±0.3525  [p25=0.0527, p75=0.6338]
[eval] subgroup=flux1dev|sp|random        iou: n= 100  med=0.0787  mean=0.2651±0.3309  [p25=0.0271, p75=0.4643]
[eval] subgroup=flux1dev|sp|random  precision: n= 100  med=0.0795  mean=0.3004±0.3748  [p25=0.0282, p75=0.5633]
[eval] subgroup=flux1dev|sp|random     recall: n= 100  med=0.9161  mean=0.6475±0.3991  [p25=0.2142, p75=0.9813]
[eval] subgroup=flux1dev|sp|semantic (n_splice=100 n_real=0):
[eval] subgroup=flux1dev|sp|semantic         f1: n= 100  med=0.0676  mean=0.2049±0.2904  [p25=0.0241, p75=0.2017]
[eval] subgroup=flux1dev|sp|semantic        iou: n= 100  med=0.0350  mean=0.1561±0.2614  [p25=0.0122, p75=0.1122]
[eval] subgroup=flux1dev|sp|semantic  precision: n= 100  med=0.0355  mean=0.1661±0.2833  [p25=0.0122, p75=0.1172]
[eval] subgroup=flux1dev|sp|semantic     recall: n= 100  med=0.9172  mean=0.6969±0.3806  [p25=0.3375, p75=1.0000]
[eval]   casia image_auc=0.9605 (n=56)
[eval]   coco_inpaint image_auc=0.9999 (n=252)
[eval]   imd2020 image_auc=0.9770 (n=212)
[eval]   sagid image_auc=0.9980 (n=338)
[eval]   tgif2 image_auc=0.7257 (n=434)
[eval] epoch=4 val_f1_mean=0.4764
[ckpt] saved epoch=4 → /media/ssd/runs/ablation/lora_rank_sweep/r032/epoch_0004.pt
[ckpt] best model saved  val_f1_mean=0.4764
[train] epoch=5 step=20 loss=0.6867 bce=0.1149 cont=0.2859 lr=1.20e-04
[train] epoch=5 step=40 loss=0.6605 bce=0.0927 cont=0.2839 lr=1.18e-04
[train] epoch=5 step=60 loss=0.6456 bce=0.0794 cont=0.2831 lr=1.16e-04
[train] epoch=5 step=80 loss=0.6464 bce=0.0810 cont=0.2827 lr=1.14e-04
[train] epoch=5 step=100 loss=0.6527 bce=0.0817 cont=0.2855 lr=1.13e-04
[train] epoch=5 step=120 loss=0.6534 bce=0.0904 cont=0.2815 lr=1.11e-04
[train] epoch=5 step=140 loss=0.6641 bce=0.0972 cont=0.2835 lr=1.09e-04
[train] epoch=5 step=160 loss=0.6625 bce=0.0986 cont=0.2820 lr=1.07e-04
[train] epoch=5 step=180 loss=0.6583 bce=0.0962 cont=0.2810 lr=1.06e-04
[train] epoch=5 step=200 loss=0.6535 bce=0.0918 cont=0.2809 lr=1.04e-04
[train] epoch=5 step=220 loss=0.6580 bce=0.0928 cont=0.2826 lr=1.02e-04
[train] epoch=5 step=240 loss=0.6547 bce=0.0907 cont=0.2820 lr=1.00e-04
[train] epoch=5 step=260 loss=0.6563 bce=0.0919 cont=0.2822 lr=9.86e-05
[train] epoch=5 step=280 loss=0.6562 bce=0.0913 cont=0.2824 lr=9.68e-05
[train] epoch=5 step=300 loss=0.6569 bce=0.0937 cont=0.2816 lr=9.51e-05
[train] epoch=5 step=320 loss=0.6631 bce=0.0968 cont=0.2832 lr=9.33e-05
[train] epoch=5 step=340 loss=0.6595 bce=0.0950 cont=0.2823 lr=9.16e-05
[train] epoch=5 step=360 loss=0.6561 bce=0.0927 cont=0.2817 lr=8.98e-05
[train] epoch=5 loss=0.6569 bce=0.0940 cont=0.2814 patch=0.0000
[eval] ─── summary: n_splice=894 n_real=398 ───
[eval] image_auc: 0.8632
[eval] splices (all):
[eval] all         f1: n= 894  med=0.4868  mean=0.4723±0.3740  [p25=0.0726, p75=0.8621]
[eval] all        iou: n= 894  med=0.3217  mean=0.3943±0.3514  [p25=0.0377, p75=0.7576]
[eval] all  precision: n= 894  med=0.3793  mean=0.4499±0.3987  [p25=0.0381, p75=0.8897]
[eval] all     recall: n= 894  med=0.9126  mean=0.7699±0.3058  [p25=0.6967, p75=0.9786]
[eval] splices bucket=tiny (n=310):
[eval] bucket=tiny         f1: n= 310  med=0.0616  mean=0.1448±0.2345  [p25=0.0175, p75=0.1101]
[eval] bucket=tiny        iou: n= 310  med=0.0318  mean=0.1031±0.2001  [p25=0.0088, p75=0.0583]
[eval] bucket=tiny  precision: n= 310  med=0.0318  mean=0.1093±0.2187  [p25=0.0089, p75=0.0583]
[eval] bucket=tiny     recall: n= 310  med=0.9303  mean=0.7334±0.3647  [p25=0.6066, p75=1.0000]
[eval] splices bucket=small (n=310):
[eval] bucket=small         f1: n= 310  med=0.6050  mean=0.5305±0.3377  [p25=0.2152, p75=0.8669]
[eval] bucket=small        iou: n= 310  med=0.4337  mean=0.4346±0.3236  [p25=0.1206, p75=0.7651]
[eval] bucket=small  precision: n= 310  med=0.4856  mean=0.4844±0.3653  [p25=0.1207, p75=0.8728]
[eval] bucket=small     recall: n= 310  med=0.9109  mean=0.7764±0.3048  [p25=0.7730, p75=0.9672]
[eval] splices bucket=medium (n=174):
[eval] bucket=medium         f1: n= 174  med=0.8275  mean=0.7367±0.2432  [p25=0.6080, p75=0.9310]
[eval] bucket=medium        iou: n= 174  med=0.7057  mean=0.6335±0.2660  [p25=0.4368, p75=0.8709]
[eval] bucket=medium  precision: n= 174  med=0.8795  mean=0.7429±0.2812  [p25=0.5898, p75=0.9514]
[eval] bucket=medium     recall: n= 174  med=0.9004  mean=0.7882±0.2331  [p25=0.6871, p75=0.9577]
[eval] splices bucket=large (n=100):
[eval] bucket=large         f1: n= 100  med=0.8905  mean=0.8469±0.1372  [p25=0.7696, p75=0.9549]
[eval] bucket=large        iou: n= 100  med=0.8026  mean=0.7561±0.1842  [p25=0.6255, p75=0.9137]
[eval] bucket=large  precision: n= 100  med=0.9362  mean=0.8890±0.1276  [p25=0.8466, p75=0.9767]
[eval] bucket=large     recall: n= 100  med=0.9177  mean=0.8310±0.1803  [p25=0.7325, p75=0.9697]
[eval] reals accuracy: n= 398  med=0.3903  mean=0.4311±0.1434  [p25=0.3182, p75=0.5277]
[eval] source=casia: n_splice=28 n_real=28
[eval] source=casia         f1: n=  28  med=0.8299  mean=0.5742±0.4032  [p25=0.0749, p75=0.9045]
[eval] source=casia        iou: n=  28  med=0.7096  mean=0.5097±0.3802  [p25=0.0389, p75=0.8256]
[eval] source=casia  precision: n=  28  med=0.7944  mean=0.5499±0.4077  [p25=0.0391, p75=0.9015]
[eval] source=casia     recall: n=  28  med=0.9248  mean=0.8564±0.1970  [p25=0.8343, p75=0.9767]
[eval] source=coco_inpaint: n_splice=126 n_real=126
[eval] source=coco_inpaint         f1: n= 126  med=0.7488  mean=0.6969±0.1977  [p25=0.6308, p75=0.8354]
[eval] source=coco_inpaint        iou: n= 126  med=0.5984  mean=0.5650±0.2022  [p25=0.4608, p75=0.7173]
[eval] source=coco_inpaint  precision: n= 126  med=0.7659  mean=0.6833±0.2560  [p25=0.5031, p75=0.8891]
[eval] source=coco_inpaint     recall: n= 126  med=0.8542  mean=0.8188±0.1594  [p25=0.7356, p75=0.9469]
[eval] source=imd2020: n_splice=171 n_real=41
[eval] source=imd2020         f1: n= 171  med=0.3465  mean=0.4171±0.3537  [p25=0.0544, p75=0.7681]
[eval] source=imd2020        iou: n= 171  med=0.2096  mean=0.3349±0.3233  [p25=0.0280, p75=0.6235]
[eval] source=imd2020  precision: n= 171  med=0.2102  mean=0.3757±0.3658  [p25=0.0285, p75=0.7777]
[eval] source=imd2020     recall: n= 171  med=0.9185  mean=0.8213±0.2492  [p25=0.7812, p75=0.9765]
[eval] source=sagid: n_splice=169 n_real=169
[eval] source=sagid         f1: n= 169  med=0.9139  mean=0.8193±0.2220  [p25=0.7892, p75=0.9535]
[eval] source=sagid        iou: n= 169  med=0.8414  mean=0.7397±0.2471  [p25=0.6518, p75=0.9112]
[eval] source=sagid  precision: n= 169  med=0.9084  mean=0.8174±0.2420  [p25=0.7889, p75=0.9607]
[eval] source=sagid     recall: n= 169  med=0.9462  mean=0.8916±0.1449  [p25=0.8924, p75=0.9738]
[eval] source=tgif2: n_splice=400 n_real=34
[eval] source=tgif2         f1: n= 400  med=0.1078  mean=0.2714±0.3248  [p25=0.0229, p75=0.4294]
[eval] source=tgif2        iou: n= 400  med=0.0570  mean=0.2120±0.2955  [p25=0.0116, p75=0.2735]
[eval] source=tgif2  precision: n= 400  med=0.0577  mean=0.2458±0.3495  [p25=0.0124, p75=0.2848]
[eval] source=tgif2     recall: n= 400  med=0.8824  mean=0.6750±0.3810  [p25=0.3080, p75=1.0000]
[eval] ─── by subgroup (4 cells) ───
[eval] subgroup=flux1dev|fr|random (n_splice=100 n_real=0):
[eval] subgroup=flux1dev|fr|random         f1: n= 100  med=0.1400  mean=0.2833±0.3053  [p25=0.0591, p75=0.4516]
[eval] subgroup=flux1dev|fr|random        iou: n= 100  med=0.0753  mean=0.2134±0.2758  [p25=0.0305, p75=0.2917]
[eval] subgroup=flux1dev|fr|random  precision: n= 100  med=0.0768  mean=0.2604±0.3440  [p25=0.0309, p75=0.3452]
[eval] subgroup=flux1dev|fr|random     recall: n= 100  med=0.8000  mean=0.6378±0.3900  [p25=0.2654, p75=1.0000]
[eval] subgroup=flux1dev|fr|semantic (n_splice=100 n_real=0):
[eval] subgroup=flux1dev|fr|semantic         f1: n= 100  med=0.0635  mean=0.2420±0.3242  [p25=0.0187, p75=0.2734]
[eval] subgroup=flux1dev|fr|semantic        iou: n= 100  med=0.0328  mean=0.1905±0.2882  [p25=0.0095, p75=0.1584]
[eval] subgroup=flux1dev|fr|semantic  precision: n= 100  med=0.0333  mean=0.2221±0.3453  [p25=0.0095, p75=0.1796]
[eval] subgroup=flux1dev|fr|semantic     recall: n= 100  med=0.8326  mean=0.6581±0.3804  [p25=0.2893, p75=1.0000]
[eval] subgroup=flux1dev|sp|random (n_splice=100 n_real=0):
[eval] subgroup=flux1dev|sp|random         f1: n= 100  med=0.2086  mean=0.3499±0.3407  [p25=0.0782, p75=0.6132]
[eval] subgroup=flux1dev|sp|random        iou: n= 100  med=0.1165  mean=0.2782±0.3241  [p25=0.0407, p75=0.4422]
[eval] subgroup=flux1dev|sp|random  precision: n= 100  med=0.1171  mean=0.3177±0.3761  [p25=0.0412, p75=0.6536]
[eval] subgroup=flux1dev|sp|random     recall: n= 100  med=0.9299  mean=0.7449±0.3438  [p25=0.5985, p75=0.9946]
[eval] subgroup=flux1dev|sp|semantic (n_splice=100 n_real=0):
[eval] subgroup=flux1dev|sp|semantic         f1: n= 100  med=0.0603  mean=0.2102±0.3110  [p25=0.0171, p75=0.2230]
[eval] subgroup=flux1dev|sp|semantic        iou: n= 100  med=0.0311  mean=0.1658±0.2794  [p25=0.0086, p75=0.1255]
[eval] subgroup=flux1dev|sp|semantic  precision: n= 100  med=0.0313  mean=0.1831±0.3158  [p25=0.0086, p75=0.1258]
[eval] subgroup=flux1dev|sp|semantic     recall: n= 100  med=0.8749  mean=0.6594±0.3988  [p25=0.2315, p75=1.0000]
[eval]   casia image_auc=0.9656 (n=56)
[eval]   coco_inpaint image_auc=0.9999 (n=252)
[eval]   imd2020 image_auc=0.9666 (n=212)
[eval]   sagid image_auc=0.9966 (n=338)
[eval]   tgif2 image_auc=0.7048 (n=434)
[eval] epoch=5 val_f1_mean=0.4723
[ckpt] saved epoch=5 → /media/ssd/runs/ablation/lora_rank_sweep/r032/epoch_0005.pt
[ckpt] no improvement  patience_left=1  best=0.4764
[train] epoch=6 step=20 loss=0.6045 bce=0.0797 cont=0.2624 lr=8.68e-05
[train] epoch=6 step=40 loss=0.6029 bce=0.0730 cont=0.2649 lr=8.50e-05
[train] epoch=6 step=60 loss=0.6491 bce=0.1009 cont=0.2741 lr=8.33e-05
[train] epoch=6 step=80 loss=0.6258 bce=0.0963 cont=0.2648 lr=8.16e-05
[train] epoch=6 step=100 loss=0.6274 bce=0.1001 cont=0.2637 lr=7.99e-05
[train] epoch=6 step=120 loss=0.6196 bce=0.0925 cont=0.2635 lr=7.82e-05
[train] epoch=6 step=140 loss=0.6304 bce=0.0983 cont=0.2661 lr=7.65e-05
[train] epoch=6 step=160 loss=0.6250 bce=0.0935 cont=0.2658 lr=7.48e-05
[train] epoch=6 step=180 loss=0.6237 bce=0.0924 cont=0.2657 lr=7.31e-05
[train] epoch=6 step=200 loss=0.6266 bce=0.0943 cont=0.2661 lr=7.15e-05
malloc(): mismatching next->prev_size (unsorted)
