# ============================================================
# log opened  pid=3477170  ts=2026-07-11T14:26:56  git=14df988
# python=3.10.12  torch=2.7.1+cu118  device=NVIDIA GeForce RTX 2080 Ti 10.6GB  n_gpu=1
# cmd: /home/fri-team-4/fri-team4/DINO_SCOPE_July/experiments/scripts/eval_threshold_sweep.py --cache_dir /media/ssd/runs/bce_emergence/bce_both_s0/noise_cache_epoch_0005/jpeg_90 --out_dir results/bce_emergence/bce_both_s0/noise_threshold_sweep/jpeg_90 --ai_interior_root /media/ssd/DINO_SCOPE_DATA/SAGI_D --ai_boundary_root /media/ssd/DINO_SCOPE_DATA/SAGI_D --real_crop_root /media/ssd/DINO_SCOPE_DATA/SAGI_D --sp_interior_root /media/ssd/DINO_SCOPE_DATA/IMD2020 --sp_boundary_root /media/ssd/DINO_SCOPE_DATA/IMD2020 --fr_bg_matched_root /media/ssd/DINO_SCOPE_DATA/content/flux_originals --ai_interior_tgif_root /media/ssd/DINO_SCOPE_DATA/content/flux_originals --ai_boundary_tgif_root /media/ssd/DINO_SCOPE_DATA/content/flux_originals --real_crop_tgif_root /media/ssd/DINO_SCOPE_DATA/content/flux_originals
# ============================================================
[sweep] cache=/media/ssd/runs/bce_emergence/bce_both_s0/noise_cache_epoch_0005/jpeg_90 (2020 items), res=448/16
[sweep] thresholds (23): [0.01, 0.02, 0.05, 0.1, 0.15, 0.2, 0.25, 0.3, 0.35, 0.4, 0.45, 0.5, 0.55, 0.6, 0.65, 0.7, 0.75, 0.8, 0.85, 0.9, 0.95, 0.98, 0.99]
[data] Indexing inpaint (sagid): /media/ssd/DINO_SCOPE_DATA/SAGI_D
[data] sagid train kept=3046 dropped=0/3046 warns=warn_mask_native_resize:4
[data] sagid val kept=338 dropped=0/338 warns=warn_mask_native_resize:2
[data] inpaint sagid: train=3046 val=338 triplets=1692 unmatched_mods=0
[data] ai_interior (sagid @ /media/ssd/DINO_SCOPE_DATA/SAGI_D): 50 probes from 169/169 parents scanned (gated=140, available_in_scanned=50, stopped_early=False, spec=v5)
[sweep] ai_interior: 50 val items
[data] Indexing inpaint (sagid): /media/ssd/DINO_SCOPE_DATA/SAGI_D
[data] sagid train kept=3046 dropped=0/3046 warns=warn_mask_native_resize:4
[data] sagid val kept=338 dropped=0/338 warns=warn_mask_native_resize:2
[data] inpaint sagid: train=3046 val=338 triplets=1692 unmatched_mods=0
[data] ai_boundary (sagid @ /media/ssd/DINO_SCOPE_DATA/SAGI_D): 300 probes from 169/169 parents scanned (gated=29, available_in_scanned=590, stopped_early=False, spec=v5)
[sweep] ai_boundary: 300 val items
[data] Indexing IMD2020: /media/ssd/DINO_SCOPE_DATA/IMD2020
[data] imd2020 train kept=0 dropped=0/0
[data] imd2020 val kept=2401 dropped=23/2424 reasons=mask_area_too_small:23
[data] IMD2020: train=0 val=2401 real_cases=414 splices=2010 skipped_unmasked=0
[data] sp_interior (imd2020 @ /media/ssd/DINO_SCOPE_DATA/IMD2020): 120 probes from 1987/1987 parents scanned (gated=1892, available_in_scanned=120, stopped_early=False, spec=v5)
[sweep] sp_interior: 120 val items
[data] Indexing IMD2020: /media/ssd/DINO_SCOPE_DATA/IMD2020
[data] imd2020 train kept=0 dropped=0/0
[data] imd2020 val kept=2401 dropped=23/2424 reasons=mask_area_too_small:23
[data] IMD2020: train=0 val=2401 real_cases=414 splices=2010 skipped_unmasked=0
[data] sp_boundary (imd2020 @ /media/ssd/DINO_SCOPE_DATA/IMD2020): 300 probes from 551/1987 parents scanned (gated=251, available_in_scanned=1254, stopped_early=True, spec=v5)
[sweep] sp_boundary: 300 val items
[data] Indexing tgif2 (341 coco_ids): /media/ssd/DINO_SCOPE_DATA/content/flux_originals/tgif2_index.json
[data] tgif2 train kept=0 dropped=0/0
[data] tgif2 val kept=9547 dropped=1/9548 reasons=image_corrupt:1
[data] tgif2: train=0 val=9547 coco_ids=341 train_frac=0.0 max_per_cell=None eval_per_cell=None types=['sp']
[data] ai_interior (tgif2 @ /media/ssd/DINO_SCOPE_DATA/content/flux_originals): 300 probes from 2818/9206 parents scanned (gated=2518, available_in_scanned=358, stopped_early=True, spec=v5)
[data] fr_bg_matched: size pool from ai_interior ref (n=300, median side=262px)
[data] Indexing tgif2 (341 coco_ids): /media/ssd/DINO_SCOPE_DATA/content/flux_originals/tgif2_index.json
[data] tgif2 train kept=0 dropped=0/0
[data] tgif2 val kept=9059 dropped=489/9548 reasons=image_corrupt:1,image_degenerate:272,mask_aspect_misaligned:216 warns=warn_mask_native_resize:6147
[data] tgif2: train=0 val=9059 coco_ids=341 train_frac=0.0 max_per_cell=None eval_per_cell=None types=['fr']
[data] fr_bg_matched (tgif2 @ /media/ssd/DINO_SCOPE_DATA/content/flux_originals): 300 probes from 300/8718 parents scanned (gated=0, available_in_scanned=2112, stopped_early=True, spec=v5)
[sweep] fr_bg_matched: 300 val items
[data] Indexing inpaint (sagid): /media/ssd/DINO_SCOPE_DATA/SAGI_D
[data] sagid train kept=3046 dropped=0/3046 warns=warn_mask_native_resize:4
[data] sagid val kept=338 dropped=0/338 warns=warn_mask_native_resize:2
[data] inpaint sagid: train=3046 val=338 triplets=1692 unmatched_mods=0
[data] real_crop (sagid @ /media/ssd/DINO_SCOPE_DATA/SAGI_D): 50 probes from 169/169 parents scanned (gated=140, unpaired=0, available_in_scanned=50, stopped_early=False, spec=v5)
[sweep] real_crop: 50 val items
[data] Indexing tgif2 (341 coco_ids): /media/ssd/DINO_SCOPE_DATA/content/flux_originals/tgif2_index.json
[data] tgif2 train kept=0 dropped=0/0
[data] tgif2 val kept=9547 dropped=1/9548 reasons=image_corrupt:1
[data] tgif2: train=0 val=9547 coco_ids=341 train_frac=0.0 max_per_cell=None eval_per_cell=None types=['sp']
[data] ai_interior (tgif2 @ /media/ssd/DINO_SCOPE_DATA/content/flux_originals): 300 probes from 2818/9206 parents scanned (gated=2518, available_in_scanned=358, stopped_early=True, spec=v5)
[sweep] ai_interior_tgif: 300 val items
[data] Indexing tgif2 (341 coco_ids): /media/ssd/DINO_SCOPE_DATA/content/flux_originals/tgif2_index.json
[data] tgif2 train kept=0 dropped=0/0
[data] tgif2 val kept=9547 dropped=1/9548 reasons=image_corrupt:1
[data] tgif2: train=0 val=9547 coco_ids=341 train_frac=0.0 max_per_cell=None eval_per_cell=None types=['sp']
[data] ai_boundary (tgif2 @ /media/ssd/DINO_SCOPE_DATA/content/flux_originals): 300 probes from 426/9206 parents scanned (gated=126, available_in_scanned=1129, stopped_early=True, spec=v5)
[sweep] ai_boundary_tgif: 300 val items
[data] Indexing tgif2 (341 coco_ids): /media/ssd/DINO_SCOPE_DATA/content/flux_originals/tgif2_index.json
[data] tgif2 train kept=0 dropped=0/0
[data] tgif2 val kept=9547 dropped=1/9548 reasons=image_corrupt:1
[data] tgif2: train=0 val=9547 coco_ids=341 train_frac=0.0 max_per_cell=None eval_per_cell=None types=['sp']
[data] real_crop (tgif2 @ /media/ssd/DINO_SCOPE_DATA/content/flux_originals): 300 probes from 2818/9206 parents scanned (gated=2518, unpaired=0, available_in_scanned=358, stopped_early=True, spec=v5)
[sweep] real_crop_tgif: 300 val items
[eval] mask-resize: (1024, 682) → (2048, 1364) (same aspect, NEAREST) /media/ssd/DINO_SCOPE_DATA/SAGI_D/mask/triplet_00961.png
[eval] mask-resize: (1024, 682) → (2048, 1364) (same aspect, NEAREST) /media/ssd/DINO_SCOPE_DATA/SAGI_D/mask/triplet_00961.png
[eval] mask-resize: (1024, 682) → (2048, 1364) (same aspect, NEAREST) /media/ssd/DINO_SCOPE_DATA/SAGI_D/mask/triplet_00961.png
[eval] mask-resize: (1024, 682) → (2048, 1364) (same aspect, NEAREST) /media/ssd/DINO_SCOPE_DATA/SAGI_D/mask/triplet_00961.png
[eval] mask-resize: (1024, 682) → (2048, 1364) (same aspect, NEAREST) /media/ssd/DINO_SCOPE_DATA/SAGI_D/mask/triplet_00961.png
[eval] mask-resize: (1024, 682) → (2048, 1364) (same aspect, NEAREST) /media/ssd/DINO_SCOPE_DATA/SAGI_D/mask/triplet_00961.png
[eval] mask-resize: (1024, 682) → (2048, 1364) (same aspect, NEAREST) /media/ssd/DINO_SCOPE_DATA/SAGI_D/mask/triplet_00961.png
[eval] mask-resize: (1024, 682) → (2048, 1364) (same aspect, NEAREST) /media/ssd/DINO_SCOPE_DATA/SAGI_D/mask/triplet_00961.png
[eval] mask-resize: (1024, 682) → (2048, 1364) (same aspect, NEAREST) /media/ssd/DINO_SCOPE_DATA/SAGI_D/mask/triplet_00961.png
[eval] mask-resize: (1024, 682) → (2048, 1364) (same aspect, NEAREST) /media/ssd/DINO_SCOPE_DATA/SAGI_D/mask/triplet_00961.png
[eval] mask-resize: (1024, 682) → (2048, 1364) (same aspect, NEAREST) /media/ssd/DINO_SCOPE_DATA/SAGI_D/mask/triplet_00961.png
[eval] mask-resize: (1024, 682) → (2048, 1364) (same aspect, NEAREST) /media/ssd/DINO_SCOPE_DATA/SAGI_D/mask/triplet_00961.png
[eval] mask-resize: (1024, 682) → (2048, 1364) (same aspect, NEAREST) /media/ssd/DINO_SCOPE_DATA/SAGI_D/mask/triplet_00961.png
[eval] mask-resize: (1024, 682) → (2048, 1364) (same aspect, NEAREST) /media/ssd/DINO_SCOPE_DATA/SAGI_D/mask/triplet_00961.png
[eval] mask-resize: (1024, 682) → (2048, 1364) (same aspect, NEAREST) /media/ssd/DINO_SCOPE_DATA/SAGI_D/mask/triplet_00961.png
[eval] mask-resize: (1024, 682) → (2048, 1364) (same aspect, NEAREST) /media/ssd/DINO_SCOPE_DATA/SAGI_D/mask/triplet_00961.png
[eval] mask-resize: (1024, 682) → (2048, 1364) (same aspect, NEAREST) /media/ssd/DINO_SCOPE_DATA/SAGI_D/mask/triplet_00961.png
[eval] mask-resize: (1024, 682) → (2048, 1364) (same aspect, NEAREST) /media/ssd/DINO_SCOPE_DATA/SAGI_D/mask/triplet_00961.png
[eval] mask-resize: (1024, 682) → (2048, 1364) (same aspect, NEAREST) /media/ssd/DINO_SCOPE_DATA/SAGI_D/mask/triplet_00961.png
[eval] mask-resize: (1024, 682) → (2048, 1364) (same aspect, NEAREST) /media/ssd/DINO_SCOPE_DATA/SAGI_D/mask/triplet_00961.png
[eval] mask-resize: (1024, 682) → (2048, 1364) (same aspect, NEAREST) /media/ssd/DINO_SCOPE_DATA/SAGI_D/mask/triplet_00961.png
[eval] mask-resize: (1024, 682) → (2048, 1364) (same aspect, NEAREST) /media/ssd/DINO_SCOPE_DATA/SAGI_D/mask/triplet_00961.png
[eval] mask-resize: (1024, 682) → (2048, 1364) (same aspect, NEAREST) /media/ssd/DINO_SCOPE_DATA/SAGI_D/mask/triplet_00961.png
[eval] mask-resize: (612, 612) → (2048, 2048) (same aspect, NEAREST) /media/ssd/DINO_SCOPE_DATA/SAGI_D/mask/triplet_01670.png
[eval] mask-resize: (612, 612) → (2048, 2048) (same aspect, NEAREST) /media/ssd/DINO_SCOPE_DATA/SAGI_D/mask/triplet_01670.png
[eval] mask-resize: (612, 612) → (2048, 2048) (same aspect, NEAREST) /media/ssd/DINO_SCOPE_DATA/SAGI_D/mask/triplet_01670.png
[eval] mask-resize: (612, 612) → (2048, 2048) (same aspect, NEAREST) /media/ssd/DINO_SCOPE_DATA/SAGI_D/mask/triplet_01670.png
[eval] mask-resize: (612, 612) → (2048, 2048) (same aspect, NEAREST) /media/ssd/DINO_SCOPE_DATA/SAGI_D/mask/triplet_01670.png
[eval] mask-resize: (612, 612) → (2048, 2048) (same aspect, NEAREST) /media/ssd/DINO_SCOPE_DATA/SAGI_D/mask/triplet_01670.png
[eval] mask-resize: (612, 612) → (2048, 2048) (same aspect, NEAREST) /media/ssd/DINO_SCOPE_DATA/SAGI_D/mask/triplet_01670.png
[eval] mask-resize: (612, 612) → (2048, 2048) (same aspect, NEAREST) /media/ssd/DINO_SCOPE_DATA/SAGI_D/mask/triplet_01670.png
[eval] mask-resize: (612, 612) → (2048, 2048) (same aspect, NEAREST) /media/ssd/DINO_SCOPE_DATA/SAGI_D/mask/triplet_01670.png
[eval] mask-resize: (612, 612) → (2048, 2048) (same aspect, NEAREST) /media/ssd/DINO_SCOPE_DATA/SAGI_D/mask/triplet_01670.png
[eval] mask-resize: (612, 612) → (2048, 2048) (same aspect, NEAREST) /media/ssd/DINO_SCOPE_DATA/SAGI_D/mask/triplet_01670.png
[eval] mask-resize: (612, 612) → (2048, 2048) (same aspect, NEAREST) /media/ssd/DINO_SCOPE_DATA/SAGI_D/mask/triplet_01670.png
[eval] mask-resize: (612, 612) → (2048, 2048) (same aspect, NEAREST) /media/ssd/DINO_SCOPE_DATA/SAGI_D/mask/triplet_01670.png
[eval] mask-resize: (612, 612) → (2048, 2048) (same aspect, NEAREST) /media/ssd/DINO_SCOPE_DATA/SAGI_D/mask/triplet_01670.png
[eval] mask-resize: (612, 612) → (2048, 2048) (same aspect, NEAREST) /media/ssd/DINO_SCOPE_DATA/SAGI_D/mask/triplet_01670.png
[eval] mask-resize: (612, 612) → (2048, 2048) (same aspect, NEAREST) /media/ssd/DINO_SCOPE_DATA/SAGI_D/mask/triplet_01670.png
[eval] mask-resize: (612, 612) → (2048, 2048) (same aspect, NEAREST) /media/ssd/DINO_SCOPE_DATA/SAGI_D/mask/triplet_01670.png
[eval] mask-resize: (612, 612) → (2048, 2048) (same aspect, NEAREST) /media/ssd/DINO_SCOPE_DATA/SAGI_D/mask/triplet_01670.png
[eval] mask-resize: (612, 612) → (2048, 2048) (same aspect, NEAREST) /media/ssd/DINO_SCOPE_DATA/SAGI_D/mask/triplet_01670.png
[eval] mask-resize: (612, 612) → (2048, 2048) (same aspect, NEAREST) /media/ssd/DINO_SCOPE_DATA/SAGI_D/mask/triplet_01670.png
[eval] mask-resize: (612, 612) → (2048, 2048) (same aspect, NEAREST) /media/ssd/DINO_SCOPE_DATA/SAGI_D/mask/triplet_01670.png
[eval] mask-resize: (612, 612) → (2048, 2048) (same aspect, NEAREST) /media/ssd/DINO_SCOPE_DATA/SAGI_D/mask/triplet_01670.png
[eval] mask-resize: (612, 612) → (2048, 2048) (same aspect, NEAREST) /media/ssd/DINO_SCOPE_DATA/SAGI_D/mask/triplet_01670.png
[sweep] 200/2020 items
[eval] mask-resize: (1024, 682) → (2048, 1364) (same aspect, NEAREST) /media/ssd/DINO_SCOPE_DATA/SAGI_D/mask/triplet_00961.png
[eval] mask-resize: (1024, 682) → (2048, 1364) (same aspect, NEAREST) /media/ssd/DINO_SCOPE_DATA/SAGI_D/mask/triplet_00961.png
[eval] mask-resize: (1024, 682) → (2048, 1364) (same aspect, NEAREST) /media/ssd/DINO_SCOPE_DATA/SAGI_D/mask/triplet_00961.png
[eval] mask-resize: (1024, 682) → (2048, 1364) (same aspect, NEAREST) /media/ssd/DINO_SCOPE_DATA/SAGI_D/mask/triplet_00961.png
[eval] mask-resize: (1024, 682) → (2048, 1364) (same aspect, NEAREST) /media/ssd/DINO_SCOPE_DATA/SAGI_D/mask/triplet_00961.png
[eval] mask-resize: (1024, 682) → (2048, 1364) (same aspect, NEAREST) /media/ssd/DINO_SCOPE_DATA/SAGI_D/mask/triplet_00961.png
[eval] mask-resize: (1024, 682) → (2048, 1364) (same aspect, NEAREST) /media/ssd/DINO_SCOPE_DATA/SAGI_D/mask/triplet_00961.png
[eval] mask-resize: (1024, 682) → (2048, 1364) (same aspect, NEAREST) /media/ssd/DINO_SCOPE_DATA/SAGI_D/mask/triplet_00961.png
[eval] mask-resize: (1024, 682) → (2048, 1364) (same aspect, NEAREST) /media/ssd/DINO_SCOPE_DATA/SAGI_D/mask/triplet_00961.png
[eval] mask-resize: (1024, 682) → (2048, 1364) (same aspect, NEAREST) /media/ssd/DINO_SCOPE_DATA/SAGI_D/mask/triplet_00961.png
[eval] mask-resize: (1024, 682) → (2048, 1364) (same aspect, NEAREST) /media/ssd/DINO_SCOPE_DATA/SAGI_D/mask/triplet_00961.png
[eval] mask-resize: (1024, 682) → (2048, 1364) (same aspect, NEAREST) /media/ssd/DINO_SCOPE_DATA/SAGI_D/mask/triplet_00961.png
[eval] mask-resize: (1024, 682) → (2048, 1364) (same aspect, NEAREST) /media/ssd/DINO_SCOPE_DATA/SAGI_D/mask/triplet_00961.png
[eval] mask-resize: (1024, 682) → (2048, 1364) (same aspect, NEAREST) /media/ssd/DINO_SCOPE_DATA/SAGI_D/mask/triplet_00961.png
[eval] mask-resize: (1024, 682) → (2048, 1364) (same aspect, NEAREST) /media/ssd/DINO_SCOPE_DATA/SAGI_D/mask/triplet_00961.png
[eval] mask-resize: (1024, 682) → (2048, 1364) (same aspect, NEAREST) /media/ssd/DINO_SCOPE_DATA/SAGI_D/mask/triplet_00961.png
[eval] mask-resize: (1024, 682) → (2048, 1364) (same aspect, NEAREST) /media/ssd/DINO_SCOPE_DATA/SAGI_D/mask/triplet_00961.png
[eval] mask-resize: (1024, 682) → (2048, 1364) (same aspect, NEAREST) /media/ssd/DINO_SCOPE_DATA/SAGI_D/mask/triplet_00961.png
[eval] mask-resize: (1024, 682) → (2048, 1364) (same aspect, NEAREST) /media/ssd/DINO_SCOPE_DATA/SAGI_D/mask/triplet_00961.png
[eval] mask-resize: (1024, 682) → (2048, 1364) (same aspect, NEAREST) /media/ssd/DINO_SCOPE_DATA/SAGI_D/mask/triplet_00961.png
[eval] mask-resize: (1024, 682) → (2048, 1364) (same aspect, NEAREST) /media/ssd/DINO_SCOPE_DATA/SAGI_D/mask/triplet_00961.png
[eval] mask-resize: (1024, 682) → (2048, 1364) (same aspect, NEAREST) /media/ssd/DINO_SCOPE_DATA/SAGI_D/mask/triplet_00961.png
[eval] mask-resize: (1024, 682) → (2048, 1364) (same aspect, NEAREST) /media/ssd/DINO_SCOPE_DATA/SAGI_D/mask/triplet_00961.png
[eval] mask-resize: (612, 612) → (2048, 2048) (same aspect, NEAREST) /media/ssd/DINO_SCOPE_DATA/SAGI_D/mask/triplet_01670.png
[eval] mask-resize: (612, 612) → (2048, 2048) (same aspect, NEAREST) /media/ssd/DINO_SCOPE_DATA/SAGI_D/mask/triplet_01670.png
[eval] mask-resize: (612, 612) → (2048, 2048) (same aspect, NEAREST) /media/ssd/DINO_SCOPE_DATA/SAGI_D/mask/triplet_01670.png
[eval] mask-resize: (612, 612) → (2048, 2048) (same aspect, NEAREST) /media/ssd/DINO_SCOPE_DATA/SAGI_D/mask/triplet_01670.png
[eval] mask-resize: (612, 612) → (2048, 2048) (same aspect, NEAREST) /media/ssd/DINO_SCOPE_DATA/SAGI_D/mask/triplet_01670.png
[eval] mask-resize: (612, 612) → (2048, 2048) (same aspect, NEAREST) /media/ssd/DINO_SCOPE_DATA/SAGI_D/mask/triplet_01670.png
[eval] mask-resize: (612, 612) → (2048, 2048) (same aspect, NEAREST) /media/ssd/DINO_SCOPE_DATA/SAGI_D/mask/triplet_01670.png
[eval] mask-resize: (612, 612) → (2048, 2048) (same aspect, NEAREST) /media/ssd/DINO_SCOPE_DATA/SAGI_D/mask/triplet_01670.png
[eval] mask-resize: (612, 612) → (2048, 2048) (same aspect, NEAREST) /media/ssd/DINO_SCOPE_DATA/SAGI_D/mask/triplet_01670.png
[eval] mask-resize: (612, 612) → (2048, 2048) (same aspect, NEAREST) /media/ssd/DINO_SCOPE_DATA/SAGI_D/mask/triplet_01670.png
[eval] mask-resize: (612, 612) → (2048, 2048) (same aspect, NEAREST) /media/ssd/DINO_SCOPE_DATA/SAGI_D/mask/triplet_01670.png
[eval] mask-resize: (612, 612) → (2048, 2048) (same aspect, NEAREST) /media/ssd/DINO_SCOPE_DATA/SAGI_D/mask/triplet_01670.png
[eval] mask-resize: (612, 612) → (2048, 2048) (same aspect, NEAREST) /media/ssd/DINO_SCOPE_DATA/SAGI_D/mask/triplet_01670.png
[eval] mask-resize: (612, 612) → (2048, 2048) (same aspect, NEAREST) /media/ssd/DINO_SCOPE_DATA/SAGI_D/mask/triplet_01670.png
[eval] mask-resize: (612, 612) → (2048, 2048) (same aspect, NEAREST) /media/ssd/DINO_SCOPE_DATA/SAGI_D/mask/triplet_01670.png
[eval] mask-resize: (612, 612) → (2048, 2048) (same aspect, NEAREST) /media/ssd/DINO_SCOPE_DATA/SAGI_D/mask/triplet_01670.png
[eval] mask-resize: (612, 612) → (2048, 2048) (same aspect, NEAREST) /media/ssd/DINO_SCOPE_DATA/SAGI_D/mask/triplet_01670.png
[eval] mask-resize: (612, 612) → (2048, 2048) (same aspect, NEAREST) /media/ssd/DINO_SCOPE_DATA/SAGI_D/mask/triplet_01670.png
[eval] mask-resize: (612, 612) → (2048, 2048) (same aspect, NEAREST) /media/ssd/DINO_SCOPE_DATA/SAGI_D/mask/triplet_01670.png
[eval] mask-resize: (612, 612) → (2048, 2048) (same aspect, NEAREST) /media/ssd/DINO_SCOPE_DATA/SAGI_D/mask/triplet_01670.png
[eval] mask-resize: (612, 612) → (2048, 2048) (same aspect, NEAREST) /media/ssd/DINO_SCOPE_DATA/SAGI_D/mask/triplet_01670.png
[eval] mask-resize: (612, 612) → (2048, 2048) (same aspect, NEAREST) /media/ssd/DINO_SCOPE_DATA/SAGI_D/mask/triplet_01670.png
[eval] mask-resize: (612, 612) → (2048, 2048) (same aspect, NEAREST) /media/ssd/DINO_SCOPE_DATA/SAGI_D/mask/triplet_01670.png
[eval] mask-resize: (1024, 682) → (2048, 1364) (same aspect, NEAREST) /media/ssd/DINO_SCOPE_DATA/SAGI_D/mask/triplet_00961.png
[eval] mask-resize: (1024, 682) → (2048, 1364) (same aspect, NEAREST) /media/ssd/DINO_SCOPE_DATA/SAGI_D/mask/triplet_00961.png
[eval] mask-resize: (1024, 682) → (2048, 1364) (same aspect, NEAREST) /media/ssd/DINO_SCOPE_DATA/SAGI_D/mask/triplet_00961.png
[eval] mask-resize: (1024, 682) → (2048, 1364) (same aspect, NEAREST) /media/ssd/DINO_SCOPE_DATA/SAGI_D/mask/triplet_00961.png
[eval] mask-resize: (1024, 682) → (2048, 1364) (same aspect, NEAREST) /media/ssd/DINO_SCOPE_DATA/SAGI_D/mask/triplet_00961.png
[eval] mask-resize: (1024, 682) → (2048, 1364) (same aspect, NEAREST) /media/ssd/DINO_SCOPE_DATA/SAGI_D/mask/triplet_00961.png
[eval] mask-resize: (1024, 682) → (2048, 1364) (same aspect, NEAREST) /media/ssd/DINO_SCOPE_DATA/SAGI_D/mask/triplet_00961.png
[eval] mask-resize: (1024, 682) → (2048, 1364) (same aspect, NEAREST) /media/ssd/DINO_SCOPE_DATA/SAGI_D/mask/triplet_00961.png
[eval] mask-resize: (1024, 682) → (2048, 1364) (same aspect, NEAREST) /media/ssd/DINO_SCOPE_DATA/SAGI_D/mask/triplet_00961.png
[eval] mask-resize: (1024, 682) → (2048, 1364) (same aspect, NEAREST) /media/ssd/DINO_SCOPE_DATA/SAGI_D/mask/triplet_00961.png
[eval] mask-resize: (1024, 682) → (2048, 1364) (same aspect, NEAREST) /media/ssd/DINO_SCOPE_DATA/SAGI_D/mask/triplet_00961.png
[eval] mask-resize: (1024, 682) → (2048, 1364) (same aspect, NEAREST) /media/ssd/DINO_SCOPE_DATA/SAGI_D/mask/triplet_00961.png
[eval] mask-resize: (1024, 682) → (2048, 1364) (same aspect, NEAREST) /media/ssd/DINO_SCOPE_DATA/SAGI_D/mask/triplet_00961.png
[eval] mask-resize: (1024, 682) → (2048, 1364) (same aspect, NEAREST) /media/ssd/DINO_SCOPE_DATA/SAGI_D/mask/triplet_00961.png
[eval] mask-resize: (1024, 682) → (2048, 1364) (same aspect, NEAREST) /media/ssd/DINO_SCOPE_DATA/SAGI_D/mask/triplet_00961.png
[eval] mask-resize: (1024, 682) → (2048, 1364) (same aspect, NEAREST) /media/ssd/DINO_SCOPE_DATA/SAGI_D/mask/triplet_00961.png
[eval] mask-resize: (1024, 682) → (2048, 1364) (same aspect, NEAREST) /media/ssd/DINO_SCOPE_DATA/SAGI_D/mask/triplet_00961.png
[eval] mask-resize: (1024, 682) → (2048, 1364) (same aspect, NEAREST) /media/ssd/DINO_SCOPE_DATA/SAGI_D/mask/triplet_00961.png
[eval] mask-resize: (1024, 682) → (2048, 1364) (same aspect, NEAREST) /media/ssd/DINO_SCOPE_DATA/SAGI_D/mask/triplet_00961.png
[eval] mask-resize: (1024, 682) → (2048, 1364) (same aspect, NEAREST) /media/ssd/DINO_SCOPE_DATA/SAGI_D/mask/triplet_00961.png
[eval] mask-resize: (1024, 682) → (2048, 1364) (same aspect, NEAREST) /media/ssd/DINO_SCOPE_DATA/SAGI_D/mask/triplet_00961.png
[eval] mask-resize: (1024, 682) → (2048, 1364) (same aspect, NEAREST) /media/ssd/DINO_SCOPE_DATA/SAGI_D/mask/triplet_00961.png
[eval] mask-resize: (1024, 682) → (2048, 1364) (same aspect, NEAREST) /media/ssd/DINO_SCOPE_DATA/SAGI_D/mask/triplet_00961.png
[sweep] 400/2020 items
[sweep] 600/2020 items
[sweep] 800/2020 items
[sweep] 1000/2020 items
[sweep] 1200/2020 items
[sweep] 1400/2020 items
[sweep] 1600/2020 items
[sweep] 1800/2020 items
[sweep] 2000/2020 items
[sweep] scored 2020 items x 23 thresholds
[sweep] ai_boundary: F1@0.50=0.7771  ORACLE best t=0.50 F1=0.7771 (n=600)
[sweep] ai_interior: F1@0.50=0.3947  ORACLE best t=0.01 F1=0.8220 (n=350)
[sweep] sp_boundary: F1@0.50=0.6923  ORACLE best t=0.15 F1=0.7299 (n=300)
[sweep] sp_interior: F1@0.50=0.1393  ORACLE best t=0.01 F1=0.6656 (n=120)
[sweep] wrote results/bce_emergence/bce_both_s0/noise_threshold_sweep/jpeg_90/sweep_records.csv and sweep_summary.json
