===== [2026-06-24T11:20:53] orchestrate launch: /home/fri-team-4/dino_venv/bin/python -m experiments.scripts.train --device cuda --imd2020_root /media/ssd/DINO_SCOPE_DATA/IMD2020 --casia_root /media/ssd/DINO_SCOPE_DATA/casia --sagid_root /media/ssd/DINO_SCOPE_DATA/SAGI_D --coco_inpaint_root /media/ssd/DINO_SCOPE_DATA/INPAINT_COCO/content/inpaint_coco/images --tgif2_root /media/ssd/DINO_SCOPE_DATA/content/flux_originals --casia_train --imd_val_only --image_size 448 --lora_rank 32 --lora_alpha 64 --batch_size 8 --grad_accum 1 --contrastive_dim 64 --pool_hidden 256 --lambda_image_bce 1.0 --lambda_contrastive 2.0 --paste_frac 0.5 --noise_prob 0.8 --jpeg_prob 0.55 --train_samples 3000 --num_workers 4 --num_epochs 10 --min_epochs 5 --warmup_epochs 1.0 --early_stop_patience 2 --early_stop_reduce mean --val_zoom --tgif_val_models flux1dev --val_per_cell 100 --model_name facebook/dinov3-vitl16-pretrain-lvd1689m --checkpoint_root /media/ssd/runs/ablation/model_size_sweep/vitl16 =====
===== [2026-06-24T11:20:54] interrupted by user =====
===== [2026-06-24T12:47:57] orchestrate launch: /home/fri-team-4/dino_venv/bin/python -m experiments.scripts.train --device cuda --imd2020_root /media/ssd/DINO_SCOPE_DATA/IMD2020 --casia_root /media/ssd/DINO_SCOPE_DATA/casia --sagid_root /media/ssd/DINO_SCOPE_DATA/SAGI_D --coco_inpaint_root /media/ssd/DINO_SCOPE_DATA/INPAINT_COCO/content/inpaint_coco/images --tgif2_root /media/ssd/DINO_SCOPE_DATA/content/flux_originals --casia_train --imd_val_only --image_size 448 --lora_rank 32 --lora_alpha 64 --batch_size 8 --grad_accum 1 --contrastive_dim 64 --pool_hidden 256 --lambda_image_bce 1.0 --lambda_contrastive 2.0 --paste_frac 0.5 --noise_prob 0.8 --jpeg_prob 0.55 --train_samples 3000 --num_workers 4 --num_epochs 10 --min_epochs 5 --warmup_epochs 1.0 --early_stop_patience 2 --early_stop_reduce mean --val_zoom --tgif_val_models flux1dev --val_per_cell 100 --model_name facebook/dinov3-vitl16-pretrain-lvd1689m --checkpoint_root /media/ssd/runs/ablation/model_size_sweep/vitl16 =====
[cfg] ── dataset roots ──
[cfg]   imd2020_root=/media/ssd/DINO_SCOPE_DATA/IMD2020
[cfg]   casia_root=/media/ssd/DINO_SCOPE_DATA/casia
[cfg]   indoor_root=None
[cfg]   coco_inpaint_root=/media/ssd/DINO_SCOPE_DATA/INPAINT_COCO/content/inpaint_coco/images
[cfg]   sagid_root=/media/ssd/DINO_SCOPE_DATA/SAGI_D
[cfg]   bfree_root=None
[cfg]   anyedit_root=None
[cfg]   tgif2_root=/media/ssd/DINO_SCOPE_DATA/content/flux_originals
[cfg] ── checkpoint ──
[cfg]   run_dir=/media/ssd/runs/ablation/model_size_sweep/vitl16
[cfg]   resume=None
[cfg]   init_weights=None
[cfg]   seed=42
[cfg]   log_every=20
[cfg] ── training loop ──
[cfg]   num_epochs=10
[cfg]   warmup_epochs=1
[cfg]   early_stop_patience=2
[cfg]   early_stop_min_delta=0.002
[cfg]   min_epochs=5
[cfg]   max_train_epochs=None
[cfg]   early_stop_reduce=mean
[cfg]   batch_size=8
[cfg]   grad_accum=1
[cfg]   lr=0.0002
[cfg]   weight_decay=0.0001
[cfg]   train_samples=3000
[cfg]   num_workers=4
[cfg]   persistent_workers=false
[cfg]   prefetch_factor=None
[cfg] ── model ──
[cfg]   model_name=facebook/dinov3-vitl16-pretrain-lvd1689m
[cfg]   image_size=448
[cfg]   patch_size=16
[cfg]   lora_rank=32
[cfg]   lora_alpha=64
[cfg]   lora_dropout=0.1
[cfg]   lora_block_start=None
[cfg]   lora_block_end=None
[cfg]   contrastive_dim=64
[cfg]   pool_hidden=256
[cfg]   patch_bce=false
[cfg] ── loss lambdas ──
[cfg]   lambda_image_bce=1
[cfg]   lambda_contrastive=2
[cfg]   lambda_patch_bce=1
[cfg]   patch_pos_weight=10
[cfg] ── data / sampling ──
[cfg]   splice_mix=None
[cfg]   casia_train=true
[cfg]   imd_val_only=true
[cfg] ── augmentation ──
[cfg]   train_crop_min=0.18
[cfg]   train_crop_max=1
[cfg]   train_crop_ratio_min=0.6
[cfg]   train_crop_ratio_max=1.7
[cfg]   use_splice_degradation=false
[cfg]   use_real_degradation=None
[cfg]   paste_frac=0.5
[cfg]   noise_prob=0.8
[cfg]   jpeg_prob=0.55
[cfg]   whole_corrupt_prob=0
[cfg]   oracle_crop=false
[cfg] ── recipe / tgif-finetune ──
[cfg]   recipe=standard
[cfg]   init_checkpoint=None
[cfg]   eval_per_cell=500
[cfg]   val_per_cell=100
[cfg]   imd_max_items=None
[cfg]   val_zoom=true
[cfg]   val_zoom_pad_frac=None
[cfg]   val_zoom_min_area=0
[cfg]   tgif_val_models=('flux1dev',)
[cfg]   tgif_types=None
[cfg]   tgif_eval_decoders=('kmeans', 'hdbscan')
[cfg]   primary_surface=imd
[cfg] ── hardware ──
[cfg]   device=cuda:0
[cfg]   use_amp=true
[cfg]   amp_dtype=fp16
[cfg]   world_size=1
[cfg]   rank=0
[cfg]   gpu_name=NVIDIA GeForce RTX 2080 Ti
[cfg]   compute_cap=7.5

Loading weights:   0%|          | 0/415 [00:00<?, ?it/s]
Loading weights: 100%|██████████| 415/415 [00:00<00:00, 8953.29it/s]
trainable params: 14,155,776 || all params: 317,285,376 || trainable%: 4.4615
/home/fri-team-4/fri-team4/DINO_SCOPE_final/experiments/scripts/train.py:380: FutureWarning: `torch.cuda.amp.GradScaler(args...)` is deprecated. Please use `torch.amp.GradScaler('cuda', args...)` instead.
  scaler    = torch.cuda.amp.GradScaler(enabled=cfg.use_amp)
[data] Indexing IMD2020: /media/ssd/DINO_SCOPE_DATA/IMD2020
[data] imd2020 train kept=2189 dropped=21/2210 reasons=mask_area_too_small:21
[data] imd2020 val kept=212 dropped=2/214 reasons=mask_area_too_small:2
[data] IMD2020: train=2189 val=212 real_cases=414 splices=2010 skipped_unmasked=0
[data] Indexing CASIA: /media/ssd/DINO_SCOPE_DATA/casia
[data] casia train kept=4423 dropped=21/4444 reasons=mask_area_too_small:21
[data] casia val kept=56 dropped=0/56
[data] CASIA: train=4423 val=56 triplets=2810 discarded=560 malformed=0
[data] Indexing inpaint (coco_inpaint): /media/ssd/DINO_SCOPE_DATA/INPAINT_COCO/content/inpaint_coco/images
[data] coco_inpaint train kept=2265 dropped=3/2268 reasons=mask_area_too_large:3
[data] coco_inpaint val kept=252 dropped=0/252
[data] inpaint coco_inpaint: train=2265 val=252 triplets=1260 unmatched_mods=0
[data] Indexing inpaint (sagid): /media/ssd/DINO_SCOPE_DATA/SAGI_D
[data] sagid train kept=3046 dropped=0/3046
[data] sagid val kept=338 dropped=0/338
[data] inpaint sagid: train=3046 val=338 triplets=1692 unmatched_mods=0
[data] Indexing tgif2 (341 coco_ids): /media/ssd/DINO_SCOPE_DATA/content/flux_originals/tgif2_index.json
[data] tgif2 train kept=16651 dropped=234/16885 reasons=image_corrupt:3,image_degenerate:231
[data] tgif2 val kept=1206 dropped=28/1234 reasons=image_degenerate:28
[data] tgif2: train=16651 val=1206 coco_ids=341 train_frac=0.0 max_per_cell=None eval_per_cell=100
[data] tgif2 → val: 434 items (34 real) models=['flux1dev'] per_cell=100 cells=['flux1dev|fr|random', 'flux1dev|fr|semantic', 'flux1dev|sp|random', 'flux1dev|sp|semantic']
[data] train epoch capped at 3000/9734 samples
[train] LR warmup=375 steps (~1.00 ep) → cosine over 3375 steps eta_min=1.00e-05
[train] epoch=0 step=20 loss=1.4958 bce=0.6880 cont=0.4039 lr=1.26e-05
[train] epoch=0 step=40 loss=1.4975 bce=0.6911 cont=0.4032 lr=2.31e-05
[train] epoch=0 step=60 loss=1.5053 bce=0.6903 cont=0.4075 lr=3.37e-05
[train] epoch=0 step=80 loss=1.4938 bce=0.6898 cont=0.4020 lr=4.42e-05
[train] epoch=0 step=100 loss=1.4892 bce=0.6905 cont=0.3994 lr=5.48e-05
[train] epoch=0 step=120 loss=1.4834 bce=0.6880 cont=0.3977 lr=6.54e-05
[train] epoch=0 step=140 loss=1.4864 bce=0.6885 cont=0.3989 lr=7.59e-05
[train] epoch=0 step=160 loss=1.4879 bce=0.6856 cont=0.4012 lr=8.65e-05
[train] epoch=0 step=180 loss=1.4805 bce=0.6777 cont=0.4014 lr=9.70e-05
[train] epoch=0 step=200 loss=1.4625 bce=0.6591 cont=0.4017 lr=1.08e-04
[train] epoch=0 step=220 loss=1.4415 bce=0.6387 cont=0.4014 lr=1.18e-04
[train] epoch=0 step=240 loss=1.4158 bce=0.6151 cont=0.4004 lr=1.29e-04
[train] epoch=0 step=260 loss=1.3876 bce=0.5900 cont=0.3988 lr=1.39e-04
[train] epoch=0 step=280 loss=1.3761 bce=0.5775 cont=0.3993 lr=1.50e-04
[train] epoch=0 step=300 loss=1.3584 bce=0.5623 cont=0.3981 lr=1.60e-04
[train] epoch=0 step=320 loss=1.3354 bce=0.5432 cont=0.3961 lr=1.71e-04
[train] epoch=0 step=340 loss=1.3257 bce=0.5359 cont=0.3949 lr=1.82e-04
[train] epoch=0 step=360 loss=1.3115 bce=0.5233 cont=0.3941 lr=1.92e-04
[train] epoch=0 loss=1.3004 bce=0.5165 cont=0.3920 patch=0.0000
[eval] val zoom ON (two-pass, decoder=kmeans)
[eval] ─── summary: n_splice=894 n_real=398 ───
[eval] image_auc: 0.7723
[eval] splices (all):
[eval] all         f1: n= 894  med=0.3668  mean=0.4141±0.3431  [p25=0.0613, p75=0.7522]
[eval] all        iou: n= 894  med=0.2246  mean=0.3284±0.3152  [p25=0.0316, p75=0.6029]
[eval] all  precision: n= 894  med=0.4828  mean=0.4849±0.4045  [p25=0.0407, p75=0.9143]
[eval] all     recall: n= 894  med=0.5977  mean=0.5411±0.3719  [p25=0.1693, p75=0.9314]
[eval] splices bucket=tiny (n=310):
[eval] bucket=tiny         f1: n= 310  med=0.1067  mean=0.3061±0.3449  [p25=0.0112, p75=0.6833]
[eval] bucket=tiny        iou: n= 310  med=0.0564  mean=0.2421±0.3042  [p25=0.0056, p75=0.5190]
[eval] bucket=tiny  precision: n= 310  med=0.0568  mean=0.2841±0.3512  [p25=0.0057, p75=0.6423]
[eval] bucket=tiny     recall: n= 310  med=0.8194  mean=0.6110±0.3979  [p25=0.1569, p75=0.9635]
[eval] splices bucket=small (n=310):
[eval] bucket=small         f1: n= 310  med=0.3485  mean=0.4170±0.3393  [p25=0.0664, p75=0.7445]
[eval] bucket=small        iou: n= 310  med=0.2110  mean=0.3295±0.3128  [p25=0.0343, p75=0.5930]
[eval] bucket=small  precision: n= 310  med=0.3013  mean=0.4530±0.3928  [p25=0.0564, p75=0.8853]
[eval] bucket=small     recall: n= 310  med=0.5688  mean=0.5159±0.3724  [p25=0.1078, p75=0.8717]
[eval] splices bucket=medium (n=174):
[eval] bucket=medium         f1: n= 174  med=0.4609  mean=0.5078±0.3016  [p25=0.2873, p75=0.7948]
[eval] bucket=medium        iou: n= 174  med=0.2995  mean=0.3991±0.2953  [p25=0.1677, p75=0.6594]
[eval] bucket=medium  precision: n= 174  med=0.9086  mean=0.6998±0.3428  [p25=0.3932, p75=0.9731]
[eval] bucket=medium     recall: n= 174  med=0.4722  mean=0.4883±0.3292  [p25=0.1994, p75=0.7622]
[eval] splices bucket=large (n=100):
[eval] bucket=large         f1: n= 100  med=0.5900  mean=0.5770±0.3009  [p25=0.3552, p75=0.8347]
[eval] bucket=large        iou: n= 100  med=0.4184  mean=0.4693±0.3076  [p25=0.2160, p75=0.7163]
[eval] bucket=large  precision: n= 100  med=0.9581  mean=0.8324±0.2615  [p25=0.8124, p75=0.9921]
[eval] bucket=large     recall: n= 100  med=0.4346  mean=0.4944±0.3209  [p25=0.2574, p75=0.7720]
[eval] reals accuracy: n= 398  med=0.7136  mean=0.6819±0.2179  [p25=0.5064, p75=0.8818]
[eval] source=casia: n_splice=28 n_real=28
[eval] source=casia         f1: n=  28  med=0.8607  mean=0.6299±0.3881  [p25=0.1190, p75=0.9301]
[eval] source=casia        iou: n=  28  med=0.7555  mean=0.5647±0.3726  [p25=0.0634, p75=0.8695]
[eval] source=casia  precision: n=  28  med=0.8123  mean=0.6552±0.3674  [p25=0.5571, p75=0.9102]
[eval] source=casia     recall: n=  28  med=0.9594  mean=0.7197±0.3977  [p25=0.3497, p75=0.9776]
[eval] source=coco_inpaint: n_splice=126 n_real=126
[eval] source=coco_inpaint         f1: n= 126  med=0.5249  mean=0.4903±0.2266  [p25=0.3272, p75=0.6893]
[eval] source=coco_inpaint        iou: n= 126  med=0.3558  mean=0.3542±0.1978  [p25=0.1956, p75=0.5259]
[eval] source=coco_inpaint  precision: n= 126  med=0.9292  mean=0.7954±0.2787  [p25=0.7049, p75=0.9952]
[eval] source=coco_inpaint     recall: n= 126  med=0.4055  mean=0.4166±0.2413  [p25=0.2207, p75=0.5951]
[eval] source=imd2020: n_splice=171 n_real=41
[eval] source=imd2020         f1: n= 171  med=0.6216  mean=0.5161±0.3537  [p25=0.1355, p75=0.8495]
[eval] source=imd2020        iou: n= 171  med=0.4510  mean=0.4253±0.3289  [p25=0.0727, p75=0.7384]
[eval] source=imd2020  precision: n= 171  med=0.6394  mean=0.5134±0.3674  [p25=0.0978, p75=0.8705]
[eval] source=imd2020     recall: n= 171  med=0.8140  mean=0.6415±0.3705  [p25=0.2999, p75=0.9570]
[eval] source=sagid: n_splice=169 n_real=169
[eval] source=sagid         f1: n= 169  med=0.8133  mean=0.7134±0.2779  [p25=0.5762, p75=0.9249]
[eval] source=sagid        iou: n= 169  med=0.6853  mean=0.6161±0.2906  [p25=0.4047, p75=0.8603]
[eval] source=sagid  precision: n= 169  med=0.9339  mean=0.8192±0.2678  [p25=0.8289, p75=0.9769]
[eval] source=sagid     recall: n= 169  med=0.7651  mean=0.6845±0.3022  [p25=0.4947, p75=0.9525]
[eval] source=tgif2: n_splice=400 n_real=34
[eval] source=tgif2         f1: n= 400  med=0.1047  mean=0.2050±0.2433  [p25=0.0101, p75=0.3133]
[eval] source=tgif2        iou: n= 400  med=0.0552  mean=0.1407±0.1994  [p25=0.0051, p75=0.1858]
[eval] source=tgif2  precision: n= 400  med=0.0641  mean=0.2218±0.3076  [p25=0.0052, p75=0.2818]
[eval] source=tgif2     recall: n= 400  med=0.3591  mean=0.4643±0.3955  [p25=0.0446, p75=0.8819]
[eval] ─── by subgroup (4 cells) ───
[eval] subgroup=flux1dev|fr|random (n_splice=100 n_real=0):
[eval] subgroup=flux1dev|fr|random         f1: n= 100  med=0.0958  mean=0.1770±0.2032  [p25=0.0082, p75=0.2971]
[eval] subgroup=flux1dev|fr|random        iou: n= 100  med=0.0503  mean=0.1135±0.1500  [p25=0.0041, p75=0.1745]
[eval] subgroup=flux1dev|fr|random  precision: n= 100  med=0.0658  mean=0.1909±0.2617  [p25=0.0046, p75=0.2818]
[eval] subgroup=flux1dev|fr|random     recall: n= 100  med=0.2284  mean=0.3499±0.3606  [p25=0.0253, p75=0.7196]
[eval] subgroup=flux1dev|fr|semantic (n_splice=100 n_real=0):
[eval] subgroup=flux1dev|fr|semantic         f1: n= 100  med=0.0804  mean=0.1988±0.2509  [p25=0.0132, p75=0.2844]
[eval] subgroup=flux1dev|fr|semantic        iou: n= 100  med=0.0419  mean=0.1381±0.2018  [p25=0.0066, p75=0.1658]
[eval] subgroup=flux1dev|fr|semantic  precision: n= 100  med=0.0430  mean=0.1821±0.2702  [p25=0.0066, p75=0.2365]
[eval] subgroup=flux1dev|fr|semantic     recall: n= 100  med=0.6333  mean=0.5249±0.3987  [p25=0.0891, p75=0.9262]
[eval] subgroup=flux1dev|sp|random (n_splice=100 n_real=0):
[eval] subgroup=flux1dev|sp|random         f1: n= 100  med=0.2012  mean=0.2420±0.2578  [p25=0.0133, p75=0.3727]
[eval] subgroup=flux1dev|sp|random        iou: n= 100  med=0.1119  mean=0.1699±0.2241  [p25=0.0067, p75=0.2290]
[eval] subgroup=flux1dev|sp|random  precision: n= 100  med=0.1368  mean=0.3168±0.3628  [p25=0.0116, p75=0.6067]
[eval] subgroup=flux1dev|sp|random     recall: n= 100  med=0.2504  mean=0.3766±0.3563  [p25=0.0701, p75=0.7229]
[eval] subgroup=flux1dev|sp|semantic (n_splice=100 n_real=0):
[eval] subgroup=flux1dev|sp|semantic         f1: n= 100  med=0.0816  mean=0.2021±0.2529  [p25=0.0182, p75=0.3206]
[eval] subgroup=flux1dev|sp|semantic        iou: n= 100  med=0.0425  mean=0.1414±0.2097  [p25=0.0092, p75=0.1909]
[eval] subgroup=flux1dev|sp|semantic  precision: n= 100  med=0.0431  mean=0.1975±0.3054  [p25=0.0097, p75=0.2119]
[eval] subgroup=flux1dev|sp|semantic     recall: n= 100  med=0.8331  mean=0.6059±0.4065  [p25=0.1340, p75=0.9744]
[eval]   casia image_auc=0.8954 (n=56)
[eval]   coco_inpaint image_auc=0.9734 (n=252)
[eval]   imd2020 image_auc=0.9381 (n=212)
[eval]   sagid image_auc=0.9706 (n=338)
[eval]   tgif2 image_auc=0.6077 (n=434)
[eval] epoch=0 val_f1_mean=0.4141
[ckpt] saved epoch=0 → /media/ssd/runs/ablation/model_size_sweep/vitl16/epoch_0000.pt
[ckpt] best model saved  val_f1_mean=0.4141
[train] epoch=1 step=20 loss=1.0701 bce=0.3630 cont=0.3536 lr=2.00e-04
[train] epoch=1 step=40 loss=1.0464 bce=0.2970 cont=0.3747 lr=2.00e-04
[train] epoch=1 step=60 loss=1.0599 bce=0.3153 cont=0.3723 lr=2.00e-04
[train] epoch=1 step=80 loss=1.0376 bce=0.3053 cont=0.3661 lr=2.00e-04
[train] epoch=1 step=100 loss=1.0246 bce=0.3005 cont=0.3621 lr=2.00e-04
[train] epoch=1 step=120 loss=1.0148 bce=0.2889 cont=0.3630 lr=1.99e-04
[train] epoch=1 step=140 loss=1.0096 bce=0.2870 cont=0.3613 lr=1.99e-04
[train] epoch=1 step=160 loss=1.0103 bce=0.2940 cont=0.3582 lr=1.99e-04
[train] epoch=1 step=180 loss=1.0272 bce=0.3096 cont=0.3588 lr=1.99e-04
[train] epoch=1 step=200 loss=1.0238 bce=0.3051 cont=0.3593 lr=1.98e-04
[train] epoch=1 step=220 loss=1.0038 bce=0.2906 cont=0.3566 lr=1.98e-04
[train] epoch=1 step=240 loss=0.9932 bce=0.2810 cont=0.3561 lr=1.98e-04
[train] epoch=1 step=260 loss=0.9981 bce=0.2839 cont=0.3571 lr=1.97e-04
[train] epoch=1 step=280 loss=0.9888 bce=0.2739 cont=0.3574 lr=1.97e-04
[train] epoch=1 step=300 loss=0.9913 bce=0.2776 cont=0.3568 lr=1.96e-04
[train] epoch=1 step=320 loss=0.9838 bce=0.2744 cont=0.3547 lr=1.96e-04
[train] epoch=1 step=340 loss=0.9820 bce=0.2757 cont=0.3531 lr=1.95e-04
[train] epoch=1 step=360 loss=0.9810 bce=0.2727 cont=0.3542 lr=1.95e-04
[train] epoch=1 loss=0.9768 bce=0.2716 cont=0.3526 patch=0.0000
[eval] val zoom ON (two-pass, decoder=kmeans)
[eval] ─── summary: n_splice=894 n_real=398 ───
[eval] image_auc: 0.8092
[eval] splices (all):
[eval] all         f1: n= 894  med=0.4585  mean=0.4500±0.3574  [p25=0.0613, p75=0.7940]
[eval] all        iou: n= 894  med=0.2975  mean=0.3656±0.3311  [p25=0.0316, p75=0.6584]
[eval] all  precision: n= 894  med=0.5493  mean=0.5023±0.4072  [p25=0.0452, p75=0.9206]
[eval] all     recall: n= 894  med=0.6254  mean=0.5606±0.3791  [p25=0.1519, p75=0.9466]
[eval] splices bucket=tiny (n=310):
[eval] bucket=tiny         f1: n= 310  med=0.0950  mean=0.3153±0.3625  [p25=0.0000, p75=0.7256]
[eval] bucket=tiny        iou: n= 310  med=0.0499  mean=0.2554±0.3195  [p25=0.0000, p75=0.5694]
[eval] bucket=tiny  precision: n= 310  med=0.0539  mean=0.2893±0.3597  [p25=0.0000, p75=0.6757]
[eval] bucket=tiny     recall: n= 310  med=0.7664  mean=0.5545±0.4287  [p25=0.0000, p75=0.9653]
[eval] splices bucket=small (n=310):
[eval] bucket=small         f1: n= 310  med=0.4275  mean=0.4570±0.3427  [p25=0.1209, p75=0.7761]
[eval] bucket=small        iou: n= 310  med=0.2719  mean=0.3663±0.3205  [p25=0.0643, p75=0.6341]
[eval] bucket=small  precision: n= 310  med=0.4850  mean=0.4825±0.3894  [p25=0.0763, p75=0.8949]
[eval] bucket=small     recall: n= 310  med=0.6064  mean=0.5667±0.3677  [p25=0.2025, p75=0.9487]
[eval] splices bucket=medium (n=174):
[eval] bucket=medium         f1: n= 174  med=0.5838  mean=0.5648±0.3115  [p25=0.3347, p75=0.8699]
[eval] bucket=medium        iou: n= 174  med=0.4122  mean=0.4602±0.3121  [p25=0.2010, p75=0.7698]
[eval] bucket=medium  precision: n= 174  med=0.9077  mean=0.6995±0.3481  [p25=0.3354, p75=0.9749]
[eval] bucket=medium     recall: n= 174  med=0.5146  mean=0.5544±0.3341  [p25=0.2654, p75=0.8979]
[eval] splices bucket=large (n=100):
[eval] bucket=large         f1: n= 100  med=0.7038  mean=0.6465±0.2893  [p25=0.5038, p75=0.8845]
[eval] bucket=large        iou: n= 100  med=0.5431  mean=0.5410±0.3024  [p25=0.3368, p75=0.7929]
[eval] bucket=large  precision: n= 100  med=0.9779  mean=0.8809±0.2176  [p25=0.8909, p75=0.9964]
[eval] bucket=large     recall: n= 100  med=0.5738  mean=0.5717±0.3182  [p25=0.3477, p75=0.9062]
[eval] reals accuracy: n= 398  med=0.6122  mean=0.6275±0.2182  [p25=0.4592, p75=0.8013]
[eval] source=casia: n_splice=28 n_real=28
[eval] source=casia         f1: n=  28  med=0.8826  mean=0.6936±0.3836  [p25=0.6569, p75=0.9435]
[eval] source=casia        iou: n=  28  med=0.7899  mean=0.6374±0.3641  [p25=0.5550, p75=0.8930]
[eval] source=casia  precision: n=  28  med=0.8468  mean=0.7056±0.3356  [p25=0.7654, p75=0.9207]
[eval] source=casia     recall: n=  28  med=0.9391  mean=0.7202±0.4053  [p25=0.6878, p75=0.9703]
[eval] source=coco_inpaint: n_splice=126 n_real=126
[eval] source=coco_inpaint         f1: n= 126  med=0.6104  mean=0.5611±0.2347  [p25=0.4298, p75=0.7374]
[eval] source=coco_inpaint        iou: n= 126  med=0.4393  mean=0.4243±0.2135  [p25=0.2737, p75=0.5841]
[eval] source=coco_inpaint  precision: n= 126  med=0.9061  mean=0.7761±0.2830  [p25=0.6575, p75=0.9949]
[eval] source=coco_inpaint     recall: n= 126  med=0.5137  mean=0.5087±0.2565  [p25=0.3475, p75=0.7101]
[eval] source=imd2020: n_splice=171 n_real=41
[eval] source=imd2020         f1: n= 171  med=0.7344  mean=0.5970±0.3233  [p25=0.3857, p75=0.8746]
[eval] source=imd2020        iou: n= 171  med=0.5803  mean=0.4964±0.3124  [p25=0.2390, p75=0.7771]
[eval] source=imd2020  precision: n= 171  med=0.7099  mean=0.5918±0.3404  [p25=0.2866, p75=0.8886]
[eval] source=imd2020     recall: n= 171  med=0.8999  mean=0.7329±0.3290  [p25=0.5627, p75=0.9759]
[eval] source=sagid: n_splice=169 n_real=169
[eval] source=sagid         f1: n= 169  med=0.8507  mean=0.7538±0.2579  [p25=0.6142, p75=0.9474]
[eval] source=sagid        iou: n= 169  med=0.7403  mean=0.6620±0.2805  [p25=0.4432, p75=0.9001]
[eval] source=sagid  precision: n= 169  med=0.9371  mean=0.8312±0.2491  [p25=0.8319, p75=0.9784]
[eval] source=sagid     recall: n= 169  med=0.8642  mean=0.7491±0.2756  [p25=0.6201, p75=0.9662]
[eval] source=tgif2: n_splice=400 n_real=34
[eval] source=tgif2         f1: n= 400  med=0.0853  mean=0.2068±0.2638  [p25=0.0012, p75=0.3306]
[eval] source=tgif2        iou: n= 400  med=0.0445  mean=0.1470±0.2189  [p25=0.0006, p75=0.1980]
[eval] source=tgif2  precision: n= 400  med=0.0576  mean=0.2246±0.3300  [p25=0.0007, p75=0.2687]
[eval] source=tgif2     recall: n= 400  med=0.2991  mean=0.4126±0.3980  [p25=0.0041, p75=0.8674]
[eval] ─── by subgroup (4 cells) ───
[eval] subgroup=flux1dev|fr|random (n_splice=100 n_real=0):
[eval] subgroup=flux1dev|fr|random         f1: n= 100  med=0.1125  mean=0.1814±0.1997  [p25=0.0103, p75=0.2972]
[eval] subgroup=flux1dev|fr|random        iou: n= 100  med=0.0596  mean=0.1157±0.1465  [p25=0.0052, p75=0.1745]
[eval] subgroup=flux1dev|fr|random  precision: n= 100  med=0.0831  mean=0.1794±0.2476  [p25=0.0102, p75=0.2034]
[eval] subgroup=flux1dev|fr|random     recall: n= 100  med=0.3800  mean=0.4523±0.4135  [p25=0.0143, p75=0.9747]
[eval] subgroup=flux1dev|fr|semantic (n_splice=100 n_real=0):
[eval] subgroup=flux1dev|fr|semantic         f1: n= 100  med=0.0357  mean=0.1609±0.2600  [p25=0.0000, p75=0.1420]
[eval] subgroup=flux1dev|fr|semantic        iou: n= 100  med=0.0182  mean=0.1181±0.2188  [p25=0.0000, p75=0.0764]
[eval] subgroup=flux1dev|fr|semantic  precision: n= 100  med=0.0198  mean=0.1881±0.3325  [p25=0.0000, p75=0.0958]
[eval] subgroup=flux1dev|fr|semantic     recall: n= 100  med=0.1472  mean=0.3386±0.3839  [p25=0.0000, p75=0.6776]
[eval] subgroup=flux1dev|sp|random (n_splice=100 n_real=0):
[eval] subgroup=flux1dev|sp|random         f1: n= 100  med=0.2235  mean=0.3083±0.2964  [p25=0.0417, p75=0.4703]
[eval] subgroup=flux1dev|sp|random        iou: n= 100  med=0.1258  mean=0.2281±0.2664  [p25=0.0213, p75=0.3074]
[eval] subgroup=flux1dev|sp|random  precision: n= 100  med=0.1885  mean=0.3307±0.3657  [p25=0.0256, p75=0.5557]
[eval] subgroup=flux1dev|sp|random     recall: n= 100  med=0.5444  mean=0.5206±0.3895  [p25=0.0981, p75=0.9497]
[eval] subgroup=flux1dev|sp|semantic (n_splice=100 n_real=0):
[eval] subgroup=flux1dev|sp|semantic         f1: n= 100  med=0.0362  mean=0.1766±0.2627  [p25=0.0000, p75=0.2094]
[eval] subgroup=flux1dev|sp|semantic        iou: n= 100  med=0.0184  mean=0.1264±0.2061  [p25=0.0000, p75=0.1170]
[eval] subgroup=flux1dev|sp|semantic  precision: n= 100  med=0.0208  mean=0.2000±0.3387  [p25=0.0000, p75=0.1472]
[eval] subgroup=flux1dev|sp|semantic     recall: n= 100  med=0.1472  mean=0.3388±0.3733  [p25=0.0000, p75=0.7134]
[eval]   casia image_auc=0.9184 (n=56)
[eval]   coco_inpaint image_auc=0.9928 (n=252)
[eval]   imd2020 image_auc=0.9544 (n=212)
[eval]   sagid image_auc=0.9908 (n=338)
[eval]   tgif2 image_auc=0.6249 (n=434)
[eval] epoch=1 val_f1_mean=0.4500
[ckpt] saved epoch=1 → /media/ssd/runs/ablation/model_size_sweep/vitl16/epoch_0001.pt
[ckpt] best model saved  val_f1_mean=0.4500
[train] epoch=2 step=20 loss=0.9061 bce=0.2506 cont=0.3277 lr=1.94e-04
[train] epoch=2 step=40 loss=0.8805 bce=0.2052 cont=0.3376 lr=1.93e-04
[train] epoch=2 step=60 loss=0.8326 bce=0.1872 cont=0.3227 lr=1.92e-04
[train] epoch=2 step=80 loss=0.8480 bce=0.1896 cont=0.3292 lr=1.92e-04
[train] epoch=2 step=100 loss=0.8573 bce=0.1882 cont=0.3346 lr=1.91e-04
[train] epoch=2 step=120 loss=0.8641 bce=0.1975 cont=0.3333 lr=1.90e-04
[train] epoch=2 step=140 loss=0.8647 bce=0.1983 cont=0.3332 lr=1.89e-04
[train] epoch=2 step=160 loss=0.8691 bce=0.1994 cont=0.3349 lr=1.88e-04
[train] epoch=2 step=180 loss=0.8645 bce=0.1967 cont=0.3339 lr=1.88e-04
[train] epoch=2 step=200 loss=0.8702 bce=0.2011 cont=0.3346 lr=1.87e-04
[train] epoch=2 step=220 loss=0.8754 bce=0.2047 cont=0.3354 lr=1.86e-04
[train] epoch=2 step=240 loss=0.8697 bce=0.1969 cont=0.3364 lr=1.85e-04
[train] epoch=2 step=260 loss=0.8765 bce=0.2038 cont=0.3363 lr=1.84e-04
[train] epoch=2 step=280 loss=0.8737 bce=0.2006 cont=0.3366 lr=1.83e-04
[train] epoch=2 step=300 loss=0.8656 bce=0.1939 cont=0.3359 lr=1.82e-04
[train] epoch=2 step=320 loss=0.8687 bce=0.1949 cont=0.3369 lr=1.81e-04
[train] epoch=2 step=340 loss=0.8643 bce=0.1947 cont=0.3348 lr=1.80e-04
[train] epoch=2 step=360 loss=0.8661 bce=0.1976 cont=0.3342 lr=1.79e-04
[train] epoch=2 loss=0.8656 bce=0.1972 cont=0.3342 patch=0.0000
[eval] val zoom ON (two-pass, decoder=kmeans)
[eval] ─── summary: n_splice=894 n_real=398 ───
[eval] image_auc: 0.8303
[eval] splices (all):
[eval] all         f1: n= 894  med=0.5130  mean=0.4795±0.3617  [p25=0.0861, p75=0.8434]
[eval] all        iou: n= 894  med=0.3450  mean=0.3951±0.3394  [p25=0.0450, p75=0.7292]
[eval] all  precision: n= 894  med=0.7300  mean=0.5459±0.4088  [p25=0.0561, p75=0.9438]
[eval] all     recall: n= 894  med=0.6147  mean=0.5561±0.3677  [p25=0.1834, p75=0.9280]
[eval] splices bucket=tiny (n=310):
[eval] bucket=tiny         f1: n= 310  med=0.1075  mean=0.3497±0.3787  [p25=0.0012, p75=0.7980]
[eval] bucket=tiny        iou: n= 310  med=0.0568  mean=0.2895±0.3407  [p25=0.0006, p75=0.6640]
[eval] bucket=tiny  precision: n= 310  med=0.0761  mean=0.3332±0.3838  [p25=0.0008, p75=0.7857]
[eval] bucket=tiny     recall: n= 310  med=0.7384  mean=0.5507±0.4128  [p25=0.0149, p75=0.9378]
[eval] splices bucket=small (n=310):
[eval] bucket=small         f1: n= 310  med=0.5064  mean=0.4914±0.3514  [p25=0.1427, p75=0.8295]
[eval] bucket=small        iou: n= 310  med=0.3390  mean=0.4021±0.3321  [p25=0.0769, p75=0.7087]
[eval] bucket=small  precision: n= 310  med=0.6332  mean=0.5323±0.3924  [p25=0.1010, p75=0.9151]
[eval] bucket=small     recall: n= 310  med=0.6168  mean=0.5584±0.3630  [p25=0.1750, p75=0.9273]
[eval] splices bucket=medium (n=174):
[eval] bucket=medium         f1: n= 174  med=0.6183  mean=0.5828±0.3058  [p25=0.3300, p75=0.8808]
[eval] bucket=medium        iou: n= 174  med=0.4475  mean=0.4774±0.3119  [p25=0.1976, p75=0.7869]
[eval] bucket=medium  precision: n= 174  med=0.9425  mean=0.7483±0.3320  [p25=0.5634, p75=0.9843]
[eval] bucket=medium     recall: n= 174  med=0.5190  mean=0.5433±0.3178  [p25=0.2787, p75=0.8775]
[eval] splices bucket=large (n=100):
[eval] bucket=large         f1: n= 100  med=0.7005  mean=0.6656±0.2711  [p25=0.5113, p75=0.9072]
[eval] bucket=large        iou: n= 100  med=0.5395  mean=0.5573±0.2932  [p25=0.3434, p75=0.8302]
[eval] bucket=large  precision: n= 100  med=0.9782  mean=0.8957±0.1844  [p25=0.9133, p75=0.9946]
[eval] bucket=large     recall: n= 100  med=0.5680  mean=0.5882±0.3083  [p25=0.3558, p75=0.9271]
[eval] reals accuracy: n= 398  med=0.6588  mean=0.6697±0.2345  [p25=0.4837, p75=0.9098]
[eval] source=casia: n_splice=28 n_real=28
[eval] source=casia         f1: n=  28  med=0.9014  mean=0.8153±0.2841  [p25=0.8671, p75=0.9483]
[eval] source=casia        iou: n=  28  med=0.8205  mean=0.7528±0.2722  [p25=0.7654, p75=0.9017]
[eval] source=casia  precision: n=  28  med=0.8750  mean=0.8144±0.2381  [p25=0.8163, p75=0.9337]
[eval] source=casia     recall: n=  28  med=0.9563  mean=0.8550±0.2954  [p25=0.9288, p75=0.9774]
[eval] source=coco_inpaint: n_splice=126 n_real=126
[eval] source=coco_inpaint         f1: n= 126  med=0.6028  mean=0.5466±0.2461  [p25=0.3862, p75=0.7432]
[eval] source=coco_inpaint        iou: n= 126  med=0.4315  mean=0.4133±0.2229  [p25=0.2393, p75=0.5914]
[eval] source=coco_inpaint  precision: n= 126  med=0.9183  mean=0.7966±0.2827  [p25=0.7534, p75=0.9956]
[eval] source=coco_inpaint     recall: n= 126  med=0.4775  mean=0.4746±0.2604  [p25=0.2767, p75=0.6589]
[eval] source=imd2020: n_splice=171 n_real=41
[eval] source=imd2020         f1: n= 171  med=0.7390  mean=0.6187±0.3270  [p25=0.4096, p75=0.8898]
[eval] source=imd2020        iou: n= 171  med=0.5861  mean=0.5219±0.3172  [p25=0.2576, p75=0.8014]
[eval] source=imd2020  precision: n= 171  med=0.7547  mean=0.6073±0.3407  [p25=0.3273, p75=0.9009]
[eval] source=imd2020     recall: n= 171  med=0.9204  mean=0.7376±0.3231  [p25=0.6022, p75=0.9675]
[eval] source=sagid: n_splice=169 n_real=169
[eval] source=sagid         f1: n= 169  med=0.8781  mean=0.7710±0.2374  [p25=0.6506, p75=0.9533]
[eval] source=sagid        iou: n= 169  med=0.7828  mean=0.6784±0.2692  [p25=0.4821, p75=0.9108]
[eval] source=sagid  precision: n= 169  med=0.9589  mean=0.8726±0.2069  [p25=0.8768, p75=0.9826]
[eval] source=sagid     recall: n= 169  med=0.8706  mean=0.7368±0.2732  [p25=0.5317, p75=0.9611]
[eval] source=tgif2: n_splice=400 n_real=34
[eval] source=tgif2         f1: n= 400  med=0.1118  mean=0.2523±0.3050  [p25=0.0045, p75=0.4108]
[eval] source=tgif2        iou: n= 400  med=0.0592  mean=0.1904±0.2669  [p25=0.0022, p75=0.2585]
[eval] source=tgif2  precision: n= 400  med=0.0806  mean=0.2839±0.3694  [p25=0.0026, p75=0.5726]
[eval] source=tgif2     recall: n= 400  med=0.3328  mean=0.4070±0.3744  [p25=0.0160, p75=0.7857]
[eval] ─── by subgroup (4 cells) ───
[eval] subgroup=flux1dev|fr|random (n_splice=100 n_real=0):
[eval] subgroup=flux1dev|fr|random         f1: n= 100  med=0.1762  mean=0.2350±0.2324  [p25=0.0462, p75=0.3851]
[eval] subgroup=flux1dev|fr|random        iou: n= 100  med=0.0966  mean=0.1581±0.1929  [p25=0.0237, p75=0.2385]
[eval] subgroup=flux1dev|fr|random  precision: n= 100  med=0.1304  mean=0.2638±0.3031  [p25=0.0430, p75=0.4719]
[eval] subgroup=flux1dev|fr|random     recall: n= 100  med=0.3442  mean=0.4127±0.3567  [p25=0.0587, p75=0.7409]
[eval] subgroup=flux1dev|fr|semantic (n_splice=100 n_real=0):
[eval] subgroup=flux1dev|fr|semantic         f1: n= 100  med=0.0331  mean=0.2275±0.3160  [p25=0.0000, p75=0.4042]
[eval] subgroup=flux1dev|fr|semantic        iou: n= 100  med=0.0168  mean=0.1751±0.2643  [p25=0.0000, p75=0.2533]
[eval] subgroup=flux1dev|fr|semantic  precision: n= 100  med=0.0168  mean=0.2650±0.3845  [p25=0.0000, p75=0.6148]
[eval] subgroup=flux1dev|fr|semantic     recall: n= 100  med=0.1390  mean=0.3535±0.3768  [p25=0.0000, p75=0.7265]
[eval] subgroup=flux1dev|sp|random (n_splice=100 n_real=0):
[eval] subgroup=flux1dev|sp|random         f1: n= 100  med=0.2107  mean=0.3178±0.3237  [p25=0.0406, p75=0.5030]
[eval] subgroup=flux1dev|sp|random        iou: n= 100  med=0.1178  mean=0.2461±0.3007  [p25=0.0207, p75=0.3361]
[eval] subgroup=flux1dev|sp|random  precision: n= 100  med=0.1349  mean=0.3576±0.3949  [p25=0.0261, p75=0.8607]
[eval] subgroup=flux1dev|sp|random     recall: n= 100  med=0.4336  mean=0.4728±0.3676  [p25=0.1104, p75=0.8285]
[eval] subgroup=flux1dev|sp|semantic (n_splice=100 n_real=0):
[eval] subgroup=flux1dev|sp|semantic         f1: n= 100  med=0.0442  mean=0.2291±0.3281  [p25=0.0000, p75=0.3844]
[eval] subgroup=flux1dev|sp|semantic        iou: n= 100  med=0.0226  mean=0.1823±0.2880  [p25=0.0000, p75=0.2380]
[eval] subgroup=flux1dev|sp|semantic  precision: n= 100  med=0.0276  mean=0.2492±0.3780  [p25=0.0000, p75=0.4777]
[eval] subgroup=flux1dev|sp|semantic     recall: n= 100  med=0.1931  mean=0.3888±0.3856  [p25=0.0000, p75=0.8066]
[eval]   casia image_auc=0.9656 (n=56)
[eval]   coco_inpaint image_auc=0.9967 (n=252)
[eval]   imd2020 image_auc=0.9357 (n=212)
[eval]   sagid image_auc=0.9893 (n=338)
[eval]   tgif2 image_auc=0.6543 (n=434)
[eval] epoch=2 val_f1_mean=0.4795
[ckpt] saved epoch=2 → /media/ssd/runs/ablation/model_size_sweep/vitl16/epoch_0002.pt
[ckpt] best model saved  val_f1_mean=0.4795
[train] epoch=3 step=20 loss=0.8032 bce=0.2049 cont=0.2992 lr=1.77e-04
[train] epoch=3 step=40 loss=0.8196 bce=0.2009 cont=0.3094 lr=1.75e-04
[train] epoch=3 step=60 loss=0.8534 bce=0.2011 cont=0.3261 lr=1.74e-04
[train] epoch=3 step=80 loss=0.8552 bce=0.2064 cont=0.3244 lr=1.73e-04
[train] epoch=3 step=100 loss=0.8330 bce=0.1886 cont=0.3222 lr=1.72e-04
[train] epoch=3 step=120 loss=0.8215 bce=0.1794 cont=0.3211 lr=1.71e-04
[train] epoch=3 step=140 loss=0.8248 bce=0.1845 cont=0.3201 lr=1.69e-04
[train] epoch=3 step=160 loss=0.8127 bce=0.1790 cont=0.3168 lr=1.68e-04
[train] epoch=3 step=180 loss=0.8206 bce=0.1803 cont=0.3202 lr=1.67e-04
[train] epoch=3 step=200 loss=0.8221 bce=0.1789 cont=0.3216 lr=1.65e-04
[train] epoch=3 step=220 loss=0.8254 bce=0.1795 cont=0.3230 lr=1.64e-04
[train] epoch=3 step=240 loss=0.8270 bce=0.1797 cont=0.3237 lr=1.62e-04
[train] epoch=3 step=260 loss=0.8278 bce=0.1811 cont=0.3233 lr=1.61e-04
[train] epoch=3 step=280 loss=0.8218 bce=0.1761 cont=0.3229 lr=1.60e-04
[train] epoch=3 step=300 loss=0.8200 bce=0.1784 cont=0.3208 lr=1.58e-04
[train] epoch=3 step=320 loss=0.8204 bce=0.1766 cont=0.3219 lr=1.57e-04
[train] epoch=3 step=340 loss=0.8249 bce=0.1790 cont=0.3230 lr=1.55e-04
[train] epoch=3 step=360 loss=0.8298 bce=0.1848 cont=0.3225 lr=1.54e-04
[train] epoch=3 loss=0.8290 bce=0.1836 cont=0.3227 patch=0.0000
[eval] val zoom ON (two-pass, decoder=kmeans)
[eval] ─── summary: n_splice=894 n_real=398 ───
[eval] image_auc: 0.8350
[eval] splices (all):
[eval] all         f1: n= 894  med=0.5124  mean=0.4782±0.3642  [p25=0.0765, p75=0.8424]
[eval] all        iou: n= 894  med=0.3445  mean=0.3948±0.3409  [p25=0.0397, p75=0.7276]
[eval] all  precision: n= 894  med=0.6778  mean=0.5330±0.4081  [p25=0.0580, p75=0.9385]
[eval] all     recall: n= 894  med=0.6960  mean=0.5842±0.3774  [p25=0.2060, p75=0.9467]
[eval] splices bucket=tiny (n=310):
[eval] bucket=tiny         f1: n= 310  med=0.1229  mean=0.3366±0.3658  [p25=0.0083, p75=0.7428]
[eval] bucket=tiny        iou: n= 310  med=0.0655  mean=0.2740±0.3285  [p25=0.0042, p75=0.5908]
[eval] bucket=tiny  precision: n= 310  med=0.0699  mean=0.3131±0.3694  [p25=0.0042, p75=0.7276]
[eval] bucket=tiny     recall: n= 310  med=0.8289  mean=0.5908±0.4199  [p25=0.0488, p75=0.9616]
[eval] splices bucket=small (n=310):
[eval] bucket=small         f1: n= 310  med=0.5770  mean=0.5020±0.3501  [p25=0.1525, p75=0.8336]
[eval] bucket=small        iou: n= 310  med=0.4055  mean=0.4113±0.3305  [p25=0.0825, p75=0.7147]
[eval] bucket=small  precision: n= 310  med=0.6216  mean=0.5251±0.3881  [p25=0.1149, p75=0.9151]
[eval] bucket=small     recall: n= 310  med=0.7198  mean=0.6058±0.3658  [p25=0.2721, p75=0.9451]
[eval] splices bucket=medium (n=174):
[eval] bucket=medium         f1: n= 174  med=0.6481  mean=0.5727±0.3384  [p25=0.2573, p75=0.8973]
[eval] bucket=medium        iou: n= 174  med=0.4794  mean=0.4792±0.3336  [p25=0.1476, p75=0.8138]
[eval] bucket=medium  precision: n= 174  med=0.9357  mean=0.7342±0.3503  [p25=0.5307, p75=0.9787]
[eval] bucket=medium     recall: n= 174  med=0.5272  mean=0.5235±0.3482  [p25=0.1900, p75=0.9028]
[eval] splices bucket=large (n=100):
[eval] bucket=large         f1: n= 100  med=0.7563  mean=0.6791±0.2686  [p25=0.5158, p75=0.9082]
[eval] bucket=large        iou: n= 100  med=0.6082  mean=0.5715±0.2875  [p25=0.3475, p75=0.8319]
[eval] bucket=large  precision: n= 100  med=0.9731  mean=0.8887±0.1966  [p25=0.8886, p75=0.9912]
[eval] bucket=large     recall: n= 100  med=0.6356  mean=0.6029±0.3045  [p25=0.3540, p75=0.9009]
[eval] reals accuracy: n= 398  med=0.5829  mean=0.6278±0.2158  [p25=0.4556, p75=0.8286]
[eval] source=casia: n_splice=28 n_real=28
[eval] source=casia         f1: n=  28  med=0.8823  mean=0.7022±0.3594  [p25=0.7425, p75=0.9260]
[eval] source=casia        iou: n=  28  med=0.7894  mean=0.6349±0.3406  [p25=0.6084, p75=0.8622]
[eval] source=casia  precision: n=  28  med=0.8608  mean=0.7257±0.3220  [p25=0.7705, p75=0.9329]
[eval] source=casia     recall: n=  28  med=0.9161  mean=0.7693±0.3504  [p25=0.8789, p75=0.9567]
[eval] source=coco_inpaint: n_splice=126 n_real=126
[eval] source=coco_inpaint         f1: n= 126  med=0.6535  mean=0.6035±0.2181  [p25=0.4761, p75=0.7698]
[eval] source=coco_inpaint        iou: n= 126  med=0.4854  mean=0.4645±0.2101  [p25=0.3124, p75=0.6257]
[eval] source=coco_inpaint  precision: n= 126  med=0.8880  mean=0.8003±0.2395  [p25=0.7115, p75=0.9798]
[eval] source=coco_inpaint     recall: n= 126  med=0.5573  mean=0.5552±0.2565  [p25=0.3640, p75=0.7542]
[eval] source=imd2020: n_splice=171 n_real=41
[eval] source=imd2020         f1: n= 171  med=0.7136  mean=0.5758±0.3406  [p25=0.2749, p75=0.8756]
[eval] source=imd2020        iou: n= 171  med=0.5548  mean=0.4811±0.3256  [p25=0.1594, p75=0.7788]
[eval] source=imd2020  precision: n= 171  med=0.6921  mean=0.5711±0.3525  [p25=0.1981, p75=0.9010]
[eval] source=imd2020     recall: n= 171  med=0.8867  mean=0.6937±0.3497  [p25=0.4444, p75=0.9621]
[eval] source=sagid: n_splice=169 n_real=169
[eval] source=sagid         f1: n= 169  med=0.8871  mean=0.7890±0.2340  [p25=0.7400, p75=0.9508]
[eval] source=sagid        iou: n= 169  med=0.7971  mean=0.7009±0.2605  [p25=0.5874, p75=0.9062]
[eval] source=sagid  precision: n= 169  med=0.9471  mean=0.8624±0.2236  [p25=0.8600, p75=0.9825]
[eval] source=sagid     recall: n= 169  med=0.8963  mean=0.7737±0.2564  [p25=0.6500, p75=0.9620]
[eval] source=tgif2: n_splice=400 n_real=34
[eval] source=tgif2         f1: n= 400  med=0.1086  mean=0.2501±0.3072  [p25=0.0042, p75=0.3753]
[eval] source=tgif2        iou: n= 400  med=0.0574  mean=0.1899±0.2709  [p25=0.0021, p75=0.2310]
[eval] source=tgif2  precision: n= 400  med=0.0714  mean=0.2798±0.3702  [p25=0.0029, p75=0.5612]
[eval] source=tgif2     recall: n= 400  med=0.3751  mean=0.4536±0.4111  [p25=0.0079, p75=0.9313]
[eval] ─── by subgroup (4 cells) ───
[eval] subgroup=flux1dev|fr|random (n_splice=100 n_real=0):
[eval] subgroup=flux1dev|fr|random         f1: n= 100  med=0.1062  mean=0.1844±0.2194  [p25=0.0040, p75=0.3006]
[eval] subgroup=flux1dev|fr|random        iou: n= 100  med=0.0561  mean=0.1221±0.1724  [p25=0.0020, p75=0.1769]
[eval] subgroup=flux1dev|fr|random  precision: n= 100  med=0.0926  mean=0.2114±0.2868  [p25=0.0024, p75=0.2164]
[eval] subgroup=flux1dev|fr|random     recall: n= 100  med=0.2009  mean=0.4126±0.4197  [p25=0.0072, p75=0.9375]
[eval] subgroup=flux1dev|fr|semantic (n_splice=100 n_real=0):
[eval] subgroup=flux1dev|fr|semantic         f1: n= 100  med=0.0469  mean=0.2341±0.3216  [p25=0.0000, p75=0.3820]
[eval] subgroup=flux1dev|fr|semantic        iou: n= 100  med=0.0240  mean=0.1833±0.2809  [p25=0.0000, p75=0.2361]
[eval] subgroup=flux1dev|fr|semantic  precision: n= 100  med=0.0283  mean=0.2582±0.3771  [p25=0.0000, p75=0.5763]
[eval] subgroup=flux1dev|fr|semantic     recall: n= 100  med=0.4216  mean=0.4318±0.4107  [p25=0.0000, p75=0.8811]
[eval] subgroup=flux1dev|sp|random (n_splice=100 n_real=0):
[eval] subgroup=flux1dev|sp|random         f1: n= 100  med=0.2657  mean=0.3480±0.3258  [p25=0.0637, p75=0.5943]
[eval] subgroup=flux1dev|sp|random        iou: n= 100  med=0.1532  mean=0.2699±0.3045  [p25=0.0329, p75=0.4227]
[eval] subgroup=flux1dev|sp|random  precision: n= 100  med=0.1996  mean=0.4012±0.4053  [p25=0.0361, p75=0.8950]
[eval] subgroup=flux1dev|sp|random     recall: n= 100  med=0.5604  mean=0.5400±0.3956  [p25=0.1145, p75=0.9566]
[eval] subgroup=flux1dev|sp|semantic (n_splice=100 n_real=0):
[eval] subgroup=flux1dev|sp|semantic         f1: n= 100  med=0.0466  mean=0.2339±0.3246  [p25=0.0000, p75=0.3540]
[eval] subgroup=flux1dev|sp|semantic        iou: n= 100  med=0.0238  mean=0.1843±0.2849  [p25=0.0000, p75=0.2166]
[eval] subgroup=flux1dev|sp|semantic  precision: n= 100  med=0.0274  mean=0.2483±0.3722  [p25=0.0000, p75=0.3865]
[eval] subgroup=flux1dev|sp|semantic     recall: n= 100  med=0.3081  mean=0.4299±0.4055  [p25=0.0000, p75=0.8608]
[eval]   casia image_auc=0.9388 (n=56)
[eval]   coco_inpaint image_auc=0.9989 (n=252)
[eval]   imd2020 image_auc=0.9469 (n=212)
[eval]   sagid image_auc=0.9945 (n=338)
[eval]   tgif2 image_auc=0.6636 (n=434)
[eval] epoch=3 val_f1_mean=0.4782
[ckpt] saved epoch=3 → /media/ssd/runs/ablation/model_size_sweep/vitl16/epoch_0003.pt
[ckpt] no improvement (epoch 3 < min_epochs=5); patience held at 2  best=0.4795
[train] epoch=4 step=20 loss=0.7553 bce=0.1857 cont=0.2848 lr=1.51e-04
[train] epoch=4 step=40 loss=0.7969 bce=0.1971 cont=0.2999 lr=1.49e-04
[train] epoch=4 step=60 loss=0.7792 bce=0.1874 cont=0.2959 lr=1.48e-04
[train] epoch=4 step=80 loss=0.7791 bce=0.1758 cont=0.3017 lr=1.46e-04
[train] epoch=4 step=100 loss=0.7739 bce=0.1631 cont=0.3054 lr=1.45e-04
[train] epoch=4 step=120 loss=0.7842 bce=0.1687 cont=0.3078 lr=1.43e-04
[train] epoch=4 step=140 loss=0.7876 bce=0.1659 cont=0.3108 lr=1.41e-04
[train] epoch=4 step=160 loss=0.7877 bce=0.1654 cont=0.3112 lr=1.40e-04
[train] epoch=4 step=180 loss=0.7935 bce=0.1699 cont=0.3118 lr=1.38e-04
[train] epoch=4 step=200 loss=0.7860 bce=0.1636 cont=0.3112 lr=1.36e-04
[train] epoch=4 step=220 loss=0.7938 bce=0.1715 cont=0.3111 lr=1.35e-04
[train] epoch=4 step=240 loss=0.8004 bce=0.1752 cont=0.3126 lr=1.33e-04
[train] epoch=4 step=260 loss=0.7968 bce=0.1761 cont=0.3104 lr=1.31e-04
[train] epoch=4 step=280 loss=0.7972 bce=0.1767 cont=0.3103 lr=1.30e-04
[train] epoch=4 step=300 loss=0.7999 bce=0.1775 cont=0.3112 lr=1.28e-04
[train] epoch=4 step=320 loss=0.7961 bce=0.1754 cont=0.3104 lr=1.26e-04
[train] epoch=4 step=340 loss=0.7896 bce=0.1709 cont=0.3093 lr=1.25e-04
[train] epoch=4 step=360 loss=0.7880 bce=0.1681 cont=0.3099 lr=1.23e-04
[train] epoch=4 loss=0.7876 bce=0.1676 cont=0.3100 patch=0.0000
[eval] val zoom ON (two-pass, decoder=kmeans)
[eval] ─── summary: n_splice=894 n_real=398 ───
[eval] image_auc: 0.8409
[eval] splices (all):
[eval] all         f1: n= 894  med=0.5744  mean=0.4988±0.3712  [p25=0.0630, p75=0.8599]
[eval] all        iou: n= 894  med=0.4030  mean=0.4175±0.3488  [p25=0.0325, p75=0.7542]
[eval] all  precision: n= 894  med=0.7269  mean=0.5444±0.4093  [p25=0.0530, p75=0.9377]
[eval] all     recall: n= 894  med=0.7225  mean=0.5863±0.3777  [p25=0.1868, p75=0.9400]
[eval] splices bucket=tiny (n=310):
[eval] bucket=tiny         f1: n= 310  med=0.1173  mean=0.3664±0.3889  [p25=0.0000, p75=0.8347]
[eval] bucket=tiny        iou: n= 310  med=0.0623  mean=0.3073±0.3513  [p25=0.0000, p75=0.7164]
[eval] bucket=tiny  precision: n= 310  med=0.0646  mean=0.3524±0.3975  [p25=0.0000, p75=0.8314]
[eval] bucket=tiny     recall: n= 310  med=0.7308  mean=0.5435±0.4172  [p25=0.0000, p75=0.9402]
[eval] splices bucket=small (n=310):
[eval] bucket=small         f1: n= 310  med=0.5785  mean=0.5024±0.3548  [p25=0.1655, p75=0.8367]
[eval] bucket=small        iou: n= 310  med=0.4069  mean=0.4140±0.3360  [p25=0.0902, p75=0.7193]
[eval] bucket=small  precision: n= 310  med=0.6381  mean=0.5209±0.3911  [p25=0.1112, p75=0.9177]
[eval] bucket=small     recall: n= 310  med=0.7433  mean=0.6060±0.3717  [p25=0.2740, p75=0.9453]
[eval] splices bucket=medium (n=174):
[eval] bucket=medium         f1: n= 174  med=0.6638  mean=0.5978±0.3257  [p25=0.3603, p75=0.9016]
[eval] bucket=medium        iou: n= 174  med=0.4969  mean=0.5005±0.3249  [p25=0.2197, p75=0.8209]
[eval] bucket=medium  precision: n= 174  med=0.9241  mean=0.7271±0.3430  [p25=0.4746, p75=0.9733]
[eval] bucket=medium     recall: n= 174  med=0.6669  mean=0.5819±0.3426  [p25=0.2907, p75=0.9196]
[eval] splices bucket=large (n=100):
[eval] bucket=large         f1: n= 100  med=0.8095  mean=0.7264±0.2556  [p25=0.5727, p75=0.9351]
[eval] bucket=large        iou: n= 100  med=0.6799  mean=0.6256±0.2807  [p25=0.4012, p75=0.8782]
[eval] bucket=large  precision: n= 100  med=0.9716  mean=0.8947±0.1788  [p25=0.8692, p75=0.9880]
[eval] bucket=large     recall: n= 100  med=0.7608  mean=0.6658±0.2996  [p25=0.4039, p75=0.9531]
[eval] reals accuracy: n= 398  med=0.6180  mean=0.6435±0.2181  [p25=0.4681, p75=0.8566]
[eval] source=casia: n_splice=28 n_real=28
[eval] source=casia         f1: n=  28  med=0.8919  mean=0.7536±0.3241  [p25=0.8430, p75=0.9257]
[eval] source=casia        iou: n=  28  med=0.8050  mean=0.6847±0.3099  [p25=0.7286, p75=0.8617]
[eval] source=casia  precision: n=  28  med=0.8803  mean=0.7676±0.2874  [p25=0.8113, p75=0.9339]
[eval] source=casia     recall: n=  28  med=0.9207  mean=0.7789±0.3367  [p25=0.8821, p75=0.9649]
[eval] source=coco_inpaint: n_splice=126 n_real=126
[eval] source=coco_inpaint         f1: n= 126  med=0.6820  mean=0.6225±0.2270  [p25=0.5034, p75=0.7860]
[eval] source=coco_inpaint        iou: n= 126  med=0.5174  mean=0.4871±0.2165  [p25=0.3364, p75=0.6474]
[eval] source=coco_inpaint  precision: n= 126  med=0.8732  mean=0.7918±0.2515  [p25=0.7156, p75=0.9749]
[eval] source=coco_inpaint     recall: n= 126  med=0.6367  mean=0.5973±0.2627  [p25=0.4194, p75=0.8043]
[eval] source=imd2020: n_splice=171 n_real=41
[eval] source=imd2020         f1: n= 171  med=0.7466  mean=0.5983±0.3468  [p25=0.3506, p75=0.8874]
[eval] source=imd2020        iou: n= 171  med=0.5957  mean=0.5081±0.3326  [p25=0.2127, p75=0.7976]
[eval] source=imd2020  precision: n= 171  med=0.7621  mean=0.5954±0.3634  [p25=0.2279, p75=0.9165]
[eval] source=imd2020     recall: n= 171  med=0.8871  mean=0.7069±0.3457  [p25=0.5975, p75=0.9576]
[eval] source=sagid: n_splice=169 n_real=169
[eval] source=sagid         f1: n= 169  med=0.9121  mean=0.8173±0.2104  [p25=0.7606, p75=0.9577]
[eval] source=sagid        iou: n= 169  med=0.8384  mean=0.7340±0.2457  [p25=0.6136, p75=0.9188]
[eval] source=sagid  precision: n= 169  med=0.9442  mean=0.8734±0.2009  [p25=0.8697, p75=0.9816]
[eval] source=sagid     recall: n= 169  med=0.9364  mean=0.8199±0.2309  [p25=0.7637, p75=0.9718]
[eval] source=tgif2: n_splice=400 n_real=34
[eval] source=tgif2         f1: n= 400  med=0.1035  mean=0.2650±0.3212  [p25=0.0000, p75=0.4606]
[eval] source=tgif2        iou: n= 400  med=0.0546  mean=0.2044±0.2827  [p25=0.0000, p75=0.2992]
[eval] source=tgif2  precision: n= 400  med=0.0705  mean=0.2901±0.3753  [p25=0.0000, p75=0.6072]
[eval] source=tgif2     recall: n= 400  med=0.3613  mean=0.4191±0.3945  [p25=0.0000, p75=0.8395]
[eval] ─── by subgroup (4 cells) ───
[eval] subgroup=flux1dev|fr|random (n_splice=100 n_real=0):
[eval] subgroup=flux1dev|fr|random         f1: n= 100  med=0.0382  mean=0.1706±0.2313  [p25=0.0000, p75=0.2789]
[eval] subgroup=flux1dev|fr|random        iou: n= 100  med=0.0195  mean=0.1157±0.1800  [p25=0.0000, p75=0.1622]
[eval] subgroup=flux1dev|fr|random  precision: n= 100  med=0.0413  mean=0.1910±0.2933  [p25=0.0000, p75=0.2294]
[eval] subgroup=flux1dev|fr|random     recall: n= 100  med=0.1010  mean=0.3286±0.3923  [p25=0.0000, p75=0.7298]
[eval] subgroup=flux1dev|fr|semantic (n_splice=100 n_real=0):
[eval] subgroup=flux1dev|fr|semantic         f1: n= 100  med=0.0544  mean=0.2424±0.3209  [p25=0.0000, p75=0.3798]
[eval] subgroup=flux1dev|fr|semantic        iou: n= 100  med=0.0279  mean=0.1881±0.2771  [p25=0.0000, p75=0.2345]
[eval] subgroup=flux1dev|fr|semantic  precision: n= 100  med=0.0384  mean=0.2605±0.3697  [p25=0.0000, p75=0.5345]
[eval] subgroup=flux1dev|fr|semantic     recall: n= 100  med=0.3148  mean=0.3889±0.3763  [p25=0.0000, p75=0.7805]
[eval] subgroup=flux1dev|sp|random (n_splice=100 n_real=0):
[eval] subgroup=flux1dev|sp|random         f1: n= 100  med=0.2365  mean=0.3398±0.3262  [p25=0.0404, p75=0.5404]
[eval] subgroup=flux1dev|sp|random        iou: n= 100  med=0.1341  mean=0.2634±0.3035  [p25=0.0206, p75=0.3705]
[eval] subgroup=flux1dev|sp|random  precision: n= 100  med=0.2147  mean=0.3832±0.3954  [p25=0.0225, p75=0.8798]
[eval] subgroup=flux1dev|sp|random     recall: n= 100  med=0.5317  mean=0.5113±0.3856  [p25=0.0518, p75=0.9047]
[eval] subgroup=flux1dev|sp|semantic (n_splice=100 n_real=0):
[eval] subgroup=flux1dev|sp|semantic         f1: n= 100  med=0.0859  mean=0.3071±0.3649  [p25=0.0000, p75=0.6993]
[eval] subgroup=flux1dev|sp|semantic        iou: n= 100  med=0.0449  mean=0.2506±0.3236  [p25=0.0000, p75=0.5379]
[eval] subgroup=flux1dev|sp|semantic  precision: n= 100  med=0.0456  mean=0.3256±0.4047  [p25=0.0000, p75=0.8416]
[eval] subgroup=flux1dev|sp|semantic     recall: n= 100  med=0.4241  mean=0.4477±0.3999  [p25=0.0000, p75=0.8693]
[eval]   casia image_auc=0.9668 (n=56)
[eval]   coco_inpaint image_auc=1.0000 (n=252)
[eval]   imd2020 image_auc=0.9479 (n=212)
[eval]   sagid image_auc=0.9938 (n=338)
[eval]   tgif2 image_auc=0.6736 (n=434)
[eval] epoch=4 val_f1_mean=0.4988
[ckpt] saved epoch=4 → /media/ssd/runs/ablation/model_size_sweep/vitl16/epoch_0004.pt
[ckpt] best model saved  val_f1_mean=0.4988
[train] epoch=5 step=20 loss=0.6960 bce=0.1099 cont=0.2931 lr=1.20e-04
[train] epoch=5 step=40 loss=0.6971 bce=0.1085 cont=0.2943 lr=1.18e-04
[train] epoch=5 step=60 loss=0.7120 bce=0.1226 cont=0.2947 lr=1.16e-04
[train] epoch=5 step=80 loss=0.7139 bce=0.1151 cont=0.2994 lr=1.14e-04
[train] epoch=5 step=100 loss=0.7236 bce=0.1311 cont=0.2962 lr=1.13e-04
[train] epoch=5 step=120 loss=0.7101 bce=0.1257 cont=0.2922 lr=1.11e-04
[train] epoch=5 step=140 loss=0.7135 bce=0.1208 cont=0.2963 lr=1.09e-04
[train] epoch=5 step=160 loss=0.7153 bce=0.1253 cont=0.2950 lr=1.07e-04
[train] epoch=5 step=180 loss=0.7204 bce=0.1232 cont=0.2986 lr=1.06e-04
[train] epoch=5 step=200 loss=0.7191 bce=0.1220 cont=0.2986 lr=1.04e-04
[train] epoch=5 step=220 loss=0.7157 bce=0.1207 cont=0.2975 lr=1.02e-04
[train] epoch=5 step=240 loss=0.7135 bce=0.1188 cont=0.2974 lr=1.00e-04
[train] epoch=5 step=260 loss=0.7192 bce=0.1236 cont=0.2978 lr=9.86e-05
[train] epoch=5 step=280 loss=0.7215 bce=0.1258 cont=0.2979 lr=9.68e-05
[train] epoch=5 step=300 loss=0.7157 bce=0.1215 cont=0.2971 lr=9.51e-05
[train] epoch=5 step=320 loss=0.7199 bce=0.1255 cont=0.2972 lr=9.33e-05
[train] epoch=5 step=340 loss=0.7187 bce=0.1236 cont=0.2976 lr=9.16e-05
[train] epoch=5 step=360 loss=0.7112 bce=0.1218 cont=0.2947 lr=8.98e-05
[train] epoch=5 loss=0.7096 bce=0.1239 cont=0.2929 patch=0.0000
[eval] val zoom ON (two-pass, decoder=kmeans)
[eval] ─── summary: n_splice=894 n_real=398 ───
[eval] image_auc: 0.8502
[eval] splices (all):
[eval] all         f1: n= 894  med=0.5856  mean=0.5018±0.3708  [p25=0.0769, p75=0.8620]
[eval] all        iou: n= 894  med=0.4140  mean=0.4200±0.3482  [p25=0.0400, p75=0.7574]
[eval] all  precision: n= 894  med=0.7100  mean=0.5305±0.4081  [p25=0.0514, p75=0.9310]
[eval] all     recall: n= 894  med=0.7907  mean=0.6268±0.3748  [p25=0.2985, p75=0.9563]
[eval] splices bucket=tiny (n=310):
[eval] bucket=tiny         f1: n= 310  med=0.0899  mean=0.3133±0.3684  [p25=0.0009, p75=0.7303]
[eval] bucket=tiny        iou: n= 310  med=0.0471  mean=0.2573±0.3298  [p25=0.0004, p75=0.5752]
[eval] bucket=tiny  precision: n= 310  med=0.0477  mean=0.2983±0.3776  [p25=0.0005, p75=0.7707]
[eval] bucket=tiny     recall: n= 310  med=0.7438  mean=0.5579±0.4188  [p25=0.0082, p75=0.9459]
[eval] splices bucket=small (n=310):
[eval] bucket=small         f1: n= 310  med=0.6259  mean=0.5209±0.3565  [p25=0.1804, p75=0.8618]
[eval] bucket=small        iou: n= 310  med=0.4555  mean=0.4329±0.3393  [p25=0.0991, p75=0.7571]
[eval] bucket=small  precision: n= 310  med=0.6365  mean=0.5281±0.3898  [p25=0.1216, p75=0.9211]
[eval] bucket=small     recall: n= 310  med=0.8359  mean=0.6468±0.3757  [p25=0.3034, p75=0.9625]
[eval] splices bucket=medium (n=174):
[eval] bucket=medium         f1: n= 174  med=0.7181  mean=0.6552±0.2906  [p25=0.4622, p75=0.9073]
[eval] bucket=medium        iou: n= 174  med=0.5602  mean=0.5510±0.3009  [p25=0.3005, p75=0.8304]
[eval] bucket=medium  precision: n= 174  med=0.9143  mean=0.7419±0.3183  [p25=0.6212, p75=0.9678]
[eval] bucket=medium     recall: n= 174  med=0.7657  mean=0.6656±0.3165  [p25=0.4422, p75=0.9555]
[eval] splices bucket=large (n=100):
[eval] bucket=large         f1: n= 100  med=0.8230  mean=0.7597±0.2216  [p25=0.6287, p75=0.9367]
[eval] bucket=large        iou: n= 100  med=0.6993  mean=0.6568±0.2530  [p25=0.4585, p75=0.8810]
[eval] bucket=large  precision: n= 100  med=0.9609  mean=0.8899±0.1594  [p25=0.8515, p75=0.9852]
[eval] bucket=large     recall: n= 100  med=0.7805  mean=0.7111±0.2728  [p25=0.4818, p75=0.9614]
[eval] reals accuracy: n= 398  med=0.5908  mean=0.6046±0.1877  [p25=0.4643, p75=0.7082]
[eval] source=casia: n_splice=28 n_real=28
[eval] source=casia         f1: n=  28  med=0.8933  mean=0.7778±0.3162  [p25=0.8636, p75=0.9360]
[eval] source=casia        iou: n=  28  med=0.8072  mean=0.7132±0.2984  [p25=0.7600, p75=0.8798]
[eval] source=casia  precision: n=  28  med=0.8758  mean=0.7885±0.2785  [p25=0.8211, p75=0.9313]
[eval] source=casia     recall: n=  28  med=0.9380  mean=0.8051±0.3272  [p25=0.8901, p75=0.9701]
[eval] source=coco_inpaint: n_splice=126 n_real=126
[eval] source=coco_inpaint         f1: n= 126  med=0.7229  mean=0.6647±0.2085  [p25=0.5764, p75=0.8111]
[eval] source=coco_inpaint        iou: n= 126  med=0.5661  mean=0.5289±0.2030  [p25=0.4049, p75=0.6823]
[eval] source=coco_inpaint  precision: n= 126  med=0.8555  mean=0.7840±0.2460  [p25=0.7415, p75=0.9661]
[eval] source=coco_inpaint     recall: n= 126  med=0.7003  mean=0.6556±0.2539  [p25=0.4925, p75=0.8708]
[eval] source=imd2020: n_splice=171 n_real=41
[eval] source=imd2020         f1: n= 171  med=0.7201  mean=0.5826±0.3478  [p25=0.2662, p75=0.8930]
[eval] source=imd2020        iou: n= 171  med=0.5626  mean=0.4917±0.3329  [p25=0.1536, p75=0.8067]
[eval] source=imd2020  precision: n= 171  med=0.7283  mean=0.5732±0.3661  [p25=0.1652, p75=0.9123]
[eval] source=imd2020     recall: n= 171  med=0.9027  mean=0.7084±0.3508  [p25=0.5458, p75=0.9653]
[eval] source=sagid: n_splice=169 n_real=169
[eval] source=sagid         f1: n= 169  med=0.9075  mean=0.8223±0.2087  [p25=0.7678, p75=0.9616]
[eval] source=sagid        iou: n= 169  med=0.8307  mean=0.7405±0.2426  [p25=0.6231, p75=0.9260]
[eval] source=sagid  precision: n= 169  med=0.9375  mean=0.8639±0.1991  [p25=0.8589, p75=0.9768]
[eval] source=sagid     recall: n= 169  med=0.9522  mean=0.8374±0.2233  [p25=0.7872, p75=0.9783]
[eval] source=tgif2: n_splice=400 n_real=34
[eval] source=tgif2         f1: n= 400  med=0.1026  mean=0.2612±0.3143  [p25=0.0007, p75=0.4629]
[eval] source=tgif2        iou: n= 400  med=0.0541  mean=0.1992±0.2747  [p25=0.0003, p75=0.3012]
[eval] source=tgif2  precision: n= 400  med=0.0574  mean=0.2735±0.3673  [p25=0.0004, p75=0.3785]
[eval] source=tgif2     recall: n= 400  med=0.5205  mean=0.4814±0.4090  [p25=0.0018, p75=0.9248]
[eval] ─── by subgroup (4 cells) ───
[eval] subgroup=flux1dev|fr|random (n_splice=100 n_real=0):
[eval] subgroup=flux1dev|fr|random         f1: n= 100  med=0.0939  mean=0.1982±0.2316  [p25=0.0000, p75=0.3765]
[eval] subgroup=flux1dev|fr|random        iou: n= 100  med=0.0493  mean=0.1324±0.1767  [p25=0.0000, p75=0.2319]
[eval] subgroup=flux1dev|fr|random  precision: n= 100  med=0.0772  mean=0.2007±0.2912  [p25=0.0000, p75=0.2666]
[eval] subgroup=flux1dev|fr|random     recall: n= 100  med=0.4392  mean=0.4410±0.4107  [p25=0.0000, p75=0.8695]
[eval] subgroup=flux1dev|fr|semantic (n_splice=100 n_real=0):
[eval] subgroup=flux1dev|fr|semantic         f1: n= 100  med=0.0530  mean=0.2495±0.3224  [p25=0.0026, p75=0.5184]
[eval] subgroup=flux1dev|fr|semantic        iou: n= 100  med=0.0272  mean=0.1926±0.2739  [p25=0.0013, p75=0.3501]
[eval] subgroup=flux1dev|fr|semantic  precision: n= 100  med=0.0358  mean=0.2787±0.3784  [p25=0.0013, p75=0.5785]
[eval] subgroup=flux1dev|fr|semantic     recall: n= 100  med=0.4227  mean=0.4410±0.3932  [p25=0.0160, p75=0.8353]
[eval] subgroup=flux1dev|sp|random (n_splice=100 n_real=0):
[eval] subgroup=flux1dev|sp|random         f1: n= 100  med=0.2601  mean=0.3550±0.3385  [p25=0.0044, p75=0.6094]
[eval] subgroup=flux1dev|sp|random        iou: n= 100  med=0.1495  mean=0.2795±0.3141  [p25=0.0022, p75=0.4383]
[eval] subgroup=flux1dev|sp|random  precision: n= 100  med=0.1768  mean=0.3619±0.3980  [p25=0.0025, p75=0.8845]
[eval] subgroup=flux1dev|sp|random     recall: n= 100  med=0.6271  mean=0.5326±0.3975  [p25=0.0127, p75=0.9359]
[eval] subgroup=flux1dev|sp|semantic (n_splice=100 n_real=0):
[eval] subgroup=flux1dev|sp|semantic         f1: n= 100  med=0.0571  mean=0.2419±0.3311  [p25=0.0006, p75=0.4290]
[eval] subgroup=flux1dev|sp|semantic        iou: n= 100  med=0.0294  mean=0.1924±0.2933  [p25=0.0003, p75=0.2734]
[eval] subgroup=flux1dev|sp|semantic  precision: n= 100  med=0.0324  mean=0.2525±0.3738  [p25=0.0003, p75=0.3973]
[eval] subgroup=flux1dev|sp|semantic     recall: n= 100  med=0.6707  mean=0.5112±0.4254  [p25=0.0043, p75=0.9277]
[eval]   casia image_auc=0.9579 (n=56)
[eval]   coco_inpaint image_auc=1.0000 (n=252)
[eval]   imd2020 image_auc=0.9400 (n=212)
[eval]   sagid image_auc=0.9912 (n=338)
[eval]   tgif2 image_auc=0.6813 (n=434)
[eval] epoch=5 val_f1_mean=0.5018
[ckpt] saved epoch=5 → /media/ssd/runs/ablation/model_size_sweep/vitl16/epoch_0005.pt
[ckpt] best model saved  val_f1_mean=0.5018
[train] epoch=6 step=20 loss=0.8339 bce=0.1624 cont=0.3357 lr=8.68e-05
[train] epoch=6 step=40 loss=0.8039 bce=0.1500 cont=0.3270 lr=8.50e-05
[train] epoch=6 step=60 loss=0.7397 bce=0.1179 cont=0.3109 lr=8.33e-05
[train] epoch=6 step=80 loss=0.7121 bce=0.1108 cont=0.3006 lr=8.16e-05
[train] epoch=6 step=100 loss=0.7141 bce=0.1216 cont=0.2962 lr=7.99e-05
[train] epoch=6 step=120 loss=0.6994 bce=0.1136 cont=0.2929 lr=7.82e-05
[train] epoch=6 step=140 loss=0.7072 bce=0.1178 cont=0.2947 lr=7.65e-05
[train] epoch=6 step=160 loss=0.6984 bce=0.1150 cont=0.2917 lr=7.48e-05
[train] epoch=6 step=180 loss=0.7039 bce=0.1176 cont=0.2932 lr=7.31e-05
[train] epoch=6 step=200 loss=0.7003 bce=0.1178 cont=0.2912 lr=7.15e-05
[train] epoch=6 step=220 loss=0.7053 bce=0.1259 cont=0.2897 lr=6.98e-05
[train] epoch=6 step=240 loss=0.7013 bce=0.1200 cont=0.2907 lr=6.82e-05
[train] epoch=6 step=260 loss=0.7076 bce=0.1255 cont=0.2910 lr=6.66e-05
[train] epoch=6 step=280 loss=0.7041 bce=0.1214 cont=0.2914 lr=6.50e-05
[train] epoch=6 step=300 loss=0.7026 bce=0.1205 cont=0.2911 lr=6.34e-05
[train] epoch=6 step=320 loss=0.7058 bce=0.1245 cont=0.2906 lr=6.18e-05
[train] epoch=6 step=340 loss=0.7063 bce=0.1241 cont=0.2911 lr=6.02e-05
[train] epoch=6 step=360 loss=0.6994 bce=0.1212 cont=0.2891 lr=5.87e-05
[train] epoch=6 loss=0.6973 bce=0.1196 cont=0.2889 patch=0.0000
[eval] val zoom ON (two-pass, decoder=kmeans)
[eval] ─── summary: n_splice=894 n_real=398 ───
[eval] image_auc: 0.8594
[eval] splices (all):
[eval] all         f1: n= 894  med=0.6388  mean=0.5179±0.3680  [p25=0.0999, p75=0.8631]
[eval] all        iou: n= 894  med=0.4692  mean=0.4342±0.3456  [p25=0.0526, p75=0.7591]
[eval] all  precision: n= 894  med=0.7709  mean=0.5605±0.4082  [p25=0.0651, p75=0.9395]
[eval] all     recall: n= 894  med=0.7644  mean=0.6181±0.3725  [p25=0.2826, p75=0.9565]
[eval] splices bucket=tiny (n=310):
[eval] bucket=tiny         f1: n= 310  med=0.1023  mean=0.3364±0.3770  [p25=0.0000, p75=0.7582]
[eval] bucket=tiny        iou: n= 310  med=0.0539  mean=0.2779±0.3362  [p25=0.0000, p75=0.6106]
[eval] bucket=tiny  precision: n= 310  med=0.0550  mean=0.3194±0.3827  [p25=0.0000, p75=0.7732]
[eval] bucket=tiny     recall: n= 310  med=0.7653  mean=0.5531±0.4272  [p25=0.0003, p75=0.9583]
[eval] splices bucket=small (n=310):
[eval] bucket=small         f1: n= 310  med=0.7128  mean=0.5581±0.3475  [p25=0.2135, p75=0.8679]
[eval] bucket=small        iou: n= 310  med=0.5537  mean=0.4660±0.3319  [p25=0.1195, p75=0.7666]
[eval] bucket=small  precision: n= 310  med=0.7935  mean=0.5824±0.3848  [p25=0.1522, p75=0.9323]
[eval] bucket=small     recall: n= 310  med=0.7907  mean=0.6521±0.3547  [p25=0.4142, p75=0.9575]
[eval] splices bucket=medium (n=174):
[eval] bucket=medium         f1: n= 174  med=0.7086  mean=0.6377±0.2966  [p25=0.4360, p75=0.9112]
[eval] bucket=medium        iou: n= 174  med=0.5488  mean=0.5337±0.3071  [p25=0.2788, p75=0.8369]
[eval] bucket=medium  precision: n= 174  med=0.9376  mean=0.7594±0.3213  [p25=0.6527, p75=0.9745]
[eval] bucket=medium     recall: n= 174  med=0.7233  mean=0.6315±0.3230  [p25=0.3637, p75=0.9432]
[eval] splices bucket=large (n=100):
[eval] bucket=large         f1: n= 100  med=0.8268  mean=0.7478±0.2397  [p25=0.6371, p75=0.9392]
[eval] bucket=large        iou: n= 100  med=0.7049  mean=0.6469±0.2650  [p25=0.4674, p75=0.8854]
[eval] bucket=large  precision: n= 100  med=0.9657  mean=0.8945±0.1860  [p25=0.8807, p75=0.9873]
[eval] bucket=large     recall: n= 100  med=0.7797  mean=0.6906±0.2841  [p25=0.4752, p75=0.9484]
[eval] reals accuracy: n= 398  med=0.5886  mean=0.6014±0.1928  [p25=0.4493, p75=0.7348]
[eval] source=casia: n_splice=28 n_real=28
[eval] source=casia         f1: n=  28  med=0.8911  mean=0.7471±0.3249  [p25=0.8142, p75=0.9266]
[eval] source=casia        iou: n=  28  med=0.8036  mean=0.6769±0.3131  [p25=0.6879, p75=0.8632]
[eval] source=casia  precision: n=  28  med=0.8706  mean=0.7551±0.2913  [p25=0.8058, p75=0.9317]
[eval] source=casia     recall: n=  28  med=0.9338  mean=0.7838±0.3393  [p25=0.8826, p75=0.9719]
[eval] source=coco_inpaint: n_splice=126 n_real=126
[eval] source=coco_inpaint         f1: n= 126  med=0.7201  mean=0.6832±0.1818  [p25=0.6200, p75=0.8065]
[eval] source=coco_inpaint        iou: n= 126  med=0.5626  mean=0.5440±0.1856  [p25=0.4492, p75=0.6757]
[eval] source=coco_inpaint  precision: n= 126  med=0.9054  mean=0.8458±0.1987  [p25=0.8088, p75=0.9873]
[eval] source=coco_inpaint     recall: n= 126  med=0.6446  mean=0.6332±0.2229  [p25=0.4848, p75=0.8112]
[eval] source=imd2020: n_splice=171 n_real=41
[eval] source=imd2020         f1: n= 171  med=0.7395  mean=0.6133±0.3355  [p25=0.3474, p75=0.8923]
[eval] source=imd2020        iou: n= 171  med=0.5866  mean=0.5196±0.3238  [p25=0.2102, p75=0.8055]
[eval] source=imd2020  precision: n= 171  med=0.7490  mean=0.5985±0.3526  [p25=0.2495, p75=0.9041]
[eval] source=imd2020     recall: n= 171  med=0.9215  mean=0.7473±0.3302  [p25=0.6771, p75=0.9678]
[eval] source=sagid: n_splice=169 n_real=169
[eval] source=sagid         f1: n= 169  med=0.9071  mean=0.8206±0.2104  [p25=0.7611, p75=0.9587]
[eval] source=sagid        iou: n= 169  med=0.8299  mean=0.7382±0.2420  [p25=0.6143, p75=0.9206]
[eval] source=sagid  precision: n= 169  med=0.9414  mean=0.8741±0.1962  [p25=0.8688, p75=0.9802]
[eval] source=sagid     recall: n= 169  med=0.9392  mean=0.8158±0.2347  [p25=0.7265, p75=0.9720]
[eval] source=tgif2: n_splice=400 n_real=34
[eval] source=tgif2         f1: n= 400  med=0.1246  mean=0.2812±0.3272  [p25=0.0008, p75=0.5062]
[eval] source=tgif2        iou: n= 400  med=0.0664  mean=0.2177±0.2875  [p25=0.0004, p75=0.3389]
[eval] source=tgif2  precision: n= 400  med=0.0893  mean=0.3084±0.3880  [p25=0.0005, p75=0.7653]
[eval] source=tgif2     recall: n= 400  med=0.4478  mean=0.4629±0.4083  [p25=0.0058, p75=0.9324]
[eval] ─── by subgroup (4 cells) ───
[eval] subgroup=flux1dev|fr|random (n_splice=100 n_real=0):
[eval] subgroup=flux1dev|fr|random         f1: n= 100  med=0.0988  mean=0.2151±0.2549  [p25=0.0000, p75=0.3760]
[eval] subgroup=flux1dev|fr|random        iou: n= 100  med=0.0520  mean=0.1493±0.2053  [p25=0.0000, p75=0.2315]
[eval] subgroup=flux1dev|fr|random  precision: n= 100  med=0.1008  mean=0.2329±0.3162  [p25=0.0000, p75=0.3108]
[eval] subgroup=flux1dev|fr|random     recall: n= 100  med=0.2421  mean=0.4003±0.4078  [p25=0.0000, p75=0.8305]
[eval] subgroup=flux1dev|fr|semantic (n_splice=100 n_real=0):
[eval] subgroup=flux1dev|fr|semantic         f1: n= 100  med=0.0662  mean=0.2803±0.3391  [p25=0.0000, p75=0.6808]
[eval] subgroup=flux1dev|fr|semantic        iou: n= 100  med=0.0342  mean=0.2194±0.2885  [p25=0.0000, p75=0.5162]
[eval] subgroup=flux1dev|fr|semantic  precision: n= 100  med=0.0385  mean=0.3363±0.4227  [p25=0.0000, p75=0.8763]
[eval] subgroup=flux1dev|fr|semantic     recall: n= 100  med=0.4763  mean=0.4518±0.4020  [p25=0.0000, p75=0.8634]
[eval] subgroup=flux1dev|sp|random (n_splice=100 n_real=0):
[eval] subgroup=flux1dev|sp|random         f1: n= 100  med=0.2382  mean=0.3421±0.3291  [p25=0.0138, p75=0.5280]
[eval] subgroup=flux1dev|sp|random        iou: n= 100  med=0.1353  mean=0.2663±0.3068  [p25=0.0070, p75=0.3590]
[eval] subgroup=flux1dev|sp|random  precision: n= 100  med=0.2022  mean=0.3672±0.3946  [p25=0.0085, p75=0.8099]
[eval] subgroup=flux1dev|sp|random     recall: n= 100  med=0.5345  mean=0.5167±0.3889  [p25=0.1060, p75=0.9423]
[eval] subgroup=flux1dev|sp|semantic (n_splice=100 n_real=0):
[eval] subgroup=flux1dev|sp|semantic         f1: n= 100  med=0.0642  mean=0.2873±0.3631  [p25=0.0010, p75=0.7396]
[eval] subgroup=flux1dev|sp|semantic        iou: n= 100  med=0.0332  mean=0.2356±0.3223  [p25=0.0005, p75=0.5869]
[eval] subgroup=flux1dev|sp|semantic  precision: n= 100  med=0.0342  mean=0.2971±0.3969  [p25=0.0005, p75=0.7753]
[eval] subgroup=flux1dev|sp|semantic     recall: n= 100  med=0.5249  mean=0.4829±0.4247  [p25=0.0165, p75=0.9406]
[eval]   casia image_auc=0.9796 (n=56)
[eval]   coco_inpaint image_auc=0.9999 (n=252)
[eval]   imd2020 image_auc=0.9429 (n=212)
[eval]   sagid image_auc=0.9937 (n=338)
[eval]   tgif2 image_auc=0.6876 (n=434)
[eval] epoch=6 val_f1_mean=0.5179
[ckpt] saved epoch=6 → /media/ssd/runs/ablation/model_size_sweep/vitl16/epoch_0006.pt
[ckpt] best model saved  val_f1_mean=0.5179
[train] epoch=7 step=20 loss=0.6190 bce=0.0895 cont=0.2648 lr=5.60e-05
[train] epoch=7 step=40 loss=0.6448 bce=0.0848 cont=0.2800 lr=5.45e-05
[train] epoch=7 step=60 loss=0.6651 bce=0.0980 cont=0.2836 lr=5.30e-05
[train] epoch=7 step=80 loss=0.6874 bce=0.0994 cont=0.2940 lr=5.15e-05
[train] epoch=7 step=100 loss=0.6722 bce=0.0937 cont=0.2892 lr=5.01e-05
[train] epoch=7 step=120 loss=0.6726 bce=0.0981 cont=0.2872 lr=4.86e-05
[train] epoch=7 step=140 loss=0.6742 bce=0.0982 cont=0.2880 lr=4.72e-05
[train] epoch=7 step=160 loss=0.6706 bce=0.0953 cont=0.2877 lr=4.58e-05
[train] epoch=7 step=180 loss=0.6648 bce=0.0941 cont=0.2854 lr=4.44e-05
[train] epoch=7 step=200 loss=0.6595 bce=0.0896 cont=0.2849 lr=4.31e-05
[train] epoch=7 step=220 loss=0.6597 bce=0.0927 cont=0.2835 lr=4.18e-05
[train] epoch=7 step=240 loss=0.6567 bce=0.0894 cont=0.2836 lr=4.05e-05
[train] epoch=7 step=260 loss=0.6501 bce=0.0844 cont=0.2828 lr=3.92e-05
[train] epoch=7 step=280 loss=0.6514 bce=0.0861 cont=0.2827 lr=3.79e-05
[train] epoch=7 step=300 loss=0.6515 bce=0.0860 cont=0.2827 lr=3.67e-05
[train] epoch=7 step=320 loss=0.6550 bce=0.0894 cont=0.2828 lr=3.54e-05
[train] epoch=7 step=340 loss=0.6583 bce=0.0905 cont=0.2839 lr=3.43e-05
[train] epoch=7 step=360 loss=0.6629 bce=0.0958 cont=0.2836 lr=3.31e-05
[train] epoch=7 loss=0.6616 bce=0.0954 cont=0.2831 patch=0.0000
[eval] val zoom ON (two-pass, decoder=kmeans)
[eval] ─── summary: n_splice=894 n_real=398 ───
[eval] image_auc: 0.8458
[eval] splices (all):
[eval] all         f1: n= 894  med=0.5181  mean=0.4847±0.3720  [p25=0.0689, p75=0.8589]
[eval] all        iou: n= 894  med=0.3496  mean=0.4048±0.3502  [p25=0.0357, p75=0.7527]
[eval] all  precision: n= 894  med=0.6419  mean=0.5174±0.4120  [p25=0.0457, p75=0.9317]
[eval] all     recall: n= 894  med=0.7728  mean=0.6228±0.3748  [p25=0.2782, p75=0.9576]
[eval] splices bucket=tiny (n=310):
[eval] bucket=tiny         f1: n= 310  med=0.0799  mean=0.3133±0.3729  [p25=0.0034, p75=0.7473]
[eval] bucket=tiny        iou: n= 310  med=0.0416  mean=0.2596±0.3364  [p25=0.0017, p75=0.5966]
[eval] bucket=tiny  precision: n= 310  med=0.0491  mean=0.3015±0.3837  [p25=0.0019, p75=0.8011]
[eval] bucket=tiny     recall: n= 310  med=0.8325  mean=0.5947±0.4221  [p25=0.0183, p75=0.9638]
[eval] splices bucket=small (n=310):
[eval] bucket=small         f1: n= 310  med=0.5256  mean=0.4937±0.3564  [p25=0.1483, p75=0.8409]
[eval] bucket=small        iou: n= 310  med=0.3566  mean=0.4067±0.3380  [p25=0.0801, p75=0.7256]
[eval] bucket=small  precision: n= 310  med=0.5261  mean=0.4955±0.3905  [p25=0.1014, p75=0.9115]
[eval] bucket=small     recall: n= 310  med=0.7665  mean=0.6255±0.3763  [p25=0.2624, p75=0.9579]
[eval] splices bucket=medium (n=174):
[eval] bucket=medium         f1: n= 174  med=0.7159  mean=0.6323±0.3024  [p25=0.4058, p75=0.9149]
[eval] bucket=medium        iou: n= 174  med=0.5575  mean=0.5305±0.3136  [p25=0.2546, p75=0.8431]
[eval] bucket=medium  precision: n= 174  med=0.9142  mean=0.7242±0.3336  [p25=0.3905, p75=0.9711]
[eval] bucket=medium     recall: n= 174  med=0.7037  mean=0.6391±0.3151  [p25=0.3929, p75=0.9422]
[eval] splices bucket=large (n=100):
[eval] bucket=large         f1: n= 100  med=0.8169  mean=0.7308±0.2525  [p25=0.6045, p75=0.9394]
[eval] bucket=large        iou: n= 100  med=0.6905  mean=0.6299±0.2770  [p25=0.4332, p75=0.8857]
[eval] bucket=large  precision: n= 100  med=0.9687  mean=0.8943±0.1788  [p25=0.8692, p75=0.9869]
[eval] bucket=large     recall: n= 100  med=0.7794  mean=0.6728±0.2946  [p25=0.4511, p75=0.9490]
[eval] reals accuracy: n= 398  med=0.5708  mean=0.5836±0.1696  [p25=0.4662, p75=0.6837]
[eval] source=casia: n_splice=28 n_real=28
[eval] source=casia         f1: n=  28  med=0.9012  mean=0.8053±0.2830  [p25=0.8726, p75=0.9470]
[eval] source=casia        iou: n=  28  med=0.8203  mean=0.7380±0.2731  [p25=0.7740, p75=0.8994]
[eval] source=casia  precision: n=  28  med=0.8901  mean=0.8138±0.2457  [p25=0.8324, p75=0.9407]
[eval] source=casia     recall: n=  28  med=0.9479  mean=0.8654±0.2465  [p25=0.8994, p75=0.9797]
[eval] source=coco_inpaint: n_splice=126 n_real=126
[eval] source=coco_inpaint         f1: n= 126  med=0.7209  mean=0.6584±0.2136  [p25=0.5649, p75=0.8210]
[eval] source=coco_inpaint        iou: n= 126  med=0.5635  mean=0.5241±0.2122  [p25=0.3937, p75=0.6963]
[eval] source=coco_inpaint  precision: n= 126  med=0.8782  mean=0.8130±0.2272  [p25=0.7489, p75=0.9771]
[eval] source=coco_inpaint     recall: n= 126  med=0.6723  mean=0.6202±0.2515  [p25=0.4368, p75=0.8206]
[eval] source=imd2020: n_splice=171 n_real=41
[eval] source=imd2020         f1: n= 171  med=0.7045  mean=0.5800±0.3502  [p25=0.2864, p75=0.8857]
[eval] source=imd2020        iou: n= 171  med=0.5438  mean=0.4897±0.3340  [p25=0.1672, p75=0.7949]
[eval] source=imd2020  precision: n= 171  med=0.7688  mean=0.5812±0.3673  [p25=0.1835, p75=0.9076]
[eval] source=imd2020     recall: n= 171  med=0.8936  mean=0.6934±0.3554  [p25=0.4902, p75=0.9627]
[eval] source=sagid: n_splice=169 n_real=169
[eval] source=sagid         f1: n= 169  med=0.9061  mean=0.8158±0.2120  [p25=0.7611, p75=0.9547]
[eval] source=sagid        iou: n= 169  med=0.8283  mean=0.7321±0.2455  [p25=0.6143, p75=0.9134]
[eval] source=sagid  precision: n= 169  med=0.9425  mean=0.8658±0.2037  [p25=0.8634, p75=0.9793]
[eval] source=sagid     recall: n= 169  med=0.9383  mean=0.8202±0.2309  [p25=0.7437, p75=0.9745]
[eval] source=tgif2: n_splice=400 n_real=34
[eval] source=tgif2         f1: n= 400  med=0.0948  mean=0.2268±0.2907  [p25=0.0008, p75=0.3660]
[eval] source=tgif2        iou: n= 400  med=0.0498  mean=0.1692±0.2558  [p25=0.0004, p75=0.2240]
[eval] source=tgif2  precision: n= 400  med=0.0544  mean=0.2290±0.3373  [p25=0.0005, p75=0.2673]
[eval] source=tgif2     recall: n= 400  med=0.5131  mean=0.4930±0.4168  [p25=0.0025, p75=0.9441]
[eval] ─── by subgroup (4 cells) ───
[eval] subgroup=flux1dev|fr|random (n_splice=100 n_real=0):
[eval] subgroup=flux1dev|fr|random         f1: n= 100  med=0.1306  mean=0.2060±0.2348  [p25=0.0009, p75=0.3627]
[eval] subgroup=flux1dev|fr|random        iou: n= 100  med=0.0699  mean=0.1391±0.1893  [p25=0.0004, p75=0.2215]
[eval] subgroup=flux1dev|fr|random  precision: n= 100  med=0.1126  mean=0.1930±0.2647  [p25=0.0005, p75=0.2470]
[eval] subgroup=flux1dev|fr|random     recall: n= 100  med=0.4208  mean=0.4665±0.4186  [p25=0.0022, p75=0.9536]
[eval] subgroup=flux1dev|fr|semantic (n_splice=100 n_real=0):
[eval] subgroup=flux1dev|fr|semantic         f1: n= 100  med=0.0400  mean=0.1685±0.2654  [p25=0.0000, p75=0.1887]
[eval] subgroup=flux1dev|fr|semantic        iou: n= 100  med=0.0204  mean=0.1251±0.2310  [p25=0.0000, p75=0.1042]
[eval] subgroup=flux1dev|fr|semantic  precision: n= 100  med=0.0218  mean=0.1609±0.2954  [p25=0.0000, p75=0.1181]
[eval] subgroup=flux1dev|fr|semantic     recall: n= 100  med=0.4915  mean=0.4904±0.4247  [p25=0.0000, p75=0.9279]
[eval] subgroup=flux1dev|sp|random (n_splice=100 n_real=0):
[eval] subgroup=flux1dev|sp|random         f1: n= 100  med=0.2220  mean=0.3206±0.3255  [p25=0.0065, p75=0.4553]
[eval] subgroup=flux1dev|sp|random        iou: n= 100  med=0.1248  mean=0.2485±0.3021  [p25=0.0032, p75=0.2947]
[eval] subgroup=flux1dev|sp|random  precision: n= 100  med=0.1676  mean=0.3448±0.3916  [p25=0.0034, p75=0.8169]
[eval] subgroup=flux1dev|sp|random     recall: n= 100  med=0.5322  mean=0.5095±0.4023  [p25=0.0478, p75=0.9423]
[eval] subgroup=flux1dev|sp|semantic (n_splice=100 n_real=0):
[eval] subgroup=flux1dev|sp|semantic         f1: n= 100  med=0.0514  mean=0.2122±0.3061  [p25=0.0019, p75=0.2133]
[eval] subgroup=flux1dev|sp|semantic        iou: n= 100  med=0.0264  mean=0.1643±0.2686  [p25=0.0010, p75=0.1194]
[eval] subgroup=flux1dev|sp|semantic  precision: n= 100  med=0.0264  mean=0.2172±0.3533  [p25=0.0013, p75=0.1261]
[eval] subgroup=flux1dev|sp|semantic     recall: n= 100  med=0.5535  mean=0.5058±0.4202  [p25=0.0035, p75=0.9435]
[eval]   casia image_auc=0.9770 (n=56)
[eval]   coco_inpaint image_auc=1.0000 (n=252)
[eval]   imd2020 image_auc=0.9467 (n=212)
[eval]   sagid image_auc=0.9898 (n=338)
[eval]   tgif2 image_auc=0.6711 (n=434)
[eval] epoch=7 val_f1_mean=0.4847
[ckpt] saved epoch=7 → /media/ssd/runs/ablation/model_size_sweep/vitl16/epoch_0007.pt
[ckpt] no improvement  patience_left=1  best=0.5179
[train] epoch=8 step=20 loss=0.6828 bce=0.1400 cont=0.2714 lr=3.11e-05
[train] epoch=8 step=40 loss=0.6347 bce=0.0852 cont=0.2747 lr=3.00e-05
[train] epoch=8 step=60 loss=0.6323 bce=0.0953 cont=0.2685 lr=2.89e-05
[train] epoch=8 step=80 loss=0.6401 bce=0.0949 cont=0.2726 lr=2.79e-05
[train] epoch=8 step=100 loss=0.6364 bce=0.0894 cont=0.2735 lr=2.69e-05
[train] epoch=8 step=120 loss=0.6499 bce=0.0950 cont=0.2774 lr=2.59e-05
[train] epoch=8 step=140 loss=0.6483 bce=0.0995 cont=0.2744 lr=2.49e-05
[train] epoch=8 step=160 loss=0.6511 bce=0.1010 cont=0.2750 lr=2.40e-05
[train] epoch=8 step=180 loss=0.6615 bce=0.1078 cont=0.2769 lr=2.31e-05
[train] epoch=8 step=200 loss=0.6621 bce=0.1064 cont=0.2779 lr=2.22e-05
[train] epoch=8 step=220 loss=0.6611 bce=0.1047 cont=0.2782 lr=2.13e-05
[train] epoch=8 step=240 loss=0.6522 bce=0.0987 cont=0.2767 lr=2.05e-05
[train] epoch=8 step=260 loss=0.6512 bce=0.0974 cont=0.2769 lr=1.97e-05
[train] epoch=8 step=280 loss=0.6554 bce=0.1019 cont=0.2768 lr=1.89e-05
[train] epoch=8 step=300 loss=0.6540 bce=0.1002 cont=0.2769 lr=1.82e-05
[train] epoch=8 step=320 loss=0.6646 bce=0.1048 cont=0.2799 lr=1.75e-05
[train] epoch=8 step=340 loss=0.6643 bce=0.1023 cont=0.2810 lr=1.68e-05
[train] epoch=8 step=360 loss=0.6615 bce=0.0995 cont=0.2810 lr=1.62e-05
[train] epoch=8 loss=0.6597 bce=0.0999 cont=0.2799 patch=0.0000
[eval] val zoom ON (two-pass, decoder=kmeans)
[eval] ─── summary: n_splice=894 n_real=398 ───
[eval] image_auc: 0.8514
[eval] splices (all):
[eval] all         f1: n= 894  med=0.5940  mean=0.5084±0.3676  [p25=0.1013, p75=0.8642]
[eval] all        iou: n= 894  med=0.4225  mean=0.4253±0.3472  [p25=0.0533, p75=0.7609]
[eval] all  precision: n= 894  med=0.7196  mean=0.5418±0.4069  [p25=0.0581, p75=0.9369]
[eval] all     recall: n= 894  med=0.7801  mean=0.6353±0.3643  [p25=0.3492, p75=0.9542]
[eval] splices bucket=tiny (n=310):
[eval] bucket=tiny         f1: n= 310  med=0.1034  mean=0.3316±0.3741  [p25=0.0053, p75=0.7630]
[eval] bucket=tiny        iou: n= 310  med=0.0545  mean=0.2741±0.3385  [p25=0.0027, p75=0.6168]
[eval] bucket=tiny  precision: n= 310  med=0.0559  mean=0.3167±0.3849  [p25=0.0029, p75=0.8033]
[eval] bucket=tiny     recall: n= 310  med=0.8215  mean=0.5936±0.4146  [p25=0.0378, p75=0.9587]
[eval] splices bucket=small (n=310):
[eval] bucket=small         f1: n= 310  med=0.6282  mean=0.5222±0.3483  [p25=0.1884, p75=0.8467]
[eval] bucket=small        iou: n= 310  med=0.4579  mean=0.4304±0.3310  [p25=0.1040, p75=0.7341]
[eval] bucket=small  precision: n= 310  med=0.6604  mean=0.5333±0.3865  [p25=0.1293, p75=0.9176]
[eval] bucket=small     recall: n= 310  med=0.7604  mean=0.6413±0.3584  [p25=0.4138, p75=0.9545]
[eval] splices bucket=medium (n=174):
[eval] bucket=medium         f1: n= 174  med=0.7324  mean=0.6527±0.2918  [p25=0.4436, p75=0.9160]
[eval] bucket=medium        iou: n= 174  med=0.5778  mean=0.5494±0.3053  [p25=0.2850, p75=0.8450]
[eval] bucket=medium  precision: n= 174  med=0.9249  mean=0.7494±0.3134  [p25=0.5760, p75=0.9712]
[eval] bucket=medium     recall: n= 174  med=0.7234  mean=0.6562±0.3102  [p25=0.4430, p75=0.9470]
[eval] splices bucket=large (n=100):
[eval] bucket=large         f1: n= 100  med=0.8447  mean=0.7625±0.2274  [p25=0.6695, p75=0.9406]
[eval] bucket=large        iou: n= 100  med=0.7311  mean=0.6627±0.2578  [p25=0.5032, p75=0.8878]
[eval] bucket=large  precision: n= 100  med=0.9647  mean=0.9046±0.1524  [p25=0.8730, p75=0.9870]
[eval] bucket=large     recall: n= 100  med=0.8155  mean=0.7100±0.2765  [p25=0.5234, p75=0.9539]
[eval] reals accuracy: n= 398  med=0.5721  mean=0.5892±0.1860  [p25=0.4595, p75=0.6828]
[eval] source=casia: n_splice=28 n_real=28
[eval] source=casia         f1: n=  28  med=0.8974  mean=0.8047±0.2834  [p25=0.8686, p75=0.9470]
[eval] source=casia        iou: n=  28  med=0.8139  mean=0.7373±0.2731  [p25=0.7677, p75=0.8993]
[eval] source=casia  precision: n=  28  med=0.8925  mean=0.8149±0.2461  [p25=0.8344, p75=0.9391]
[eval] source=casia     recall: n=  28  med=0.9473  mean=0.8381±0.2924  [p25=0.8814, p75=0.9797]
[eval] source=coco_inpaint: n_splice=126 n_real=126
[eval] source=coco_inpaint         f1: n= 126  med=0.7353  mean=0.6911±0.1818  [p25=0.5851, p75=0.8303]
[eval] source=coco_inpaint        iou: n= 126  med=0.5814  mean=0.5544±0.1927  [p25=0.4136, p75=0.7099]
[eval] source=coco_inpaint  precision: n= 126  med=0.8944  mean=0.8196±0.2132  [p25=0.7728, p75=0.9711]
[eval] source=coco_inpaint     recall: n= 126  med=0.6891  mean=0.6605±0.2232  [p25=0.5212, p75=0.8354]
[eval] source=imd2020: n_splice=171 n_real=41
[eval] source=imd2020         f1: n= 171  med=0.7281  mean=0.5832±0.3493  [p25=0.2882, p75=0.8887]
[eval] source=imd2020        iou: n= 171  med=0.5725  mean=0.4927±0.3332  [p25=0.1684, p75=0.7997]
[eval] source=imd2020  precision: n= 171  med=0.7516  mean=0.5861±0.3671  [p25=0.1904, p75=0.9068]
[eval] source=imd2020     recall: n= 171  med=0.8927  mean=0.6846±0.3595  [p25=0.4402, p75=0.9607]
[eval] source=sagid: n_splice=169 n_real=169
[eval] source=sagid         f1: n= 169  med=0.9123  mean=0.8252±0.1929  [p25=0.7513, p75=0.9564]
[eval] source=sagid        iou: n= 169  med=0.8388  mean=0.7403±0.2339  [p25=0.6017, p75=0.9164]
[eval] source=sagid  precision: n= 169  med=0.9416  mean=0.8726±0.1826  [p25=0.8656, p75=0.9786]
[eval] source=sagid     recall: n= 169  med=0.9424  mean=0.8350±0.2135  [p25=0.7595, p75=0.9748]
[eval] source=tgif2: n_splice=400 n_real=34
[eval] source=tgif2         f1: n= 400  med=0.1245  mean=0.2643±0.3114  [p25=0.0064, p75=0.4349]
[eval] source=tgif2        iou: n= 400  med=0.0664  mean=0.2009±0.2750  [p25=0.0032, p75=0.2779]
[eval] source=tgif2  precision: n= 400  med=0.0743  mean=0.2764±0.3645  [p25=0.0035, p75=0.3789]
[eval] source=tgif2     recall: n= 400  med=0.5855  mean=0.5078±0.4040  [p25=0.0335, p75=0.9367]
[eval] ─── by subgroup (4 cells) ───
[eval] subgroup=flux1dev|fr|random (n_splice=100 n_real=0):
[eval] subgroup=flux1dev|fr|random         f1: n= 100  med=0.1432  mean=0.2021±0.2249  [p25=0.0000, p75=0.3679]
[eval] subgroup=flux1dev|fr|random        iou: n= 100  med=0.0771  mean=0.1343±0.1787  [p25=0.0000, p75=0.2254]
[eval] subgroup=flux1dev|fr|random  precision: n= 100  med=0.1156  mean=0.2082±0.2729  [p25=0.0000, p75=0.2853]
[eval] subgroup=flux1dev|fr|random     recall: n= 100  med=0.2698  mean=0.4051±0.3990  [p25=0.0000, p75=0.8194]
[eval] subgroup=flux1dev|fr|semantic (n_splice=100 n_real=0):
[eval] subgroup=flux1dev|fr|semantic         f1: n= 100  med=0.0638  mean=0.2317±0.3119  [p25=0.0077, p75=0.3748]
[eval] subgroup=flux1dev|fr|semantic        iou: n= 100  med=0.0330  mean=0.1778±0.2670  [p25=0.0039, p75=0.2308]
[eval] subgroup=flux1dev|fr|semantic  precision: n= 100  med=0.0346  mean=0.2506±0.3684  [p25=0.0041, p75=0.4505]
[eval] subgroup=flux1dev|fr|semantic     recall: n= 100  med=0.6425  mean=0.5398±0.4065  [p25=0.0348, p75=0.9411]
[eval] subgroup=flux1dev|sp|random (n_splice=100 n_real=0):
[eval] subgroup=flux1dev|sp|random         f1: n= 100  med=0.2956  mean=0.3691±0.3353  [p25=0.0399, p75=0.6150]
[eval] subgroup=flux1dev|sp|random        iou: n= 100  med=0.1735  mean=0.2902±0.3157  [p25=0.0204, p75=0.4440]
[eval] subgroup=flux1dev|sp|random  precision: n= 100  med=0.2161  mean=0.3873±0.3974  [p25=0.0213, p75=0.8990]
[eval] subgroup=flux1dev|sp|random     recall: n= 100  med=0.6150  mean=0.5390±0.3790  [p25=0.1146, p75=0.9364]
[eval] subgroup=flux1dev|sp|semantic (n_splice=100 n_real=0):
[eval] subgroup=flux1dev|sp|semantic         f1: n= 100  med=0.0675  mean=0.2542±0.3342  [p25=0.0064, p75=0.5502]
[eval] subgroup=flux1dev|sp|semantic        iou: n= 100  med=0.0349  mean=0.2016±0.2943  [p25=0.0032, p75=0.3799]
[eval] subgroup=flux1dev|sp|semantic  precision: n= 100  med=0.0351  mean=0.2597±0.3813  [p25=0.0035, p75=0.6647]
[eval] subgroup=flux1dev|sp|semantic     recall: n= 100  med=0.6351  mean=0.5472±0.4132  [p25=0.0393, p75=0.9479]
[eval]   casia image_auc=0.9770 (n=56)
[eval]   coco_inpaint image_auc=1.0000 (n=252)
[eval]   imd2020 image_auc=0.9432 (n=212)
[eval]   sagid image_auc=0.9911 (n=338)
[eval]   tgif2 image_auc=0.6858 (n=434)
[eval] epoch=8 val_f1_mean=0.5084
[ckpt] saved epoch=8 → /media/ssd/runs/ablation/model_size_sweep/vitl16/epoch_0008.pt
[ckpt] no improvement  patience_left=0  best=0.5179
[train] early stop at epoch=8  best_val_f1_mean=0.5179
[train] done  best_val_f1_mean=0.5179
