===== [2026-06-21T15:58:17] orchestrate launch: /home/fri-team-4/dino_venv/bin/python -m experiments.scripts.train --device cuda --imd2020_root /media/ssd/DINO_SCOPE_DATA/IMD2020 --casia_root /media/ssd/DINO_SCOPE_DATA/casia --sagid_root /media/ssd/DINO_SCOPE_DATA/SAGI_D --coco_inpaint_root /media/ssd/DINO_SCOPE_DATA/INPAINT_COCO/content/inpaint_coco/images --tgif2_root /media/ssd/DINO_SCOPE_DATA/content/flux_originals --casia_train --imd_val_only --lora_rank 32 --lora_alpha 64 --contrastive_dim 64 --pool_hidden 256 --lambda_image_bce 1.0 --lambda_contrastive 2.0 --paste_frac 0.5 --noise_prob 0.8 --jpeg_prob 0.55 --train_samples 3000 --num_workers 4 --num_epochs 10 --min_epochs 5 --warmup_epochs 1.0 --early_stop_patience 2 --early_stop_reduce mean --tgif_val_models flux1dev --val_per_cell 100 --image_size 496 --batch_size 4 --grad_accum 2 --checkpoint_root /media/ssd/runs/ablation/res_sweep/res_496 =====
[cfg] ── dataset roots ──
[cfg]   imd2020_root=/media/ssd/DINO_SCOPE_DATA/IMD2020
[cfg]   casia_root=/media/ssd/DINO_SCOPE_DATA/casia
[cfg]   indoor_root=None
[cfg]   coco_inpaint_root=/media/ssd/DINO_SCOPE_DATA/INPAINT_COCO/content/inpaint_coco/images
[cfg]   sagid_root=/media/ssd/DINO_SCOPE_DATA/SAGI_D
[cfg]   bfree_root=None
[cfg]   anyedit_root=None
[cfg]   tgif2_root=/media/ssd/DINO_SCOPE_DATA/content/flux_originals
[cfg] ── checkpoint ──
[cfg]   run_dir=/media/ssd/runs/ablation/res_sweep/res_496
[cfg]   resume=None
[cfg]   init_weights=None
[cfg]   seed=42
[cfg]   log_every=20
[cfg] ── training loop ──
[cfg]   num_epochs=10
[cfg]   warmup_epochs=1
[cfg]   early_stop_patience=2
[cfg]   early_stop_min_delta=0.002
[cfg]   min_epochs=5
[cfg]   early_stop_reduce=mean
[cfg]   batch_size=4
[cfg]   grad_accum=2
[cfg]   lr=0.0002
[cfg]   weight_decay=0.0001
[cfg]   train_samples=3000
[cfg]   num_workers=4
[cfg]   persistent_workers=false
[cfg]   prefetch_factor=None
[cfg] ── model ──
[cfg]   model_name=facebook/dinov3-vith16plus-pretrain-lvd1689m
[cfg]   image_size=496
[cfg]   patch_size=16
[cfg]   lora_rank=32
[cfg]   lora_alpha=64
[cfg]   lora_dropout=0.1
[cfg]   contrastive_dim=64
[cfg]   pool_hidden=256
[cfg]   patch_bce=false
[cfg] ── loss lambdas ──
[cfg]   lambda_image_bce=1
[cfg]   lambda_contrastive=2
[cfg]   lambda_patch_bce=1
[cfg]   patch_pos_weight=10
[cfg] ── data / sampling ──
[cfg]   splice_mix=None
[cfg]   casia_train=true
[cfg]   imd_val_only=true
[cfg] ── augmentation ──
[cfg]   train_crop_min=0.18
[cfg]   train_crop_max=1
[cfg]   train_crop_ratio_min=0.6
[cfg]   train_crop_ratio_max=1.7
[cfg]   use_splice_degradation=false
[cfg]   use_real_degradation=None
[cfg]   paste_frac=0.5
[cfg]   noise_prob=0.8
[cfg]   jpeg_prob=0.55
[cfg]   whole_corrupt_prob=0
[cfg]   oracle_crop=false
[cfg] ── recipe / tgif-finetune ──
[cfg]   recipe=standard
[cfg]   init_checkpoint=None
[cfg]   eval_per_cell=500
[cfg]   val_per_cell=100
[cfg]   imd_max_items=None
[cfg]   val_zoom=false
[cfg]   val_zoom_pad_frac=None
[cfg]   val_zoom_min_area=0
[cfg]   tgif_val_models=('flux1dev',)
[cfg]   tgif_types=None
[cfg]   tgif_eval_decoders=('kmeans', 'hdbscan')
[cfg]   primary_surface=imd
[cfg] ── hardware ──
[cfg]   device=cuda:0
[cfg]   use_amp=true
[cfg]   amp_dtype=fp16
[cfg]   world_size=1
[cfg]   rank=0
[cfg]   gpu_name=NVIDIA GeForce RTX 2080 Ti
[cfg]   compute_cap=7.5

Loading weights:   0%|          | 0/615 [00:00<?, ?it/s]
Loading weights: 100%|██████████| 615/615 [00:00<00:00, 8650.51it/s]
trainable params: 23,592,960 || all params: 864,185,600 || trainable%: 2.7301
/home/fri-team-4/fri-team4/DINO_SCOPE_final/experiments/scripts/train.py:364: FutureWarning: `torch.cuda.amp.GradScaler(args...)` is deprecated. Please use `torch.amp.GradScaler('cuda', args...)` instead.
  scaler    = torch.cuda.amp.GradScaler(enabled=cfg.use_amp)
[data] Indexing IMD2020: /media/ssd/DINO_SCOPE_DATA/IMD2020
[data] imd2020 train kept=2189 dropped=21/2210 reasons=mask_area_too_small:21
[data] imd2020 val kept=212 dropped=2/214 reasons=mask_area_too_small:2
[data] IMD2020: train=2189 val=212 real_cases=414 splices=2010 skipped_unmasked=0
[data] Indexing CASIA: /media/ssd/DINO_SCOPE_DATA/casia
[data] casia train kept=4423 dropped=21/4444 reasons=mask_area_too_small:21
[data] casia val kept=56 dropped=0/56
[data] CASIA: train=4423 val=56 triplets=2810 discarded=560 malformed=0
[data] Indexing inpaint (coco_inpaint): /media/ssd/DINO_SCOPE_DATA/INPAINT_COCO/content/inpaint_coco/images
[data] coco_inpaint train kept=2265 dropped=3/2268 reasons=mask_area_too_large:3
[data] coco_inpaint val kept=252 dropped=0/252
[data] inpaint coco_inpaint: train=2265 val=252 triplets=1260 unmatched_mods=0
[data] Indexing inpaint (sagid): /media/ssd/DINO_SCOPE_DATA/SAGI_D
[data] sagid train kept=3046 dropped=0/3046
[data] sagid val kept=338 dropped=0/338
[data] inpaint sagid: train=3046 val=338 triplets=1692 unmatched_mods=0
[data] Indexing tgif2 (341 coco_ids): /media/ssd/DINO_SCOPE_DATA/content/flux_originals/tgif2_index.json
[data] tgif2 train kept=16653 dropped=232/16885 reasons=image_corrupt:1,image_degenerate:231
[data] tgif2 val kept=1206 dropped=28/1234 reasons=image_degenerate:28
[data] tgif2: train=16653 val=1206 coco_ids=341 train_frac=0.0 max_per_cell=None eval_per_cell=100
[data] tgif2 → val: 434 items (34 real) models=['flux1dev'] per_cell=100 cells=['flux1dev|fr|random', 'flux1dev|fr|semantic', 'flux1dev|sp|random', 'flux1dev|sp|semantic']
[data] train epoch capped at 3000/9734 samples
[train] LR warmup=375 steps (~1.00 ep) → cosine over 3375 steps eta_min=1.00e-05
[train] epoch=0 step=20 loss=1.4919 bce=0.6905 cont=0.4007 lr=7.28e-06
[train] epoch=0 step=40 loss=1.5062 bce=0.6909 cont=0.4077 lr=1.26e-05
[train] epoch=0 step=60 loss=1.5059 bce=0.6905 cont=0.4077 lr=1.78e-05
[train] epoch=0 step=80 loss=1.5072 bce=0.6904 cont=0.4084 lr=2.31e-05
[train] epoch=0 step=100 loss=1.5046 bce=0.6907 cont=0.4069 lr=2.84e-05
[train] epoch=0 step=120 loss=1.4997 bce=0.6916 cont=0.4041 lr=3.37e-05
[train] epoch=0 step=140 loss=1.5025 bce=0.6917 cont=0.4054 lr=3.90e-05
[train] epoch=0 step=160 loss=1.4957 bce=0.6912 cont=0.4022 lr=4.42e-05
[train] epoch=0 step=180 loss=1.4941 bce=0.6915 cont=0.4013 lr=4.95e-05
[train] epoch=0 step=200 loss=1.4945 bce=0.6913 cont=0.4016 lr=5.48e-05
[train] epoch=0 step=220 loss=1.4956 bce=0.6914 cont=0.4021 lr=6.01e-05
[train] epoch=0 step=240 loss=1.4851 bce=0.6909 cont=0.3971 lr=6.54e-05
[train] epoch=0 step=260 loss=1.4837 bce=0.6906 cont=0.3966 lr=7.06e-05
[train] epoch=0 step=280 loss=1.4791 bce=0.6903 cont=0.3944 lr=7.59e-05
[train] epoch=0 step=300 loss=1.4759 bce=0.6890 cont=0.3934 lr=8.12e-05
[train] epoch=0 step=320 loss=1.4716 bce=0.6876 cont=0.3920 lr=8.65e-05
[train] epoch=0 step=340 loss=1.4606 bce=0.6854 cont=0.3876 lr=9.18e-05
[train] epoch=0 step=360 loss=1.4670 bce=0.6848 cont=0.3911 lr=9.70e-05
[train] epoch=0 step=380 loss=1.4611 bce=0.6806 cont=0.3903 lr=1.02e-04
[train] epoch=0 step=400 loss=1.4500 bce=0.6759 cont=0.3871 lr=1.08e-04
[train] epoch=0 step=420 loss=1.4425 bce=0.6670 cont=0.3877 lr=1.13e-04
[train] epoch=0 step=440 loss=1.4256 bce=0.6524 cont=0.3866 lr=1.18e-04
[train] epoch=0 step=460 loss=1.4085 bce=0.6357 cont=0.3864 lr=1.23e-04
[train] epoch=0 step=480 loss=1.3861 bce=0.6173 cont=0.3844 lr=1.29e-04
[train] epoch=0 step=500 loss=1.3750 bce=0.6042 cont=0.3854 lr=1.34e-04
[train] epoch=0 step=520 loss=1.3572 bce=0.5894 cont=0.3839 lr=1.39e-04
[train] epoch=0 step=540 loss=1.3461 bce=0.5774 cont=0.3843 lr=1.45e-04
[train] epoch=0 step=560 loss=1.3338 bce=0.5668 cont=0.3835 lr=1.50e-04
[train] epoch=0 step=580 loss=1.3177 bce=0.5562 cont=0.3807 lr=1.55e-04
[train] epoch=0 step=600 loss=1.3120 bce=0.5499 cont=0.3811 lr=1.60e-04
[train] epoch=0 step=620 loss=1.2945 bce=0.5363 cont=0.3791 lr=1.66e-04
[train] epoch=0 step=640 loss=1.2828 bce=0.5288 cont=0.3770 lr=1.71e-04
[train] epoch=0 step=660 loss=1.2727 bce=0.5205 cont=0.3761 lr=1.76e-04
[train] epoch=0 step=680 loss=1.2597 bce=0.5092 cont=0.3752 lr=1.82e-04
[train] epoch=0 step=700 loss=1.2543 bce=0.5037 cont=0.3753 lr=1.87e-04
[train] epoch=0 step=720 loss=1.2422 bce=0.4970 cont=0.3726 lr=1.92e-04
[train] epoch=0 step=740 loss=1.2315 bce=0.4861 cont=0.3727 lr=1.97e-04
[train] epoch=0 loss=1.2277 bce=0.4834 cont=0.3722 patch=0.0000
[eval] ─── summary: n_splice=894 n_real=398 ───
[eval] image_auc: 0.8292
[eval] splices (all):
[eval] all         f1: n= 894  med=0.3950  mean=0.4435±0.3474  [p25=0.0828, p75=0.7950]
[eval] all        iou: n= 894  med=0.2461  mean=0.3561±0.3226  [p25=0.0432, p75=0.6598]
[eval] all  precision: n= 894  med=0.3072  mean=0.4259±0.3794  [p25=0.0438, p75=0.8448]
[eval] all     recall: n= 894  med=0.8845  mean=0.7311±0.3142  [p25=0.5739, p75=0.9742]
[eval] splices bucket=tiny (n=310):
[eval] bucket=tiny         f1: n= 310  med=0.0745  mean=0.1996±0.2622  [p25=0.0338, p75=0.1994]
[eval] bucket=tiny        iou: n= 310  med=0.0387  mean=0.1426±0.2198  [p25=0.0172, p75=0.1108]
[eval] bucket=tiny  precision: n= 310  med=0.0387  mean=0.1541±0.2463  [p25=0.0172, p75=0.1108]
[eval] bucket=tiny     recall: n= 310  med=0.9222  mean=0.7758±0.3171  [p25=0.7179, p75=1.0000]
[eval] splices bucket=small (n=310):
[eval] bucket=small         f1: n= 310  med=0.4078  mean=0.4643±0.3184  [p25=0.1987, p75=0.7781]
[eval] bucket=small        iou: n= 310  med=0.2561  mean=0.3628±0.2955  [p25=0.1103, p75=0.6368]
[eval] bucket=small  precision: n= 310  med=0.3032  mean=0.4180±0.3449  [p25=0.1113, p75=0.8046]
[eval] bucket=small     recall: n= 310  med=0.8477  mean=0.7037±0.3359  [p25=0.5493, p75=0.9622]
[eval] splices bucket=medium (n=174):
[eval] bucket=medium         f1: n= 174  med=0.6960  mean=0.6423±0.2804  [p25=0.4802, p75=0.9023]
[eval] bucket=medium        iou: n= 174  med=0.5338  mean=0.5324±0.2917  [p25=0.3161, p75=0.8221]
[eval] bucket=medium  precision: n= 174  med=0.8268  mean=0.6875±0.3142  [p25=0.4580, p75=0.9542]
[eval] bucket=medium     recall: n= 174  med=0.7447  mean=0.6734±0.2925  [p25=0.4414, p75=0.9335]
[eval] splices bucket=large (n=100):
[eval] bucket=large         f1: n= 100  med=0.8456  mean=0.7897±0.2017  [p25=0.6975, p75=0.9431]
[eval] bucket=large        iou: n= 100  med=0.7324  mean=0.6905±0.2335  [p25=0.5355, p75=0.8922]
[eval] bucket=large  precision: n= 100  med=0.9121  mean=0.8376±0.2013  [p25=0.7714, p75=0.9829]
[eval] bucket=large     recall: n= 100  med=0.8741  mean=0.7783±0.2357  [p25=0.6525, p75=0.9699]
[eval] reals accuracy: n= 398  med=0.5125  mean=0.5227±0.2230  [p25=0.3517, p75=0.7105]
[eval] source=casia: n_splice=28 n_real=28
[eval] source=casia         f1: n=  28  med=0.7408  mean=0.5146±0.4070  [p25=0.0438, p75=0.9054]
[eval] source=casia        iou: n=  28  med=0.5883  mean=0.4498±0.3793  [p25=0.0224, p75=0.8271]
[eval] source=casia  precision: n=  28  med=0.7023  mean=0.4917±0.4041  [p25=0.0276, p75=0.8748]
[eval] source=casia     recall: n=  28  med=0.9416  mean=0.7532±0.3582  [p25=0.7881, p75=0.9847]
[eval] source=coco_inpaint: n_splice=126 n_real=126
[eval] source=coco_inpaint         f1: n= 126  med=0.6584  mean=0.6060±0.2324  [p25=0.4997, p75=0.7937]
[eval] source=coco_inpaint        iou: n= 126  med=0.4907  mean=0.4719±0.2262  [p25=0.3331, p75=0.6580]
[eval] source=coco_inpaint  precision: n= 126  med=0.6848  mean=0.6289±0.3006  [p25=0.4180, p75=0.8913]
[eval] source=coco_inpaint     recall: n= 126  med=0.7592  mean=0.7277±0.2233  [p25=0.5915, p75=0.9245]
[eval] source=imd2020: n_splice=171 n_real=41
[eval] source=imd2020         f1: n= 171  med=0.6029  mean=0.5158±0.3275  [p25=0.1802, p75=0.8142]
[eval] source=imd2020        iou: n= 171  med=0.4315  mean=0.4137±0.3033  [p25=0.0990, p75=0.6866]
[eval] source=imd2020  precision: n= 171  med=0.4725  mean=0.4495±0.3320  [p25=0.1046, p75=0.7624]
[eval] source=imd2020     recall: n= 171  med=0.9329  mean=0.8434±0.2358  [p25=0.8288, p75=0.9771]
[eval] source=sagid: n_splice=169 n_real=169
[eval] source=sagid         f1: n= 169  med=0.8737  mean=0.7771±0.2353  [p25=0.7139, p75=0.9378]
[eval] source=sagid        iou: n= 169  med=0.7757  mean=0.6848±0.2606  [p25=0.5551, p75=0.8829]
[eval] source=sagid  precision: n= 169  med=0.9043  mean=0.7827±0.2691  [p25=0.7494, p75=0.9654]
[eval] source=sagid     recall: n= 169  med=0.9244  mean=0.8577±0.1754  [p25=0.8037, p75=0.9726]
[eval] source=tgif2: n_splice=400 n_real=34
[eval] source=tgif2         f1: n= 400  med=0.1179  mean=0.2156±0.2491  [p25=0.0332, p75=0.3232]
[eval] source=tgif2        iou: n= 400  med=0.0626  mean=0.1496±0.2095  [p25=0.0169, p75=0.1928]
[eval] source=tgif2  precision: n= 400  med=0.0665  mean=0.1964±0.2901  [p25=0.0178, p75=0.2358]
[eval] source=tgif2     recall: n= 400  med=0.7914  mean=0.6292±0.3696  [p25=0.2584, p75=0.9927]
[eval] ─── by subgroup (4 cells) ───
[eval] subgroup=flux1dev|fr|random (n_splice=100 n_real=0):
[eval] subgroup=flux1dev|fr|random         f1: n= 100  med=0.1038  mean=0.1900±0.2027  [p25=0.0327, p75=0.3154]
[eval] subgroup=flux1dev|fr|random        iou: n= 100  med=0.0548  mean=0.1221±0.1561  [p25=0.0166, p75=0.1872]
[eval] subgroup=flux1dev|fr|random  precision: n= 100  med=0.0560  mean=0.1708±0.2420  [p25=0.0218, p75=0.2340]
[eval] subgroup=flux1dev|fr|random     recall: n= 100  med=0.4075  mean=0.5108±0.3764  [p25=0.1717, p75=0.9368]
[eval] subgroup=flux1dev|fr|semantic (n_splice=100 n_real=0):
[eval] subgroup=flux1dev|fr|semantic         f1: n= 100  med=0.1279  mean=0.2089±0.2249  [p25=0.0330, p75=0.3386]
[eval] subgroup=flux1dev|fr|semantic        iou: n= 100  med=0.0683  mean=0.1382±0.1742  [p25=0.0168, p75=0.2038]
[eval] subgroup=flux1dev|fr|semantic  precision: n= 100  med=0.0695  mean=0.1696±0.2466  [p25=0.0168, p75=0.2135]
[eval] subgroup=flux1dev|fr|semantic     recall: n= 100  med=0.8910  mean=0.7224±0.3413  [p25=0.5512, p75=0.9996]
[eval] subgroup=flux1dev|sp|random (n_splice=100 n_real=0):
[eval] subgroup=flux1dev|sp|random         f1: n= 100  med=0.1320  mean=0.2676±0.3027  [p25=0.0427, p75=0.3793]
[eval] subgroup=flux1dev|sp|random        iou: n= 100  med=0.0706  mean=0.2012±0.2708  [p25=0.0218, p75=0.2340]
[eval] subgroup=flux1dev|sp|random  precision: n= 100  med=0.0748  mean=0.2758±0.3599  [p25=0.0233, p75=0.3410]
[eval] subgroup=flux1dev|sp|random     recall: n= 100  med=0.6336  mean=0.5582±0.3741  [p25=0.1705, p75=0.9192]
[eval] subgroup=flux1dev|sp|semantic (n_splice=100 n_real=0):
[eval] subgroup=flux1dev|sp|semantic         f1: n= 100  med=0.0969  mean=0.1958±0.2474  [p25=0.0333, p75=0.2284]
[eval] subgroup=flux1dev|sp|semantic        iou: n= 100  med=0.0509  mean=0.1368±0.2092  [p25=0.0169, p75=0.1290]
[eval] subgroup=flux1dev|sp|semantic  precision: n= 100  med=0.0511  mean=0.1695±0.2814  [p25=0.0171, p75=0.1348]
[eval] subgroup=flux1dev|sp|semantic     recall: n= 100  med=0.8917  mean=0.7256±0.3337  [p25=0.5014, p75=0.9991]
[eval]   casia image_auc=0.9222 (n=56)
[eval]   coco_inpaint image_auc=0.9939 (n=252)
[eval]   imd2020 image_auc=0.9658 (n=212)
[eval]   sagid image_auc=0.9929 (n=338)
[eval]   tgif2 image_auc=0.6011 (n=434)
[eval] epoch=0 val_f1_mean=0.4435
[ckpt] saved epoch=0 → /media/ssd/runs/ablation/res_sweep/res_496/epoch_0000.pt
[ckpt] best model saved  val_f1_mean=0.4435
[train] epoch=1 step=20 loss=0.8817 bce=0.1957 cont=0.3430 lr=2.00e-04
[train] epoch=1 step=40 loss=0.8612 bce=0.2054 cont=0.3279 lr=2.00e-04
[train] epoch=1 step=60 loss=0.7809 bce=0.1778 cont=0.3016 lr=2.00e-04
[train] epoch=1 step=80 loss=0.7873 bce=0.1785 cont=0.3044 lr=2.00e-04
[train] epoch=1 step=100 loss=0.8629 bce=0.2298 cont=0.3165 lr=2.00e-04
[train] epoch=1 step=120 loss=0.8761 bce=0.2142 cont=0.3309 lr=2.00e-04
[train] epoch=1 step=140 loss=0.8570 bce=0.2120 cont=0.3225 lr=2.00e-04
[train] epoch=1 step=160 loss=0.8716 bce=0.2158 cont=0.3279 lr=2.00e-04
[train] epoch=1 step=180 loss=0.8478 bce=0.2102 cont=0.3188 lr=2.00e-04
[train] epoch=1 step=200 loss=0.8342 bce=0.2043 cont=0.3149 lr=2.00e-04
[train] epoch=1 step=220 loss=0.8569 bce=0.2136 cont=0.3216 lr=2.00e-04
[train] epoch=1 step=240 loss=0.8655 bce=0.2117 cont=0.3269 lr=1.99e-04
[train] epoch=1 step=260 loss=0.8632 bce=0.2106 cont=0.3263 lr=1.99e-04
[train] epoch=1 step=280 loss=0.8611 bce=0.2052 cont=0.3279 lr=1.99e-04
[train] epoch=1 step=300 loss=0.8595 bce=0.2054 cont=0.3270 lr=1.99e-04
[train] epoch=1 step=320 loss=0.8500 bce=0.2009 cont=0.3246 lr=1.99e-04
[train] epoch=1 step=340 loss=0.8537 bce=0.2007 cont=0.3265 lr=1.99e-04
[train] epoch=1 step=360 loss=0.8582 bce=0.2042 cont=0.3270 lr=1.99e-04
[train] epoch=1 step=380 loss=0.8507 bce=0.1985 cont=0.3261 lr=1.99e-04
[train] epoch=1 step=400 loss=0.8399 bce=0.1943 cont=0.3228 lr=1.98e-04
[train] epoch=1 step=420 loss=0.8424 bce=0.1942 cont=0.3241 lr=1.98e-04
[train] epoch=1 step=440 loss=0.8346 bce=0.1895 cont=0.3226 lr=1.98e-04
[train] epoch=1 step=460 loss=0.8354 bce=0.1882 cont=0.3236 lr=1.98e-04
[train] epoch=1 step=480 loss=0.8225 bce=0.1817 cont=0.3204 lr=1.98e-04
[train] epoch=1 step=500 loss=0.8215 bce=0.1797 cont=0.3209 lr=1.97e-04
[train] epoch=1 step=520 loss=0.8175 bce=0.1784 cont=0.3196 lr=1.97e-04
[train] epoch=1 step=540 loss=0.8132 bce=0.1783 cont=0.3174 lr=1.97e-04
[train] epoch=1 step=560 loss=0.8063 bce=0.1740 cont=0.3161 lr=1.97e-04
[train] epoch=1 step=580 loss=0.8060 bce=0.1718 cont=0.3171 lr=1.97e-04
[train] epoch=1 step=600 loss=0.8103 bce=0.1730 cont=0.3187 lr=1.96e-04
[train] epoch=1 step=620 loss=0.8099 bce=0.1748 cont=0.3176 lr=1.96e-04
[train] epoch=1 step=640 loss=0.8048 bce=0.1716 cont=0.3166 lr=1.96e-04
[train] epoch=1 step=660 loss=0.8031 bce=0.1710 cont=0.3161 lr=1.96e-04
[train] epoch=1 step=680 loss=0.8018 bce=0.1679 cont=0.3169 lr=1.95e-04
[train] epoch=1 step=700 loss=0.8004 bce=0.1676 cont=0.3164 lr=1.95e-04
[train] epoch=1 step=720 loss=0.7976 bce=0.1663 cont=0.3157 lr=1.95e-04
[train] epoch=1 step=740 loss=0.7974 bce=0.1654 cont=0.3160 lr=1.94e-04
[train] epoch=1 loss=0.7957 bce=0.1646 cont=0.3156 patch=0.0000
[eval] ─── summary: n_splice=894 n_real=398 ───
[eval] image_auc: 0.8196
[eval] splices (all):
[eval] all         f1: n= 894  med=0.3885  mean=0.4340±0.3596  [p25=0.0607, p75=0.8007]
[eval] all        iou: n= 894  med=0.2410  mean=0.3527±0.3328  [p25=0.0313, p75=0.6677]
[eval] all  precision: n= 894  med=0.2481  mean=0.3934±0.3710  [p25=0.0324, p75=0.7974]
[eval] all     recall: n= 894  med=0.9329  mean=0.7614±0.3268  [p25=0.6690, p75=0.9922]
[eval] splices bucket=tiny (n=310):
[eval] bucket=tiny         f1: n= 310  med=0.0569  mean=0.1573±0.2396  [p25=0.0214, p75=0.1305]
[eval] bucket=tiny        iou: n= 310  med=0.0293  mean=0.1114±0.2019  [p25=0.0108, p75=0.0698]
[eval] bucket=tiny  precision: n= 310  med=0.0294  mean=0.1185±0.2224  [p25=0.0110, p75=0.0698]
[eval] bucket=tiny     recall: n= 310  med=0.9706  mean=0.7603±0.3575  [p25=0.6716, p75=1.0000]
[eval] splices bucket=small (n=310):
[eval] bucket=small         f1: n= 310  med=0.4103  mean=0.4572±0.3236  [p25=0.1994, p75=0.7864]
[eval] bucket=small        iou: n= 310  med=0.2581  mean=0.3585±0.3000  [p25=0.1107, p75=0.6480]
[eval] bucket=small  precision: n= 310  med=0.2590  mean=0.3930±0.3349  [p25=0.1116, p75=0.7664]
[eval] bucket=small     recall: n= 310  med=0.9176  mean=0.7361±0.3459  [p25=0.6181, p75=0.9826]
[eval] splices bucket=medium (n=174):
[eval] bucket=medium         f1: n= 174  med=0.7507  mean=0.6564±0.2888  [p25=0.4922, p75=0.9013]
[eval] bucket=medium        iou: n= 174  med=0.6008  mean=0.5508±0.2945  [p25=0.3265, p75=0.8204]
[eval] bucket=medium  precision: n= 174  med=0.7491  mean=0.6269±0.3161  [p25=0.3585, p75=0.9098]
[eval] bucket=medium     recall: n= 174  med=0.9059  mean=0.7578±0.2874  [p25=0.6225, p75=0.9762]
[eval] splices bucket=large (n=100):
[eval] bucket=large         f1: n= 100  med=0.8599  mean=0.8331±0.1541  [p25=0.7665, p75=0.9580]
[eval] bucket=large        iou: n= 100  med=0.7542  mean=0.7383±0.1897  [p25=0.6214, p75=0.9193]
[eval] bucket=large  precision: n= 100  med=0.8814  mean=0.8402±0.1644  [p25=0.7631, p75=0.9644]
[eval] bucket=large     recall: n= 100  med=0.9455  mean=0.8489±0.1859  [p25=0.7503, p75=0.9842]
[eval] reals accuracy: n= 398  med=0.5062  mean=0.5077±0.1714  [p25=0.3952, p75=0.6137]
[eval] source=casia: n_splice=28 n_real=28
[eval] source=casia         f1: n=  28  med=0.8118  mean=0.5428±0.4156  [p25=0.0585, p75=0.9301]
[eval] source=casia        iou: n=  28  med=0.6833  mean=0.4852±0.3969  [p25=0.0301, p75=0.8694]
[eval] source=casia  precision: n=  28  med=0.7640  mean=0.5142±0.4161  [p25=0.0303, p75=0.8988]
[eval] source=casia     recall: n=  28  med=0.9635  mean=0.8756±0.2534  [p25=0.9040, p75=0.9933]
[eval] source=coco_inpaint: n_splice=126 n_real=126
[eval] source=coco_inpaint         f1: n= 126  med=0.6990  mean=0.6287±0.2330  [p25=0.5512, p75=0.7934]
[eval] source=coco_inpaint        iou: n= 126  med=0.5373  mean=0.4959±0.2236  [p25=0.3805, p75=0.6576]
[eval] source=coco_inpaint  precision: n= 126  med=0.5895  mean=0.5777±0.2764  [p25=0.4006, p75=0.8028]
[eval] source=coco_inpaint     recall: n= 126  med=0.8861  mean=0.8175±0.2036  [p25=0.7064, p75=0.9820]
[eval] source=imd2020: n_splice=171 n_real=41
[eval] source=imd2020         f1: n= 171  med=0.4538  mean=0.4521±0.3483  [p25=0.0792, p75=0.7923]
[eval] source=imd2020        iou: n= 171  med=0.2935  mean=0.3629±0.3183  [p25=0.0412, p75=0.6560]
[eval] source=imd2020  precision: n= 171  med=0.3008  mean=0.3964±0.3510  [p25=0.0413, p75=0.7520]
[eval] source=imd2020     recall: n= 171  med=0.9317  mean=0.8035±0.3031  [p25=0.8212, p75=0.9867]
[eval] source=sagid: n_splice=169 n_real=169
[eval] source=sagid         f1: n= 169  med=0.8720  mean=0.7694±0.2598  [p25=0.7313, p75=0.9496]
[eval] source=sagid        iou: n= 169  med=0.7730  mean=0.6827±0.2766  [p25=0.5764, p75=0.9040]
[eval] source=sagid  precision: n= 169  med=0.8397  mean=0.7408±0.2821  [p25=0.6885, p75=0.9503]
[eval] source=sagid     recall: n= 169  med=0.9655  mean=0.8809±0.2053  [p25=0.8752, p75=0.9858]
[eval] source=tgif2: n_splice=400 n_real=34
[eval] source=tgif2         f1: n= 400  med=0.0915  mean=0.2157±0.2670  [p25=0.0246, p75=0.2814]
[eval] source=tgif2        iou: n= 400  med=0.0479  mean=0.1546±0.2283  [p25=0.0125, p75=0.1638]
[eval] source=tgif2  precision: n= 400  med=0.0543  mean=0.1787±0.2764  [p25=0.0141, p75=0.1698]
[eval] source=tgif2     recall: n= 400  med=0.8804  mean=0.6671±0.3828  [p25=0.2479, p75=1.0000]
[eval] ─── by subgroup (4 cells) ───
[eval] subgroup=flux1dev|fr|random (n_splice=100 n_real=0):
[eval] subgroup=flux1dev|fr|random         f1: n= 100  med=0.1046  mean=0.1855±0.2295  [p25=0.0100, p75=0.2797]
[eval] subgroup=flux1dev|fr|random        iou: n= 100  med=0.0552  mean=0.1252±0.1850  [p25=0.0050, p75=0.1626]
[eval] subgroup=flux1dev|fr|random  precision: n= 100  med=0.0552  mean=0.1485±0.2326  [p25=0.0060, p75=0.1696]
[eval] subgroup=flux1dev|fr|random     recall: n= 100  med=0.5047  mean=0.5268±0.4156  [p25=0.0641, p75=0.9801]
[eval] subgroup=flux1dev|fr|semantic (n_splice=100 n_real=0):
[eval] subgroup=flux1dev|fr|semantic         f1: n= 100  med=0.0869  mean=0.2134±0.2550  [p25=0.0308, p75=0.2807]
[eval] subgroup=flux1dev|fr|semantic        iou: n= 100  med=0.0454  mean=0.1492±0.2108  [p25=0.0157, p75=0.1632]
[eval] subgroup=flux1dev|fr|semantic  precision: n= 100  med=0.0473  mean=0.1748±0.2708  [p25=0.0157, p75=0.1633]
[eval] subgroup=flux1dev|fr|semantic     recall: n= 100  med=0.9676  mean=0.7894±0.3082  [p25=0.6800, p75=1.0000]
[eval] subgroup=flux1dev|sp|random (n_splice=100 n_real=0):
[eval] subgroup=flux1dev|sp|random         f1: n= 100  med=0.1298  mean=0.2907±0.3294  [p25=0.0397, p75=0.5381]
[eval] subgroup=flux1dev|sp|random        iou: n= 100  med=0.0694  mean=0.2269±0.2977  [p25=0.0203, p75=0.3682]
[eval] subgroup=flux1dev|sp|random  precision: n= 100  med=0.0694  mean=0.2613±0.3452  [p25=0.0222, p75=0.4043]
[eval] subgroup=flux1dev|sp|random     recall: n= 100  med=0.7472  mean=0.6028±0.3956  [p25=0.1861, p75=0.9763]
[eval] subgroup=flux1dev|sp|semantic (n_splice=100 n_real=0):
[eval] subgroup=flux1dev|sp|semantic         f1: n= 100  med=0.0678  mean=0.1732±0.2248  [p25=0.0246, p75=0.2400]
[eval] subgroup=flux1dev|sp|semantic        iou: n= 100  med=0.0351  mean=0.1171±0.1833  [p25=0.0125, p75=0.1364]
[eval] subgroup=flux1dev|sp|semantic  precision: n= 100  med=0.0352  mean=0.1304±0.2210  [p25=0.0125, p75=0.1387]
[eval] subgroup=flux1dev|sp|semantic     recall: n= 100  med=0.9342  mean=0.7494±0.3410  [p25=0.6355, p75=1.0000]
[eval]   casia image_auc=0.9464 (n=56)
[eval]   coco_inpaint image_auc=0.9902 (n=252)
[eval]   imd2020 image_auc=0.9619 (n=212)
[eval]   sagid image_auc=0.9884 (n=338)
[eval]   tgif2 image_auc=0.6540 (n=434)
[eval] epoch=1 val_f1_mean=0.4340
[ckpt] saved epoch=1 → /media/ssd/runs/ablation/res_sweep/res_496/epoch_0001.pt
[ckpt] no improvement (epoch 1 < min_epochs=5); patience held at 2  best=0.4435
[train] epoch=2 step=20 loss=0.7774 bce=0.1258 cont=0.3258 lr=1.94e-04
[train] epoch=2 step=40 loss=0.7450 bce=0.1444 cont=0.3003 lr=1.94e-04
[train] epoch=2 step=60 loss=0.6706 bce=0.1059 cont=0.2824 lr=1.93e-04
[train] epoch=2 step=80 loss=0.6965 bce=0.1197 cont=0.2884 lr=1.93e-04
[train] epoch=2 step=100 loss=0.7191 bce=0.1322 cont=0.2934 lr=1.93e-04
[train] epoch=2 step=120 loss=0.7251 bce=0.1347 cont=0.2952 lr=1.92e-04
[train] epoch=2 step=140 loss=0.7244 bce=0.1437 cont=0.2904 lr=1.92e-04
[train] epoch=2 step=160 loss=0.7501 bce=0.1528 cont=0.2987 lr=1.92e-04
[train] epoch=2 step=180 loss=0.7427 bce=0.1492 cont=0.2967 lr=1.91e-04
[train] epoch=2 step=200 loss=0.7264 bce=0.1453 cont=0.2906 lr=1.91e-04
[train] epoch=2 step=220 loss=0.7418 bce=0.1571 cont=0.2923 lr=1.90e-04
[train] epoch=2 step=240 loss=0.7563 bce=0.1692 cont=0.2936 lr=1.90e-04
[train] epoch=2 step=260 loss=0.7631 bce=0.1711 cont=0.2960 lr=1.90e-04
[train] epoch=2 step=280 loss=0.7609 bce=0.1666 cont=0.2972 lr=1.89e-04
[train] epoch=2 step=300 loss=0.7539 bce=0.1591 cont=0.2974 lr=1.89e-04
[train] epoch=2 step=320 loss=0.7445 bce=0.1520 cont=0.2963 lr=1.88e-04
[train] epoch=2 step=340 loss=0.7365 bce=0.1457 cont=0.2954 lr=1.88e-04
[train] epoch=2 step=360 loss=0.7327 bce=0.1427 cont=0.2950 lr=1.88e-04
[train] epoch=2 step=380 loss=0.7285 bce=0.1383 cont=0.2951 lr=1.87e-04
[train] epoch=2 step=400 loss=0.7274 bce=0.1421 cont=0.2927 lr=1.87e-04
[train] epoch=2 step=420 loss=0.7305 bce=0.1455 cont=0.2925 lr=1.86e-04
[train] epoch=2 step=440 loss=0.7248 bce=0.1442 cont=0.2903 lr=1.86e-04
[train] epoch=2 step=460 loss=0.7222 bce=0.1424 cont=0.2899 lr=1.85e-04
[train] epoch=2 step=480 loss=0.7227 bce=0.1441 cont=0.2893 lr=1.85e-04
[train] epoch=2 step=500 loss=0.7286 bce=0.1455 cont=0.2916 lr=1.84e-04
[train] epoch=2 step=520 loss=0.7261 bce=0.1450 cont=0.2905 lr=1.84e-04
[train] epoch=2 step=540 loss=0.7226 bce=0.1420 cont=0.2903 lr=1.83e-04
[train] epoch=2 step=560 loss=0.7227 bce=0.1425 cont=0.2901 lr=1.83e-04
[train] epoch=2 step=580 loss=0.7205 bce=0.1415 cont=0.2895 lr=1.82e-04
[train] epoch=2 step=600 loss=0.7190 bce=0.1414 cont=0.2888 lr=1.82e-04
[train] epoch=2 step=620 loss=0.7171 bce=0.1389 cont=0.2891 lr=1.81e-04
[train] epoch=2 step=640 loss=0.7145 bce=0.1402 cont=0.2872 lr=1.81e-04
[train] epoch=2 step=660 loss=0.7168 bce=0.1415 cont=0.2877 lr=1.80e-04
[train] epoch=2 step=680 loss=0.7160 bce=0.1411 cont=0.2875 lr=1.80e-04
[train] epoch=2 step=700 loss=0.7120 bce=0.1379 cont=0.2870 lr=1.79e-04
[train] epoch=2 step=720 loss=0.7088 bce=0.1382 cont=0.2853 lr=1.79e-04
[train] epoch=2 step=740 loss=0.7093 bce=0.1393 cont=0.2850 lr=1.78e-04
[train] epoch=2 loss=0.7040 bce=0.1377 cont=0.2831 patch=0.0000
[eval] ─── summary: n_splice=894 n_real=398 ───
[eval] image_auc: 0.8511
[eval] splices (all):
[eval] all         f1: n= 894  med=0.5075  mean=0.4732±0.3635  [p25=0.0720, p75=0.8367]
[eval] all        iou: n= 894  med=0.3400  mean=0.3900±0.3400  [p25=0.0373, p75=0.7193]
[eval] all  precision: n= 894  med=0.3765  mean=0.4318±0.3762  [p25=0.0390, p75=0.8320]
[eval] all     recall: n= 894  med=0.9401  mean=0.7896±0.3056  [p25=0.7409, p75=0.9876]
[eval] splices bucket=tiny (n=310):
[eval] bucket=tiny         f1: n= 310  med=0.0669  mean=0.1872±0.2642  [p25=0.0331, p75=0.1706]
[eval] bucket=tiny        iou: n= 310  med=0.0346  mean=0.1357±0.2241  [p25=0.0168, p75=0.0933]
[eval] bucket=tiny  precision: n= 310  med=0.0346  mean=0.1482±0.2550  [p25=0.0169, p75=0.0936]
[eval] bucket=tiny     recall: n= 310  med=0.9677  mean=0.7680±0.3513  [p25=0.7372, p75=1.0000]
[eval] splices bucket=small (n=310):
[eval] bucket=small         f1: n= 310  med=0.4990  mean=0.4922±0.3293  [p25=0.1987, p75=0.8206]
[eval] bucket=small        iou: n= 310  med=0.3325  mean=0.3939±0.3125  [p25=0.1103, p75=0.6958]
[eval] bucket=small  precision: n= 310  med=0.3456  mean=0.4237±0.3413  [p25=0.1109, p75=0.8047]
[eval] bucket=small     recall: n= 310  med=0.9332  mean=0.7783±0.3221  [p25=0.7532, p75=0.9838]
[eval] splices bucket=medium (n=174):
[eval] bucket=medium         f1: n= 174  med=0.8089  mean=0.7377±0.2429  [p25=0.6409, p75=0.9236]
[eval] bucket=medium        iou: n= 174  med=0.6791  mean=0.6335±0.2598  [p25=0.4717, p75=0.8580]
[eval] bucket=medium  precision: n= 174  med=0.8055  mean=0.7067±0.2683  [p25=0.5674, p75=0.9199]
[eval] bucket=medium     recall: n= 174  med=0.9245  mean=0.8141±0.2351  [p25=0.7375, p75=0.9668]
[eval] splices bucket=large (n=100):
[eval] bucket=large         f1: n= 100  med=0.8584  mean=0.8405±0.1215  [p25=0.7610, p75=0.9552]
[eval] bucket=large        iou: n= 100  med=0.7520  mean=0.7428±0.1721  [p25=0.6142, p75=0.9142]
[eval] bucket=large  precision: n= 100  med=0.8734  mean=0.8578±0.1213  [p25=0.7774, p75=0.9780]
[eval] bucket=large     recall: n= 100  med=0.9236  mean=0.8494±0.1674  [p25=0.7440, p75=0.9820]
[eval] reals accuracy: n= 398  med=0.4823  mean=0.4891±0.1411  [p25=0.3658, p75=0.5968]
[eval] source=casia: n_splice=28 n_real=28
[eval] source=casia         f1: n=  28  med=0.8281  mean=0.5569±0.4069  [p25=0.0837, p75=0.9314]
[eval] source=casia        iou: n=  28  med=0.7071  mean=0.4963±0.3934  [p25=0.0437, p75=0.8716]
[eval] source=casia  precision: n=  28  med=0.7665  mean=0.5252±0.4104  [p25=0.0438, p75=0.9028]
[eval] source=casia     recall: n=  28  med=0.9693  mean=0.9043±0.2020  [p25=0.9266, p75=0.9895]
[eval] source=coco_inpaint: n_splice=126 n_real=126
[eval] source=coco_inpaint         f1: n= 126  med=0.6989  mean=0.6462±0.2139  [p25=0.5457, p75=0.8011]
[eval] source=coco_inpaint        iou: n= 126  med=0.5372  mean=0.5101±0.2109  [p25=0.3752, p75=0.6682]
[eval] source=coco_inpaint  precision: n= 126  med=0.6205  mean=0.5847±0.2554  [p25=0.4071, p75=0.7799]
[eval] source=coco_inpaint     recall: n= 126  med=0.9073  mean=0.8392±0.1785  [p25=0.7332, p75=0.9679]
[eval] source=imd2020: n_splice=171 n_real=41
[eval] source=imd2020         f1: n= 171  med=0.5129  mean=0.4705±0.3556  [p25=0.0706, p75=0.8129]
[eval] source=imd2020        iou: n= 171  med=0.3449  mean=0.3826±0.3259  [p25=0.0366, p75=0.6848]
[eval] source=imd2020  precision: n= 171  med=0.3811  mean=0.4262±0.3656  [p25=0.0398, p75=0.7916]
[eval] source=imd2020     recall: n= 171  med=0.9223  mean=0.7941±0.2997  [p25=0.7824, p75=0.9827]
[eval] source=sagid: n_splice=169 n_real=169
[eval] source=sagid         f1: n= 169  med=0.8840  mean=0.8114±0.2060  [p25=0.7713, p75=0.9514]
[eval] source=sagid        iou: n= 169  med=0.7921  mean=0.7232±0.2377  [p25=0.6278, p75=0.9073]
[eval] source=sagid  precision: n= 169  med=0.8746  mean=0.7851±0.2369  [p25=0.7272, p75=0.9483]
[eval] source=sagid     recall: n= 169  med=0.9651  mean=0.9113±0.1320  [p25=0.9086, p75=0.9855]
[eval] source=tgif2: n_splice=400 n_real=34
[eval] source=tgif2         f1: n= 400  med=0.1097  mean=0.2711±0.3134  [p25=0.0436, p75=0.4065]
[eval] source=tgif2        iou: n= 400  med=0.0580  mean=0.2071±0.2803  [p25=0.0223, p75=0.2551]
[eval] source=tgif2  precision: n= 400  med=0.0583  mean=0.2303±0.3189  [p25=0.0238, p75=0.2944]
[eval] source=tgif2     recall: n= 400  med=0.9245  mean=0.7127±0.3691  [p25=0.4696, p75=1.0000]
[eval] ─── by subgroup (4 cells) ───
[eval] subgroup=flux1dev|fr|random (n_splice=100 n_real=0):
[eval] subgroup=flux1dev|fr|random         f1: n= 100  med=0.1099  mean=0.2903±0.3224  [p25=0.0467, p75=0.5820]
[eval] subgroup=flux1dev|fr|random        iou: n= 100  med=0.0582  mean=0.2232±0.2862  [p25=0.0239, p75=0.4104]
[eval] subgroup=flux1dev|fr|random  precision: n= 100  med=0.0582  mean=0.2567±0.3343  [p25=0.0278, p75=0.4222]
[eval] subgroup=flux1dev|fr|random     recall: n= 100  med=0.7911  mean=0.6216±0.3935  [p25=0.1864, p75=0.9917]
[eval] subgroup=flux1dev|fr|semantic (n_splice=100 n_real=0):
[eval] subgroup=flux1dev|fr|semantic         f1: n= 100  med=0.0899  mean=0.2050±0.2611  [p25=0.0331, p75=0.2537]
[eval] subgroup=flux1dev|fr|semantic        iou: n= 100  med=0.0471  mean=0.1464±0.2236  [p25=0.0168, p75=0.1453]
[eval] subgroup=flux1dev|fr|semantic  precision: n= 100  med=0.0471  mean=0.1576±0.2472  [p25=0.0170, p75=0.1460]
[eval] subgroup=flux1dev|fr|semantic     recall: n= 100  med=0.9437  mean=0.7245±0.3698  [p25=0.5562, p75=1.0000]
[eval] subgroup=flux1dev|sp|random (n_splice=100 n_real=0):
[eval] subgroup=flux1dev|sp|random         f1: n= 100  med=0.2343  mean=0.4007±0.3625  [p25=0.0660, p75=0.7922]
[eval] subgroup=flux1dev|sp|random        iou: n= 100  med=0.1327  mean=0.3260±0.3360  [p25=0.0341, p75=0.6559]
[eval] subgroup=flux1dev|sp|random  precision: n= 100  med=0.1340  mean=0.3605±0.3770  [p25=0.0341, p75=0.7949]
[eval] subgroup=flux1dev|sp|random     recall: n= 100  med=0.9117  mean=0.7429±0.3428  [p25=0.5892, p75=0.9792]
[eval] subgroup=flux1dev|sp|semantic (n_splice=100 n_real=0):
[eval] subgroup=flux1dev|sp|semantic         f1: n= 100  med=0.0975  mean=0.1884±0.2472  [p25=0.0349, p75=0.2049]
[eval] subgroup=flux1dev|sp|semantic        iou: n= 100  med=0.0513  mean=0.1329±0.2144  [p25=0.0177, p75=0.1142]
[eval] subgroup=flux1dev|sp|semantic  precision: n= 100  med=0.0515  mean=0.1463±0.2489  [p25=0.0177, p75=0.1145]
[eval] subgroup=flux1dev|sp|semantic     recall: n= 100  med=0.9661  mean=0.7616±0.3521  [p25=0.6234, p75=1.0000]
[eval]   casia image_auc=0.9337 (n=56)
[eval]   coco_inpaint image_auc=0.9999 (n=252)
[eval]   imd2020 image_auc=0.9601 (n=212)
[eval]   sagid image_auc=0.9939 (n=338)
[eval]   tgif2 image_auc=0.7271 (n=434)
[eval] epoch=2 val_f1_mean=0.4732
[ckpt] saved epoch=2 → /media/ssd/runs/ablation/res_sweep/res_496/epoch_0002.pt
[ckpt] best model saved  val_f1_mean=0.4732
[train] epoch=3 step=20 loss=0.7431 bce=0.1514 cont=0.2958 lr=1.77e-04
[train] epoch=3 step=40 loss=0.7158 bce=0.1496 cont=0.2831 lr=1.77e-04
[train] epoch=3 step=60 loss=0.7266 bce=0.1418 cont=0.2924 lr=1.76e-04
[train] epoch=3 step=80 loss=0.6900 bce=0.1252 cont=0.2824 lr=1.75e-04
[train] epoch=3 step=100 loss=0.6886 bce=0.1203 cont=0.2841 lr=1.75e-04
[train] epoch=3 step=120 loss=0.7156 bce=0.1382 cont=0.2887 lr=1.74e-04
[train] epoch=3 step=140 loss=0.6970 bce=0.1323 cont=0.2823 lr=1.74e-04
[train] epoch=3 step=160 loss=0.7241 bce=0.1479 cont=0.2881 lr=1.73e-04
[train] epoch=3 step=180 loss=0.7235 bce=0.1480 cont=0.2877 lr=1.72e-04
[train] epoch=3 step=200 loss=0.7154 bce=0.1415 cont=0.2869 lr=1.72e-04
[train] epoch=3 step=220 loss=0.7185 bce=0.1393 cont=0.2896 lr=1.71e-04
[train] epoch=3 step=240 loss=0.7177 bce=0.1425 cont=0.2876 lr=1.71e-04
[train] epoch=3 step=260 loss=0.7116 bce=0.1435 cont=0.2840 lr=1.70e-04
[train] epoch=3 step=280 loss=0.6994 bce=0.1413 cont=0.2790 lr=1.69e-04
[train] epoch=3 step=300 loss=0.6983 bce=0.1414 cont=0.2784 lr=1.69e-04
[train] epoch=3 step=320 loss=0.7089 bce=0.1497 cont=0.2796 lr=1.68e-04
[train] epoch=3 step=340 loss=0.7191 bce=0.1567 cont=0.2812 lr=1.67e-04
[train] epoch=3 step=360 loss=0.7218 bce=0.1563 cont=0.2828 lr=1.67e-04
[train] epoch=3 step=380 loss=0.7179 bce=0.1532 cont=0.2823 lr=1.66e-04
[train] epoch=3 step=400 loss=0.7155 bce=0.1507 cont=0.2824 lr=1.65e-04
[train] epoch=3 step=420 loss=0.7145 bce=0.1495 cont=0.2825 lr=1.65e-04
[train] epoch=3 step=440 loss=0.7186 bce=0.1503 cont=0.2841 lr=1.64e-04
[train] epoch=3 step=460 loss=0.7144 bce=0.1469 cont=0.2837 lr=1.63e-04
[train] epoch=3 step=480 loss=0.7046 bce=0.1421 cont=0.2812 lr=1.62e-04
[train] epoch=3 step=500 loss=0.7088 bce=0.1460 cont=0.2814 lr=1.62e-04
[train] epoch=3 step=520 loss=0.7105 bce=0.1466 cont=0.2819 lr=1.61e-04
[train] epoch=3 step=540 loss=0.7101 bce=0.1473 cont=0.2814 lr=1.60e-04
[train] epoch=3 step=560 loss=0.7112 bce=0.1469 cont=0.2822 lr=1.60e-04
[train] epoch=3 step=580 loss=0.7106 bce=0.1456 cont=0.2825 lr=1.59e-04
[train] epoch=3 step=600 loss=0.7088 bce=0.1441 cont=0.2824 lr=1.58e-04
[train] epoch=3 step=620 loss=0.7024 bce=0.1416 cont=0.2804 lr=1.57e-04
[train] epoch=3 step=640 loss=0.6977 bce=0.1391 cont=0.2793 lr=1.57e-04
[train] epoch=3 step=660 loss=0.6967 bce=0.1386 cont=0.2790 lr=1.56e-04
[train] epoch=3 step=680 loss=0.6933 bce=0.1367 cont=0.2783 lr=1.55e-04
[train] epoch=3 step=700 loss=0.6930 bce=0.1368 cont=0.2781 lr=1.54e-04
[train] epoch=3 step=720 loss=0.6894 bce=0.1346 cont=0.2774 lr=1.54e-04
[train] epoch=3 step=740 loss=0.6865 bce=0.1334 cont=0.2766 lr=1.53e-04
[train] epoch=3 loss=0.6884 bce=0.1340 cont=0.2772 patch=0.0000
[eval] ─── summary: n_splice=894 n_real=398 ───
[eval] image_auc: 0.9032
[eval] splices (all):
[eval] all         f1: n= 894  med=0.4752  mean=0.4647±0.3683  [p25=0.0745, p75=0.8446]
[eval] all        iou: n= 894  med=0.3117  mean=0.3847±0.3455  [p25=0.0387, p75=0.7310]
[eval] all  precision: n= 894  med=0.3518  mean=0.4401±0.3918  [p25=0.0394, p75=0.8705]
[eval] all     recall: n= 894  med=0.9035  mean=0.7497±0.3165  [p25=0.6565, p75=0.9726]
[eval] splices bucket=tiny (n=310):
[eval] bucket=tiny         f1: n= 310  med=0.0693  mean=0.1515±0.2289  [p25=0.0242, p75=0.1427]
[eval] bucket=tiny        iou: n= 310  med=0.0359  mean=0.1059±0.1948  [p25=0.0123, p75=0.0769]
[eval] bucket=tiny  precision: n= 310  med=0.0368  mean=0.1145±0.2203  [p25=0.0123, p75=0.0772]
[eval] bucket=tiny     recall: n= 310  med=0.9288  mean=0.7257±0.3698  [p25=0.6064, p75=1.0000]
[eval] splices bucket=small (n=310):
[eval] bucket=small         f1: n= 310  med=0.5625  mean=0.5075±0.3428  [p25=0.2003, p75=0.8645]
[eval] bucket=small        iou: n= 310  med=0.3913  mean=0.4137±0.3241  [p25=0.1113, p75=0.7613]
[eval] bucket=small  precision: n= 310  med=0.4128  mean=0.4562±0.3596  [p25=0.1132, p75=0.8440]
[eval] bucket=small     recall: n= 310  med=0.8884  mean=0.7324±0.3295  [p25=0.6785, p75=0.9579]
[eval] splices bucket=medium (n=174):
[eval] bucket=medium         f1: n= 174  med=0.7938  mean=0.7413±0.2244  [p25=0.6280, p75=0.9323]
[eval] bucket=medium        iou: n= 174  med=0.6580  mean=0.6332±0.2522  [p25=0.4577, p75=0.8732]
[eval] bucket=medium  precision: n= 174  med=0.8636  mean=0.7341±0.2629  [p25=0.5828, p75=0.9391]
[eval] bucket=medium     recall: n= 174  med=0.8985  mean=0.7977±0.2121  [p25=0.6766, p75=0.9634]
[eval] splices bucket=large (n=100):
[eval] bucket=large         f1: n= 100  med=0.8606  mean=0.8215±0.1669  [p25=0.7280, p75=0.9658]
[eval] bucket=large        iou: n= 100  med=0.7554  mean=0.7266±0.2129  [p25=0.5724, p75=0.9338]
[eval] bucket=large  precision: n= 100  med=0.9378  mean=0.8879±0.1438  [p25=0.8474, p75=0.9804]
[eval] bucket=large     recall: n= 100  med=0.9059  mean=0.7941±0.2197  [p25=0.6392, p75=0.9752]
[eval] reals accuracy: n= 398  med=0.4995  mean=0.5100±0.1566  [p25=0.3822, p75=0.6160]
[eval] source=casia: n_splice=28 n_real=28
[eval] source=casia         f1: n=  28  med=0.8393  mean=0.5478±0.4138  [p25=0.0732, p75=0.9300]
[eval] source=casia        iou: n=  28  med=0.7232  mean=0.4903±0.3986  [p25=0.0380, p75=0.8692]
[eval] source=casia  precision: n=  28  med=0.7820  mean=0.5197±0.4159  [p25=0.0381, p75=0.9021]
[eval] source=casia     recall: n=  28  med=0.9592  mean=0.8841±0.2051  [p25=0.8748, p75=0.9883]
[eval] source=coco_inpaint: n_splice=126 n_real=126
[eval] source=coco_inpaint         f1: n= 126  med=0.6991  mean=0.6243±0.2402  [p25=0.5336, p75=0.7983]
[eval] source=coco_inpaint        iou: n= 126  med=0.5374  mean=0.4930±0.2280  [p25=0.3639, p75=0.6643]
[eval] source=coco_inpaint  precision: n= 126  med=0.7464  mean=0.6536±0.3055  [p25=0.4167, p75=0.9052]
[eval] source=coco_inpaint     recall: n= 126  med=0.7492  mean=0.7231±0.2127  [p25=0.5993, p75=0.9096]
[eval] source=imd2020: n_splice=171 n_real=41
[eval] source=imd2020         f1: n= 171  med=0.3992  mean=0.4438±0.3444  [p25=0.0873, p75=0.7925]
[eval] source=imd2020        iou: n= 171  med=0.2494  mean=0.3551±0.3192  [p25=0.0457, p75=0.6563]
[eval] source=imd2020  precision: n= 171  med=0.2515  mean=0.3865±0.3507  [p25=0.0457, p75=0.7440]
[eval] source=imd2020     recall: n= 171  med=0.9351  mean=0.8478±0.2332  [p25=0.8402, p75=0.9764]
[eval] source=sagid: n_splice=169 n_real=169
[eval] source=sagid         f1: n= 169  med=0.9001  mean=0.8145±0.2317  [p25=0.7937, p75=0.9590]
[eval] source=sagid        iou: n= 169  med=0.8184  mean=0.7359±0.2539  [p25=0.6579, p75=0.9212]
[eval] source=sagid  precision: n= 169  med=0.8992  mean=0.7993±0.2540  [p25=0.7898, p75=0.9544]
[eval] source=sagid     recall: n= 169  med=0.9582  mean=0.8971±0.1533  [p25=0.9012, p75=0.9761]
[eval] source=tgif2: n_splice=400 n_real=34
[eval] source=tgif2         f1: n= 400  med=0.1149  mean=0.2697±0.3181  [p25=0.0318, p75=0.4262]
[eval] source=tgif2        iou: n= 400  med=0.0610  mean=0.2075±0.2831  [p25=0.0161, p75=0.2708]
[eval] source=tgif2  precision: n= 400  med=0.0645  mean=0.2384±0.3325  [p25=0.0169, p75=0.3480]
[eval] source=tgif2     recall: n= 400  med=0.8328  mean=0.6444±0.3843  [p25=0.2677, p75=0.9711]
[eval] ─── by subgroup (4 cells) ───
[eval] subgroup=flux1dev|fr|random (n_splice=100 n_real=0):
[eval] subgroup=flux1dev|fr|random         f1: n= 100  med=0.1007  mean=0.2571±0.3078  [p25=0.0151, p75=0.4717]
[eval] subgroup=flux1dev|fr|random        iou: n= 100  med=0.0530  mean=0.1940±0.2662  [p25=0.0076, p75=0.3087]
[eval] subgroup=flux1dev|fr|random  precision: n= 100  med=0.0561  mean=0.2258±0.3148  [p25=0.0108, p75=0.3563]
[eval] subgroup=flux1dev|fr|random     recall: n= 100  med=0.6750  mean=0.5321±0.3977  [p25=0.0454, p75=0.9320]
[eval] subgroup=flux1dev|fr|semantic (n_splice=100 n_real=0):
[eval] subgroup=flux1dev|fr|semantic         f1: n= 100  med=0.1366  mean=0.2479±0.2982  [p25=0.0333, p75=0.2912]
[eval] subgroup=flux1dev|fr|semantic        iou: n= 100  med=0.0733  mean=0.1857±0.2618  [p25=0.0170, p75=0.1704]
[eval] subgroup=flux1dev|fr|semantic  precision: n= 100  med=0.0742  mean=0.2139±0.3138  [p25=0.0170, p75=0.1783]
[eval] subgroup=flux1dev|fr|semantic     recall: n= 100  med=0.8739  mean=0.7114±0.3555  [p25=0.5690, p75=0.9967]
[eval] subgroup=flux1dev|sp|random (n_splice=100 n_real=0):
[eval] subgroup=flux1dev|sp|random         f1: n= 100  med=0.2048  mean=0.3599±0.3619  [p25=0.0359, p75=0.7333]
[eval] subgroup=flux1dev|sp|random        iou: n= 100  med=0.1141  mean=0.2921±0.3323  [p25=0.0183, p75=0.5792]
[eval] subgroup=flux1dev|sp|random  precision: n= 100  med=0.1165  mean=0.3320±0.3788  [p25=0.0199, p75=0.7201]
[eval] subgroup=flux1dev|sp|random     recall: n= 100  med=0.7991  mean=0.6135±0.3858  [p25=0.1853, p75=0.9530]
[eval] subgroup=flux1dev|sp|semantic (n_splice=100 n_real=0):
[eval] subgroup=flux1dev|sp|semantic         f1: n= 100  med=0.0896  mean=0.2140±0.2798  [p25=0.0340, p75=0.2560]
[eval] subgroup=flux1dev|sp|semantic        iou: n= 100  med=0.0469  mean=0.1580±0.2459  [p25=0.0173, p75=0.1468]
[eval] subgroup=flux1dev|sp|semantic  precision: n= 100  med=0.0470  mean=0.1821±0.2975  [p25=0.0173, p75=0.1489]
[eval] subgroup=flux1dev|sp|semantic     recall: n= 100  med=0.9159  mean=0.7208±0.3653  [p25=0.6014, p75=0.9959]
[eval]   casia image_auc=0.9694 (n=56)
[eval]   coco_inpaint image_auc=0.9965 (n=252)
[eval]   imd2020 image_auc=0.9840 (n=212)
[eval]   sagid image_auc=0.9982 (n=338)
[eval]   tgif2 image_auc=0.7449 (n=434)
[eval] epoch=3 val_f1_mean=0.4647
[ckpt] saved epoch=3 → /media/ssd/runs/ablation/res_sweep/res_496/epoch_0003.pt
[ckpt] no improvement (epoch 3 < min_epochs=5); patience held at 2  best=0.4732
[train] epoch=4 step=20 loss=0.7138 bce=0.2053 cont=0.2542 lr=1.52e-04
[train] epoch=4 step=40 loss=0.6508 bce=0.1347 cont=0.2580 lr=1.51e-04
[train] epoch=4 step=60 loss=0.6917 bce=0.1374 cont=0.2771 lr=1.50e-04
[train] epoch=4 step=80 loss=0.6984 bce=0.1453 cont=0.2766 lr=1.49e-04
[train] epoch=4 step=100 loss=0.7054 bce=0.1458 cont=0.2798 lr=1.49e-04
[train] epoch=4 step=120 loss=0.6921 bce=0.1347 cont=0.2787 lr=1.48e-04
[train] epoch=4 step=140 loss=0.7020 bce=0.1443 cont=0.2788 lr=1.47e-04
[train] epoch=4 step=160 loss=0.6996 bce=0.1394 cont=0.2801 lr=1.46e-04
[train] epoch=4 step=180 loss=0.6874 bce=0.1339 cont=0.2768 lr=1.45e-04
[train] epoch=4 step=200 loss=0.6722 bce=0.1221 cont=0.2750 lr=1.45e-04
[train] epoch=4 step=220 loss=0.6796 bce=0.1308 cont=0.2744 lr=1.44e-04
[train] epoch=4 step=240 loss=0.6771 bce=0.1307 cont=0.2732 lr=1.43e-04
[train] epoch=4 step=260 loss=0.6827 bce=0.1353 cont=0.2737 lr=1.42e-04
[train] epoch=4 step=280 loss=0.6855 bce=0.1357 cont=0.2749 lr=1.41e-04
[train] epoch=4 step=300 loss=0.6786 bce=0.1343 cont=0.2721 lr=1.41e-04
[train] epoch=4 step=320 loss=0.6756 bce=0.1292 cont=0.2732 lr=1.40e-04
[train] epoch=4 step=340 loss=0.6730 bce=0.1264 cont=0.2733 lr=1.39e-04
[train] epoch=4 step=360 loss=0.6638 bce=0.1204 cont=0.2717 lr=1.38e-04
[train] epoch=4 step=380 loss=0.6721 bce=0.1250 cont=0.2735 lr=1.37e-04
[train] epoch=4 step=400 loss=0.6817 bce=0.1324 cont=0.2746 lr=1.36e-04
[train] epoch=4 step=420 loss=0.6775 bce=0.1282 cont=0.2747 lr=1.36e-04
[train] epoch=4 step=440 loss=0.6747 bce=0.1283 cont=0.2732 lr=1.35e-04
[train] epoch=4 step=460 loss=0.6719 bce=0.1265 cont=0.2727 lr=1.34e-04
[train] epoch=4 step=480 loss=0.6632 bce=0.1232 cont=0.2700 lr=1.33e-04
[train] epoch=4 step=500 loss=0.6660 bce=0.1245 cont=0.2708 lr=1.32e-04
[train] epoch=4 step=520 loss=0.6646 bce=0.1243 cont=0.2701 lr=1.31e-04
[train] epoch=4 step=540 loss=0.6613 bce=0.1204 cont=0.2705 lr=1.31e-04
[train] epoch=4 step=560 loss=0.6645 bce=0.1229 cont=0.2708 lr=1.30e-04
[train] epoch=4 step=580 loss=0.6635 bce=0.1250 cont=0.2693 lr=1.29e-04
[train] epoch=4 step=600 loss=0.6624 bce=0.1262 cont=0.2681 lr=1.28e-04
[train] epoch=4 step=620 loss=0.6616 bce=0.1239 cont=0.2688 lr=1.27e-04
[train] epoch=4 step=640 loss=0.6580 bce=0.1230 cont=0.2675 lr=1.26e-04
[train] epoch=4 step=660 loss=0.6528 bce=0.1208 cont=0.2660 lr=1.25e-04
[train] epoch=4 step=680 loss=0.6515 bce=0.1207 cont=0.2654 lr=1.25e-04
[train] epoch=4 step=700 loss=0.6518 bce=0.1209 cont=0.2654 lr=1.24e-04
[train] epoch=4 step=720 loss=0.6507 bce=0.1201 cont=0.2653 lr=1.23e-04
[train] epoch=4 step=740 loss=0.6498 bce=0.1211 cont=0.2643 lr=1.22e-04
[train] epoch=4 loss=0.6496 bce=0.1202 cont=0.2647 patch=0.0000
[eval] ─── summary: n_splice=894 n_real=398 ───
[eval] image_auc: 0.8840
[eval] splices (all):
[eval] all         f1: n= 894  med=0.5504  mean=0.4957±0.3613  [p25=0.1095, p75=0.8532]
[eval] all        iou: n= 894  med=0.3797  mean=0.4106±0.3414  [p25=0.0579, p75=0.7440]
[eval] all  precision: n= 894  med=0.4193  mean=0.4554±0.3769  [p25=0.0579, p75=0.8536]
[eval] all     recall: n= 894  med=0.9401  mean=0.8178±0.2777  [p25=0.7959, p75=0.9861]
[eval] splices bucket=tiny (n=310):
[eval] bucket=tiny         f1: n= 310  med=0.0795  mean=0.1834±0.2537  [p25=0.0314, p75=0.1713]
[eval] bucket=tiny        iou: n= 310  med=0.0414  mean=0.1312±0.2181  [p25=0.0160, p75=0.0937]
[eval] bucket=tiny  precision: n= 310  med=0.0415  mean=0.1415±0.2440  [p25=0.0160, p75=0.0943]
[eval] bucket=tiny     recall: n= 310  med=0.9665  mean=0.8174±0.3117  [p25=0.8252, p75=1.0000]
[eval] splices bucket=small (n=310):
[eval] bucket=small         f1: n= 310  med=0.5847  mean=0.5449±0.3232  [p25=0.2435, p75=0.8647]
[eval] bucket=small        iou: n= 310  med=0.4131  mean=0.4428±0.3114  [p25=0.1387, p75=0.7616]
[eval] bucket=small  precision: n= 310  med=0.4815  mean=0.4866±0.3442  [p25=0.1436, p75=0.8456]
[eval] bucket=small     recall: n= 310  med=0.9110  mean=0.7784±0.3049  [p25=0.7509, p75=0.9695]
[eval] splices bucket=medium (n=174):
[eval] bucket=medium         f1: n= 174  med=0.7998  mean=0.7572±0.2026  [p25=0.6288, p75=0.9293]
[eval] bucket=medium        iou: n= 174  med=0.6663  mean=0.6473±0.2368  [p25=0.4587, p75=0.8679]
[eval] bucket=medium  precision: n= 174  med=0.8303  mean=0.7357±0.2426  [p25=0.5969, p75=0.9344]
[eval] bucket=medium     recall: n= 174  med=0.9370  mean=0.8450±0.1967  [p25=0.7732, p75=0.9717]
[eval] splices bucket=large (n=100):
[eval] bucket=large         f1: n= 100  med=0.8754  mean=0.8560±0.1166  [p25=0.7913, p75=0.9646]
[eval] bucket=large        iou: n= 100  med=0.7784  mean=0.7652±0.1677  [p25=0.6547, p75=0.9317]
[eval] bucket=large  precision: n= 100  med=0.8887  mean=0.8439±0.1403  [p25=0.7523, p75=0.9676]
[eval] bucket=large     recall: n= 100  med=0.9681  mean=0.8936±0.1450  [p25=0.8248, p75=0.9849]
[eval] reals accuracy: n= 398  med=0.5151  mean=0.5266±0.1691  [p25=0.3913, p75=0.6436]
[eval] source=casia: n_splice=28 n_real=28
[eval] source=casia         f1: n=  28  med=0.8396  mean=0.5470±0.4161  [p25=0.0678, p75=0.9315]
[eval] source=casia        iou: n=  28  med=0.7236  mean=0.4905±0.3999  [p25=0.0351, p75=0.8719]
[eval] source=casia  precision: n=  28  med=0.7820  mean=0.5208±0.4186  [p25=0.0353, p75=0.9062]
[eval] source=casia     recall: n=  28  med=0.9514  mean=0.8711±0.2084  [p25=0.8570, p75=0.9894]
[eval] source=coco_inpaint: n_splice=126 n_real=126
[eval] source=coco_inpaint         f1: n= 126  med=0.7214  mean=0.6489±0.2059  [p25=0.5480, p75=0.8028]
[eval] source=coco_inpaint        iou: n= 126  med=0.5642  mean=0.5115±0.2074  [p25=0.3774, p75=0.6705]
[eval] source=coco_inpaint  precision: n= 126  med=0.6090  mean=0.5829±0.2571  [p25=0.3980, p75=0.7892]
[eval] source=coco_inpaint     recall: n= 126  med=0.9270  mean=0.8725±0.1409  [p25=0.7946, p75=0.9843]
[eval] source=imd2020: n_splice=171 n_real=41
[eval] source=imd2020         f1: n= 171  med=0.4594  mean=0.4593±0.3520  [p25=0.0755, p75=0.8213]
[eval] source=imd2020        iou: n= 171  med=0.2982  mean=0.3717±0.3255  [p25=0.0392, p75=0.6967]
[eval] source=imd2020  precision: n= 171  med=0.2983  mean=0.4091±0.3602  [p25=0.0392, p75=0.7870]
[eval] source=imd2020     recall: n= 171  med=0.9302  mean=0.8277±0.2571  [p25=0.8107, p75=0.9727]
[eval] source=sagid: n_splice=169 n_real=169
[eval] source=sagid         f1: n= 169  med=0.8937  mean=0.8191±0.2099  [p25=0.7866, p75=0.9556]
[eval] source=sagid        iou: n= 169  med=0.8078  mean=0.7352±0.2376  [p25=0.6482, p75=0.9149]
[eval] source=sagid  precision: n= 169  med=0.8586  mean=0.7771±0.2390  [p25=0.7019, p75=0.9466]
[eval] source=sagid     recall: n= 169  med=0.9686  mean=0.9351±0.1028  [p25=0.9400, p75=0.9844]
[eval] source=tgif2: n_splice=400 n_real=34
[eval] source=tgif2         f1: n= 400  med=0.1548  mean=0.3227±0.3352  [p25=0.0427, p75=0.6181]
[eval] source=tgif2        iou: n= 400  med=0.0839  mean=0.2527±0.3047  [p25=0.0218, p75=0.4472]
[eval] source=tgif2  precision: n= 400  med=0.0892  mean=0.2945±0.3590  [p25=0.0219, p75=0.6137]
[eval] source=tgif2     recall: n= 400  med=0.9117  mean=0.7430±0.3432  [p25=0.6251, p75=0.9976]
[eval] ─── by subgroup (4 cells) ───
[eval] subgroup=flux1dev|fr|random (n_splice=100 n_real=0):
[eval] subgroup=flux1dev|fr|random         f1: n= 100  med=0.1814  mean=0.3350±0.3240  [p25=0.0419, p75=0.5488]
[eval] subgroup=flux1dev|fr|random        iou: n= 100  med=0.0998  mean=0.2567±0.2890  [p25=0.0214, p75=0.3782]
[eval] subgroup=flux1dev|fr|random  precision: n= 100  med=0.1037  mean=0.2969±0.3375  [p25=0.0231, p75=0.5005]
[eval] subgroup=flux1dev|fr|random     recall: n= 100  med=0.8365  mean=0.6501±0.3727  [p25=0.3406, p75=0.9578]
[eval] subgroup=flux1dev|fr|semantic (n_splice=100 n_real=0):
[eval] subgroup=flux1dev|fr|semantic         f1: n= 100  med=0.1455  mean=0.3134±0.3333  [p25=0.0352, p75=0.6308]
[eval] subgroup=flux1dev|fr|semantic        iou: n= 100  med=0.0785  mean=0.2449±0.3013  [p25=0.0179, p75=0.4611]
[eval] subgroup=flux1dev|fr|semantic  precision: n= 100  med=0.0815  mean=0.2948±0.3633  [p25=0.0179, p75=0.7567]
[eval] subgroup=flux1dev|fr|semantic     recall: n= 100  med=0.9280  mean=0.7904±0.3029  [p25=0.7116, p75=1.0000]
[eval] subgroup=flux1dev|sp|random (n_splice=100 n_real=0):
[eval] subgroup=flux1dev|sp|random         f1: n= 100  med=0.2587  mean=0.3892±0.3594  [p25=0.0643, p75=0.7531]
[eval] subgroup=flux1dev|sp|random        iou: n= 100  med=0.1486  mean=0.3154±0.3341  [p25=0.0332, p75=0.6040]
[eval] subgroup=flux1dev|sp|random  precision: n= 100  med=0.1498  mean=0.3599±0.3826  [p25=0.0332, p75=0.7451]
[eval] subgroup=flux1dev|sp|random     recall: n= 100  med=0.9050  mean=0.7111±0.3603  [p25=0.4824, p75=0.9662]
[eval] subgroup=flux1dev|sp|semantic (n_splice=100 n_real=0):
[eval] subgroup=flux1dev|sp|semantic         f1: n= 100  med=0.1169  mean=0.2533±0.3079  [p25=0.0368, p75=0.2633]
[eval] subgroup=flux1dev|sp|semantic        iou: n= 100  med=0.0621  mean=0.1939±0.2794  [p25=0.0188, p75=0.1516]
[eval] subgroup=flux1dev|sp|semantic  precision: n= 100  med=0.0641  mean=0.2265±0.3380  [p25=0.0188, p75=0.1539]
[eval] subgroup=flux1dev|sp|semantic     recall: n= 100  med=0.9764  mean=0.8203±0.3046  [p25=0.8467, p75=1.0000]
[eval]   casia image_auc=0.9668 (n=56)
[eval]   coco_inpaint image_auc=0.9997 (n=252)
[eval]   imd2020 image_auc=0.9692 (n=212)
[eval]   sagid image_auc=0.9996 (n=338)
[eval]   tgif2 image_auc=0.7818 (n=434)
[eval] epoch=4 val_f1_mean=0.4957
[ckpt] saved epoch=4 → /media/ssd/runs/ablation/res_sweep/res_496/epoch_0004.pt
[ckpt] best model saved  val_f1_mean=0.4957
[train] epoch=5 step=20 loss=0.7108 bce=0.1754 cont=0.2677 lr=1.21e-04
[train] epoch=5 step=40 loss=0.6301 bce=0.1158 cont=0.2572 lr=1.20e-04
[train] epoch=5 step=60 loss=0.6233 bce=0.1119 cont=0.2557 lr=1.19e-04
[train] epoch=5 step=80 loss=0.6080 bce=0.1086 cont=0.2497 lr=1.18e-04
[train] epoch=5 step=100 loss=0.5890 bce=0.0994 cont=0.2448 lr=1.17e-04
[train] epoch=5 step=120 loss=0.6058 bce=0.1170 cont=0.2444 lr=1.16e-04
[train] epoch=5 step=140 loss=0.5952 bce=0.1059 cont=0.2446 lr=1.15e-04
[train] epoch=5 step=160 loss=0.6024 bce=0.1020 cont=0.2502 lr=1.14e-04
[train] epoch=5 step=180 loss=0.6107 bce=0.1062 cont=0.2522 lr=1.14e-04
[train] epoch=5 step=200 loss=0.6149 bce=0.1044 cont=0.2553 lr=1.13e-04
[train] epoch=5 step=220 loss=0.6116 bce=0.1014 cont=0.2551 lr=1.12e-04
[train] epoch=5 step=240 loss=0.6112 bce=0.1022 cont=0.2545 lr=1.11e-04
[train] epoch=5 step=260 loss=0.6144 bce=0.1039 cont=0.2553 lr=1.10e-04
[train] epoch=5 step=280 loss=0.6152 bce=0.1004 cont=0.2574 lr=1.09e-04
[train] epoch=5 step=300 loss=0.6221 bce=0.1010 cont=0.2606 lr=1.08e-04
[train] epoch=5 step=320 loss=0.6155 bce=0.0971 cont=0.2592 lr=1.07e-04
[train] epoch=5 step=340 loss=0.6166 bce=0.0996 cont=0.2585 lr=1.07e-04
[train] epoch=5 step=360 loss=0.6133 bce=0.0973 cont=0.2580 lr=1.06e-04
[train] epoch=5 step=380 loss=0.6148 bce=0.1009 cont=0.2570 lr=1.05e-04
[train] epoch=5 step=400 loss=0.6146 bce=0.1003 cont=0.2572 lr=1.04e-04
[train] epoch=5 step=420 loss=0.6148 bce=0.1020 cont=0.2564 lr=1.03e-04
[train] epoch=5 step=440 loss=0.6142 bce=0.1013 cont=0.2564 lr=1.02e-04
[train] epoch=5 step=460 loss=0.6193 bce=0.1031 cont=0.2581 lr=1.01e-04
[train] epoch=5 step=480 loss=0.6140 bce=0.1005 cont=0.2567 lr=1.00e-04
[train] epoch=5 step=500 loss=0.6080 bce=0.0972 cont=0.2554 lr=9.95e-05
[train] epoch=5 step=520 loss=0.6144 bce=0.1008 cont=0.2568 lr=9.86e-05
[train] epoch=5 step=540 loss=0.6198 bce=0.1010 cont=0.2594 lr=9.77e-05
[train] epoch=5 step=560 loss=0.6165 bce=0.0992 cont=0.2586 lr=9.68e-05
[train] epoch=5 step=580 loss=0.6128 bce=0.0975 cont=0.2576 lr=9.59e-05
[train] epoch=5 step=600 loss=0.6162 bce=0.0998 cont=0.2582 lr=9.51e-05
[train] epoch=5 step=620 loss=0.6155 bce=0.1015 cont=0.2570 lr=9.42e-05
[train] epoch=5 step=640 loss=0.6129 bce=0.0990 cont=0.2570 lr=9.33e-05
[train] epoch=5 step=660 loss=0.6089 bce=0.0982 cont=0.2554 lr=9.24e-05
[train] epoch=5 step=680 loss=0.6089 bce=0.0966 cont=0.2561 lr=9.16e-05
[train] epoch=5 step=700 loss=0.6133 bce=0.1010 cont=0.2562 lr=9.07e-05
[train] epoch=5 step=720 loss=0.6163 bce=0.1018 cont=0.2572 lr=8.98e-05
[train] epoch=5 step=740 loss=0.6161 bce=0.1028 cont=0.2566 lr=8.89e-05
[train] epoch=5 loss=0.6152 bce=0.1017 cont=0.2568 patch=0.0000
[eval] ─── summary: n_splice=894 n_real=398 ───
[eval] image_auc: 0.8807
[eval] splices (all):
[eval] all         f1: n= 894  med=0.4930  mean=0.4800±0.3695  [p25=0.0844, p75=0.8618]
[eval] all        iou: n= 894  med=0.3272  mean=0.4001±0.3501  [p25=0.0440, p75=0.7571]
[eval] all  precision: n= 894  med=0.3700  mean=0.4440±0.3878  [p25=0.0442, p75=0.8654]
[eval] all     recall: n= 894  med=0.9532  mean=0.8432±0.2585  [p25=0.8296, p75=0.9958]
[eval] splices bucket=tiny (n=310):
[eval] bucket=tiny         f1: n= 310  med=0.0656  mean=0.1566±0.2363  [p25=0.0307, p75=0.1259]
[eval] bucket=tiny        iou: n= 310  med=0.0339  mean=0.1109±0.2040  [p25=0.0156, p75=0.0672]
[eval] bucket=tiny  precision: n= 310  med=0.0339  mean=0.1175±0.2238  [p25=0.0157, p75=0.0674]
[eval] bucket=tiny     recall: n= 310  med=0.9910  mean=0.8527±0.2836  [p25=0.8741, p75=1.0000]
[eval] splices bucket=small (n=310):
[eval] bucket=small         f1: n= 310  med=0.5209  mean=0.5133±0.3284  [p25=0.2215, p75=0.8559]
[eval] bucket=small        iou: n= 310  med=0.3522  mean=0.4143±0.3157  [p25=0.1245, p75=0.7482]
[eval] bucket=small  precision: n= 310  med=0.3765  mean=0.4480±0.3468  [p25=0.1247, p75=0.8145]
[eval] bucket=small     recall: n= 310  med=0.9422  mean=0.8249±0.2888  [p25=0.8384, p75=0.9905]
[eval] splices bucket=medium (n=174):
[eval] bucket=medium         f1: n= 174  med=0.8522  mean=0.7835±0.1927  [p25=0.6956, p75=0.9329]
[eval] bucket=medium        iou: n= 174  med=0.7424  mean=0.6799±0.2296  [p25=0.5333, p75=0.8742]
[eval] bucket=medium  precision: n= 174  med=0.8800  mean=0.7709±0.2291  [p25=0.7103, p75=0.9307]
[eval] bucket=medium     recall: n= 174  med=0.9329  mean=0.8566±0.1783  [p25=0.8048, p75=0.9727]
[eval] splices bucket=large (n=100):
[eval] bucket=large         f1: n= 100  med=0.8895  mean=0.8517±0.1492  [p25=0.7909, p75=0.9689]
[eval] bucket=large        iou: n= 100  med=0.8011  mean=0.7658±0.1899  [p25=0.6541, p75=0.9398]
[eval] bucket=large  precision: n= 100  med=0.9254  mean=0.8750±0.1498  [p25=0.8320, p75=0.9762]
[eval] bucket=large     recall: n= 100  med=0.9406  mean=0.8475±0.1803  [p25=0.7532, p75=0.9800]
[eval] reals accuracy: n= 398  med=0.4037  mean=0.4300±0.1315  [p25=0.3228, p75=0.5330]
[eval] source=casia: n_splice=28 n_real=28
[eval] source=casia         f1: n=  28  med=0.4816  mean=0.4859±0.4268  [p25=0.0467, p75=0.9202]
[eval] source=casia        iou: n=  28  med=0.3515  mean=0.4356±0.4079  [p25=0.0240, p75=0.8523]
[eval] source=casia  precision: n=  28  med=0.4381  mean=0.4610±0.4293  [p25=0.0247, p75=0.9073]
[eval] source=casia     recall: n=  28  med=0.9415  mean=0.8154±0.2895  [p25=0.8399, p75=0.9858]
[eval] source=coco_inpaint: n_splice=126 n_real=126
[eval] source=coco_inpaint         f1: n= 126  med=0.7349  mean=0.6942±0.1966  [p25=0.6418, p75=0.8228]
[eval] source=coco_inpaint        iou: n= 126  med=0.5809  mean=0.5611±0.1990  [p25=0.4725, p75=0.6989]
[eval] source=coco_inpaint  precision: n= 126  med=0.7264  mean=0.6784±0.2431  [p25=0.5569, p75=0.8612]
[eval] source=coco_inpaint     recall: n= 126  med=0.8477  mean=0.8174±0.1638  [p25=0.7146, p75=0.9635]
[eval] source=imd2020: n_splice=171 n_real=41
[eval] source=imd2020         f1: n= 171  med=0.3355  mean=0.4169±0.3597  [p25=0.0625, p75=0.8119]
[eval] source=imd2020        iou: n= 171  med=0.2016  mean=0.3380±0.3315  [p25=0.0323, p75=0.6834]
[eval] source=imd2020  precision: n= 171  med=0.2018  mean=0.3704±0.3654  [p25=0.0324, p75=0.7571]
[eval] source=imd2020     recall: n= 171  med=0.9272  mean=0.8362±0.2442  [p25=0.8352, p75=0.9809]
[eval] source=sagid: n_splice=169 n_real=169
[eval] source=sagid         f1: n= 169  med=0.9084  mean=0.8323±0.2136  [p25=0.8137, p75=0.9598]
[eval] source=sagid        iou: n= 169  med=0.8322  mean=0.7555±0.2375  [p25=0.6859, p75=0.9227]
[eval] source=sagid  precision: n= 169  med=0.8837  mean=0.8035±0.2371  [p25=0.7797, p75=0.9562]
[eval] source=sagid     recall: n= 169  med=0.9681  mean=0.9277±0.1209  [p25=0.9312, p75=0.9842]
[eval] source=tgif2: n_splice=400 n_real=34
[eval] source=tgif2         f1: n= 400  med=0.1388  mean=0.2903±0.3178  [p25=0.0473, p75=0.4361]
[eval] source=tgif2        iou: n= 400  med=0.0746  mean=0.2233±0.2907  [p25=0.0242, p75=0.2788]
[eval] source=tgif2  precision: n= 400  med=0.0755  mean=0.2486±0.3335  [p25=0.0243, p75=0.2788]
[eval] source=tgif2     recall: n= 400  med=0.9718  mean=0.8206±0.3154  [p25=0.8308, p75=1.0000]
[eval] ─── by subgroup (4 cells) ───
[eval] subgroup=flux1dev|fr|random (n_splice=100 n_real=0):
[eval] subgroup=flux1dev|fr|random         f1: n= 100  med=0.2054  mean=0.2974±0.3075  [p25=0.0516, p75=0.4508]
[eval] subgroup=flux1dev|fr|random        iou: n= 100  med=0.1145  mean=0.2239±0.2768  [p25=0.0265, p75=0.2914]
[eval] subgroup=flux1dev|fr|random  precision: n= 100  med=0.1145  mean=0.2549±0.3269  [p25=0.0265, p75=0.3027]
[eval] subgroup=flux1dev|fr|random     recall: n= 100  med=0.9391  mean=0.7299±0.3849  [p25=0.6935, p75=1.0000]
[eval] subgroup=flux1dev|fr|semantic (n_splice=100 n_real=0):
[eval] subgroup=flux1dev|fr|semantic         f1: n= 100  med=0.1277  mean=0.2452±0.2820  [p25=0.0461, p75=0.2858]
[eval] subgroup=flux1dev|fr|semantic        iou: n= 100  med=0.0682  mean=0.1791±0.2468  [p25=0.0236, p75=0.1667]
[eval] subgroup=flux1dev|fr|semantic  precision: n= 100  med=0.0682  mean=0.2035±0.2950  [p25=0.0237, p75=0.1670]
[eval] subgroup=flux1dev|fr|semantic     recall: n= 100  med=0.9966  mean=0.8786±0.2457  [p25=0.8882, p75=1.0000]
[eval] subgroup=flux1dev|sp|random (n_splice=100 n_real=0):
[eval] subgroup=flux1dev|sp|random         f1: n= 100  med=0.2426  mean=0.3919±0.3611  [p25=0.0656, p75=0.8619]
[eval] subgroup=flux1dev|sp|random        iou: n= 100  med=0.1380  mean=0.3203±0.3441  [p25=0.0339, p75=0.7573]
[eval] subgroup=flux1dev|sp|random  precision: n= 100  med=0.1382  mean=0.3475±0.3815  [p25=0.0339, p75=0.7991]
[eval] subgroup=flux1dev|sp|random     recall: n= 100  med=0.9450  mean=0.8139±0.3108  [p25=0.8619, p75=1.0000]
[eval] subgroup=flux1dev|sp|semantic (n_splice=100 n_real=0):
[eval] subgroup=flux1dev|sp|semantic         f1: n= 100  med=0.1029  mean=0.2269±0.2884  [p25=0.0349, p75=0.2381]
[eval] subgroup=flux1dev|sp|semantic        iou: n= 100  med=0.0542  mean=0.1700±0.2604  [p25=0.0178, p75=0.1351]
[eval] subgroup=flux1dev|sp|semantic  precision: n= 100  med=0.0542  mean=0.1884±0.3002  [p25=0.0192, p75=0.1354]
[eval] subgroup=flux1dev|sp|semantic     recall: n= 100  med=0.9971  mean=0.8599±0.2824  [p25=0.8828, p75=1.0000]
[eval]   casia image_auc=0.9592 (n=56)
[eval]   coco_inpaint image_auc=1.0000 (n=252)
[eval]   imd2020 image_auc=0.9642 (n=212)
[eval]   sagid image_auc=0.9986 (n=338)
[eval]   tgif2 image_auc=0.7276 (n=434)
[eval] epoch=5 val_f1_mean=0.4800
[ckpt] saved epoch=5 → /media/ssd/runs/ablation/res_sweep/res_496/epoch_0005.pt
[ckpt] no improvement  patience_left=1  best=0.4957
[train] epoch=6 step=20 loss=0.5124 bce=0.0649 cont=0.2238 lr=8.76e-05
[train] epoch=6 step=40 loss=0.6002 bce=0.0901 cont=0.2551 lr=8.68e-05
[train] epoch=6 step=60 loss=0.5849 bce=0.0773 cont=0.2538 lr=8.59e-05
[train] epoch=6 step=80 loss=0.5438 bce=0.0699 cont=0.2370 lr=8.50e-05
[train] epoch=6 step=100 loss=0.5748 bce=0.0753 cont=0.2497 lr=8.42e-05
[train] epoch=6 step=120 loss=0.6105 bce=0.1048 cont=0.2528 lr=8.33e-05
[train] epoch=6 step=140 loss=0.6152 bce=0.1032 cont=0.2560 lr=8.24e-05
[train] epoch=6 step=160 loss=0.5972 bce=0.1042 cont=0.2465 lr=8.16e-05
[train] epoch=6 step=180 loss=0.5798 bce=0.0936 cont=0.2431 lr=8.07e-05
[train] epoch=6 step=200 loss=0.5840 bce=0.0991 cont=0.2424 lr=7.99e-05
[train] epoch=6 step=220 loss=0.5702 bce=0.0908 cont=0.2397 lr=7.90e-05
[train] epoch=6 step=240 loss=0.5887 bce=0.0950 cont=0.2468 lr=7.82e-05
[train] epoch=6 step=260 loss=0.5903 bce=0.0950 cont=0.2476 lr=7.73e-05
[train] epoch=6 step=280 loss=0.5983 bce=0.0993 cont=0.2495 lr=7.65e-05
[train] epoch=6 step=300 loss=0.5869 bce=0.0933 cont=0.2468 lr=7.56e-05
[train] epoch=6 step=320 loss=0.5813 bce=0.0916 cont=0.2449 lr=7.48e-05
[train] epoch=6 step=340 loss=0.5862 bce=0.0915 cont=0.2473 lr=7.40e-05
[train] epoch=6 step=360 loss=0.5759 bce=0.0870 cont=0.2444 lr=7.31e-05
[train] epoch=6 step=380 loss=0.5756 bce=0.0869 cont=0.2443 lr=7.23e-05
[train] epoch=6 step=400 loss=0.5738 bce=0.0833 cont=0.2453 lr=7.15e-05
[train] epoch=6 step=420 loss=0.5731 bce=0.0829 cont=0.2451 lr=7.06e-05
[train] epoch=6 step=440 loss=0.5723 bce=0.0852 cont=0.2435 lr=6.98e-05
[train] epoch=6 step=460 loss=0.5777 bce=0.0887 cont=0.2445 lr=6.90e-05
[train] epoch=6 step=480 loss=0.5722 bce=0.0865 cont=0.2428 lr=6.82e-05
[train] epoch=6 step=500 loss=0.5666 bce=0.0835 cont=0.2416 lr=6.74e-05
[train] epoch=6 step=520 loss=0.5685 bce=0.0829 cont=0.2428 lr=6.66e-05
[train] epoch=6 step=540 loss=0.5707 bce=0.0861 cont=0.2423 lr=6.58e-05
[train] epoch=6 step=560 loss=0.5720 bce=0.0853 cont=0.2433 lr=6.50e-05
[train] epoch=6 step=580 loss=0.5640 bce=0.0828 cont=0.2406 lr=6.42e-05
[train] epoch=6 step=600 loss=0.5672 bce=0.0831 cont=0.2420 lr=6.34e-05
[train] epoch=6 step=620 loss=0.5648 bce=0.0817 cont=0.2415 lr=6.26e-05
[train] epoch=6 step=640 loss=0.5678 bce=0.0819 cont=0.2430 lr=6.18e-05
[train] epoch=6 step=660 loss=0.5707 bce=0.0851 cont=0.2428 lr=6.10e-05
[train] epoch=6 step=680 loss=0.5722 bce=0.0851 cont=0.2436 lr=6.02e-05
[train] epoch=6 step=700 loss=0.5763 bce=0.0893 cont=0.2435 lr=5.94e-05
[train] epoch=6 step=720 loss=0.5780 bce=0.0910 cont=0.2435 lr=5.87e-05
[train] epoch=6 step=740 loss=0.5747 bce=0.0893 cont=0.2427 lr=5.79e-05
[train] epoch=6 loss=0.5773 bce=0.0909 cont=0.2432 patch=0.0000
[eval] ─── summary: n_splice=894 n_real=398 ───
[eval] image_auc: 0.8766
[eval] splices (all):
[eval] all         f1: n= 894  med=0.4636  mean=0.4787±0.3684  [p25=0.0876, p75=0.8638]
[eval] all        iou: n= 894  med=0.3017  mean=0.3986±0.3502  [p25=0.0458, p75=0.7602]
[eval] all  precision: n= 894  med=0.3411  mean=0.4380±0.3841  [p25=0.0465, p75=0.8637]
[eval] all     recall: n= 894  med=0.9545  mean=0.8547±0.2411  [p25=0.8467, p75=0.9944]
[eval] splices bucket=tiny (n=310):
[eval] bucket=tiny         f1: n= 310  med=0.0643  mean=0.1457±0.2260  [p25=0.0302, p75=0.1200]
[eval] bucket=tiny        iou: n= 310  med=0.0332  mean=0.1020±0.1939  [p25=0.0153, p75=0.0638]
[eval] bucket=tiny  precision: n= 310  med=0.0332  mean=0.1075±0.2110  [p25=0.0153, p75=0.0639]
[eval] bucket=tiny     recall: n= 310  med=0.9912  mean=0.8502±0.2780  [p25=0.8578, p75=1.0000]
[eval] splices bucket=small (n=310):
[eval] bucket=small         f1: n= 310  med=0.5540  mean=0.5217±0.3211  [p25=0.2047, p75=0.8542]
[eval] bucket=small        iou: n= 310  med=0.3831  mean=0.4202±0.3129  [p25=0.1140, p75=0.7455]
[eval] bucket=small  precision: n= 310  med=0.3868  mean=0.4516±0.3422  [p25=0.1146, p75=0.8099]
[eval] bucket=small     recall: n= 310  med=0.9428  mean=0.8499±0.2543  [p25=0.8717, p75=0.9872]
[eval] splices bucket=medium (n=174):
[eval] bucket=medium         f1: n= 174  med=0.8545  mean=0.7768±0.2019  [p25=0.6727, p75=0.9369]
[eval] bucket=medium        iou: n= 174  med=0.7460  mean=0.6742±0.2398  [p25=0.5069, p75=0.8813]
[eval] bucket=medium  precision: n= 174  med=0.8737  mean=0.7505±0.2413  [p25=0.6349, p75=0.9381]
[eval] bucket=medium     recall: n= 174  med=0.9380  mean=0.8683±0.1757  [p25=0.8254, p75=0.9745]
[eval] splices bucket=large (n=100):
[eval] bucket=large         f1: n= 100  med=0.8923  mean=0.8591±0.1247  [p25=0.7911, p75=0.9649]
[eval] bucket=large        iou: n= 100  med=0.8055  mean=0.7719±0.1744  [p25=0.6544, p75=0.9321]
[eval] bucket=large  precision: n= 100  med=0.9062  mean=0.8765±0.1220  [p25=0.8345, p75=0.9727]
[eval] bucket=large     recall: n= 100  med=0.9540  mean=0.8597±0.1595  [p25=0.7676, p75=0.9818]
[eval] reals accuracy: n= 398  med=0.3543  mean=0.3924±0.1207  [p25=0.2986, p75=0.4618]
[eval] source=casia: n_splice=28 n_real=28
[eval] source=casia         f1: n=  28  med=0.8415  mean=0.5513±0.4117  [p25=0.0658, p75=0.9315]
[eval] source=casia        iou: n=  28  med=0.7264  mean=0.4928±0.3969  [p25=0.0340, p75=0.8719]
[eval] source=casia  precision: n=  28  med=0.7804  mean=0.5249±0.4134  [p25=0.0375, p75=0.9062]
[eval] source=casia     recall: n=  28  med=0.9546  mean=0.8864±0.1833  [p25=0.8570, p75=0.9897]
[eval] source=coco_inpaint: n_splice=126 n_real=126
[eval] source=coco_inpaint         f1: n= 126  med=0.7541  mean=0.6893±0.2040  [p25=0.6092, p75=0.8315]
[eval] source=coco_inpaint        iou: n= 126  med=0.6053  mean=0.5576±0.2066  [p25=0.4380, p75=0.7116]
[eval] source=coco_inpaint  precision: n= 126  med=0.7209  mean=0.6523±0.2445  [p25=0.4912, p75=0.8471]
[eval] source=coco_inpaint     recall: n= 126  med=0.8872  mean=0.8354±0.1666  [p25=0.7512, p75=0.9675]
[eval] source=imd2020: n_splice=171 n_real=41
[eval] source=imd2020         f1: n= 171  med=0.3313  mean=0.4144±0.3554  [p25=0.0661, p75=0.8105]
[eval] source=imd2020        iou: n= 171  med=0.1986  mean=0.3341±0.3278  [p25=0.0342, p75=0.6814]
[eval] source=imd2020  precision: n= 171  med=0.1988  mean=0.3662±0.3613  [p25=0.0357, p75=0.7603]
[eval] source=imd2020     recall: n= 171  med=0.9243  mean=0.8364±0.2452  [p25=0.8395, p75=0.9782]
[eval] source=sagid: n_splice=169 n_real=169
[eval] source=sagid         f1: n= 169  med=0.9168  mean=0.8308±0.2139  [p25=0.7939, p75=0.9597]
[eval] source=sagid        iou: n= 169  med=0.8464  mean=0.7535±0.2386  [p25=0.6582, p75=0.9224]
[eval] source=sagid  precision: n= 169  med=0.8939  mean=0.8010±0.2393  [p25=0.7643, p75=0.9527]
[eval] source=sagid     recall: n= 169  med=0.9674  mean=0.9331±0.1011  [p25=0.9314, p75=0.9840]
[eval] source=tgif2: n_splice=400 n_real=34
[eval] source=tgif2         f1: n= 400  med=0.1393  mean=0.2860±0.3153  [p25=0.0463, p75=0.4308]
[eval] source=tgif2        iou: n= 400  med=0.0749  mean=0.2196±0.2897  [p25=0.0237, p75=0.2745]
[eval] source=tgif2  precision: n= 400  med=0.0749  mean=0.2417±0.3278  [p25=0.0241, p75=0.2778]
[eval] source=tgif2     recall: n= 400  med=0.9697  mean=0.8332±0.2922  [p25=0.8381, p75=1.0000]
[eval] ─── by subgroup (4 cells) ───
[eval] subgroup=flux1dev|fr|random (n_splice=100 n_real=0):
[eval] subgroup=flux1dev|fr|random         f1: n= 100  med=0.1902  mean=0.3122±0.3133  [p25=0.0643, p75=0.4765]
[eval] subgroup=flux1dev|fr|random        iou: n= 100  med=0.1051  mean=0.2377±0.2875  [p25=0.0332, p75=0.3130]
[eval] subgroup=flux1dev|fr|random  precision: n= 100  med=0.1051  mean=0.2604±0.3244  [p25=0.0332, p75=0.3535]
[eval] subgroup=flux1dev|fr|random     recall: n= 100  med=0.9544  mean=0.7997±0.3184  [p25=0.7628, p75=1.0000]
[eval] subgroup=flux1dev|fr|semantic (n_splice=100 n_real=0):
[eval] subgroup=flux1dev|fr|semantic         f1: n= 100  med=0.1105  mean=0.2333±0.2757  [p25=0.0343, p75=0.2937]
[eval] subgroup=flux1dev|fr|semantic        iou: n= 100  med=0.0585  mean=0.1696±0.2432  [p25=0.0175, p75=0.1721]
[eval] subgroup=flux1dev|fr|semantic  precision: n= 100  med=0.0585  mean=0.1908±0.2850  [p25=0.0175, p75=0.1726]
[eval] subgroup=flux1dev|fr|semantic     recall: n= 100  med=0.9951  mean=0.8580±0.2684  [p25=0.9034, p75=1.0000]
[eval] subgroup=flux1dev|sp|random (n_splice=100 n_real=0):
[eval] subgroup=flux1dev|sp|random         f1: n= 100  med=0.2049  mean=0.3905±0.3610  [p25=0.0662, p75=0.8593]
[eval] subgroup=flux1dev|sp|random        iou: n= 100  med=0.1142  mean=0.3192±0.3445  [p25=0.0343, p75=0.7533]
[eval] subgroup=flux1dev|sp|random  precision: n= 100  med=0.1142  mean=0.3466±0.3816  [p25=0.0343, p75=0.7987]
[eval] subgroup=flux1dev|sp|random     recall: n= 100  med=0.9487  mean=0.8214±0.2931  [p25=0.8364, p75=1.0000]
[eval] subgroup=flux1dev|sp|semantic (n_splice=100 n_real=0):
[eval] subgroup=flux1dev|sp|semantic         f1: n= 100  med=0.0970  mean=0.2079±0.2694  [p25=0.0334, p75=0.2465]
[eval] subgroup=flux1dev|sp|semantic        iou: n= 100  med=0.0510  mean=0.1518±0.2406  [p25=0.0170, p75=0.1406]
[eval] subgroup=flux1dev|sp|semantic  precision: n= 100  med=0.0510  mean=0.1693±0.2805  [p25=0.0170, p75=0.1435]
[eval] subgroup=flux1dev|sp|semantic     recall: n= 100  med=0.9964  mean=0.8539±0.2827  [p25=0.8853, p75=1.0000]
[eval]   casia image_auc=0.9668 (n=56)
[eval]   coco_inpaint image_auc=1.0000 (n=252)
[eval]   imd2020 image_auc=0.9683 (n=212)
[eval]   sagid image_auc=0.9921 (n=338)
[eval]   tgif2 image_auc=0.6993 (n=434)
[eval] epoch=6 val_f1_mean=0.4787
[ckpt] saved epoch=6 → /media/ssd/runs/ablation/res_sweep/res_496/epoch_0006.pt
[ckpt] no improvement  patience_left=0  best=0.4957
[train] early stop at epoch=6  best_val_f1_mean=0.4957
[train] done  best_val_f1_mean=0.4957
